[0.011s] Invoking command in '/home/cdwiench/Desktop/Robotics/CobotMyRobot/ros2_ws/build/action_interfaces': CMAKE_PREFIX_PATH=/opt/ros/humble /usr/bin/cmake --build /home/cdwiench/Desktop/Robotics/CobotMyRobot/ros2_ws/build/action_interfaces -- -j8 -l8
[0.066s] -- Found ament_cmake: 1.3.3 (/opt/ros/humble/share/ament_cmake/cmake)
[0.214s] -- Found ament_lint_auto: 0.12.4 (/opt/ros/humble/share/ament_lint_auto/cmake)
[0.280s] -- Found rosidl_default_generators: 1.2.0 (/opt/ros/humble/share/rosidl_default_generators/cmake)
[0.282s] -- Using all available rosidl_typesupport_c: rosidl_typesupport_fastrtps_c;rosidl_typesupport_introspection_c
[0.285s] -- Found rosidl_adapter: 3.1.4 (/opt/ros/humble/share/rosidl_adapter/cmake)
[0.321s] -- Using all available rosidl_typesupport_cpp: rosidl_typesupport_fastrtps_cpp;rosidl_typesupport_introspection_cpp
[0.639s] -- Found ament_cmake_ros: 0.10.0 (/opt/ros/humble/share/ament_cmake_ros/cmake)
[0.831s] -- Using all available rosidl_typesupport_c: rosidl_typesupport_fastrtps_c;rosidl_typesupport_introspection_c
[1.084s] -- Using all available rosidl_typesupport_cpp: rosidl_typesupport_fastrtps_cpp;rosidl_typesupport_introspection_cpp
[1.108s] -- Found python_cmake_module: 0.10.0 (/opt/ros/humble/share/python_cmake_module/cmake)
[1.134s] -- Using PYTHON_EXECUTABLE: /usr/bin/python3
[1.134s] -- Using PYTHON_INCLUDE_DIRS: /usr/include/python3.10
[1.134s] -- Using PYTHON_LIBRARIES: /usr/lib/x86_64-linux-gnu/libpython3.10.so
[1.162s] -- Added test 'lint_cmake' to check CMake code style
[1.164s] -- Added test 'xmllint' to check XML markup files
[1.173s] -- Configuring done
[1.218s] -- Generating done
[1.223s] -- Build files have been written to: /home/cdwiench/Desktop/Robotics/CobotMyRobot/ros2_ws/build/action_interfaces
[1.247s] [  3%] [34m[1mGenerating C code for ROS interfaces[0m
[1.256s] [  6%] [34m[1mGenerating C++ code for ROS interfaces[0m
[1.267s] [  6%] Built target ament_cmake_python_copy_action_interfaces
[1.575s] running egg_info
[1.576s] writing action_interfaces.egg-info/PKG-INFO
[1.577s] writing dependency_links to action_interfaces.egg-info/dependency_links.txt
[1.577s] writing top-level names to action_interfaces.egg-info/top_level.txt
[1.582s] reading manifest file 'action_interfaces.egg-info/SOURCES.txt'
[1.583s] writing manifest file 'action_interfaces.egg-info/SOURCES.txt'
[1.610s] [  6%] Built target ament_cmake_python_build_action_interfaces_egg
[1.710s] [35m[1mConsolidate compiler generated dependencies of target action_interfaces__rosidl_generator_c[0m
[1.718s] [  6%] Built target action_interfaces__cpp
[1.721s] [  9%] [32mBuilding C object CMakeFiles/action_interfaces__rosidl_generator_c.dir/rosidl_generator_c/action_interfaces/action/detail/set_angle__functions.c.o[0m
[1.728s] [ 12%] [34m[1mGenerating C++ type support for eProsima Fast-RTPS[0m
[1.730s] [ 16%] [34m[1mGenerating C++ type support dispatch for ROS interfaces[0m
[1.730s] [ 19%] [34m[1mGenerating C++ introspection for ROS interfaces[0m
[1.936s] [ 22%] [32m[1mLinking C shared library libaction_interfaces__rosidl_generator_c.so[0m
[1.980s] [ 22%] Built target action_interfaces__rosidl_generator_c
[1.991s] [ 25%] [34m[1mGenerating C introspection for ROS interfaces[0m
[1.992s] [ 29%] [34m[1mGenerating C type support for eProsima Fast-RTPS[0m
[1.993s] [ 32%] [34m[1mGenerating C type support dispatch for ROS interfaces[0m
[2.122s] [35m[1mConsolidate compiler generated dependencies of target action_interfaces__rosidl_typesupport_cpp[0m
[2.133s] [35m[1mConsolidate compiler generated dependencies of target action_interfaces__rosidl_typesupport_introspection_cpp[0m
[2.139s] [ 35%] [32mBuilding CXX object CMakeFiles/action_interfaces__rosidl_typesupport_cpp.dir/rosidl_typesupport_cpp/action_interfaces/action/set_angle__type_support.cpp.o[0m
[2.152s] [ 38%] [32mBuilding CXX object CMakeFiles/action_interfaces__rosidl_typesupport_introspection_cpp.dir/rosidl_typesupport_introspection_cpp/action_interfaces/action/detail/set_angle__type_support.cpp.o[0m
[2.317s] [35m[1mConsolidate compiler generated dependencies of target action_interfaces__rosidl_typesupport_fastrtps_cpp[0m
[2.338s] [ 41%] [32mBuilding CXX object CMakeFiles/action_interfaces__rosidl_typesupport_fastrtps_cpp.dir/rosidl_typesupport_fastrtps_cpp/action_interfaces/action/detail/dds_fastrtps/set_angle__type_support.cpp.o[0m
[2.433s] [35m[1mConsolidate compiler generated dependencies of target action_interfaces__rosidl_typesupport_introspection_c[0m
[2.448s] [ 45%] [32mBuilding C object CMakeFiles/action_interfaces__rosidl_typesupport_introspection_c.dir/rosidl_typesupport_introspection_c/action_interfaces/action/detail/set_angle__type_support.c.o[0m
[2.468s] [35m[1mConsolidate compiler generated dependencies of target action_interfaces__rosidl_typesupport_c[0m
[2.480s] [ 48%] [32mBuilding CXX object CMakeFiles/action_interfaces__rosidl_typesupport_c.dir/rosidl_typesupport_c/action_interfaces/action/set_angle__type_support.cpp.o[0m
[2.512s] [ 51%] [32m[1mLinking C shared library libaction_interfaces__rosidl_typesupport_introspection_c.so[0m
[2.542s] [ 54%] [32m[1mLinking CXX shared library libaction_interfaces__rosidl_typesupport_c.so[0m
[2.546s] [ 54%] Built target action_interfaces__rosidl_typesupport_introspection_c
[2.589s] [ 54%] Built target action_interfaces__rosidl_typesupport_c
[2.618s] [35m[1mConsolidate compiler generated dependencies of target action_interfaces__rosidl_typesupport_fastrtps_c[0m
[2.633s] [ 58%] [32mBuilding CXX object CMakeFiles/action_interfaces__rosidl_typesupport_fastrtps_c.dir/rosidl_typesupport_fastrtps_c/action_interfaces/action/detail/set_angle__type_support_c.cpp.o[0m
[2.851s] [ 61%] [32m[1mLinking CXX shared library libaction_interfaces__rosidl_typesupport_cpp.so[0m
[2.897s] [ 61%] Built target action_interfaces__rosidl_typesupport_cpp
[3.022s] [ 64%] [32m[1mLinking CXX shared library libaction_interfaces__rosidl_typesupport_introspection_cpp.so[0m
[3.056s] [ 67%] [32m[1mLinking CXX shared library libaction_interfaces__rosidl_typesupport_fastrtps_cpp.so[0m
[3.070s] [ 70%] [32m[1mLinking CXX shared library libaction_interfaces__rosidl_typesupport_fastrtps_c.so[0m
[3.124s] [ 70%] Built target action_interfaces__rosidl_typesupport_introspection_cpp
[3.165s] [ 70%] Built target action_interfaces__rosidl_typesupport_fastrtps_cpp
[3.182s] [ 70%] Built target action_interfaces__rosidl_typesupport_fastrtps_c
[3.206s] [ 70%] Built target action_interfaces
[3.230s] [ 74%] [34m[1mGenerating Python code for ROS interfaces[0m
[4.002s] [ 74%] Built target action_interfaces__py
[4.012s] [35m[1mConsolidate compiler generated dependencies of target action_interfaces__rosidl_generator_py[0m
[4.026s] [ 77%] [32mBuilding C object CMakeFiles/action_interfaces__rosidl_generator_py.dir/rosidl_generator_py/action_interfaces/action/_set_angle_s.c.o[0m
[4.195s] [ 80%] [32m[1mLinking C shared library rosidl_generator_py/action_interfaces/libaction_interfaces__rosidl_generator_py.so[0m
[4.236s] [ 80%] Built target action_interfaces__rosidl_generator_py
[4.247s] [35m[1mConsolidate compiler generated dependencies of target action_interfaces__rosidl_typesupport_fastrtps_c__pyext[0m
[4.247s] [35m[1mConsolidate compiler generated dependencies of target action_interfaces__rosidl_typesupport_c__pyext[0m
[4.247s] [35m[1mConsolidate compiler generated dependencies of target action_interfaces__rosidl_typesupport_introspection_c__pyext[0m
[4.260s] [ 87%] [32mBuilding C object CMakeFiles/action_interfaces__rosidl_typesupport_fastrtps_c__pyext.dir/rosidl_generator_py/action_interfaces/_action_interfaces_s.ep.rosidl_typesupport_fastrtps_c.c.o[0m
[4.260s] [ 87%] [32mBuilding C object CMakeFiles/action_interfaces__rosidl_typesupport_introspection_c__pyext.dir/rosidl_generator_py/action_interfaces/_action_interfaces_s.ep.rosidl_typesupport_introspection_c.c.o[0m
[4.260s] [ 90%] [32mBuilding C object CMakeFiles/action_interfaces__rosidl_typesupport_c__pyext.dir/rosidl_generator_py/action_interfaces/_action_interfaces_s.ep.rosidl_typesupport_c.c.o[0m
[4.389s] [ 96%] [32m[1mLinking C shared library rosidl_generator_py/action_interfaces/action_interfaces_s__rosidl_typesupport_c.cpython-310-x86_64-linux-gnu.so[0m
[4.389s] [ 93%] [32m[1mLinking C shared library rosidl_generator_py/action_interfaces/action_interfaces_s__rosidl_typesupport_fastrtps_c.cpython-310-x86_64-linux-gnu.so[0m
[4.390s] [100%] [32m[1mLinking C shared library rosidl_generator_py/action_interfaces/action_interfaces_s__rosidl_typesupport_introspection_c.cpython-310-x86_64-linux-gnu.so[0m
[4.429s] [100%] Built target action_interfaces__rosidl_typesupport_c__pyext
[4.429s] [100%] Built target action_interfaces__rosidl_typesupport_introspection_c__pyext
[4.429s] [100%] Built target action_interfaces__rosidl_typesupport_fastrtps_c__pyext
[4.440s] Invoked command in '/home/cdwiench/Desktop/Robotics/CobotMyRobot/ros2_ws/build/action_interfaces' returned '0': CMAKE_PREFIX_PATH=/opt/ros/humble /usr/bin/cmake --build /home/cdwiench/Desktop/Robotics/CobotMyRobot/ros2_ws/build/action_interfaces -- -j8 -l8
[4.500s] Invoking command in '/home/cdwiench/Desktop/Robotics/CobotMyRobot/ros2_ws/build/action_interfaces': CMAKE_PREFIX_PATH=/opt/ros/humble /usr/bin/cmake --install /home/cdwiench/Desktop/Robotics/CobotMyRobot/ros2_ws/build/action_interfaces
[4.508s] -- Install configuration: ""
[4.508s] -- Up-to-date: /home/cdwiench/Desktop/Robotics/CobotMyRobot/ros2_ws/install/action_interfaces/share/ament_index/resource_index/rosidl_interfaces/action_interfaces
[4.508s] -- Up-to-date: /home/cdwiench/Desktop/Robotics/CobotMyRobot/ros2_ws/install/action_interfaces/include/action_interfaces/action_interfaces
[4.508s] -- Up-to-date: /home/cdwiench/Desktop/Robotics/CobotMyRobot/ros2_ws/install/action_interfaces/include/action_interfaces/action_interfaces/msg
[4.508s] -- Up-to-date: /home/cdwiench/Desktop/Robotics/CobotMyRobot/ros2_ws/install/action_interfaces/include/action_interfaces/action_interfaces/msg/rosidl_generator_c__visibility_control.h
[4.508s] -- Up-to-date: /home/cdwiench/Desktop/Robotics/CobotMyRobot/ros2_ws/install/action_interfaces/include/action_interfaces/action_interfaces/action
[4.508s] -- Installing: /home/cdwiench/Desktop/Robotics/CobotMyRobot/ros2_ws/install/action_interfaces/include/action_interfaces/action_interfaces/action/set_angle.h
[4.509s] -- Up-to-date: /home/cdwiench/Desktop/Robotics/CobotMyRobot/ros2_ws/install/action_interfaces/include/action_interfaces/action_interfaces/action/detail
[4.509s] -- Installing: /home/cdwiench/Desktop/Robotics/CobotMyRobot/ros2_ws/install/action_interfaces/include/action_interfaces/action_interfaces/action/detail/set_angle__struct.h
[4.509s] -- Installing: /home/cdwiench/Desktop/Robotics/CobotMyRobot/ros2_ws/install/action_interfaces/include/action_interfaces/action_interfaces/action/detail/set_angle__functions.h
[4.509s] -- Installing: /home/cdwiench/Desktop/Robotics/CobotMyRobot/ros2_ws/install/action_interfaces/include/action_interfaces/action_interfaces/action/detail/set_angle__type_support.h
[4.509s] -- Installing: /home/cdwiench/Desktop/Robotics/CobotMyRobot/ros2_ws/install/action_interfaces/include/action_interfaces/action_interfaces/action/detail/set_angle__functions.c
[4.509s] -- Up-to-date: /home/cdwiench/Desktop/Robotics/CobotMyRobot/ros2_ws/install/action_interfaces/share/action_interfaces/environment/library_path.sh
[4.509s] -- Installing: /home/cdwiench/Desktop/Robotics/CobotMyRobot/ros2_ws/install/action_interfaces/share/action_interfaces/environment/library_path.dsv
[4.509s] -- Installing: /home/cdwiench/Desktop/Robotics/CobotMyRobot/ros2_ws/install/action_interfaces/lib/libaction_interfaces__rosidl_generator_c.so
[4.510s] -- Set runtime path of "/home/cdwiench/Desktop/Robotics/CobotMyRobot/ros2_ws/install/action_interfaces/lib/libaction_interfaces__rosidl_generator_c.so" to ""
[4.510s] -- Up-to-date: /home/cdwiench/Desktop/Robotics/CobotMyRobot/ros2_ws/install/action_interfaces/include/action_interfaces/action_interfaces
[4.510s] -- Up-to-date: /home/cdwiench/Desktop/Robotics/CobotMyRobot/ros2_ws/install/action_interfaces/include/action_interfaces/action_interfaces/msg
[4.510s] -- Up-to-date: /home/cdwiench/Desktop/Robotics/CobotMyRobot/ros2_ws/install/action_interfaces/include/action_interfaces/action_interfaces/msg/rosidl_typesupport_fastrtps_c__visibility_control.h
[4.510s] -- Up-to-date: /home/cdwiench/Desktop/Robotics/CobotMyRobot/ros2_ws/install/action_interfaces/include/action_interfaces/action_interfaces/action
[4.510s] -- Up-to-date: /home/cdwiench/Desktop/Robotics/CobotMyRobot/ros2_ws/install/action_interfaces/include/action_interfaces/action_interfaces/action/detail
[4.510s] -- Installing: /home/cdwiench/Desktop/Robotics/CobotMyRobot/ros2_ws/install/action_interfaces/include/action_interfaces/action_interfaces/action/detail/set_angle__rosidl_typesupport_fastrtps_c.h
[4.510s] -- Installing: /home/cdwiench/Desktop/Robotics/CobotMyRobot/ros2_ws/install/action_interfaces/lib/libaction_interfaces__rosidl_typesupport_fastrtps_c.so
[4.511s] -- Set runtime path of "/home/cdwiench/Desktop/Robotics/CobotMyRobot/ros2_ws/install/action_interfaces/lib/libaction_interfaces__rosidl_typesupport_fastrtps_c.so" to ""
[4.511s] -- Up-to-date: /home/cdwiench/Desktop/Robotics/CobotMyRobot/ros2_ws/install/action_interfaces/include/action_interfaces/action_interfaces
[4.511s] -- Up-to-date: /home/cdwiench/Desktop/Robotics/CobotMyRobot/ros2_ws/install/action_interfaces/include/action_interfaces/action_interfaces/msg
[4.511s] -- Up-to-date: /home/cdwiench/Desktop/Robotics/CobotMyRobot/ros2_ws/install/action_interfaces/include/action_interfaces/action_interfaces/msg/rosidl_typesupport_introspection_c__visibility_control.h
[4.511s] -- Up-to-date: /home/cdwiench/Desktop/Robotics/CobotMyRobot/ros2_ws/install/action_interfaces/include/action_interfaces/action_interfaces/action
[4.511s] -- Up-to-date: /home/cdwiench/Desktop/Robotics/CobotMyRobot/ros2_ws/install/action_interfaces/include/action_interfaces/action_interfaces/action/detail
[4.511s] -- Installing: /home/cdwiench/Desktop/Robotics/CobotMyRobot/ros2_ws/install/action_interfaces/include/action_interfaces/action_interfaces/action/detail/set_angle__rosidl_typesupport_introspection_c.h
[4.511s] -- Installing: /home/cdwiench/Desktop/Robotics/CobotMyRobot/ros2_ws/install/action_interfaces/include/action_interfaces/action_interfaces/action/detail/set_angle__type_support.c
[4.511s] -- Installing: /home/cdwiench/Desktop/Robotics/CobotMyRobot/ros2_ws/install/action_interfaces/lib/libaction_interfaces__rosidl_typesupport_introspection_c.so
[4.512s] -- Set runtime path of "/home/cdwiench/Desktop/Robotics/CobotMyRobot/ros2_ws/install/action_interfaces/lib/libaction_interfaces__rosidl_typesupport_introspection_c.so" to ""
[4.512s] -- Installing: /home/cdwiench/Desktop/Robotics/CobotMyRobot/ros2_ws/install/action_interfaces/lib/libaction_interfaces__rosidl_typesupport_c.so
[4.513s] -- Set runtime path of "/home/cdwiench/Desktop/Robotics/CobotMyRobot/ros2_ws/install/action_interfaces/lib/libaction_interfaces__rosidl_typesupport_c.so" to ""
[4.513s] -- Up-to-date: /home/cdwiench/Desktop/Robotics/CobotMyRobot/ros2_ws/install/action_interfaces/include/action_interfaces/action_interfaces
[4.513s] -- Up-to-date: /home/cdwiench/Desktop/Robotics/CobotMyRobot/ros2_ws/install/action_interfaces/include/action_interfaces/action_interfaces/action
[4.513s] -- Installing: /home/cdwiench/Desktop/Robotics/CobotMyRobot/ros2_ws/install/action_interfaces/include/action_interfaces/action_interfaces/action/set_angle.hpp
[4.513s] -- Up-to-date: /home/cdwiench/Desktop/Robotics/CobotMyRobot/ros2_ws/install/action_interfaces/include/action_interfaces/action_interfaces/action/detail
[4.513s] -- Installing: /home/cdwiench/Desktop/Robotics/CobotMyRobot/ros2_ws/install/action_interfaces/include/action_interfaces/action_interfaces/action/detail/set_angle__struct.hpp
[4.513s] -- Installing: /home/cdwiench/Desktop/Robotics/CobotMyRobot/ros2_ws/install/action_interfaces/include/action_interfaces/action_interfaces/action/detail/set_angle__builder.hpp
[4.513s] -- Installing: /home/cdwiench/Desktop/Robotics/CobotMyRobot/ros2_ws/install/action_interfaces/include/action_interfaces/action_interfaces/action/detail/set_angle__traits.hpp
[4.513s] -- Up-to-date: /home/cdwiench/Desktop/Robotics/CobotMyRobot/ros2_ws/install/action_interfaces/include/action_interfaces/action_interfaces
[4.513s] -- Up-to-date: /home/cdwiench/Desktop/Robotics/CobotMyRobot/ros2_ws/install/action_interfaces/include/action_interfaces/action_interfaces/msg
[4.513s] -- Up-to-date: /home/cdwiench/Desktop/Robotics/CobotMyRobot/ros2_ws/install/action_interfaces/include/action_interfaces/action_interfaces/msg/rosidl_typesupport_fastrtps_cpp__visibility_control.h
[4.514s] -- Up-to-date: /home/cdwiench/Desktop/Robotics/CobotMyRobot/ros2_ws/install/action_interfaces/include/action_interfaces/action_interfaces/action
[4.514s] -- Up-to-date: /home/cdwiench/Desktop/Robotics/CobotMyRobot/ros2_ws/install/action_interfaces/include/action_interfaces/action_interfaces/action/detail
[4.514s] -- Up-to-date: /home/cdwiench/Desktop/Robotics/CobotMyRobot/ros2_ws/install/action_interfaces/include/action_interfaces/action_interfaces/action/detail/dds_fastrtps
[4.514s] -- Installing: /home/cdwiench/Desktop/Robotics/CobotMyRobot/ros2_ws/install/action_interfaces/include/action_interfaces/action_interfaces/action/detail/set_angle__rosidl_typesupport_fastrtps_cpp.hpp
[4.514s] -- Installing: /home/cdwiench/Desktop/Robotics/CobotMyRobot/ros2_ws/install/action_interfaces/lib/libaction_interfaces__rosidl_typesupport_fastrtps_cpp.so
[4.514s] -- Set runtime path of "/home/cdwiench/Desktop/Robotics/CobotMyRobot/ros2_ws/install/action_interfaces/lib/libaction_interfaces__rosidl_typesupport_fastrtps_cpp.so" to ""
[4.514s] -- Up-to-date: /home/cdwiench/Desktop/Robotics/CobotMyRobot/ros2_ws/install/action_interfaces/include/action_interfaces/action_interfaces
[4.515s] -- Up-to-date: /home/cdwiench/Desktop/Robotics/CobotMyRobot/ros2_ws/install/action_interfaces/include/action_interfaces/action_interfaces/action
[4.515s] -- Up-to-date: /home/cdwiench/Desktop/Robotics/CobotMyRobot/ros2_ws/install/action_interfaces/include/action_interfaces/action_interfaces/action/detail
[4.515s] -- Installing: /home/cdwiench/Desktop/Robotics/CobotMyRobot/ros2_ws/install/action_interfaces/include/action_interfaces/action_interfaces/action/detail/set_angle__type_support.cpp
[4.515s] -- Installing: /home/cdwiench/Desktop/Robotics/CobotMyRobot/ros2_ws/install/action_interfaces/include/action_interfaces/action_interfaces/action/detail/set_angle__rosidl_typesupport_introspection_cpp.hpp
[4.515s] -- Installing: /home/cdwiench/Desktop/Robotics/CobotMyRobot/ros2_ws/install/action_interfaces/lib/libaction_interfaces__rosidl_typesupport_introspection_cpp.so
[4.515s] -- Set runtime path of "/home/cdwiench/Desktop/Robotics/CobotMyRobot/ros2_ws/install/action_interfaces/lib/libaction_interfaces__rosidl_typesupport_introspection_cpp.so" to ""
[4.516s] -- Installing: /home/cdwiench/Desktop/Robotics/CobotMyRobot/ros2_ws/install/action_interfaces/lib/libaction_interfaces__rosidl_typesupport_cpp.so
[4.516s] -- Set runtime path of "/home/cdwiench/Desktop/Robotics/CobotMyRobot/ros2_ws/install/action_interfaces/lib/libaction_interfaces__rosidl_typesupport_cpp.so" to ""
[4.516s] -- Up-to-date: /home/cdwiench/Desktop/Robotics/CobotMyRobot/ros2_ws/install/action_interfaces/share/action_interfaces/environment/pythonpath.sh
[4.516s] -- Installing: /home/cdwiench/Desktop/Robotics/CobotMyRobot/ros2_ws/install/action_interfaces/share/action_interfaces/environment/pythonpath.dsv
[4.516s] -- Up-to-date: /home/cdwiench/Desktop/Robotics/CobotMyRobot/ros2_ws/install/action_interfaces/local/lib/python3.10/dist-packages/action_interfaces-0.0.0-py3.10.egg-info
[4.516s] -- Installing: /home/cdwiench/Desktop/Robotics/CobotMyRobot/ros2_ws/install/action_interfaces/local/lib/python3.10/dist-packages/action_interfaces-0.0.0-py3.10.egg-info/top_level.txt
[4.517s] -- Installing: /home/cdwiench/Desktop/Robotics/CobotMyRobot/ros2_ws/install/action_interfaces/local/lib/python3.10/dist-packages/action_interfaces-0.0.0-py3.10.egg-info/SOURCES.txt
[4.517s] -- Installing: /home/cdwiench/Desktop/Robotics/CobotMyRobot/ros2_ws/install/action_interfaces/local/lib/python3.10/dist-packages/action_interfaces-0.0.0-py3.10.egg-info/dependency_links.txt
[4.517s] -- Installing: /home/cdwiench/Desktop/Robotics/CobotMyRobot/ros2_ws/install/action_interfaces/local/lib/python3.10/dist-packages/action_interfaces-0.0.0-py3.10.egg-info/PKG-INFO
[4.517s] -- Up-to-date: /home/cdwiench/Desktop/Robotics/CobotMyRobot/ros2_ws/install/action_interfaces/local/lib/python3.10/dist-packages/action_interfaces
[4.517s] -- Installing: /home/cdwiench/Desktop/Robotics/CobotMyRobot/ros2_ws/install/action_interfaces/local/lib/python3.10/dist-packages/action_interfaces/action_interfaces_s__rosidl_typesupport_c.cpython-310-x86_64-linux-gnu.so
[4.517s] -- Installing: /home/cdwiench/Desktop/Robotics/CobotMyRobot/ros2_ws/install/action_interfaces/local/lib/python3.10/dist-packages/action_interfaces/action_interfaces_s__rosidl_typesupport_fastrtps_c.cpython-310-x86_64-linux-gnu.so
[4.517s] -- Installing: /home/cdwiench/Desktop/Robotics/CobotMyRobot/ros2_ws/install/action_interfaces/local/lib/python3.10/dist-packages/action_interfaces/__init__.py
[4.517s] -- Installing: /home/cdwiench/Desktop/Robotics/CobotMyRobot/ros2_ws/install/action_interfaces/local/lib/python3.10/dist-packages/action_interfaces/_action_interfaces_s.ep.rosidl_typesupport_introspection_c.c
[4.518s] -- Installing: /home/cdwiench/Desktop/Robotics/CobotMyRobot/ros2_ws/install/action_interfaces/local/lib/python3.10/dist-packages/action_interfaces/action_interfaces_s__rosidl_typesupport_introspection_c.cpython-310-x86_64-linux-gnu.so
[4.518s] -- Up-to-date: /home/cdwiench/Desktop/Robotics/CobotMyRobot/ros2_ws/install/action_interfaces/local/lib/python3.10/dist-packages/action_interfaces/action
[4.518s] -- Installing: /home/cdwiench/Desktop/Robotics/CobotMyRobot/ros2_ws/install/action_interfaces/local/lib/python3.10/dist-packages/action_interfaces/action/_set_angle.py
[4.518s] -- Installing: /home/cdwiench/Desktop/Robotics/CobotMyRobot/ros2_ws/install/action_interfaces/local/lib/python3.10/dist-packages/action_interfaces/action/__init__.py
[4.518s] -- Installing: /home/cdwiench/Desktop/Robotics/CobotMyRobot/ros2_ws/install/action_interfaces/local/lib/python3.10/dist-packages/action_interfaces/action/_set_angle_s.c
[4.518s] -- Installing: /home/cdwiench/Desktop/Robotics/CobotMyRobot/ros2_ws/install/action_interfaces/local/lib/python3.10/dist-packages/action_interfaces/libaction_interfaces__rosidl_generator_py.so
[4.519s] -- Installing: /home/cdwiench/Desktop/Robotics/CobotMyRobot/ros2_ws/install/action_interfaces/local/lib/python3.10/dist-packages/action_interfaces/_action_interfaces_s.ep.rosidl_typesupport_c.c
[4.519s] -- Installing: /home/cdwiench/Desktop/Robotics/CobotMyRobot/ros2_ws/install/action_interfaces/local/lib/python3.10/dist-packages/action_interfaces/_action_interfaces_s.ep.rosidl_typesupport_fastrtps_c.c
[4.559s] Listing '/home/cdwiench/Desktop/Robotics/CobotMyRobot/ros2_ws/install/action_interfaces/local/lib/python3.10/dist-packages/action_interfaces'...
[4.559s] Compiling '/home/cdwiench/Desktop/Robotics/CobotMyRobot/ros2_ws/install/action_interfaces/local/lib/python3.10/dist-packages/action_interfaces/__init__.py'...
[4.559s] Listing '/home/cdwiench/Desktop/Robotics/CobotMyRobot/ros2_ws/install/action_interfaces/local/lib/python3.10/dist-packages/action_interfaces/action'...
[4.559s] Compiling '/home/cdwiench/Desktop/Robotics/CobotMyRobot/ros2_ws/install/action_interfaces/local/lib/python3.10/dist-packages/action_interfaces/action/__init__.py'...
[4.559s] Compiling '/home/cdwiench/Desktop/Robotics/CobotMyRobot/ros2_ws/install/action_interfaces/local/lib/python3.10/dist-packages/action_interfaces/action/_set_angle.py'...
[4.563s] -- Installing: /home/cdwiench/Desktop/Robotics/CobotMyRobot/ros2_ws/install/action_interfaces/local/lib/python3.10/dist-packages/action_interfaces/action_interfaces_s__rosidl_typesupport_fastrtps_c.cpython-310-x86_64-linux-gnu.so
[4.564s] -- Set runtime path of "/home/cdwiench/Desktop/Robotics/CobotMyRobot/ros2_ws/install/action_interfaces/local/lib/python3.10/dist-packages/action_interfaces/action_interfaces_s__rosidl_typesupport_fastrtps_c.cpython-310-x86_64-linux-gnu.so" to ""
[4.564s] -- Installing: /home/cdwiench/Desktop/Robotics/CobotMyRobot/ros2_ws/install/action_interfaces/local/lib/python3.10/dist-packages/action_interfaces/action_interfaces_s__rosidl_typesupport_introspection_c.cpython-310-x86_64-linux-gnu.so
[4.565s] -- Set runtime path of "/home/cdwiench/Desktop/Robotics/CobotMyRobot/ros2_ws/install/action_interfaces/local/lib/python3.10/dist-packages/action_interfaces/action_interfaces_s__rosidl_typesupport_introspection_c.cpython-310-x86_64-linux-gnu.so" to ""
[4.565s] -- Installing: /home/cdwiench/Desktop/Robotics/CobotMyRobot/ros2_ws/install/action_interfaces/local/lib/python3.10/dist-packages/action_interfaces/action_interfaces_s__rosidl_typesupport_c.cpython-310-x86_64-linux-gnu.so
[4.565s] -- Set runtime path of "/home/cdwiench/Desktop/Robotics/CobotMyRobot/ros2_ws/install/action_interfaces/local/lib/python3.10/dist-packages/action_interfaces/action_interfaces_s__rosidl_typesupport_c.cpython-310-x86_64-linux-gnu.so" to ""
[4.565s] -- Installing: /home/cdwiench/Desktop/Robotics/CobotMyRobot/ros2_ws/install/action_interfaces/lib/libaction_interfaces__rosidl_generator_py.so
[4.566s] -- Set runtime path of "/home/cdwiench/Desktop/Robotics/CobotMyRobot/ros2_ws/install/action_interfaces/lib/libaction_interfaces__rosidl_generator_py.so" to ""
[4.566s] -- Installing: /home/cdwiench/Desktop/Robotics/CobotMyRobot/ros2_ws/install/action_interfaces/share/action_interfaces/action/SetAngle.idl
[4.566s] -- Installing: /home/cdwiench/Desktop/Robotics/CobotMyRobot/ros2_ws/install/action_interfaces/share/action_interfaces/action/SetAngle.action
[4.566s] -- Up-to-date: /home/cdwiench/Desktop/Robotics/CobotMyRobot/ros2_ws/install/action_interfaces/share/ament_index/resource_index/package_run_dependencies/action_interfaces
[4.566s] -- Up-to-date: /home/cdwiench/Desktop/Robotics/CobotMyRobot/ros2_ws/install/action_interfaces/share/ament_index/resource_index/parent_prefix_path/action_interfaces
[4.567s] -- Up-to-date: /home/cdwiench/Desktop/Robotics/CobotMyRobot/ros2_ws/install/action_interfaces/share/action_interfaces/environment/ament_prefix_path.sh
[4.567s] -- Installing: /home/cdwiench/Desktop/Robotics/CobotMyRobot/ros2_ws/install/action_interfaces/share/action_interfaces/environment/ament_prefix_path.dsv
[4.567s] -- Up-to-date: /home/cdwiench/Desktop/Robotics/CobotMyRobot/ros2_ws/install/action_interfaces/share/action_interfaces/environment/path.sh
[4.567s] -- Installing: /home/cdwiench/Desktop/Robotics/CobotMyRobot/ros2_ws/install/action_interfaces/share/action_interfaces/environment/path.dsv
[4.567s] -- Up-to-date: /home/cdwiench/Desktop/Robotics/CobotMyRobot/ros2_ws/install/action_interfaces/share/action_interfaces/local_setup.bash
[4.567s] -- Up-to-date: /home/cdwiench/Desktop/Robotics/CobotMyRobot/ros2_ws/install/action_interfaces/share/action_interfaces/local_setup.sh
[4.567s] -- Up-to-date: /home/cdwiench/Desktop/Robotics/CobotMyRobot/ros2_ws/install/action_interfaces/share/action_interfaces/local_setup.zsh
[4.567s] -- Installing: /home/cdwiench/Desktop/Robotics/CobotMyRobot/ros2_ws/install/action_interfaces/share/action_interfaces/local_setup.dsv
[4.567s] -- Installing: /home/cdwiench/Desktop/Robotics/CobotMyRobot/ros2_ws/install/action_interfaces/share/action_interfaces/package.dsv
[4.567s] -- Up-to-date: /home/cdwiench/Desktop/Robotics/CobotMyRobot/ros2_ws/install/action_interfaces/share/ament_index/resource_index/packages/action_interfaces
[4.568s] -- Up-to-date: /home/cdwiench/Desktop/Robotics/CobotMyRobot/ros2_ws/install/action_interfaces/share/action_interfaces/cmake/export_action_interfaces__rosidl_generator_cExport.cmake
[4.568s] -- Up-to-date: /home/cdwiench/Desktop/Robotics/CobotMyRobot/ros2_ws/install/action_interfaces/share/action_interfaces/cmake/export_action_interfaces__rosidl_generator_cExport-noconfig.cmake
[4.568s] -- Up-to-date: /home/cdwiench/Desktop/Robotics/CobotMyRobot/ros2_ws/install/action_interfaces/share/action_interfaces/cmake/export_action_interfaces__rosidl_typesupport_fastrtps_cExport.cmake
[4.568s] -- Up-to-date: /home/cdwiench/Desktop/Robotics/CobotMyRobot/ros2_ws/install/action_interfaces/share/action_interfaces/cmake/export_action_interfaces__rosidl_typesupport_fastrtps_cExport-noconfig.cmake
[4.568s] -- Up-to-date: /home/cdwiench/Desktop/Robotics/CobotMyRobot/ros2_ws/install/action_interfaces/share/action_interfaces/cmake/action_interfaces__rosidl_typesupport_introspection_cExport.cmake
[4.568s] -- Up-to-date: /home/cdwiench/Desktop/Robotics/CobotMyRobot/ros2_ws/install/action_interfaces/share/action_interfaces/cmake/action_interfaces__rosidl_typesupport_introspection_cExport-noconfig.cmake
[4.568s] -- Up-to-date: /home/cdwiench/Desktop/Robotics/CobotMyRobot/ros2_ws/install/action_interfaces/share/action_interfaces/cmake/action_interfaces__rosidl_typesupport_cExport.cmake
[4.569s] -- Up-to-date: /home/cdwiench/Desktop/Robotics/CobotMyRobot/ros2_ws/install/action_interfaces/share/action_interfaces/cmake/action_interfaces__rosidl_typesupport_cExport-noconfig.cmake
[4.569s] -- Up-to-date: /home/cdwiench/Desktop/Robotics/CobotMyRobot/ros2_ws/install/action_interfaces/share/action_interfaces/cmake/export_action_interfaces__rosidl_generator_cppExport.cmake
[4.569s] -- Up-to-date: /home/cdwiench/Desktop/Robotics/CobotMyRobot/ros2_ws/install/action_interfaces/share/action_interfaces/cmake/export_action_interfaces__rosidl_typesupport_fastrtps_cppExport.cmake
[4.569s] -- Up-to-date: /home/cdwiench/Desktop/Robotics/CobotMyRobot/ros2_ws/install/action_interfaces/share/action_interfaces/cmake/export_action_interfaces__rosidl_typesupport_fastrtps_cppExport-noconfig.cmake
[4.569s] -- Up-to-date: /home/cdwiench/Desktop/Robotics/CobotMyRobot/ros2_ws/install/action_interfaces/share/action_interfaces/cmake/action_interfaces__rosidl_typesupport_introspection_cppExport.cmake
[4.569s] -- Up-to-date: /home/cdwiench/Desktop/Robotics/CobotMyRobot/ros2_ws/install/action_interfaces/share/action_interfaces/cmake/action_interfaces__rosidl_typesupport_introspection_cppExport-noconfig.cmake
[4.569s] -- Up-to-date: /home/cdwiench/Desktop/Robotics/CobotMyRobot/ros2_ws/install/action_interfaces/share/action_interfaces/cmake/action_interfaces__rosidl_typesupport_cppExport.cmake
[4.569s] -- Up-to-date: /home/cdwiench/Desktop/Robotics/CobotMyRobot/ros2_ws/install/action_interfaces/share/action_interfaces/cmake/action_interfaces__rosidl_typesupport_cppExport-noconfig.cmake
[4.570s] -- Up-to-date: /home/cdwiench/Desktop/Robotics/CobotMyRobot/ros2_ws/install/action_interfaces/share/action_interfaces/cmake/export_action_interfaces__rosidl_generator_pyExport.cmake
[4.570s] -- Up-to-date: /home/cdwiench/Desktop/Robotics/CobotMyRobot/ros2_ws/install/action_interfaces/share/action_interfaces/cmake/export_action_interfaces__rosidl_generator_pyExport-noconfig.cmake
[4.570s] -- Up-to-date: /home/cdwiench/Desktop/Robotics/CobotMyRobot/ros2_ws/install/action_interfaces/share/action_interfaces/cmake/rosidl_cmake-extras.cmake
[4.570s] -- Up-to-date: /home/cdwiench/Desktop/Robotics/CobotMyRobot/ros2_ws/install/action_interfaces/share/action_interfaces/cmake/ament_cmake_export_dependencies-extras.cmake
[4.570s] -- Up-to-date: /home/cdwiench/Desktop/Robotics/CobotMyRobot/ros2_ws/install/action_interfaces/share/action_interfaces/cmake/ament_cmake_export_include_directories-extras.cmake
[4.570s] -- Up-to-date: /home/cdwiench/Desktop/Robotics/CobotMyRobot/ros2_ws/install/action_interfaces/share/action_interfaces/cmake/ament_cmake_export_libraries-extras.cmake
[4.570s] -- Up-to-date: /home/cdwiench/Desktop/Robotics/CobotMyRobot/ros2_ws/install/action_interfaces/share/action_interfaces/cmake/ament_cmake_export_targets-extras.cmake
[4.570s] -- Up-to-date: /home/cdwiench/Desktop/Robotics/CobotMyRobot/ros2_ws/install/action_interfaces/share/action_interfaces/cmake/rosidl_cmake_export_typesupport_targets-extras.cmake
[4.570s] -- Up-to-date: /home/cdwiench/Desktop/Robotics/CobotMyRobot/ros2_ws/install/action_interfaces/share/action_interfaces/cmake/rosidl_cmake_export_typesupport_libraries-extras.cmake
[4.570s] -- Up-to-date: /home/cdwiench/Desktop/Robotics/CobotMyRobot/ros2_ws/install/action_interfaces/share/action_interfaces/cmake/action_interfacesConfig.cmake
[4.570s] -- Up-to-date: /home/cdwiench/Desktop/Robotics/CobotMyRobot/ros2_ws/install/action_interfaces/share/action_interfaces/cmake/action_interfacesConfig-version.cmake
[4.570s] -- Up-to-date: /home/cdwiench/Desktop/Robotics/CobotMyRobot/ros2_ws/install/action_interfaces/share/action_interfaces/package.xml
[4.574s] Invoked command in '/home/cdwiench/Desktop/Robotics/CobotMyRobot/ros2_ws/build/action_interfaces' returned '0': CMAKE_PREFIX_PATH=/opt/ros/humble /usr/bin/cmake --install /home/cdwiench/Desktop/Robotics/CobotMyRobot/ros2_ws/build/action_interfaces
