-- The C compiler identification is GNU 11.3.0
-- The CXX compiler identification is GNU 11.3.0
-- Detecting C compiler ABI info
-- Detecting C compiler ABI info - done
-- Check for working C compiler: /usr/bin/cc - skipped
-- Detecting C compile features
-- Detecting C compile features - done
-- Detecting CXX compiler ABI info
-- Detecting CXX compiler ABI info - done
-- Check for working CXX compiler: /usr/bin/c++ - skipped
-- Detecting CXX compile features
-- Detecting CXX compile features - done
-- Found ament_cmake: 1.3.3 (/opt/ros/humble/share/ament_cmake/cmake)
-- Found Python3: /usr/bin/python3.10 (found version "3.10.6") found components: Interpreter 
-- Found ament_lint_auto: 0.12.5 (/opt/ros/humble/share/ament_lint_auto/cmake)
-- Found rosidl_default_generators: 1.2.0 (/opt/ros/humble/share/rosidl_default_generators/cmake)
-- Using all available rosidl_typesupport_c: rosidl_typesupport_fastrtps_c;rosidl_typesupport_introspection_c
-- Found rosidl_adapter: 3.1.4 (/opt/ros/humble/share/rosidl_adapter/cmake)
-- Using all available rosidl_typesupport_cpp: rosidl_typesupport_fastrtps_cpp;rosidl_typesupport_introspection_cpp
-- Found ament_cmake_ros: 0.10.0 (/opt/ros/humble/share/ament_cmake_ros/cmake)
-- Using all available rosidl_typesupport_c: rosidl_typesupport_fastrtps_c;rosidl_typesupport_introspection_c
-- Using all available rosidl_typesupport_cpp: rosidl_typesupport_fastrtps_cpp;rosidl_typesupport_introspection_cpp
-- Found PythonInterp: /usr/bin/python3 (found suitable version "3.10.6", minimum required is "3.6") 
-- Found python_cmake_module: 0.10.0 (/opt/ros/humble/share/python_cmake_module/cmake)
-- Found PythonLibs: /usr/lib/x86_64-linux-gnu/libpython3.10.so (found suitable version "3.10.6", minimum required is "3.5") 
-- Using PYTHON_EXECUTABLE: /usr/bin/python3
-- Using PYTHON_INCLUDE_DIRS: /usr/include/python3.10
-- Using PYTHON_LIBRARIES: /usr/lib/x86_64-linux-gnu/libpython3.10.so
-- Found PythonExtra: .so  
-- Added test 'lint_cmake' to check CMake code style
-- Added test 'xmllint' to check XML markup files
-- Configuring done
-- Generating done
-- Build files have been written to: /home/cdwiench/Desktop/Robotics/CobotMyRobot/build/action_interfaces
[  1%] [34m[1mGenerating C code for ROS interfaces[0m
[  3%] [34m[1mGenerating C++ code for ROS interfaces[0m
[  3%] Built target ament_cmake_python_copy_action_interfaces
running egg_info
creating action_interfaces.egg-info
writing action_interfaces.egg-info/PKG-INFO
writing dependency_links to action_interfaces.egg-info/dependency_links.txt
writing top-level names to action_interfaces.egg-info/top_level.txt
writing manifest file 'action_interfaces.egg-info/SOURCES.txt'
reading manifest file 'action_interfaces.egg-info/SOURCES.txt'
writing manifest file 'action_interfaces.egg-info/SOURCES.txt'
[  3%] Built target ament_cmake_python_build_action_interfaces_egg
[  3%] Built target action_interfaces__cpp
[  4%] [34m[1mGenerating C++ type support dispatch for ROS interfaces[0m
[  6%] [34m[1mGenerating C++ type support for eProsima Fast-RTPS[0m
[  7%] [34m[1mGenerating C++ introspection for ROS interfaces[0m
[  9%] [32mBuilding C object CMakeFiles/action_interfaces__rosidl_generator_c.dir/rosidl_generator_c/action_interfaces/action/detail/set_angle__functions.c.o[0m
[ 11%] [32mBuilding C object CMakeFiles/action_interfaces__rosidl_generator_c.dir/rosidl_generator_c/action_interfaces/action/detail/get_angle__functions.c.o[0m
[ 12%] [32mBuilding C object CMakeFiles/action_interfaces__rosidl_generator_c.dir/rosidl_generator_c/action_interfaces/action/detail/pick_up__functions.c.o[0m
[ 14%] [32mBuilding C object CMakeFiles/action_interfaces__rosidl_generator_c.dir/rosidl_generator_c/action_interfaces/action/detail/set_coord__functions.c.o[0m
[ 15%] [32mBuilding C object CMakeFiles/action_interfaces__rosidl_generator_c.dir/rosidl_generator_c/action_interfaces/action/detail/get_coord__functions.c.o[0m
[ 17%] [32m[1mLinking C shared library libaction_interfaces__rosidl_generator_c.so[0m
[ 17%] Built target action_interfaces__rosidl_generator_c
[ 19%] [34m[1mGenerating C type support dispatch for ROS interfaces[0m
[ 20%] [34m[1mGenerating C type support for eProsima Fast-RTPS[0m
[ 22%] [34m[1mGenerating C introspection for ROS interfaces[0m
[ 25%] [32mBuilding CXX object CMakeFiles/action_interfaces__rosidl_typesupport_cpp.dir/rosidl_typesupport_cpp/action_interfaces/action/set_angle__type_support.cpp.o[0m
[ 25%] [32mBuilding CXX object CMakeFiles/action_interfaces__rosidl_typesupport_cpp.dir/rosidl_typesupport_cpp/action_interfaces/action/get_angle__type_support.cpp.o[0m
[ 26%] [32mBuilding CXX object CMakeFiles/action_interfaces__rosidl_typesupport_cpp.dir/rosidl_typesupport_cpp/action_interfaces/action/pick_up__type_support.cpp.o[0m
[ 28%] [32mBuilding CXX object CMakeFiles/action_interfaces__rosidl_typesupport_cpp.dir/rosidl_typesupport_cpp/action_interfaces/action/set_coord__type_support.cpp.o[0m
[ 30%] [32mBuilding CXX object CMakeFiles/action_interfaces__rosidl_typesupport_c.dir/rosidl_typesupport_c/action_interfaces/action/set_angle__type_support.cpp.o[0m
[ 31%] [32mBuilding CXX object CMakeFiles/action_interfaces__rosidl_typesupport_cpp.dir/rosidl_typesupport_cpp/action_interfaces/action/get_coord__type_support.cpp.o[0m
[ 33%] [32mBuilding CXX object CMakeFiles/action_interfaces__rosidl_typesupport_c.dir/rosidl_typesupport_c/action_interfaces/action/get_angle__type_support.cpp.o[0m
[ 34%] [32mBuilding CXX object CMakeFiles/action_interfaces__rosidl_typesupport_c.dir/rosidl_typesupport_c/action_interfaces/action/pick_up__type_support.cpp.o[0m
[ 36%] [32mBuilding CXX object CMakeFiles/action_interfaces__rosidl_typesupport_c.dir/rosidl_typesupport_c/action_interfaces/action/set_coord__type_support.cpp.o[0m
[ 38%] [32mBuilding CXX object CMakeFiles/action_interfaces__rosidl_typesupport_c.dir/rosidl_typesupport_c/action_interfaces/action/get_coord__type_support.cpp.o[0m
[ 39%] [32m[1mLinking CXX shared library libaction_interfaces__rosidl_typesupport_c.so[0m
[ 41%] [32mBuilding CXX object CMakeFiles/action_interfaces__rosidl_typesupport_introspection_cpp.dir/rosidl_typesupport_introspection_cpp/action_interfaces/action/detail/set_angle__type_support.cpp.o[0m
[ 42%] [32mBuilding CXX object CMakeFiles/action_interfaces__rosidl_typesupport_introspection_cpp.dir/rosidl_typesupport_introspection_cpp/action_interfaces/action/detail/get_angle__type_support.cpp.o[0m
[ 42%] Built target action_interfaces__rosidl_typesupport_c
[ 44%] [32mBuilding CXX object CMakeFiles/action_interfaces__rosidl_typesupport_introspection_cpp.dir/rosidl_typesupport_introspection_cpp/action_interfaces/action/detail/pick_up__type_support.cpp.o[0m
[ 46%] [32mBuilding CXX object CMakeFiles/action_interfaces__rosidl_typesupport_fastrtps_c.dir/rosidl_typesupport_fastrtps_c/action_interfaces/action/detail/set_angle__type_support_c.cpp.o[0m
[ 47%] [32mBuilding CXX object CMakeFiles/action_interfaces__rosidl_typesupport_fastrtps_c.dir/rosidl_typesupport_fastrtps_c/action_interfaces/action/detail/get_angle__type_support_c.cpp.o[0m
[ 49%] [32m[1mLinking CXX shared library libaction_interfaces__rosidl_typesupport_cpp.so[0m
[ 50%] [32mBuilding CXX object CMakeFiles/action_interfaces__rosidl_typesupport_fastrtps_cpp.dir/rosidl_typesupport_fastrtps_cpp/action_interfaces/action/detail/dds_fastrtps/set_angle__type_support.cpp.o[0m
[ 50%] Built target action_interfaces__rosidl_typesupport_cpp
[ 52%] [32mBuilding CXX object CMakeFiles/action_interfaces__rosidl_typesupport_fastrtps_cpp.dir/rosidl_typesupport_fastrtps_cpp/action_interfaces/action/detail/dds_fastrtps/get_angle__type_support.cpp.o[0m
[ 53%] [32mBuilding C object CMakeFiles/action_interfaces__rosidl_typesupport_introspection_c.dir/rosidl_typesupport_introspection_c/action_interfaces/action/detail/set_angle__type_support.c.o[0m
[ 55%] [32mBuilding C object CMakeFiles/action_interfaces__rosidl_typesupport_introspection_c.dir/rosidl_typesupport_introspection_c/action_interfaces/action/detail/get_angle__type_support.c.o[0m
[ 57%] [32mBuilding C object CMakeFiles/action_interfaces__rosidl_typesupport_introspection_c.dir/rosidl_typesupport_introspection_c/action_interfaces/action/detail/pick_up__type_support.c.o[0m
[ 58%] [32mBuilding C object CMakeFiles/action_interfaces__rosidl_typesupport_introspection_c.dir/rosidl_typesupport_introspection_c/action_interfaces/action/detail/set_coord__type_support.c.o[0m
[ 60%] [32mBuilding C object CMakeFiles/action_interfaces__rosidl_typesupport_introspection_c.dir/rosidl_typesupport_introspection_c/action_interfaces/action/detail/get_coord__type_support.c.o[0m
[ 61%] [32mBuilding CXX object CMakeFiles/action_interfaces__rosidl_typesupport_fastrtps_c.dir/rosidl_typesupport_fastrtps_c/action_interfaces/action/detail/pick_up__type_support_c.cpp.o[0m
[ 63%] [32mBuilding CXX object CMakeFiles/action_interfaces__rosidl_typesupport_introspection_cpp.dir/rosidl_typesupport_introspection_cpp/action_interfaces/action/detail/set_coord__type_support.cpp.o[0m
[ 65%] [32mBuilding CXX object CMakeFiles/action_interfaces__rosidl_typesupport_introspection_cpp.dir/rosidl_typesupport_introspection_cpp/action_interfaces/action/detail/get_coord__type_support.cpp.o[0m
[ 66%] [32m[1mLinking C shared library libaction_interfaces__rosidl_typesupport_introspection_c.so[0m
[ 68%] [32mBuilding CXX object CMakeFiles/action_interfaces__rosidl_typesupport_fastrtps_c.dir/rosidl_typesupport_fastrtps_c/action_interfaces/action/detail/set_coord__type_support_c.cpp.o[0m
[ 68%] Built target action_interfaces__rosidl_typesupport_introspection_c
[ 69%] [32mBuilding CXX object CMakeFiles/action_interfaces__rosidl_typesupport_fastrtps_c.dir/rosidl_typesupport_fastrtps_c/action_interfaces/action/detail/get_coord__type_support_c.cpp.o[0m
[ 71%] [32mBuilding CXX object CMakeFiles/action_interfaces__rosidl_typesupport_fastrtps_cpp.dir/rosidl_typesupport_fastrtps_cpp/action_interfaces/action/detail/dds_fastrtps/pick_up__type_support.cpp.o[0m
[ 73%] [32mBuilding CXX object CMakeFiles/action_interfaces__rosidl_typesupport_fastrtps_cpp.dir/rosidl_typesupport_fastrtps_cpp/action_interfaces/action/detail/dds_fastrtps/set_coord__type_support.cpp.o[0m
[ 74%] [32mBuilding CXX object CMakeFiles/action_interfaces__rosidl_typesupport_fastrtps_cpp.dir/rosidl_typesupport_fastrtps_cpp/action_interfaces/action/detail/dds_fastrtps/get_coord__type_support.cpp.o[0m
[ 76%] [32m[1mLinking CXX shared library libaction_interfaces__rosidl_typesupport_fastrtps_c.so[0m
[ 76%] Built target action_interfaces__rosidl_typesupport_fastrtps_c
[ 77%] [32m[1mLinking CXX shared library libaction_interfaces__rosidl_typesupport_introspection_cpp.so[0m
[ 77%] Built target action_interfaces__rosidl_typesupport_introspection_cpp
[ 79%] [32m[1mLinking CXX shared library libaction_interfaces__rosidl_typesupport_fastrtps_cpp.so[0m
[ 79%] Built target action_interfaces__rosidl_typesupport_fastrtps_cpp
[ 79%] Built target action_interfaces
[ 80%] [34m[1mGenerating Python code for ROS interfaces[0m
[ 80%] Built target action_interfaces__py
[ 84%] [32mBuilding C object CMakeFiles/action_interfaces__rosidl_generator_py.dir/rosidl_generator_py/action_interfaces/action/_set_angle_s.c.o[0m
[ 84%] [32mBuilding C object CMakeFiles/action_interfaces__rosidl_generator_py.dir/rosidl_generator_py/action_interfaces/action/_get_angle_s.c.o[0m
[ 85%] [32mBuilding C object CMakeFiles/action_interfaces__rosidl_generator_py.dir/rosidl_generator_py/action_interfaces/action/_set_coord_s.c.o[0m
[ 87%] [32mBuilding C object CMakeFiles/action_interfaces__rosidl_generator_py.dir/rosidl_generator_py/action_interfaces/action/_pick_up_s.c.o[0m
[ 88%] [32mBuilding C object CMakeFiles/action_interfaces__rosidl_generator_py.dir/rosidl_generator_py/action_interfaces/action/_get_coord_s.c.o[0m
[ 90%] [32m[1mLinking C shared library rosidl_generator_py/action_interfaces/libaction_interfaces__rosidl_generator_py.so[0m
[ 90%] Built target action_interfaces__rosidl_generator_py
[ 93%] [32mBuilding C object CMakeFiles/action_interfaces__rosidl_typesupport_fastrtps_c__pyext.dir/rosidl_generator_py/action_interfaces/_action_interfaces_s.ep.rosidl_typesupport_fastrtps_c.c.o[0m
[ 93%] [32mBuilding C object CMakeFiles/action_interfaces__rosidl_typesupport_introspection_c__pyext.dir/rosidl_generator_py/action_interfaces/_action_interfaces_s.ep.rosidl_typesupport_introspection_c.c.o[0m
[ 95%] [32mBuilding C object CMakeFiles/action_interfaces__rosidl_typesupport_c__pyext.dir/rosidl_generator_py/action_interfaces/_action_interfaces_s.ep.rosidl_typesupport_c.c.o[0m
[ 96%] [32m[1mLinking C shared library rosidl_generator_py/action_interfaces/action_interfaces_s__rosidl_typesupport_introspection_c.cpython-310-x86_64-linux-gnu.so[0m
[ 98%] [32m[1mLinking C shared library rosidl_generator_py/action_interfaces/action_interfaces_s__rosidl_typesupport_c.cpython-310-x86_64-linux-gnu.so[0m
[100%] [32m[1mLinking C shared library rosidl_generator_py/action_interfaces/action_interfaces_s__rosidl_typesupport_fastrtps_c.cpython-310-x86_64-linux-gnu.so[0m
[100%] Built target action_interfaces__rosidl_typesupport_introspection_c__pyext
[100%] Built target action_interfaces__rosidl_typesupport_c__pyext
[100%] Built target action_interfaces__rosidl_typesupport_fastrtps_c__pyext
-- Install configuration: ""
-- Installing: /home/cdwiench/Desktop/Robotics/CobotMyRobot/install/action_interfaces/share/ament_index/resource_index/rosidl_interfaces/action_interfaces
-- Up-to-date: /home/cdwiench/Desktop/Robotics/CobotMyRobot/install/action_interfaces/include/action_interfaces/action_interfaces
-- Up-to-date: /home/cdwiench/Desktop/Robotics/CobotMyRobot/install/action_interfaces/include/action_interfaces/action_interfaces/msg
-- Installing: /home/cdwiench/Desktop/Robotics/CobotMyRobot/install/action_interfaces/include/action_interfaces/action_interfaces/msg/rosidl_generator_c__visibility_control.h
-- Up-to-date: /home/cdwiench/Desktop/Robotics/CobotMyRobot/install/action_interfaces/include/action_interfaces/action_interfaces/action
-- Installing: /home/cdwiench/Desktop/Robotics/CobotMyRobot/install/action_interfaces/include/action_interfaces/action_interfaces/action/set_angle.h
-- Installing: /home/cdwiench/Desktop/Robotics/CobotMyRobot/install/action_interfaces/include/action_interfaces/action_interfaces/action/get_coord.h
-- Installing: /home/cdwiench/Desktop/Robotics/CobotMyRobot/install/action_interfaces/include/action_interfaces/action_interfaces/action/pick_up.h
-- Installing: /home/cdwiench/Desktop/Robotics/CobotMyRobot/install/action_interfaces/include/action_interfaces/action_interfaces/action/get_angle.h
-- Installing: /home/cdwiench/Desktop/Robotics/CobotMyRobot/install/action_interfaces/include/action_interfaces/action_interfaces/action/set_coord.h
-- Up-to-date: /home/cdwiench/Desktop/Robotics/CobotMyRobot/install/action_interfaces/include/action_interfaces/action_interfaces/action/detail
-- Installing: /home/cdwiench/Desktop/Robotics/CobotMyRobot/install/action_interfaces/include/action_interfaces/action_interfaces/action/detail/get_angle__functions.c
-- Installing: /home/cdwiench/Desktop/Robotics/CobotMyRobot/install/action_interfaces/include/action_interfaces/action_interfaces/action/detail/set_angle__struct.h
-- Installing: /home/cdwiench/Desktop/Robotics/CobotMyRobot/install/action_interfaces/include/action_interfaces/action_interfaces/action/detail/get_coord__struct.h
-- Installing: /home/cdwiench/Desktop/Robotics/CobotMyRobot/install/action_interfaces/include/action_interfaces/action_interfaces/action/detail/get_angle__type_support.h
-- Installing: /home/cdwiench/Desktop/Robotics/CobotMyRobot/install/action_interfaces/include/action_interfaces/action_interfaces/action/detail/get_coord__functions.c
-- Installing: /home/cdwiench/Desktop/Robotics/CobotMyRobot/install/action_interfaces/include/action_interfaces/action_interfaces/action/detail/pick_up__type_support.h
-- Installing: /home/cdwiench/Desktop/Robotics/CobotMyRobot/install/action_interfaces/include/action_interfaces/action_interfaces/action/detail/pick_up__struct.h
-- Installing: /home/cdwiench/Desktop/Robotics/CobotMyRobot/install/action_interfaces/include/action_interfaces/action_interfaces/action/detail/set_coord__functions.c
-- Installing: /home/cdwiench/Desktop/Robotics/CobotMyRobot/install/action_interfaces/include/action_interfaces/action_interfaces/action/detail/set_angle__functions.h
-- Installing: /home/cdwiench/Desktop/Robotics/CobotMyRobot/install/action_interfaces/include/action_interfaces/action_interfaces/action/detail/pick_up__functions.h
-- Installing: /home/cdwiench/Desktop/Robotics/CobotMyRobot/install/action_interfaces/include/action_interfaces/action_interfaces/action/detail/get_coord__functions.h
-- Installing: /home/cdwiench/Desktop/Robotics/CobotMyRobot/install/action_interfaces/include/action_interfaces/action_interfaces/action/detail/set_angle__type_support.h
-- Installing: /home/cdwiench/Desktop/Robotics/CobotMyRobot/install/action_interfaces/include/action_interfaces/action_interfaces/action/detail/set_coord__struct.h
-- Installing: /home/cdwiench/Desktop/Robotics/CobotMyRobot/install/action_interfaces/include/action_interfaces/action_interfaces/action/detail/get_angle__struct.h
-- Installing: /home/cdwiench/Desktop/Robotics/CobotMyRobot/install/action_interfaces/include/action_interfaces/action_interfaces/action/detail/set_coord__type_support.h
-- Installing: /home/cdwiench/Desktop/Robotics/CobotMyRobot/install/action_interfaces/include/action_interfaces/action_interfaces/action/detail/get_coord__type_support.h
-- Installing: /home/cdwiench/Desktop/Robotics/CobotMyRobot/install/action_interfaces/include/action_interfaces/action_interfaces/action/detail/set_angle__functions.c
-- Installing: /home/cdwiench/Desktop/Robotics/CobotMyRobot/install/action_interfaces/include/action_interfaces/action_interfaces/action/detail/set_coord__functions.h
-- Installing: /home/cdwiench/Desktop/Robotics/CobotMyRobot/install/action_interfaces/include/action_interfaces/action_interfaces/action/detail/get_angle__functions.h
-- Installing: /home/cdwiench/Desktop/Robotics/CobotMyRobot/install/action_interfaces/include/action_interfaces/action_interfaces/action/detail/pick_up__functions.c
-- Up-to-date: /home/cdwiench/Desktop/Robotics/CobotMyRobot/install/action_interfaces/share/action_interfaces/environment/library_path.sh
-- Installing: /home/cdwiench/Desktop/Robotics/CobotMyRobot/install/action_interfaces/share/action_interfaces/environment/library_path.dsv
-- Installing: /home/cdwiench/Desktop/Robotics/CobotMyRobot/install/action_interfaces/lib/libaction_interfaces__rosidl_generator_c.so
-- Set runtime path of "/home/cdwiench/Desktop/Robotics/CobotMyRobot/install/action_interfaces/lib/libaction_interfaces__rosidl_generator_c.so" to ""
-- Up-to-date: /home/cdwiench/Desktop/Robotics/CobotMyRobot/install/action_interfaces/include/action_interfaces/action_interfaces
-- Up-to-date: /home/cdwiench/Desktop/Robotics/CobotMyRobot/install/action_interfaces/include/action_interfaces/action_interfaces/msg
-- Installing: /home/cdwiench/Desktop/Robotics/CobotMyRobot/install/action_interfaces/include/action_interfaces/action_interfaces/msg/rosidl_typesupport_fastrtps_c__visibility_control.h
-- Up-to-date: /home/cdwiench/Desktop/Robotics/CobotMyRobot/install/action_interfaces/include/action_interfaces/action_interfaces/action
-- Up-to-date: /home/cdwiench/Desktop/Robotics/CobotMyRobot/install/action_interfaces/include/action_interfaces/action_interfaces/action/detail
-- Installing: /home/cdwiench/Desktop/Robotics/CobotMyRobot/install/action_interfaces/include/action_interfaces/action_interfaces/action/detail/get_coord__rosidl_typesupport_fastrtps_c.h
-- Installing: /home/cdwiench/Desktop/Robotics/CobotMyRobot/install/action_interfaces/include/action_interfaces/action_interfaces/action/detail/pick_up__rosidl_typesupport_fastrtps_c.h
-- Installing: /home/cdwiench/Desktop/Robotics/CobotMyRobot/install/action_interfaces/include/action_interfaces/action_interfaces/action/detail/get_angle__rosidl_typesupport_fastrtps_c.h
-- Installing: /home/cdwiench/Desktop/Robotics/CobotMyRobot/install/action_interfaces/include/action_interfaces/action_interfaces/action/detail/set_coord__rosidl_typesupport_fastrtps_c.h
-- Installing: /home/cdwiench/Desktop/Robotics/CobotMyRobot/install/action_interfaces/include/action_interfaces/action_interfaces/action/detail/set_angle__rosidl_typesupport_fastrtps_c.h
-- Installing: /home/cdwiench/Desktop/Robotics/CobotMyRobot/install/action_interfaces/lib/libaction_interfaces__rosidl_typesupport_fastrtps_c.so
-- Set runtime path of "/home/cdwiench/Desktop/Robotics/CobotMyRobot/install/action_interfaces/lib/libaction_interfaces__rosidl_typesupport_fastrtps_c.so" to ""
-- Up-to-date: /home/cdwiench/Desktop/Robotics/CobotMyRobot/install/action_interfaces/include/action_interfaces/action_interfaces
-- Up-to-date: /home/cdwiench/Desktop/Robotics/CobotMyRobot/install/action_interfaces/include/action_interfaces/action_interfaces/msg
-- Installing: /home/cdwiench/Desktop/Robotics/CobotMyRobot/install/action_interfaces/include/action_interfaces/action_interfaces/msg/rosidl_typesupport_introspection_c__visibility_control.h
-- Up-to-date: /home/cdwiench/Desktop/Robotics/CobotMyRobot/install/action_interfaces/include/action_interfaces/action_interfaces/action
-- Up-to-date: /home/cdwiench/Desktop/Robotics/CobotMyRobot/install/action_interfaces/include/action_interfaces/action_interfaces/action/detail
-- Installing: /home/cdwiench/Desktop/Robotics/CobotMyRobot/install/action_interfaces/include/action_interfaces/action_interfaces/action/detail/pick_up__rosidl_typesupport_introspection_c.h
-- Installing: /home/cdwiench/Desktop/Robotics/CobotMyRobot/install/action_interfaces/include/action_interfaces/action_interfaces/action/detail/get_angle__type_support.c
-- Installing: /home/cdwiench/Desktop/Robotics/CobotMyRobot/install/action_interfaces/include/action_interfaces/action_interfaces/action/detail/set_coord__type_support.c
-- Installing: /home/cdwiench/Desktop/Robotics/CobotMyRobot/install/action_interfaces/include/action_interfaces/action_interfaces/action/detail/get_angle__rosidl_typesupport_introspection_c.h
-- Installing: /home/cdwiench/Desktop/Robotics/CobotMyRobot/install/action_interfaces/include/action_interfaces/action_interfaces/action/detail/set_angle__rosidl_typesupport_introspection_c.h
-- Installing: /home/cdwiench/Desktop/Robotics/CobotMyRobot/install/action_interfaces/include/action_interfaces/action_interfaces/action/detail/pick_up__type_support.c
-- Installing: /home/cdwiench/Desktop/Robotics/CobotMyRobot/install/action_interfaces/include/action_interfaces/action_interfaces/action/detail/set_angle__type_support.c
-- Installing: /home/cdwiench/Desktop/Robotics/CobotMyRobot/install/action_interfaces/include/action_interfaces/action_interfaces/action/detail/set_coord__rosidl_typesupport_introspection_c.h
-- Installing: /home/cdwiench/Desktop/Robotics/CobotMyRobot/install/action_interfaces/include/action_interfaces/action_interfaces/action/detail/get_coord__type_support.c
-- Installing: /home/cdwiench/Desktop/Robotics/CobotMyRobot/install/action_interfaces/include/action_interfaces/action_interfaces/action/detail/get_coord__rosidl_typesupport_introspection_c.h
-- Installing: /home/cdwiench/Desktop/Robotics/CobotMyRobot/install/action_interfaces/lib/libaction_interfaces__rosidl_typesupport_introspection_c.so
-- Set runtime path of "/home/cdwiench/Desktop/Robotics/CobotMyRobot/install/action_interfaces/lib/libaction_interfaces__rosidl_typesupport_introspection_c.so" to ""
-- Installing: /home/cdwiench/Desktop/Robotics/CobotMyRobot/install/action_interfaces/lib/libaction_interfaces__rosidl_typesupport_c.so
-- Set runtime path of "/home/cdwiench/Desktop/Robotics/CobotMyRobot/install/action_interfaces/lib/libaction_interfaces__rosidl_typesupport_c.so" to ""
-- Up-to-date: /home/cdwiench/Desktop/Robotics/CobotMyRobot/install/action_interfaces/include/action_interfaces/action_interfaces
-- Up-to-date: /home/cdwiench/Desktop/Robotics/CobotMyRobot/install/action_interfaces/include/action_interfaces/action_interfaces/action
-- Installing: /home/cdwiench/Desktop/Robotics/CobotMyRobot/install/action_interfaces/include/action_interfaces/action_interfaces/action/set_angle.hpp
-- Installing: /home/cdwiench/Desktop/Robotics/CobotMyRobot/install/action_interfaces/include/action_interfaces/action_interfaces/action/get_angle.hpp
-- Installing: /home/cdwiench/Desktop/Robotics/CobotMyRobot/install/action_interfaces/include/action_interfaces/action_interfaces/action/get_coord.hpp
-- Installing: /home/cdwiench/Desktop/Robotics/CobotMyRobot/install/action_interfaces/include/action_interfaces/action_interfaces/action/set_coord.hpp
-- Installing: /home/cdwiench/Desktop/Robotics/CobotMyRobot/install/action_interfaces/include/action_interfaces/action_interfaces/action/pick_up.hpp
-- Up-to-date: /home/cdwiench/Desktop/Robotics/CobotMyRobot/install/action_interfaces/include/action_interfaces/action_interfaces/action/detail
-- Installing: /home/cdwiench/Desktop/Robotics/CobotMyRobot/install/action_interfaces/include/action_interfaces/action_interfaces/action/detail/set_angle__struct.hpp
-- Installing: /home/cdwiench/Desktop/Robotics/CobotMyRobot/install/action_interfaces/include/action_interfaces/action_interfaces/action/detail/set_angle__builder.hpp
-- Installing: /home/cdwiench/Desktop/Robotics/CobotMyRobot/install/action_interfaces/include/action_interfaces/action_interfaces/action/detail/set_coord__traits.hpp
-- Installing: /home/cdwiench/Desktop/Robotics/CobotMyRobot/install/action_interfaces/include/action_interfaces/action_interfaces/action/detail/pick_up__struct.hpp
-- Installing: /home/cdwiench/Desktop/Robotics/CobotMyRobot/install/action_interfaces/include/action_interfaces/action_interfaces/action/detail/get_angle__builder.hpp
-- Installing: /home/cdwiench/Desktop/Robotics/CobotMyRobot/install/action_interfaces/include/action_interfaces/action_interfaces/action/detail/pick_up__traits.hpp
-- Installing: /home/cdwiench/Desktop/Robotics/CobotMyRobot/install/action_interfaces/include/action_interfaces/action_interfaces/action/detail/pick_up__builder.hpp
-- Installing: /home/cdwiench/Desktop/Robotics/CobotMyRobot/install/action_interfaces/include/action_interfaces/action_interfaces/action/detail/get_angle__struct.hpp
-- Installing: /home/cdwiench/Desktop/Robotics/CobotMyRobot/install/action_interfaces/include/action_interfaces/action_interfaces/action/detail/set_coord__builder.hpp
-- Installing: /home/cdwiench/Desktop/Robotics/CobotMyRobot/install/action_interfaces/include/action_interfaces/action_interfaces/action/detail/set_coord__struct.hpp
-- Installing: /home/cdwiench/Desktop/Robotics/CobotMyRobot/install/action_interfaces/include/action_interfaces/action_interfaces/action/detail/set_angle__traits.hpp
-- Installing: /home/cdwiench/Desktop/Robotics/CobotMyRobot/install/action_interfaces/include/action_interfaces/action_interfaces/action/detail/get_coord__traits.hpp
-- Installing: /home/cdwiench/Desktop/Robotics/CobotMyRobot/install/action_interfaces/include/action_interfaces/action_interfaces/action/detail/get_angle__traits.hpp
-- Installing: /home/cdwiench/Desktop/Robotics/CobotMyRobot/install/action_interfaces/include/action_interfaces/action_interfaces/action/detail/get_coord__struct.hpp
-- Installing: /home/cdwiench/Desktop/Robotics/CobotMyRobot/install/action_interfaces/include/action_interfaces/action_interfaces/action/detail/get_coord__builder.hpp
-- Up-to-date: /home/cdwiench/Desktop/Robotics/CobotMyRobot/install/action_interfaces/include/action_interfaces/action_interfaces
-- Up-to-date: /home/cdwiench/Desktop/Robotics/CobotMyRobot/install/action_interfaces/include/action_interfaces/action_interfaces/msg
-- Installing: /home/cdwiench/Desktop/Robotics/CobotMyRobot/install/action_interfaces/include/action_interfaces/action_interfaces/msg/rosidl_typesupport_fastrtps_cpp__visibility_control.h
-- Up-to-date: /home/cdwiench/Desktop/Robotics/CobotMyRobot/install/action_interfaces/include/action_interfaces/action_interfaces/action
-- Up-to-date: /home/cdwiench/Desktop/Robotics/CobotMyRobot/install/action_interfaces/include/action_interfaces/action_interfaces/action/detail
-- Up-to-date: /home/cdwiench/Desktop/Robotics/CobotMyRobot/install/action_interfaces/include/action_interfaces/action_interfaces/action/detail/dds_fastrtps
-- Installing: /home/cdwiench/Desktop/Robotics/CobotMyRobot/install/action_interfaces/include/action_interfaces/action_interfaces/action/detail/set_coord__rosidl_typesupport_fastrtps_cpp.hpp
-- Installing: /home/cdwiench/Desktop/Robotics/CobotMyRobot/install/action_interfaces/include/action_interfaces/action_interfaces/action/detail/get_coord__rosidl_typesupport_fastrtps_cpp.hpp
-- Installing: /home/cdwiench/Desktop/Robotics/CobotMyRobot/install/action_interfaces/include/action_interfaces/action_interfaces/action/detail/get_angle__rosidl_typesupport_fastrtps_cpp.hpp
-- Installing: /home/cdwiench/Desktop/Robotics/CobotMyRobot/install/action_interfaces/include/action_interfaces/action_interfaces/action/detail/set_angle__rosidl_typesupport_fastrtps_cpp.hpp
-- Installing: /home/cdwiench/Desktop/Robotics/CobotMyRobot/install/action_interfaces/include/action_interfaces/action_interfaces/action/detail/pick_up__rosidl_typesupport_fastrtps_cpp.hpp
-- Installing: /home/cdwiench/Desktop/Robotics/CobotMyRobot/install/action_interfaces/lib/libaction_interfaces__rosidl_typesupport_fastrtps_cpp.so
-- Set runtime path of "/home/cdwiench/Desktop/Robotics/CobotMyRobot/install/action_interfaces/lib/libaction_interfaces__rosidl_typesupport_fastrtps_cpp.so" to ""
-- Up-to-date: /home/cdwiench/Desktop/Robotics/CobotMyRobot/install/action_interfaces/include/action_interfaces/action_interfaces
-- Up-to-date: /home/cdwiench/Desktop/Robotics/CobotMyRobot/install/action_interfaces/include/action_interfaces/action_interfaces/action
-- Up-to-date: /home/cdwiench/Desktop/Robotics/CobotMyRobot/install/action_interfaces/include/action_interfaces/action_interfaces/action/detail
-- Installing: /home/cdwiench/Desktop/Robotics/CobotMyRobot/install/action_interfaces/include/action_interfaces/action_interfaces/action/detail/pick_up__type_support.cpp
-- Installing: /home/cdwiench/Desktop/Robotics/CobotMyRobot/install/action_interfaces/include/action_interfaces/action_interfaces/action/detail/set_coord__rosidl_typesupport_introspection_cpp.hpp
-- Installing: /home/cdwiench/Desktop/Robotics/CobotMyRobot/install/action_interfaces/include/action_interfaces/action_interfaces/action/detail/get_angle__rosidl_typesupport_introspection_cpp.hpp
-- Installing: /home/cdwiench/Desktop/Robotics/CobotMyRobot/install/action_interfaces/include/action_interfaces/action_interfaces/action/detail/get_angle__type_support.cpp
-- Installing: /home/cdwiench/Desktop/Robotics/CobotMyRobot/install/action_interfaces/include/action_interfaces/action_interfaces/action/detail/set_angle__type_support.cpp
-- Installing: /home/cdwiench/Desktop/Robotics/CobotMyRobot/install/action_interfaces/include/action_interfaces/action_interfaces/action/detail/set_coord__type_support.cpp
-- Installing: /home/cdwiench/Desktop/Robotics/CobotMyRobot/install/action_interfaces/include/action_interfaces/action_interfaces/action/detail/pick_up__rosidl_typesupport_introspection_cpp.hpp
-- Installing: /home/cdwiench/Desktop/Robotics/CobotMyRobot/install/action_interfaces/include/action_interfaces/action_interfaces/action/detail/get_coord__rosidl_typesupport_introspection_cpp.hpp
-- Installing: /home/cdwiench/Desktop/Robotics/CobotMyRobot/install/action_interfaces/include/action_interfaces/action_interfaces/action/detail/get_coord__type_support.cpp
-- Installing: /home/cdwiench/Desktop/Robotics/CobotMyRobot/install/action_interfaces/include/action_interfaces/action_interfaces/action/detail/set_angle__rosidl_typesupport_introspection_cpp.hpp
-- Installing: /home/cdwiench/Desktop/Robotics/CobotMyRobot/install/action_interfaces/lib/libaction_interfaces__rosidl_typesupport_introspection_cpp.so
-- Set runtime path of "/home/cdwiench/Desktop/Robotics/CobotMyRobot/install/action_interfaces/lib/libaction_interfaces__rosidl_typesupport_introspection_cpp.so" to ""
-- Installing: /home/cdwiench/Desktop/Robotics/CobotMyRobot/install/action_interfaces/lib/libaction_interfaces__rosidl_typesupport_cpp.so
-- Set runtime path of "/home/cdwiench/Desktop/Robotics/CobotMyRobot/install/action_interfaces/lib/libaction_interfaces__rosidl_typesupport_cpp.so" to ""
-- Installing: /home/cdwiench/Desktop/Robotics/CobotMyRobot/install/action_interfaces/share/action_interfaces/environment/pythonpath.sh
-- Installing: /home/cdwiench/Desktop/Robotics/CobotMyRobot/install/action_interfaces/share/action_interfaces/environment/pythonpath.dsv
-- Up-to-date: /home/cdwiench/Desktop/Robotics/CobotMyRobot/install/action_interfaces/local/lib/python3.10/dist-packages/action_interfaces-0.0.0-py3.10.egg-info
-- Installing: /home/cdwiench/Desktop/Robotics/CobotMyRobot/install/action_interfaces/local/lib/python3.10/dist-packages/action_interfaces-0.0.0-py3.10.egg-info/top_level.txt
-- Installing: /home/cdwiench/Desktop/Robotics/CobotMyRobot/install/action_interfaces/local/lib/python3.10/dist-packages/action_interfaces-0.0.0-py3.10.egg-info/SOURCES.txt
-- Installing: /home/cdwiench/Desktop/Robotics/CobotMyRobot/install/action_interfaces/local/lib/python3.10/dist-packages/action_interfaces-0.0.0-py3.10.egg-info/dependency_links.txt
-- Installing: /home/cdwiench/Desktop/Robotics/CobotMyRobot/install/action_interfaces/local/lib/python3.10/dist-packages/action_interfaces-0.0.0-py3.10.egg-info/PKG-INFO
-- Up-to-date: /home/cdwiench/Desktop/Robotics/CobotMyRobot/install/action_interfaces/local/lib/python3.10/dist-packages/action_interfaces
-- Installing: /home/cdwiench/Desktop/Robotics/CobotMyRobot/install/action_interfaces/local/lib/python3.10/dist-packages/action_interfaces/action_interfaces_s__rosidl_typesupport_c.cpython-310-x86_64-linux-gnu.so
-- Installing: /home/cdwiench/Desktop/Robotics/CobotMyRobot/install/action_interfaces/local/lib/python3.10/dist-packages/action_interfaces/action_interfaces_s__rosidl_typesupport_fastrtps_c.cpython-310-x86_64-linux-gnu.so
-- Installing: /home/cdwiench/Desktop/Robotics/CobotMyRobot/install/action_interfaces/local/lib/python3.10/dist-packages/action_interfaces/__init__.py
-- Installing: /home/cdwiench/Desktop/Robotics/CobotMyRobot/install/action_interfaces/local/lib/python3.10/dist-packages/action_interfaces/_action_interfaces_s.ep.rosidl_typesupport_introspection_c.c
-- Installing: /home/cdwiench/Desktop/Robotics/CobotMyRobot/install/action_interfaces/local/lib/python3.10/dist-packages/action_interfaces/action_interfaces_s__rosidl_typesupport_introspection_c.cpython-310-x86_64-linux-gnu.so
-- Up-to-date: /home/cdwiench/Desktop/Robotics/CobotMyRobot/install/action_interfaces/local/lib/python3.10/dist-packages/action_interfaces/action
-- Installing: /home/cdwiench/Desktop/Robotics/CobotMyRobot/install/action_interfaces/local/lib/python3.10/dist-packages/action_interfaces/action/_get_angle.py
-- Installing: /home/cdwiench/Desktop/Robotics/CobotMyRobot/install/action_interfaces/local/lib/python3.10/dist-packages/action_interfaces/action/_pick_up.py
-- Installing: /home/cdwiench/Desktop/Robotics/CobotMyRobot/install/action_interfaces/local/lib/python3.10/dist-packages/action_interfaces/action/_set_coord.py
-- Installing: /home/cdwiench/Desktop/Robotics/CobotMyRobot/install/action_interfaces/local/lib/python3.10/dist-packages/action_interfaces/action/_set_angle.py
-- Installing: /home/cdwiench/Desktop/Robotics/CobotMyRobot/install/action_interfaces/local/lib/python3.10/dist-packages/action_interfaces/action/_get_coord.py
-- Installing: /home/cdwiench/Desktop/Robotics/CobotMyRobot/install/action_interfaces/local/lib/python3.10/dist-packages/action_interfaces/action/__init__.py
-- Installing: /home/cdwiench/Desktop/Robotics/CobotMyRobot/install/action_interfaces/local/lib/python3.10/dist-packages/action_interfaces/action/_set_angle_s.c
-- Installing: /home/cdwiench/Desktop/Robotics/CobotMyRobot/install/action_interfaces/local/lib/python3.10/dist-packages/action_interfaces/action/_set_coord_s.c
-- Installing: /home/cdwiench/Desktop/Robotics/CobotMyRobot/install/action_interfaces/local/lib/python3.10/dist-packages/action_interfaces/action/_pick_up_s.c
-- Installing: /home/cdwiench/Desktop/Robotics/CobotMyRobot/install/action_interfaces/local/lib/python3.10/dist-packages/action_interfaces/action/_get_angle_s.c
-- Installing: /home/cdwiench/Desktop/Robotics/CobotMyRobot/install/action_interfaces/local/lib/python3.10/dist-packages/action_interfaces/action/_get_coord_s.c
-- Installing: /home/cdwiench/Desktop/Robotics/CobotMyRobot/install/action_interfaces/local/lib/python3.10/dist-packages/action_interfaces/libaction_interfaces__rosidl_generator_py.so
-- Installing: /home/cdwiench/Desktop/Robotics/CobotMyRobot/install/action_interfaces/local/lib/python3.10/dist-packages/action_interfaces/_action_interfaces_s.ep.rosidl_typesupport_c.c
-- Installing: /home/cdwiench/Desktop/Robotics/CobotMyRobot/install/action_interfaces/local/lib/python3.10/dist-packages/action_interfaces/_action_interfaces_s.ep.rosidl_typesupport_fastrtps_c.c
Listing '/home/cdwiench/Desktop/Robotics/CobotMyRobot/install/action_interfaces/local/lib/python3.10/dist-packages/action_interfaces'...
Compiling '/home/cdwiench/Desktop/Robotics/CobotMyRobot/install/action_interfaces/local/lib/python3.10/dist-packages/action_interfaces/__init__.py'...
Listing '/home/cdwiench/Desktop/Robotics/CobotMyRobot/install/action_interfaces/local/lib/python3.10/dist-packages/action_interfaces/action'...
Compiling '/home/cdwiench/Desktop/Robotics/CobotMyRobot/install/action_interfaces/local/lib/python3.10/dist-packages/action_interfaces/action/__init__.py'...
Compiling '/home/cdwiench/Desktop/Robotics/CobotMyRobot/install/action_interfaces/local/lib/python3.10/dist-packages/action_interfaces/action/_get_angle.py'...
Compiling '/home/cdwiench/Desktop/Robotics/CobotMyRobot/install/action_interfaces/local/lib/python3.10/dist-packages/action_interfaces/action/_get_coord.py'...
Compiling '/home/cdwiench/Desktop/Robotics/CobotMyRobot/install/action_interfaces/local/lib/python3.10/dist-packages/action_interfaces/action/_pick_up.py'...
Compiling '/home/cdwiench/Desktop/Robotics/CobotMyRobot/install/action_interfaces/local/lib/python3.10/dist-packages/action_interfaces/action/_set_angle.py'...
Compiling '/home/cdwiench/Desktop/Robotics/CobotMyRobot/install/action_interfaces/local/lib/python3.10/dist-packages/action_interfaces/action/_set_coord.py'...
-- Installing: /home/cdwiench/Desktop/Robotics/CobotMyRobot/install/action_interfaces/local/lib/python3.10/dist-packages/action_interfaces/action_interfaces_s__rosidl_typesupport_fastrtps_c.cpython-310-x86_64-linux-gnu.so
-- Set runtime path of "/home/cdwiench/Desktop/Robotics/CobotMyRobot/install/action_interfaces/local/lib/python3.10/dist-packages/action_interfaces/action_interfaces_s__rosidl_typesupport_fastrtps_c.cpython-310-x86_64-linux-gnu.so" to ""
-- Installing: /home/cdwiench/Desktop/Robotics/CobotMyRobot/install/action_interfaces/local/lib/python3.10/dist-packages/action_interfaces/action_interfaces_s__rosidl_typesupport_introspection_c.cpython-310-x86_64-linux-gnu.so
-- Set runtime path of "/home/cdwiench/Desktop/Robotics/CobotMyRobot/install/action_interfaces/local/lib/python3.10/dist-packages/action_interfaces/action_interfaces_s__rosidl_typesupport_introspection_c.cpython-310-x86_64-linux-gnu.so" to ""
-- Installing: /home/cdwiench/Desktop/Robotics/CobotMyRobot/install/action_interfaces/local/lib/python3.10/dist-packages/action_interfaces/action_interfaces_s__rosidl_typesupport_c.cpython-310-x86_64-linux-gnu.so
-- Set runtime path of "/home/cdwiench/Desktop/Robotics/CobotMyRobot/install/action_interfaces/local/lib/python3.10/dist-packages/action_interfaces/action_interfaces_s__rosidl_typesupport_c.cpython-310-x86_64-linux-gnu.so" to ""
-- Installing: /home/cdwiench/Desktop/Robotics/CobotMyRobot/install/action_interfaces/lib/libaction_interfaces__rosidl_generator_py.so
-- Set runtime path of "/home/cdwiench/Desktop/Robotics/CobotMyRobot/install/action_interfaces/lib/libaction_interfaces__rosidl_generator_py.so" to ""
-- Installing: /home/cdwiench/Desktop/Robotics/CobotMyRobot/install/action_interfaces/share/action_interfaces/action/SetAngle.idl
-- Installing: /home/cdwiench/Desktop/Robotics/CobotMyRobot/install/action_interfaces/share/action_interfaces/action/GetAngle.idl
-- Installing: /home/cdwiench/Desktop/Robotics/CobotMyRobot/install/action_interfaces/share/action_interfaces/action/PickUP.idl
-- Installing: /home/cdwiench/Desktop/Robotics/CobotMyRobot/install/action_interfaces/share/action_interfaces/action/SetCoord.idl
-- Installing: /home/cdwiench/Desktop/Robotics/CobotMyRobot/install/action_interfaces/share/action_interfaces/action/GetCoord.idl
-- Up-to-date: /home/cdwiench/Desktop/Robotics/CobotMyRobot/install/action_interfaces/share/action_interfaces/action/SetAngle.action
-- Installing: /home/cdwiench/Desktop/Robotics/CobotMyRobot/install/action_interfaces/share/action_interfaces/action/GetAngle.action
-- Up-to-date: /home/cdwiench/Desktop/Robotics/CobotMyRobot/install/action_interfaces/share/action_interfaces/action/PickUP.action
-- Installing: /home/cdwiench/Desktop/Robotics/CobotMyRobot/install/action_interfaces/share/action_interfaces/action/SetCoord.action
-- Installing: /home/cdwiench/Desktop/Robotics/CobotMyRobot/install/action_interfaces/share/action_interfaces/action/GetCoord.action
-- Installing: /home/cdwiench/Desktop/Robotics/CobotMyRobot/install/action_interfaces/share/ament_index/resource_index/package_run_dependencies/action_interfaces
-- Installing: /home/cdwiench/Desktop/Robotics/CobotMyRobot/install/action_interfaces/share/ament_index/resource_index/parent_prefix_path/action_interfaces
-- Up-to-date: /home/cdwiench/Desktop/Robotics/CobotMyRobot/install/action_interfaces/share/action_interfaces/environment/ament_prefix_path.sh
-- Installing: /home/cdwiench/Desktop/Robotics/CobotMyRobot/install/action_interfaces/share/action_interfaces/environment/ament_prefix_path.dsv
-- Up-to-date: /home/cdwiench/Desktop/Robotics/CobotMyRobot/install/action_interfaces/share/action_interfaces/environment/path.sh
-- Installing: /home/cdwiench/Desktop/Robotics/CobotMyRobot/install/action_interfaces/share/action_interfaces/environment/path.dsv
-- Installing: /home/cdwiench/Desktop/Robotics/CobotMyRobot/install/action_interfaces/share/action_interfaces/local_setup.bash
-- Installing: /home/cdwiench/Desktop/Robotics/CobotMyRobot/install/action_interfaces/share/action_interfaces/local_setup.sh
-- Installing: /home/cdwiench/Desktop/Robotics/CobotMyRobot/install/action_interfaces/share/action_interfaces/local_setup.zsh
-- Installing: /home/cdwiench/Desktop/Robotics/CobotMyRobot/install/action_interfaces/share/action_interfaces/local_setup.dsv
-- Installing: /home/cdwiench/Desktop/Robotics/CobotMyRobot/install/action_interfaces/share/action_interfaces/package.dsv
-- Installing: /home/cdwiench/Desktop/Robotics/CobotMyRobot/install/action_interfaces/share/ament_index/resource_index/packages/action_interfaces
-- Installing: /home/cdwiench/Desktop/Robotics/CobotMyRobot/install/action_interfaces/share/action_interfaces/cmake/export_action_interfaces__rosidl_generator_cExport.cmake
-- Installing: /home/cdwiench/Desktop/Robotics/CobotMyRobot/install/action_interfaces/share/action_interfaces/cmake/export_action_interfaces__rosidl_generator_cExport-noconfig.cmake
-- Installing: /home/cdwiench/Desktop/Robotics/CobotMyRobot/install/action_interfaces/share/action_interfaces/cmake/export_action_interfaces__rosidl_typesupport_fastrtps_cExport.cmake
-- Installing: /home/cdwiench/Desktop/Robotics/CobotMyRobot/install/action_interfaces/share/action_interfaces/cmake/export_action_interfaces__rosidl_typesupport_fastrtps_cExport-noconfig.cmake
-- Installing: /home/cdwiench/Desktop/Robotics/CobotMyRobot/install/action_interfaces/share/action_interfaces/cmake/action_interfaces__rosidl_typesupport_introspection_cExport.cmake
-- Installing: /home/cdwiench/Desktop/Robotics/CobotMyRobot/install/action_interfaces/share/action_interfaces/cmake/action_interfaces__rosidl_typesupport_introspection_cExport-noconfig.cmake
-- Installing: /home/cdwiench/Desktop/Robotics/CobotMyRobot/install/action_interfaces/share/action_interfaces/cmake/action_interfaces__rosidl_typesupport_cExport.cmake
-- Installing: /home/cdwiench/Desktop/Robotics/CobotMyRobot/install/action_interfaces/share/action_interfaces/cmake/action_interfaces__rosidl_typesupport_cExport-noconfig.cmake
-- Installing: /home/cdwiench/Desktop/Robotics/CobotMyRobot/install/action_interfaces/share/action_interfaces/cmake/export_action_interfaces__rosidl_generator_cppExport.cmake
-- Installing: /home/cdwiench/Desktop/Robotics/CobotMyRobot/install/action_interfaces/share/action_interfaces/cmake/export_action_interfaces__rosidl_typesupport_fastrtps_cppExport.cmake
-- Installing: /home/cdwiench/Desktop/Robotics/CobotMyRobot/install/action_interfaces/share/action_interfaces/cmake/export_action_interfaces__rosidl_typesupport_fastrtps_cppExport-noconfig.cmake
-- Installing: /home/cdwiench/Desktop/Robotics/CobotMyRobot/install/action_interfaces/share/action_interfaces/cmake/action_interfaces__rosidl_typesupport_introspection_cppExport.cmake
-- Installing: /home/cdwiench/Desktop/Robotics/CobotMyRobot/install/action_interfaces/share/action_interfaces/cmake/action_interfaces__rosidl_typesupport_introspection_cppExport-noconfig.cmake
-- Installing: /home/cdwiench/Desktop/Robotics/CobotMyRobot/install/action_interfaces/share/action_interfaces/cmake/action_interfaces__rosidl_typesupport_cppExport.cmake
-- Installing: /home/cdwiench/Desktop/Robotics/CobotMyRobot/install/action_interfaces/share/action_interfaces/cmake/action_interfaces__rosidl_typesupport_cppExport-noconfig.cmake
-- Installing: /home/cdwiench/Desktop/Robotics/CobotMyRobot/install/action_interfaces/share/action_interfaces/cmake/export_action_interfaces__rosidl_generator_pyExport.cmake
-- Installing: /home/cdwiench/Desktop/Robotics/CobotMyRobot/install/action_interfaces/share/action_interfaces/cmake/export_action_interfaces__rosidl_generator_pyExport-noconfig.cmake
-- Installing: /home/cdwiench/Desktop/Robotics/CobotMyRobot/install/action_interfaces/share/action_interfaces/cmake/rosidl_cmake-extras.cmake
-- Installing: /home/cdwiench/Desktop/Robotics/CobotMyRobot/install/action_interfaces/share/action_interfaces/cmake/ament_cmake_export_dependencies-extras.cmake
-- Installing: /home/cdwiench/Desktop/Robotics/CobotMyRobot/install/action_interfaces/share/action_interfaces/cmake/ament_cmake_export_include_directories-extras.cmake
-- Installing: /home/cdwiench/Desktop/Robotics/CobotMyRobot/install/action_interfaces/share/action_interfaces/cmake/ament_cmake_export_libraries-extras.cmake
-- Installing: /home/cdwiench/Desktop/Robotics/CobotMyRobot/install/action_interfaces/share/action_interfaces/cmake/ament_cmake_export_targets-extras.cmake
-- Installing: /home/cdwiench/Desktop/Robotics/CobotMyRobot/install/action_interfaces/share/action_interfaces/cmake/rosidl_cmake_export_typesupport_targets-extras.cmake
-- Installing: /home/cdwiench/Desktop/Robotics/CobotMyRobot/install/action_interfaces/share/action_interfaces/cmake/rosidl_cmake_export_typesupport_libraries-extras.cmake
-- Installing: /home/cdwiench/Desktop/Robotics/CobotMyRobot/install/action_interfaces/share/action_interfaces/cmake/action_interfacesConfig.cmake
-- Installing: /home/cdwiench/Desktop/Robotics/CobotMyRobot/install/action_interfaces/share/action_interfaces/cmake/action_interfacesConfig-version.cmake
-- Up-to-date: /home/cdwiench/Desktop/Robotics/CobotMyRobot/install/action_interfaces/share/action_interfaces/package.xml
