[0.829s] DEBUG:colcon:Command line arguments: ['/usr/bin/colcon', 'build']
[0.829s] DEBUG:colcon:Parsed command line arguments: Namespace(log_base=None, log_level=None, verb_name='build', build_base='build', install_base='install', merge_install=False, symlink_install=False, test_result_base=None, continue_on_error=False, executor='parallel', parallel_workers=8, event_handlers=None, ignore_user_meta=False, metas=['./colcon.meta'], base_paths=['.'], packages_ignore=None, packages_ignore_regex=None, paths=None, packages_up_to=None, packages_up_to_regex=None, packages_above=None, packages_above_and_dependencies=None, packages_above_depth=None, packages_select_by_dep=None, packages_skip_by_dep=None, packages_skip_up_to=None, packages_select_build_failed=False, packages_skip_build_finished=False, packages_select_test_failures=False, packages_skip_test_passed=False, packages_select=None, packages_skip=None, packages_select_regex=None, packages_skip_regex=None, packages_start=None, packages_end=None, allow_overriding=[], cmake_args=None, cmake_target=None, cmake_target_skip_unavailable=False, cmake_clean_cache=False, cmake_clean_first=False, cmake_force_configure=False, ament_cmake_args=None, catkin_cmake_args=None, catkin_skip_building_tests=False, verb_parser=<colcon_defaults.argument_parser.defaults.DefaultArgumentsDecorator object at 0x7f3029e83a30>, verb_extension=<colcon_core.verb.build.BuildVerb object at 0x7f302a766170>, main=<bound method BuildVerb.main of <colcon_core.verb.build.BuildVerb object at 0x7f302a766170>>)
[0.886s] Level 1:colcon.colcon_core.package_discovery:discover_packages(colcon_meta) check parameters
[0.886s] Level 1:colcon.colcon_core.package_discovery:discover_packages(recursive) check parameters
[0.886s] Level 1:colcon.colcon_core.package_discovery:discover_packages(ignore) check parameters
[0.886s] Level 1:colcon.colcon_core.package_discovery:discover_packages(path) check parameters
[0.886s] Level 1:colcon.colcon_core.package_discovery:discover_packages(colcon_meta) discover
[0.886s] Level 1:colcon.colcon_core.package_discovery:discover_packages(recursive) discover
[0.886s] INFO:colcon.colcon_core.package_discovery:Crawling recursively for packages in '/home/cdwiench/Desktop/Robotics/CobotMyRobot'
[0.886s] Level 1:colcon.colcon_core.package_identification:_identify(.) by extensions ['ignore', 'ignore_ament_install']
[0.886s] Level 1:colcon.colcon_core.package_identification:_identify(.) by extension 'ignore'
[0.886s] Level 1:colcon.colcon_core.package_identification:_identify(.) by extension 'ignore_ament_install'
[0.886s] Level 1:colcon.colcon_core.package_identification:_identify(.) by extensions ['colcon_pkg']
[0.886s] Level 1:colcon.colcon_core.package_identification:_identify(.) by extension 'colcon_pkg'
[0.887s] Level 1:colcon.colcon_core.package_identification:_identify(.) by extensions ['colcon_meta']
[0.887s] Level 1:colcon.colcon_core.package_identification:_identify(.) by extension 'colcon_meta'
[0.887s] Level 1:colcon.colcon_core.package_identification:_identify(.) by extensions ['ros']
[0.887s] Level 1:colcon.colcon_core.package_identification:_identify(.) by extension 'ros'
[0.905s] Level 1:colcon.colcon_core.package_identification:_identify(.) by extensions ['cmake', 'python']
[0.905s] Level 1:colcon.colcon_core.package_identification:_identify(.) by extension 'cmake'
[0.905s] Level 1:colcon.colcon_core.package_identification:_identify(.) by extension 'python'
[0.905s] Level 1:colcon.colcon_core.package_identification:_identify(.) by extensions ['python_setup_py']
[0.905s] Level 1:colcon.colcon_core.package_identification:_identify(.) by extension 'python_setup_py'
[0.905s] Level 1:colcon.colcon_core.package_identification:_identify(build) by extensions ['ignore', 'ignore_ament_install']
[0.905s] Level 1:colcon.colcon_core.package_identification:_identify(build) by extension 'ignore'
[0.905s] Level 1:colcon.colcon_core.package_identification:_identify(build) ignored
[0.905s] Level 1:colcon.colcon_core.package_identification:_identify(install) by extensions ['ignore', 'ignore_ament_install']
[0.905s] Level 1:colcon.colcon_core.package_identification:_identify(install) by extension 'ignore'
[0.905s] Level 1:colcon.colcon_core.package_identification:_identify(install) ignored
[0.906s] Level 1:colcon.colcon_core.package_identification:_identify(log) by extensions ['ignore', 'ignore_ament_install']
[0.906s] Level 1:colcon.colcon_core.package_identification:_identify(log) by extension 'ignore'
[0.906s] Level 1:colcon.colcon_core.package_identification:_identify(log) ignored
[0.906s] Level 1:colcon.colcon_core.package_identification:_identify(ros2_ws) by extensions ['ignore', 'ignore_ament_install']
[0.906s] Level 1:colcon.colcon_core.package_identification:_identify(ros2_ws) by extension 'ignore'
[0.906s] Level 1:colcon.colcon_core.package_identification:_identify(ros2_ws) by extension 'ignore_ament_install'
[0.906s] Level 1:colcon.colcon_core.package_identification:_identify(ros2_ws) by extensions ['colcon_pkg']
[0.906s] Level 1:colcon.colcon_core.package_identification:_identify(ros2_ws) by extension 'colcon_pkg'
[0.906s] Level 1:colcon.colcon_core.package_identification:_identify(ros2_ws) by extensions ['colcon_meta']
[0.906s] Level 1:colcon.colcon_core.package_identification:_identify(ros2_ws) by extension 'colcon_meta'
[0.906s] Level 1:colcon.colcon_core.package_identification:_identify(ros2_ws) by extensions ['ros']
[0.906s] Level 1:colcon.colcon_core.package_identification:_identify(ros2_ws) by extension 'ros'
[0.906s] Level 1:colcon.colcon_core.package_identification:_identify(ros2_ws) by extensions ['cmake', 'python']
[0.906s] Level 1:colcon.colcon_core.package_identification:_identify(ros2_ws) by extension 'cmake'
[0.906s] Level 1:colcon.colcon_core.package_identification:_identify(ros2_ws) by extension 'python'
[0.906s] Level 1:colcon.colcon_core.package_identification:_identify(ros2_ws) by extensions ['python_setup_py']
[0.906s] Level 1:colcon.colcon_core.package_identification:_identify(ros2_ws) by extension 'python_setup_py'
[0.907s] Level 1:colcon.colcon_core.package_identification:_identify(ros2_ws/build) by extensions ['ignore', 'ignore_ament_install']
[0.907s] Level 1:colcon.colcon_core.package_identification:_identify(ros2_ws/build) by extension 'ignore'
[0.907s] Level 1:colcon.colcon_core.package_identification:_identify(ros2_ws/build) ignored
[0.907s] Level 1:colcon.colcon_core.package_identification:_identify(ros2_ws/install) by extensions ['ignore', 'ignore_ament_install']
[0.907s] Level 1:colcon.colcon_core.package_identification:_identify(ros2_ws/install) by extension 'ignore'
[0.907s] Level 1:colcon.colcon_core.package_identification:_identify(ros2_ws/install) ignored
[0.907s] Level 1:colcon.colcon_core.package_identification:_identify(ros2_ws/log) by extensions ['ignore', 'ignore_ament_install']
[0.907s] Level 1:colcon.colcon_core.package_identification:_identify(ros2_ws/log) by extension 'ignore'
[0.907s] Level 1:colcon.colcon_core.package_identification:_identify(ros2_ws/log) ignored
[0.907s] Level 1:colcon.colcon_core.package_identification:_identify(ros2_ws/src) by extensions ['ignore', 'ignore_ament_install']
[0.907s] Level 1:colcon.colcon_core.package_identification:_identify(ros2_ws/src) by extension 'ignore'
[0.907s] Level 1:colcon.colcon_core.package_identification:_identify(ros2_ws/src) by extension 'ignore_ament_install'
[0.907s] Level 1:colcon.colcon_core.package_identification:_identify(ros2_ws/src) by extensions ['colcon_pkg']
[0.907s] Level 1:colcon.colcon_core.package_identification:_identify(ros2_ws/src) by extension 'colcon_pkg'
[0.908s] Level 1:colcon.colcon_core.package_identification:_identify(ros2_ws/src) by extensions ['colcon_meta']
[0.908s] Level 1:colcon.colcon_core.package_identification:_identify(ros2_ws/src) by extension 'colcon_meta'
[0.908s] Level 1:colcon.colcon_core.package_identification:_identify(ros2_ws/src) by extensions ['ros']
[0.908s] Level 1:colcon.colcon_core.package_identification:_identify(ros2_ws/src) by extension 'ros'
[0.908s] Level 1:colcon.colcon_core.package_identification:_identify(ros2_ws/src) by extensions ['cmake', 'python']
[0.908s] Level 1:colcon.colcon_core.package_identification:_identify(ros2_ws/src) by extension 'cmake'
[0.908s] Level 1:colcon.colcon_core.package_identification:_identify(ros2_ws/src) by extension 'python'
[0.908s] Level 1:colcon.colcon_core.package_identification:_identify(ros2_ws/src) by extensions ['python_setup_py']
[0.908s] Level 1:colcon.colcon_core.package_identification:_identify(ros2_ws/src) by extension 'python_setup_py'
[0.908s] Level 1:colcon.colcon_core.package_identification:_identify(ros2_ws/src/action_interfaces) by extensions ['ignore', 'ignore_ament_install']
[0.908s] Level 1:colcon.colcon_core.package_identification:_identify(ros2_ws/src/action_interfaces) by extension 'ignore'
[0.908s] Level 1:colcon.colcon_core.package_identification:_identify(ros2_ws/src/action_interfaces) by extension 'ignore_ament_install'
[0.908s] Level 1:colcon.colcon_core.package_identification:_identify(ros2_ws/src/action_interfaces) by extensions ['colcon_pkg']
[0.908s] Level 1:colcon.colcon_core.package_identification:_identify(ros2_ws/src/action_interfaces) by extension 'colcon_pkg'
[0.908s] Level 1:colcon.colcon_core.package_identification:_identify(ros2_ws/src/action_interfaces) by extensions ['colcon_meta']
[0.908s] Level 1:colcon.colcon_core.package_identification:_identify(ros2_ws/src/action_interfaces) by extension 'colcon_meta'
[0.908s] Level 1:colcon.colcon_core.package_identification:_identify(ros2_ws/src/action_interfaces) by extensions ['ros']
[0.909s] Level 1:colcon.colcon_core.package_identification:_identify(ros2_ws/src/action_interfaces) by extension 'ros'
[0.912s] DEBUG:colcon.colcon_core.package_identification:Package 'ros2_ws/src/action_interfaces' with type 'ros.ament_cmake' and name 'action_interfaces'
[0.912s] Level 1:colcon.colcon_core.package_discovery:discover_packages(recursive) using defaults
[0.912s] Level 1:colcon.colcon_core.package_discovery:discover_packages(ignore) discover
[0.912s] Level 1:colcon.colcon_core.package_discovery:discover_packages(ignore) using defaults
[0.912s] Level 1:colcon.colcon_core.package_discovery:discover_packages(path) discover
[0.912s] Level 1:colcon.colcon_core.package_discovery:discover_packages(path) using defaults
[0.954s] Level 1:colcon.colcon_core.package_discovery:discover_packages(prefix_path) check parameters
[0.954s] Level 1:colcon.colcon_core.package_discovery:discover_packages(prefix_path) discover
[0.959s] DEBUG:colcon.colcon_installed_package_information.package_discovery:Found 1 installed packages in /home/cdwiench/Desktop/Robotics/CobotMyRobot/ros2_ws/install
[0.962s] DEBUG:colcon.colcon_installed_package_information.package_discovery:Found 282 installed packages in /opt/ros/humble
[0.963s] Level 1:colcon.colcon_core.package_discovery:discover_packages(prefix_path) using defaults
[1.027s] Level 5:colcon.colcon_core.verb:set package 'action_interfaces' build argument 'cmake_args' from command line to 'None'
[1.027s] Level 5:colcon.colcon_core.verb:set package 'action_interfaces' build argument 'cmake_target' from command line to 'None'
[1.027s] Level 5:colcon.colcon_core.verb:set package 'action_interfaces' build argument 'cmake_target_skip_unavailable' from command line to 'False'
[1.027s] Level 5:colcon.colcon_core.verb:set package 'action_interfaces' build argument 'cmake_clean_cache' from command line to 'False'
[1.027s] Level 5:colcon.colcon_core.verb:set package 'action_interfaces' build argument 'cmake_clean_first' from command line to 'False'
[1.027s] Level 5:colcon.colcon_core.verb:set package 'action_interfaces' build argument 'cmake_force_configure' from command line to 'False'
[1.027s] Level 5:colcon.colcon_core.verb:set package 'action_interfaces' build argument 'ament_cmake_args' from command line to 'None'
[1.027s] Level 5:colcon.colcon_core.verb:set package 'action_interfaces' build argument 'catkin_cmake_args' from command line to 'None'
[1.027s] Level 5:colcon.colcon_core.verb:set package 'action_interfaces' build argument 'catkin_skip_building_tests' from command line to 'False'
[1.027s] DEBUG:colcon.colcon_core.verb:Building package 'action_interfaces' with the following arguments: {'ament_cmake_args': None, 'build_base': '/home/cdwiench/Desktop/Robotics/CobotMyRobot/build/action_interfaces', 'catkin_cmake_args': None, 'catkin_skip_building_tests': False, 'cmake_args': None, 'cmake_clean_cache': False, 'cmake_clean_first': False, 'cmake_force_configure': False, 'cmake_target': None, 'cmake_target_skip_unavailable': False, 'install_base': '/home/cdwiench/Desktop/Robotics/CobotMyRobot/install/action_interfaces', 'merge_install': False, 'path': '/home/cdwiench/Desktop/Robotics/CobotMyRobot/ros2_ws/src/action_interfaces', 'symlink_install': False, 'test_result_base': None}
[1.028s] INFO:colcon.colcon_core.executor:Executing jobs using 'parallel' executor
[1.035s] DEBUG:colcon.colcon_parallel_executor.executor.parallel:run_until_complete
[1.035s] INFO:colcon.colcon_ros.task.ament_cmake.build:Building ROS package in '/home/cdwiench/Desktop/Robotics/CobotMyRobot/ros2_ws/src/action_interfaces' with build type 'ament_cmake'
[1.035s] INFO:colcon.colcon_cmake.task.cmake.build:Building CMake package in '/home/cdwiench/Desktop/Robotics/CobotMyRobot/ros2_ws/src/action_interfaces'
[1.044s] INFO:colcon.colcon_core.plugin_system:Skipping extension 'colcon_core.shell.bat': Not used on non-Windows systems
[1.045s] INFO:colcon.colcon_core.shell:Skip shell extension 'powershell' for command environment: Not usable outside of PowerShell
[1.045s] DEBUG:colcon.colcon_core.shell:Skip shell extension 'dsv' for command environment
[1.058s] DEBUG:colcon.colcon_core.event_handler.log_command:Invoking command in '/home/cdwiench/Desktop/Robotics/CobotMyRobot/build/action_interfaces': CMAKE_PREFIX_PATH=${CMAKE_PREFIX_PATH}:/opt/ros/humble /usr/bin/cmake /home/cdwiench/Desktop/Robotics/CobotMyRobot/ros2_ws/src/action_interfaces -DCMAKE_INSTALL_PREFIX=/home/cdwiench/Desktop/Robotics/CobotMyRobot/install/action_interfaces
[3.700s] DEBUG:colcon.colcon_core.event_handler.log_command:Invoked command in '/home/cdwiench/Desktop/Robotics/CobotMyRobot/build/action_interfaces' returned '0': CMAKE_PREFIX_PATH=${CMAKE_PREFIX_PATH}:/opt/ros/humble /usr/bin/cmake /home/cdwiench/Desktop/Robotics/CobotMyRobot/ros2_ws/src/action_interfaces -DCMAKE_INSTALL_PREFIX=/home/cdwiench/Desktop/Robotics/CobotMyRobot/install/action_interfaces
[3.702s] DEBUG:colcon.colcon_core.event_handler.log_command:Invoking command in '/home/cdwiench/Desktop/Robotics/CobotMyRobot/build/action_interfaces': CMAKE_PREFIX_PATH=${CMAKE_PREFIX_PATH}:/opt/ros/humble /usr/bin/cmake --build /home/cdwiench/Desktop/Robotics/CobotMyRobot/build/action_interfaces -- -j8 -l8
[7.161s] DEBUG:colcon.colcon_core.event_handler.log_command:Invoked command in '/home/cdwiench/Desktop/Robotics/CobotMyRobot/build/action_interfaces' returned '0': CMAKE_PREFIX_PATH=${CMAKE_PREFIX_PATH}:/opt/ros/humble /usr/bin/cmake --build /home/cdwiench/Desktop/Robotics/CobotMyRobot/build/action_interfaces -- -j8 -l8
[7.230s] DEBUG:colcon.colcon_core.event_handler.log_command:Invoking command in '/home/cdwiench/Desktop/Robotics/CobotMyRobot/build/action_interfaces': CMAKE_PREFIX_PATH=${CMAKE_PREFIX_PATH}:/opt/ros/humble /usr/bin/cmake --install /home/cdwiench/Desktop/Robotics/CobotMyRobot/build/action_interfaces
[7.312s] Level 1:colcon.colcon_core.environment:create_environment_scripts_only(action_interfaces)
[7.313s] DEBUG:colcon.colcon_core.event_handler.log_command:Invoked command in '/home/cdwiench/Desktop/Robotics/CobotMyRobot/build/action_interfaces' returned '0': CMAKE_PREFIX_PATH=${CMAKE_PREFIX_PATH}:/opt/ros/humble /usr/bin/cmake --install /home/cdwiench/Desktop/Robotics/CobotMyRobot/build/action_interfaces
[7.325s] Level 1:colcon.colcon_core.environment:checking '/home/cdwiench/Desktop/Robotics/CobotMyRobot/install/action_interfaces' for CMake module files
[7.326s] Level 1:colcon.colcon_core.environment:checking '/home/cdwiench/Desktop/Robotics/CobotMyRobot/install/action_interfaces' for CMake config files
[7.326s] Level 1:colcon.colcon_core.shell:create_environment_hook('action_interfaces', 'cmake_prefix_path')
[7.329s] INFO:colcon.colcon_core.shell:Creating environment hook '/home/cdwiench/Desktop/Robotics/CobotMyRobot/install/action_interfaces/share/action_interfaces/hook/cmake_prefix_path.ps1'
[7.330s] INFO:colcon.colcon_core.shell:Creating environment descriptor '/home/cdwiench/Desktop/Robotics/CobotMyRobot/install/action_interfaces/share/action_interfaces/hook/cmake_prefix_path.dsv'
[7.331s] INFO:colcon.colcon_core.shell:Creating environment hook '/home/cdwiench/Desktop/Robotics/CobotMyRobot/install/action_interfaces/share/action_interfaces/hook/cmake_prefix_path.sh'
[7.332s] Level 1:colcon.colcon_core.environment:checking '/home/cdwiench/Desktop/Robotics/CobotMyRobot/install/action_interfaces/lib'
[7.332s] Level 1:colcon.colcon_core.shell:create_environment_hook('action_interfaces', 'ld_library_path_lib')
[7.335s] INFO:colcon.colcon_core.shell:Creating environment hook '/home/cdwiench/Desktop/Robotics/CobotMyRobot/install/action_interfaces/share/action_interfaces/hook/ld_library_path_lib.ps1'
[7.335s] INFO:colcon.colcon_core.shell:Creating environment descriptor '/home/cdwiench/Desktop/Robotics/CobotMyRobot/install/action_interfaces/share/action_interfaces/hook/ld_library_path_lib.dsv'
[7.335s] INFO:colcon.colcon_core.shell:Creating environment hook '/home/cdwiench/Desktop/Robotics/CobotMyRobot/install/action_interfaces/share/action_interfaces/hook/ld_library_path_lib.sh'
[7.336s] Level 1:colcon.colcon_core.environment:checking '/home/cdwiench/Desktop/Robotics/CobotMyRobot/install/action_interfaces/bin'
[7.336s] Level 1:colcon.colcon_core.environment:checking '/home/cdwiench/Desktop/Robotics/CobotMyRobot/install/action_interfaces/lib/pkgconfig/action_interfaces.pc'
[7.336s] Level 1:colcon.colcon_core.environment:checking '/home/cdwiench/Desktop/Robotics/CobotMyRobot/install/action_interfaces/lib/python3.10/site-packages'
[7.336s] Level 1:colcon.colcon_core.environment:checking '/home/cdwiench/Desktop/Robotics/CobotMyRobot/install/action_interfaces/bin'
[7.339s] INFO:colcon.colcon_core.shell:Creating package script '/home/cdwiench/Desktop/Robotics/CobotMyRobot/install/action_interfaces/share/action_interfaces/package.ps1'
[7.340s] INFO:colcon.colcon_core.shell:Creating package descriptor '/home/cdwiench/Desktop/Robotics/CobotMyRobot/install/action_interfaces/share/action_interfaces/package.dsv'
[7.341s] INFO:colcon.colcon_core.shell:Creating package script '/home/cdwiench/Desktop/Robotics/CobotMyRobot/install/action_interfaces/share/action_interfaces/package.sh'
[7.342s] INFO:colcon.colcon_core.shell:Creating package script '/home/cdwiench/Desktop/Robotics/CobotMyRobot/install/action_interfaces/share/action_interfaces/package.bash'
[7.343s] INFO:colcon.colcon_core.shell:Creating package script '/home/cdwiench/Desktop/Robotics/CobotMyRobot/install/action_interfaces/share/action_interfaces/package.zsh'
[7.345s] Level 1:colcon.colcon_core.environment:create_file_with_runtime_dependencies(/home/cdwiench/Desktop/Robotics/CobotMyRobot/install/action_interfaces/share/colcon-core/packages/action_interfaces)
[7.407s] Level 1:colcon.colcon_core.environment:create_environment_scripts_only(action_interfaces)
[7.413s] Level 1:colcon.colcon_core.environment:checking '/home/cdwiench/Desktop/Robotics/CobotMyRobot/install/action_interfaces' for CMake module files
[7.413s] Level 1:colcon.colcon_core.environment:checking '/home/cdwiench/Desktop/Robotics/CobotMyRobot/install/action_interfaces' for CMake config files
[7.414s] Level 1:colcon.colcon_core.shell:create_environment_hook('action_interfaces', 'cmake_prefix_path')
[7.417s] INFO:colcon.colcon_core.shell:Creating environment hook '/home/cdwiench/Desktop/Robotics/CobotMyRobot/install/action_interfaces/share/action_interfaces/hook/cmake_prefix_path.ps1'
[7.417s] INFO:colcon.colcon_core.shell:Creating environment descriptor '/home/cdwiench/Desktop/Robotics/CobotMyRobot/install/action_interfaces/share/action_interfaces/hook/cmake_prefix_path.dsv'
[7.417s] INFO:colcon.colcon_core.shell:Creating environment hook '/home/cdwiench/Desktop/Robotics/CobotMyRobot/install/action_interfaces/share/action_interfaces/hook/cmake_prefix_path.sh'
[7.418s] Level 1:colcon.colcon_core.environment:checking '/home/cdwiench/Desktop/Robotics/CobotMyRobot/install/action_interfaces/lib'
[7.418s] Level 1:colcon.colcon_core.shell:create_environment_hook('action_interfaces', 'ld_library_path_lib')
[7.421s] INFO:colcon.colcon_core.shell:Creating environment hook '/home/cdwiench/Desktop/Robotics/CobotMyRobot/install/action_interfaces/share/action_interfaces/hook/ld_library_path_lib.ps1'
[7.421s] INFO:colcon.colcon_core.shell:Creating environment descriptor '/home/cdwiench/Desktop/Robotics/CobotMyRobot/install/action_interfaces/share/action_interfaces/hook/ld_library_path_lib.dsv'
[7.421s] INFO:colcon.colcon_core.shell:Creating environment hook '/home/cdwiench/Desktop/Robotics/CobotMyRobot/install/action_interfaces/share/action_interfaces/hook/ld_library_path_lib.sh'
[7.422s] Level 1:colcon.colcon_core.environment:checking '/home/cdwiench/Desktop/Robotics/CobotMyRobot/install/action_interfaces/bin'
[7.422s] Level 1:colcon.colcon_core.environment:checking '/home/cdwiench/Desktop/Robotics/CobotMyRobot/install/action_interfaces/lib/pkgconfig/action_interfaces.pc'
[7.422s] Level 1:colcon.colcon_core.environment:checking '/home/cdwiench/Desktop/Robotics/CobotMyRobot/install/action_interfaces/lib/python3.10/site-packages'
[7.422s] Level 1:colcon.colcon_core.environment:checking '/home/cdwiench/Desktop/Robotics/CobotMyRobot/install/action_interfaces/bin'
[7.425s] INFO:colcon.colcon_core.shell:Creating package script '/home/cdwiench/Desktop/Robotics/CobotMyRobot/install/action_interfaces/share/action_interfaces/package.ps1'
[7.426s] INFO:colcon.colcon_core.shell:Creating package descriptor '/home/cdwiench/Desktop/Robotics/CobotMyRobot/install/action_interfaces/share/action_interfaces/package.dsv'
[7.426s] INFO:colcon.colcon_core.shell:Creating package script '/home/cdwiench/Desktop/Robotics/CobotMyRobot/install/action_interfaces/share/action_interfaces/package.sh'
[7.426s] INFO:colcon.colcon_core.shell:Creating package script '/home/cdwiench/Desktop/Robotics/CobotMyRobot/install/action_interfaces/share/action_interfaces/package.bash'
[7.427s] INFO:colcon.colcon_core.shell:Creating package script '/home/cdwiench/Desktop/Robotics/CobotMyRobot/install/action_interfaces/share/action_interfaces/package.zsh'
[7.427s] Level 1:colcon.colcon_core.environment:create_file_with_runtime_dependencies(/home/cdwiench/Desktop/Robotics/CobotMyRobot/install/action_interfaces/share/colcon-core/packages/action_interfaces)
[7.427s] DEBUG:colcon.colcon_parallel_executor.executor.parallel:closing loop
[7.428s] DEBUG:colcon.colcon_parallel_executor.executor.parallel:loop closed
[7.428s] DEBUG:colcon.colcon_parallel_executor.executor.parallel:run_until_complete finished with '0'
[7.428s] DEBUG:colcon.colcon_core.event_reactor:joining thread
[7.436s] INFO:colcon.colcon_core.plugin_system:Skipping extension 'colcon_notification.desktop_notification.terminal_notifier': Not used on non-Darwin systems
[7.436s] INFO:colcon.colcon_core.plugin_system:Skipping extension 'colcon_notification.desktop_notification.win32': Not used on non-Windows systems
[7.436s] INFO:colcon.colcon_notification.desktop_notification:Sending desktop notification using 'notify2'
[7.456s] DEBUG:colcon.colcon_core.event_reactor:joined thread
[7.460s] INFO:colcon.colcon_core.shell:Creating prefix script '/home/cdwiench/Desktop/Robotics/CobotMyRobot/install/local_setup.ps1'
[7.461s] INFO:colcon.colcon_core.shell:Creating prefix util module '/home/cdwiench/Desktop/Robotics/CobotMyRobot/install/_local_setup_util_ps1.py'
[7.463s] INFO:colcon.colcon_core.shell:Creating prefix chain script '/home/cdwiench/Desktop/Robotics/CobotMyRobot/install/setup.ps1'
[7.465s] INFO:colcon.colcon_core.shell:Creating prefix script '/home/cdwiench/Desktop/Robotics/CobotMyRobot/install/local_setup.sh'
[7.466s] INFO:colcon.colcon_core.shell:Creating prefix util module '/home/cdwiench/Desktop/Robotics/CobotMyRobot/install/_local_setup_util_sh.py'
[7.466s] INFO:colcon.colcon_core.shell:Creating prefix chain script '/home/cdwiench/Desktop/Robotics/CobotMyRobot/install/setup.sh'
[7.468s] INFO:colcon.colcon_core.shell:Creating prefix script '/home/cdwiench/Desktop/Robotics/CobotMyRobot/install/local_setup.bash'
[7.469s] INFO:colcon.colcon_core.shell:Creating prefix chain script '/home/cdwiench/Desktop/Robotics/CobotMyRobot/install/setup.bash'
[7.471s] INFO:colcon.colcon_core.shell:Creating prefix script '/home/cdwiench/Desktop/Robotics/CobotMyRobot/install/local_setup.zsh'
[7.472s] INFO:colcon.colcon_core.shell:Creating prefix chain script '/home/cdwiench/Desktop/Robotics/CobotMyRobot/install/setup.zsh'
