[0.013s] Invoking command in '/home/iRETI/504/CobotMyRobot/build/action_interfaces': CMAKE_PREFIX_PATH=${CMAKE_PREFIX_PATH}:/opt/ros/humble /usr/bin/cmake /home/iRETI/504/CobotMyRobot/ros2_ws/src/action_interfaces -DCMAKE_INSTALL_PREFIX=/home/iRETI/504/CobotMyRobot/install/action_interfaces
[0.061s] -- The C compiler identification is GNU 11.3.0
[0.110s] -- The CXX compiler identification is GNU 11.3.0
[0.117s] -- Detecting C compiler ABI info
[0.182s] -- Detecting C compiler ABI info - done
[0.191s] -- Check for working C compiler: /usr/bin/cc - skipped
[0.191s] -- Detecting C compile features
[0.192s] -- Detecting C compile features - done
[0.195s] -- Detecting CXX compiler ABI info
[0.281s] -- Detecting CXX compiler ABI info - done
[0.290s] -- Check for working CXX compiler: /usr/bin/c++ - skipped
[0.290s] -- Detecting CXX compile features
[0.290s] -- Detecting CXX compile features - done
[0.293s] -- Found ament_cmake: 1.3.3 (/opt/ros/humble/share/ament_cmake/cmake)
[0.940s] -- Found Python3: /usr/bin/python3.10 (found version "3.10.6") found components: Interpreter 
[1.012s] -- Found ament_lint_auto: 0.12.5 (/opt/ros/humble/share/ament_lint_auto/cmake)
[1.076s] -- Found rosidl_default_generators: 1.2.0 (/opt/ros/humble/share/rosidl_default_generators/cmake)
[1.079s] -- Using all available rosidl_typesupport_c: rosidl_typesupport_fastrtps_c;rosidl_typesupport_introspection_c
[1.084s] -- Found rosidl_adapter: 3.1.4 (/opt/ros/humble/share/rosidl_adapter/cmake)
[1.118s] -- Using all available rosidl_typesupport_cpp: rosidl_typesupport_fastrtps_cpp;rosidl_typesupport_introspection_cpp
[1.401s] -- Found ament_cmake_ros: 0.10.0 (/opt/ros/humble/share/ament_cmake_ros/cmake)
[1.568s] -- Using all available rosidl_typesupport_c: rosidl_typesupport_fastrtps_c;rosidl_typesupport_introspection_c
[1.786s] -- Using all available rosidl_typesupport_cpp: rosidl_typesupport_fastrtps_cpp;rosidl_typesupport_introspection_cpp
[1.805s] -- Found PythonInterp: /usr/bin/python3 (found suitable version "3.10.6", minimum required is "3.6") 
[1.806s] -- Found python_cmake_module: 0.10.0 (/opt/ros/humble/share/python_cmake_module/cmake)
[1.829s] -- Found PythonLibs: /usr/lib/x86_64-linux-gnu/libpython3.10.so (found suitable version "3.10.6", minimum required is "3.5") 
[1.829s] -- Using PYTHON_EXECUTABLE: /usr/bin/python3
[1.829s] -- Using PYTHON_INCLUDE_DIRS: /usr/include/python3.10
[1.829s] -- Using PYTHON_LIBRARIES: /usr/lib/x86_64-linux-gnu/libpython3.10.so
[1.849s] -- Found PythonExtra: .so  
[1.893s] -- Added test 'lint_cmake' to check CMake code style
[1.895s] -- Added test 'xmllint' to check XML markup files
[1.900s] -- Configuring done
[1.938s] -- Generating done
[1.941s] -- Build files have been written to: /home/iRETI/504/CobotMyRobot/build/action_interfaces
[1.948s] Invoked command in '/home/iRETI/504/CobotMyRobot/build/action_interfaces' returned '0': CMAKE_PREFIX_PATH=${CMAKE_PREFIX_PATH}:/opt/ros/humble /usr/bin/cmake /home/iRETI/504/CobotMyRobot/ros2_ws/src/action_interfaces -DCMAKE_INSTALL_PREFIX=/home/iRETI/504/CobotMyRobot/install/action_interfaces
[1.951s] Invoking command in '/home/iRETI/504/CobotMyRobot/build/action_interfaces': CMAKE_PREFIX_PATH=${CMAKE_PREFIX_PATH}:/opt/ros/humble /usr/bin/cmake --build /home/iRETI/504/CobotMyRobot/build/action_interfaces -- -j12 -l12
[1.979s] [  3%] [34m[1mGenerating C code for ROS interfaces[0m
[1.988s] [  6%] [34m[1mGenerating C++ code for ROS interfaces[0m
[1.995s] [  6%] Built target ament_cmake_python_copy_action_interfaces
[2.384s] running egg_info
[2.384s] creating action_interfaces.egg-info
[2.400s] writing action_interfaces.egg-info/PKG-INFO
[2.400s] writing dependency_links to action_interfaces.egg-info/dependency_links.txt
[2.400s] writing top-level names to action_interfaces.egg-info/top_level.txt
[2.401s] writing manifest file 'action_interfaces.egg-info/SOURCES.txt'
[2.457s] reading manifest file 'action_interfaces.egg-info/SOURCES.txt'
[2.457s] writing manifest file 'action_interfaces.egg-info/SOURCES.txt'
[2.472s] [  6%] Built target action_interfaces__cpp
[2.482s] [ 16%] [34m[1mGenerating C++ type support for eProsima Fast-RTPS[0m
[2.482s] [ 16%] [34m[1mGenerating C++ introspection for ROS interfaces[0m
[2.482s] [ 16%] [34m[1mGenerating C++ type support dispatch for ROS interfaces[0m
[2.491s] [ 19%] [32mBuilding C object CMakeFiles/action_interfaces__rosidl_generator_c.dir/rosidl_generator_c/action_interfaces/action/detail/set_angle__functions.c.o[0m
[2.514s] [ 19%] Built target ament_cmake_python_build_action_interfaces_egg
[2.630s] [ 22%] [32m[1mLinking C shared library libaction_interfaces__rosidl_generator_c.so[0m
[2.666s] [ 22%] Built target action_interfaces__rosidl_generator_c
[2.676s] [ 32%] [34m[1mGenerating C type support dispatch for ROS interfaces[0m
[2.677s] [ 32%] [34m[1mGenerating C type support for eProsima Fast-RTPS[0m
[2.677s] [ 32%] [34m[1mGenerating C introspection for ROS interfaces[0m
[2.863s] [ 35%] [32mBuilding CXX object CMakeFiles/action_interfaces__rosidl_typesupport_cpp.dir/rosidl_typesupport_cpp/action_interfaces/action/set_angle__type_support.cpp.o[0m
[2.934s] [ 38%] [32mBuilding CXX object CMakeFiles/action_interfaces__rosidl_typesupport_introspection_cpp.dir/rosidl_typesupport_introspection_cpp/action_interfaces/action/detail/set_angle__type_support.cpp.o[0m
[3.033s] [ 41%] [32mBuilding CXX object CMakeFiles/action_interfaces__rosidl_typesupport_fastrtps_cpp.dir/rosidl_typesupport_fastrtps_cpp/action_interfaces/action/detail/dds_fastrtps/set_angle__type_support.cpp.o[0m
[3.071s] [ 45%] [32mBuilding CXX object CMakeFiles/action_interfaces__rosidl_typesupport_c.dir/rosidl_typesupport_c/action_interfaces/action/set_angle__type_support.cpp.o[0m
[3.123s] [ 48%] [32m[1mLinking CXX shared library libaction_interfaces__rosidl_typesupport_c.so[0m
[3.167s] [ 48%] Built target action_interfaces__rosidl_typesupport_c
[3.200s] [ 51%] [32mBuilding CXX object CMakeFiles/action_interfaces__rosidl_typesupport_fastrtps_c.dir/rosidl_typesupport_fastrtps_c/action_interfaces/action/detail/set_angle__type_support_c.cpp.o[0m
[3.209s] [ 54%] [32mBuilding C object CMakeFiles/action_interfaces__rosidl_typesupport_introspection_c.dir/rosidl_typesupport_introspection_c/action_interfaces/action/detail/set_angle__type_support.c.o[0m
[3.263s] [ 58%] [32m[1mLinking C shared library libaction_interfaces__rosidl_typesupport_introspection_c.so[0m
[3.293s] [ 58%] Built target action_interfaces__rosidl_typesupport_introspection_c
[3.408s] [ 61%] [32m[1mLinking CXX shared library libaction_interfaces__rosidl_typesupport_cpp.so[0m
[3.448s] [ 61%] Built target action_interfaces__rosidl_typesupport_cpp
[3.598s] [ 64%] [32m[1mLinking CXX shared library libaction_interfaces__rosidl_typesupport_fastrtps_c.so[0m
[3.604s] [ 67%] [32m[1mLinking CXX shared library libaction_interfaces__rosidl_typesupport_introspection_cpp.so[0m
[3.650s] [ 70%] [32m[1mLinking CXX shared library libaction_interfaces__rosidl_typesupport_fastrtps_cpp.so[0m
[3.677s] [ 70%] Built target action_interfaces__rosidl_typesupport_fastrtps_c
[3.680s] [ 70%] Built target action_interfaces__rosidl_typesupport_introspection_cpp
[3.719s] [ 70%] Built target action_interfaces__rosidl_typesupport_fastrtps_cpp
[3.734s] [ 70%] Built target action_interfaces
[3.750s] [ 74%] [34m[1mGenerating Python code for ROS interfaces[0m
[4.461s] [ 74%] Built target action_interfaces__py
[4.475s] [ 77%] [32mBuilding C object CMakeFiles/action_interfaces__rosidl_generator_py.dir/rosidl_generator_py/action_interfaces/action/_set_angle_s.c.o[0m
[4.597s] [ 80%] [32m[1mLinking C shared library rosidl_generator_py/action_interfaces/libaction_interfaces__rosidl_generator_py.so[0m
[4.628s] [ 80%] Built target action_interfaces__rosidl_generator_py
[4.648s] [ 90%] [32mBuilding C object CMakeFiles/action_interfaces__rosidl_typesupport_fastrtps_c__pyext.dir/rosidl_generator_py/action_interfaces/_action_interfaces_s.ep.rosidl_typesupport_fastrtps_c.c.o[0m
[4.648s] [ 90%] [32mBuilding C object CMakeFiles/action_interfaces__rosidl_typesupport_c__pyext.dir/rosidl_generator_py/action_interfaces/_action_interfaces_s.ep.rosidl_typesupport_c.c.o[0m
[4.648s] [ 90%] [32mBuilding C object CMakeFiles/action_interfaces__rosidl_typesupport_introspection_c__pyext.dir/rosidl_generator_py/action_interfaces/_action_interfaces_s.ep.rosidl_typesupport_introspection_c.c.o[0m
[4.765s] [ 96%] [32m[1mLinking C shared library rosidl_generator_py/action_interfaces/action_interfaces_s__rosidl_typesupport_fastrtps_c.cpython-310-x86_64-linux-gnu.so[0m
[4.765s] [ 96%] [32m[1mLinking C shared library rosidl_generator_py/action_interfaces/action_interfaces_s__rosidl_typesupport_c.cpython-310-x86_64-linux-gnu.so[0m
[4.765s] [100%] [32m[1mLinking C shared library rosidl_generator_py/action_interfaces/action_interfaces_s__rosidl_typesupport_introspection_c.cpython-310-x86_64-linux-gnu.so[0m
[4.804s] [100%] Built target action_interfaces__rosidl_typesupport_c__pyext
[4.804s] [100%] Built target action_interfaces__rosidl_typesupport_introspection_c__pyext
[4.804s] [100%] Built target action_interfaces__rosidl_typesupport_fastrtps_c__pyext
[4.814s] Invoked command in '/home/iRETI/504/CobotMyRobot/build/action_interfaces' returned '0': CMAKE_PREFIX_PATH=${CMAKE_PREFIX_PATH}:/opt/ros/humble /usr/bin/cmake --build /home/iRETI/504/CobotMyRobot/build/action_interfaces -- -j12 -l12
[4.864s] Invoking command in '/home/iRETI/504/CobotMyRobot/build/action_interfaces': CMAKE_PREFIX_PATH=${CMAKE_PREFIX_PATH}:/opt/ros/humble /usr/bin/cmake --install /home/iRETI/504/CobotMyRobot/build/action_interfaces
[4.870s] -- Install configuration: ""
[4.870s] -- Installing: /home/iRETI/504/CobotMyRobot/install/action_interfaces/share/ament_index/resource_index/rosidl_interfaces/action_interfaces
[4.871s] -- Up-to-date: /home/iRETI/504/CobotMyRobot/install/action_interfaces/include/action_interfaces/action_interfaces
[4.871s] -- Up-to-date: /home/iRETI/504/CobotMyRobot/install/action_interfaces/include/action_interfaces/action_interfaces/action
[4.871s] -- Installing: /home/iRETI/504/CobotMyRobot/install/action_interfaces/include/action_interfaces/action_interfaces/action/set_angle.h
[4.871s] -- Up-to-date: /home/iRETI/504/CobotMyRobot/install/action_interfaces/include/action_interfaces/action_interfaces/action/detail
[4.871s] -- Installing: /home/iRETI/504/CobotMyRobot/install/action_interfaces/include/action_interfaces/action_interfaces/action/detail/set_angle__struct.h
[4.871s] -- Installing: /home/iRETI/504/CobotMyRobot/install/action_interfaces/include/action_interfaces/action_interfaces/action/detail/set_angle__functions.h
[4.871s] -- Installing: /home/iRETI/504/CobotMyRobot/install/action_interfaces/include/action_interfaces/action_interfaces/action/detail/set_angle__type_support.h
[4.871s] -- Installing: /home/iRETI/504/CobotMyRobot/install/action_interfaces/include/action_interfaces/action_interfaces/action/detail/set_angle__functions.c
[4.872s] -- Up-to-date: /home/iRETI/504/CobotMyRobot/install/action_interfaces/include/action_interfaces/action_interfaces/msg
[4.872s] -- Installing: /home/iRETI/504/CobotMyRobot/install/action_interfaces/include/action_interfaces/action_interfaces/msg/rosidl_generator_c__visibility_control.h
[4.872s] -- Up-to-date: /home/iRETI/504/CobotMyRobot/install/action_interfaces/share/action_interfaces/environment/library_path.sh
[4.872s] -- Installing: /home/iRETI/504/CobotMyRobot/install/action_interfaces/share/action_interfaces/environment/library_path.dsv
[4.872s] -- Installing: /home/iRETI/504/CobotMyRobot/install/action_interfaces/lib/libaction_interfaces__rosidl_generator_c.so
[4.873s] -- Set runtime path of "/home/iRETI/504/CobotMyRobot/install/action_interfaces/lib/libaction_interfaces__rosidl_generator_c.so" to ""
[4.873s] -- Up-to-date: /home/iRETI/504/CobotMyRobot/install/action_interfaces/include/action_interfaces/action_interfaces
[4.873s] -- Up-to-date: /home/iRETI/504/CobotMyRobot/install/action_interfaces/include/action_interfaces/action_interfaces/action
[4.873s] -- Up-to-date: /home/iRETI/504/CobotMyRobot/install/action_interfaces/include/action_interfaces/action_interfaces/action/detail
[4.873s] -- Installing: /home/iRETI/504/CobotMyRobot/install/action_interfaces/include/action_interfaces/action_interfaces/action/detail/set_angle__rosidl_typesupport_fastrtps_c.h
[4.873s] -- Up-to-date: /home/iRETI/504/CobotMyRobot/install/action_interfaces/include/action_interfaces/action_interfaces/msg
[4.873s] -- Installing: /home/iRETI/504/CobotMyRobot/install/action_interfaces/include/action_interfaces/action_interfaces/msg/rosidl_typesupport_fastrtps_c__visibility_control.h
[4.873s] -- Installing: /home/iRETI/504/CobotMyRobot/install/action_interfaces/lib/libaction_interfaces__rosidl_typesupport_fastrtps_c.so
[4.873s] -- Set runtime path of "/home/iRETI/504/CobotMyRobot/install/action_interfaces/lib/libaction_interfaces__rosidl_typesupport_fastrtps_c.so" to ""
[4.874s] -- Up-to-date: /home/iRETI/504/CobotMyRobot/install/action_interfaces/include/action_interfaces/action_interfaces
[4.874s] -- Up-to-date: /home/iRETI/504/CobotMyRobot/install/action_interfaces/include/action_interfaces/action_interfaces/action
[4.874s] -- Up-to-date: /home/iRETI/504/CobotMyRobot/install/action_interfaces/include/action_interfaces/action_interfaces/action/detail
[4.874s] -- Installing: /home/iRETI/504/CobotMyRobot/install/action_interfaces/include/action_interfaces/action_interfaces/action/detail/set_angle__rosidl_typesupport_introspection_c.h
[4.874s] -- Installing: /home/iRETI/504/CobotMyRobot/install/action_interfaces/include/action_interfaces/action_interfaces/action/detail/set_angle__type_support.c
[4.874s] -- Up-to-date: /home/iRETI/504/CobotMyRobot/install/action_interfaces/include/action_interfaces/action_interfaces/msg
[4.874s] -- Installing: /home/iRETI/504/CobotMyRobot/install/action_interfaces/include/action_interfaces/action_interfaces/msg/rosidl_typesupport_introspection_c__visibility_control.h
[4.874s] -- Installing: /home/iRETI/504/CobotMyRobot/install/action_interfaces/lib/libaction_interfaces__rosidl_typesupport_introspection_c.so
[4.875s] -- Set runtime path of "/home/iRETI/504/CobotMyRobot/install/action_interfaces/lib/libaction_interfaces__rosidl_typesupport_introspection_c.so" to ""
[4.875s] -- Installing: /home/iRETI/504/CobotMyRobot/install/action_interfaces/lib/libaction_interfaces__rosidl_typesupport_c.so
[4.875s] -- Set runtime path of "/home/iRETI/504/CobotMyRobot/install/action_interfaces/lib/libaction_interfaces__rosidl_typesupport_c.so" to ""
[4.875s] -- Up-to-date: /home/iRETI/504/CobotMyRobot/install/action_interfaces/include/action_interfaces/action_interfaces
[4.875s] -- Up-to-date: /home/iRETI/504/CobotMyRobot/install/action_interfaces/include/action_interfaces/action_interfaces/action
[4.875s] -- Up-to-date: /home/iRETI/504/CobotMyRobot/install/action_interfaces/include/action_interfaces/action_interfaces/action/detail
[4.875s] -- Installing: /home/iRETI/504/CobotMyRobot/install/action_interfaces/include/action_interfaces/action_interfaces/action/detail/set_angle__traits.hpp
[4.876s] -- Installing: /home/iRETI/504/CobotMyRobot/install/action_interfaces/include/action_interfaces/action_interfaces/action/detail/set_angle__struct.hpp
[4.876s] -- Installing: /home/iRETI/504/CobotMyRobot/install/action_interfaces/include/action_interfaces/action_interfaces/action/detail/set_angle__builder.hpp
[4.876s] -- Installing: /home/iRETI/504/CobotMyRobot/install/action_interfaces/include/action_interfaces/action_interfaces/action/set_angle.hpp
[4.876s] -- Up-to-date: /home/iRETI/504/CobotMyRobot/install/action_interfaces/include/action_interfaces/action_interfaces
[4.876s] -- Up-to-date: /home/iRETI/504/CobotMyRobot/install/action_interfaces/include/action_interfaces/action_interfaces/action
[4.876s] -- Up-to-date: /home/iRETI/504/CobotMyRobot/install/action_interfaces/include/action_interfaces/action_interfaces/action/detail
[4.876s] -- Installing: /home/iRETI/504/CobotMyRobot/install/action_interfaces/include/action_interfaces/action_interfaces/action/detail/set_angle__rosidl_typesupport_fastrtps_cpp.hpp
[4.876s] -- Up-to-date: /home/iRETI/504/CobotMyRobot/install/action_interfaces/include/action_interfaces/action_interfaces/action/detail/dds_fastrtps
[4.876s] -- Up-to-date: /home/iRETI/504/CobotMyRobot/install/action_interfaces/include/action_interfaces/action_interfaces/msg
[4.877s] -- Installing: /home/iRETI/504/CobotMyRobot/install/action_interfaces/include/action_interfaces/action_interfaces/msg/rosidl_typesupport_fastrtps_cpp__visibility_control.h
[4.877s] -- Installing: /home/iRETI/504/CobotMyRobot/install/action_interfaces/lib/libaction_interfaces__rosidl_typesupport_fastrtps_cpp.so
[4.877s] -- Set runtime path of "/home/iRETI/504/CobotMyRobot/install/action_interfaces/lib/libaction_interfaces__rosidl_typesupport_fastrtps_cpp.so" to ""
[4.877s] -- Up-to-date: /home/iRETI/504/CobotMyRobot/install/action_interfaces/include/action_interfaces/action_interfaces
[4.877s] -- Up-to-date: /home/iRETI/504/CobotMyRobot/install/action_interfaces/include/action_interfaces/action_interfaces/action
[4.877s] -- Up-to-date: /home/iRETI/504/CobotMyRobot/install/action_interfaces/include/action_interfaces/action_interfaces/action/detail
[4.877s] -- Installing: /home/iRETI/504/CobotMyRobot/install/action_interfaces/include/action_interfaces/action_interfaces/action/detail/set_angle__type_support.cpp
[4.878s] -- Installing: /home/iRETI/504/CobotMyRobot/install/action_interfaces/include/action_interfaces/action_interfaces/action/detail/set_angle__rosidl_typesupport_introspection_cpp.hpp
[4.878s] -- Installing: /home/iRETI/504/CobotMyRobot/install/action_interfaces/lib/libaction_interfaces__rosidl_typesupport_introspection_cpp.so
[4.878s] -- Set runtime path of "/home/iRETI/504/CobotMyRobot/install/action_interfaces/lib/libaction_interfaces__rosidl_typesupport_introspection_cpp.so" to ""
[4.878s] -- Installing: /home/iRETI/504/CobotMyRobot/install/action_interfaces/lib/libaction_interfaces__rosidl_typesupport_cpp.so
[4.879s] -- Set runtime path of "/home/iRETI/504/CobotMyRobot/install/action_interfaces/lib/libaction_interfaces__rosidl_typesupport_cpp.so" to ""
[4.879s] -- Installing: /home/iRETI/504/CobotMyRobot/install/action_interfaces/share/action_interfaces/environment/pythonpath.sh
[4.879s] -- Installing: /home/iRETI/504/CobotMyRobot/install/action_interfaces/share/action_interfaces/environment/pythonpath.dsv
[4.879s] -- Up-to-date: /home/iRETI/504/CobotMyRobot/install/action_interfaces/local/lib/python3.10/dist-packages/action_interfaces-0.0.0-py3.10.egg-info
[4.879s] -- Installing: /home/iRETI/504/CobotMyRobot/install/action_interfaces/local/lib/python3.10/dist-packages/action_interfaces-0.0.0-py3.10.egg-info/PKG-INFO
[4.879s] -- Installing: /home/iRETI/504/CobotMyRobot/install/action_interfaces/local/lib/python3.10/dist-packages/action_interfaces-0.0.0-py3.10.egg-info/SOURCES.txt
[4.879s] -- Installing: /home/iRETI/504/CobotMyRobot/install/action_interfaces/local/lib/python3.10/dist-packages/action_interfaces-0.0.0-py3.10.egg-info/top_level.txt
[4.880s] -- Installing: /home/iRETI/504/CobotMyRobot/install/action_interfaces/local/lib/python3.10/dist-packages/action_interfaces-0.0.0-py3.10.egg-info/dependency_links.txt
[4.880s] -- Up-to-date: /home/iRETI/504/CobotMyRobot/install/action_interfaces/local/lib/python3.10/dist-packages/action_interfaces
[4.880s] -- Installing: /home/iRETI/504/CobotMyRobot/install/action_interfaces/local/lib/python3.10/dist-packages/action_interfaces/__init__.py
[4.880s] -- Installing: /home/iRETI/504/CobotMyRobot/install/action_interfaces/local/lib/python3.10/dist-packages/action_interfaces/_action_interfaces_s.ep.rosidl_typesupport_fastrtps_c.c
[4.880s] -- Installing: /home/iRETI/504/CobotMyRobot/install/action_interfaces/local/lib/python3.10/dist-packages/action_interfaces/action_interfaces_s__rosidl_typesupport_fastrtps_c.cpython-310-x86_64-linux-gnu.so
[4.880s] -- Up-to-date: /home/iRETI/504/CobotMyRobot/install/action_interfaces/local/lib/python3.10/dist-packages/action_interfaces/action
[4.880s] -- Installing: /home/iRETI/504/CobotMyRobot/install/action_interfaces/local/lib/python3.10/dist-packages/action_interfaces/action/__init__.py
[4.880s] -- Installing: /home/iRETI/504/CobotMyRobot/install/action_interfaces/local/lib/python3.10/dist-packages/action_interfaces/action/_set_angle.py
[4.880s] -- Installing: /home/iRETI/504/CobotMyRobot/install/action_interfaces/local/lib/python3.10/dist-packages/action_interfaces/action/_set_angle_s.c
[4.881s] -- Installing: /home/iRETI/504/CobotMyRobot/install/action_interfaces/local/lib/python3.10/dist-packages/action_interfaces/_action_interfaces_s.ep.rosidl_typesupport_introspection_c.c
[4.881s] -- Installing: /home/iRETI/504/CobotMyRobot/install/action_interfaces/local/lib/python3.10/dist-packages/action_interfaces/libaction_interfaces__rosidl_generator_py.so
[4.881s] -- Installing: /home/iRETI/504/CobotMyRobot/install/action_interfaces/local/lib/python3.10/dist-packages/action_interfaces/_action_interfaces_s.ep.rosidl_typesupport_c.c
[4.881s] -- Installing: /home/iRETI/504/CobotMyRobot/install/action_interfaces/local/lib/python3.10/dist-packages/action_interfaces/action_interfaces_s__rosidl_typesupport_introspection_c.cpython-310-x86_64-linux-gnu.so
[4.881s] -- Installing: /home/iRETI/504/CobotMyRobot/install/action_interfaces/local/lib/python3.10/dist-packages/action_interfaces/action_interfaces_s__rosidl_typesupport_c.cpython-310-x86_64-linux-gnu.so
[4.916s] Listing '/home/iRETI/504/CobotMyRobot/install/action_interfaces/local/lib/python3.10/dist-packages/action_interfaces'...
[4.916s] Compiling '/home/iRETI/504/CobotMyRobot/install/action_interfaces/local/lib/python3.10/dist-packages/action_interfaces/__init__.py'...
[4.917s] Listing '/home/iRETI/504/CobotMyRobot/install/action_interfaces/local/lib/python3.10/dist-packages/action_interfaces/action'...
[4.917s] Compiling '/home/iRETI/504/CobotMyRobot/install/action_interfaces/local/lib/python3.10/dist-packages/action_interfaces/action/__init__.py'...
[4.917s] Compiling '/home/iRETI/504/CobotMyRobot/install/action_interfaces/local/lib/python3.10/dist-packages/action_interfaces/action/_set_angle.py'...
[4.921s] -- Installing: /home/iRETI/504/CobotMyRobot/install/action_interfaces/local/lib/python3.10/dist-packages/action_interfaces/action_interfaces_s__rosidl_typesupport_fastrtps_c.cpython-310-x86_64-linux-gnu.so
[4.921s] -- Set runtime path of "/home/iRETI/504/CobotMyRobot/install/action_interfaces/local/lib/python3.10/dist-packages/action_interfaces/action_interfaces_s__rosidl_typesupport_fastrtps_c.cpython-310-x86_64-linux-gnu.so" to ""
[4.922s] -- Installing: /home/iRETI/504/CobotMyRobot/install/action_interfaces/local/lib/python3.10/dist-packages/action_interfaces/action_interfaces_s__rosidl_typesupport_introspection_c.cpython-310-x86_64-linux-gnu.so
[4.922s] -- Set runtime path of "/home/iRETI/504/CobotMyRobot/install/action_interfaces/local/lib/python3.10/dist-packages/action_interfaces/action_interfaces_s__rosidl_typesupport_introspection_c.cpython-310-x86_64-linux-gnu.so" to ""
[4.922s] -- Installing: /home/iRETI/504/CobotMyRobot/install/action_interfaces/local/lib/python3.10/dist-packages/action_interfaces/action_interfaces_s__rosidl_typesupport_c.cpython-310-x86_64-linux-gnu.so
[4.922s] -- Set runtime path of "/home/iRETI/504/CobotMyRobot/install/action_interfaces/local/lib/python3.10/dist-packages/action_interfaces/action_interfaces_s__rosidl_typesupport_c.cpython-310-x86_64-linux-gnu.so" to ""
[4.923s] -- Installing: /home/iRETI/504/CobotMyRobot/install/action_interfaces/lib/libaction_interfaces__rosidl_generator_py.so
[4.923s] -- Set runtime path of "/home/iRETI/504/CobotMyRobot/install/action_interfaces/lib/libaction_interfaces__rosidl_generator_py.so" to ""
[4.923s] -- Installing: /home/iRETI/504/CobotMyRobot/install/action_interfaces/share/action_interfaces/action/SetAngle.idl
[4.923s] -- Up-to-date: /home/iRETI/504/CobotMyRobot/install/action_interfaces/share/action_interfaces/action/SetAngle.action
[4.923s] -- Installing: /home/iRETI/504/CobotMyRobot/install/action_interfaces/share/ament_index/resource_index/package_run_dependencies/action_interfaces
[4.923s] -- Installing: /home/iRETI/504/CobotMyRobot/install/action_interfaces/share/ament_index/resource_index/parent_prefix_path/action_interfaces
[4.923s] -- Up-to-date: /home/iRETI/504/CobotMyRobot/install/action_interfaces/share/action_interfaces/environment/ament_prefix_path.sh
[4.924s] -- Installing: /home/iRETI/504/CobotMyRobot/install/action_interfaces/share/action_interfaces/environment/ament_prefix_path.dsv
[4.924s] -- Up-to-date: /home/iRETI/504/CobotMyRobot/install/action_interfaces/share/action_interfaces/environment/path.sh
[4.924s] -- Installing: /home/iRETI/504/CobotMyRobot/install/action_interfaces/share/action_interfaces/environment/path.dsv
[4.924s] -- Installing: /home/iRETI/504/CobotMyRobot/install/action_interfaces/share/action_interfaces/local_setup.bash
[4.924s] -- Installing: /home/iRETI/504/CobotMyRobot/install/action_interfaces/share/action_interfaces/local_setup.sh
[4.924s] -- Installing: /home/iRETI/504/CobotMyRobot/install/action_interfaces/share/action_interfaces/local_setup.zsh
[4.924s] -- Installing: /home/iRETI/504/CobotMyRobot/install/action_interfaces/share/action_interfaces/local_setup.dsv
[4.925s] -- Installing: /home/iRETI/504/CobotMyRobot/install/action_interfaces/share/action_interfaces/package.dsv
[4.925s] -- Installing: /home/iRETI/504/CobotMyRobot/install/action_interfaces/share/ament_index/resource_index/packages/action_interfaces
[4.925s] -- Installing: /home/iRETI/504/CobotMyRobot/install/action_interfaces/share/action_interfaces/cmake/export_action_interfaces__rosidl_generator_cExport.cmake
[4.925s] -- Installing: /home/iRETI/504/CobotMyRobot/install/action_interfaces/share/action_interfaces/cmake/export_action_interfaces__rosidl_generator_cExport-noconfig.cmake
[4.925s] -- Installing: /home/iRETI/504/CobotMyRobot/install/action_interfaces/share/action_interfaces/cmake/export_action_interfaces__rosidl_typesupport_fastrtps_cExport.cmake
[4.925s] -- Installing: /home/iRETI/504/CobotMyRobot/install/action_interfaces/share/action_interfaces/cmake/export_action_interfaces__rosidl_typesupport_fastrtps_cExport-noconfig.cmake
[4.926s] -- Installing: /home/iRETI/504/CobotMyRobot/install/action_interfaces/share/action_interfaces/cmake/action_interfaces__rosidl_typesupport_introspection_cExport.cmake
[4.926s] -- Installing: /home/iRETI/504/CobotMyRobot/install/action_interfaces/share/action_interfaces/cmake/action_interfaces__rosidl_typesupport_introspection_cExport-noconfig.cmake
[4.926s] -- Installing: /home/iRETI/504/CobotMyRobot/install/action_interfaces/share/action_interfaces/cmake/action_interfaces__rosidl_typesupport_cExport.cmake
[4.926s] -- Installing: /home/iRETI/504/CobotMyRobot/install/action_interfaces/share/action_interfaces/cmake/action_interfaces__rosidl_typesupport_cExport-noconfig.cmake
[4.926s] -- Installing: /home/iRETI/504/CobotMyRobot/install/action_interfaces/share/action_interfaces/cmake/export_action_interfaces__rosidl_generator_cppExport.cmake
[4.926s] -- Installing: /home/iRETI/504/CobotMyRobot/install/action_interfaces/share/action_interfaces/cmake/export_action_interfaces__rosidl_typesupport_fastrtps_cppExport.cmake
[4.927s] -- Installing: /home/iRETI/504/CobotMyRobot/install/action_interfaces/share/action_interfaces/cmake/export_action_interfaces__rosidl_typesupport_fastrtps_cppExport-noconfig.cmake
[4.927s] -- Installing: /home/iRETI/504/CobotMyRobot/install/action_interfaces/share/action_interfaces/cmake/action_interfaces__rosidl_typesupport_introspection_cppExport.cmake
[4.927s] -- Installing: /home/iRETI/504/CobotMyRobot/install/action_interfaces/share/action_interfaces/cmake/action_interfaces__rosidl_typesupport_introspection_cppExport-noconfig.cmake
[4.927s] -- Installing: /home/iRETI/504/CobotMyRobot/install/action_interfaces/share/action_interfaces/cmake/action_interfaces__rosidl_typesupport_cppExport.cmake
[4.927s] -- Installing: /home/iRETI/504/CobotMyRobot/install/action_interfaces/share/action_interfaces/cmake/action_interfaces__rosidl_typesupport_cppExport-noconfig.cmake
[4.928s] -- Installing: /home/iRETI/504/CobotMyRobot/install/action_interfaces/share/action_interfaces/cmake/export_action_interfaces__rosidl_generator_pyExport.cmake
[4.928s] -- Installing: /home/iRETI/504/CobotMyRobot/install/action_interfaces/share/action_interfaces/cmake/export_action_interfaces__rosidl_generator_pyExport-noconfig.cmake
[4.928s] -- Installing: /home/iRETI/504/CobotMyRobot/install/action_interfaces/share/action_interfaces/cmake/rosidl_cmake-extras.cmake
[4.928s] -- Installing: /home/iRETI/504/CobotMyRobot/install/action_interfaces/share/action_interfaces/cmake/ament_cmake_export_dependencies-extras.cmake
[4.928s] -- Installing: /home/iRETI/504/CobotMyRobot/install/action_interfaces/share/action_interfaces/cmake/ament_cmake_export_include_directories-extras.cmake
[4.928s] -- Installing: /home/iRETI/504/CobotMyRobot/install/action_interfaces/share/action_interfaces/cmake/ament_cmake_export_libraries-extras.cmake
[4.929s] -- Installing: /home/iRETI/504/CobotMyRobot/install/action_interfaces/share/action_interfaces/cmake/ament_cmake_export_targets-extras.cmake
[4.929s] -- Installing: /home/iRETI/504/CobotMyRobot/install/action_interfaces/share/action_interfaces/cmake/rosidl_cmake_export_typesupport_targets-extras.cmake
[4.929s] -- Installing: /home/iRETI/504/CobotMyRobot/install/action_interfaces/share/action_interfaces/cmake/rosidl_cmake_export_typesupport_libraries-extras.cmake
[4.929s] -- Installing: /home/iRETI/504/CobotMyRobot/install/action_interfaces/share/action_interfaces/cmake/action_interfacesConfig.cmake
[4.929s] -- Installing: /home/iRETI/504/CobotMyRobot/install/action_interfaces/share/action_interfaces/cmake/action_interfacesConfig-version.cmake
[4.929s] -- Up-to-date: /home/iRETI/504/CobotMyRobot/install/action_interfaces/share/action_interfaces/package.xml
[4.933s] Invoked command in '/home/iRETI/504/CobotMyRobot/build/action_interfaces' returned '0': CMAKE_PREFIX_PATH=${CMAKE_PREFIX_PATH}:/opt/ros/humble /usr/bin/cmake --install /home/iRETI/504/CobotMyRobot/build/action_interfaces
