[0.358s] DEBUG:colcon:Command line arguments: ['/usr/bin/colcon', 'build']
[0.358s] DEBUG:colcon:Parsed command line arguments: Namespace(log_base=None, log_level=None, verb_name='build', build_base='build', install_base='install', merge_install=False, symlink_install=False, test_result_base=None, continue_on_error=False, executor='parallel', parallel_workers=12, event_handlers=None, ignore_user_meta=False, metas=['./colcon.meta'], base_paths=['.'], packages_ignore=None, packages_ignore_regex=None, paths=None, packages_up_to=None, packages_up_to_regex=None, packages_above=None, packages_above_and_dependencies=None, packages_above_depth=None, packages_select_by_dep=None, packages_skip_by_dep=None, packages_skip_up_to=None, packages_select_build_failed=False, packages_skip_build_finished=False, packages_select_test_failures=False, packages_skip_test_passed=False, packages_select=None, packages_skip=None, packages_select_regex=None, packages_skip_regex=None, packages_start=None, packages_end=None, allow_overriding=[], cmake_args=None, cmake_target=None, cmake_target_skip_unavailable=False, cmake_clean_cache=False, cmake_clean_first=False, cmake_force_configure=False, ament_cmake_args=None, catkin_cmake_args=None, catkin_skip_building_tests=False, verb_parser=<colcon_defaults.argument_parser.defaults.DefaultArgumentsDecorator object at 0x7f48fa1cf1c0>, verb_extension=<colcon_core.verb.build.BuildVerb object at 0x7f48fa5d72e0>, main=<bound method BuildVerb.main of <colcon_core.verb.build.BuildVerb object at 0x7f48fa5d72e0>>)
[0.406s] Level 1:colcon.colcon_core.package_discovery:discover_packages(colcon_meta) check parameters
[0.406s] Level 1:colcon.colcon_core.package_discovery:discover_packages(recursive) check parameters
[0.406s] Level 1:colcon.colcon_core.package_discovery:discover_packages(ignore) check parameters
[0.406s] Level 1:colcon.colcon_core.package_discovery:discover_packages(path) check parameters
[0.406s] Level 1:colcon.colcon_core.package_discovery:discover_packages(colcon_meta) discover
[0.406s] Level 1:colcon.colcon_core.package_discovery:discover_packages(recursive) discover
[0.406s] INFO:colcon.colcon_core.package_discovery:Crawling recursively for packages in '/home/iRETI/504/CobotMyRobot'
[0.406s] Level 1:colcon.colcon_core.package_identification:_identify(.) by extensions ['ignore', 'ignore_ament_install']
[0.407s] Level 1:colcon.colcon_core.package_identification:_identify(.) by extension 'ignore'
[0.407s] Level 1:colcon.colcon_core.package_identification:_identify(.) by extension 'ignore_ament_install'
[0.407s] Level 1:colcon.colcon_core.package_identification:_identify(.) by extensions ['colcon_pkg']
[0.407s] Level 1:colcon.colcon_core.package_identification:_identify(.) by extension 'colcon_pkg'
[0.407s] Level 1:colcon.colcon_core.package_identification:_identify(.) by extensions ['colcon_meta']
[0.407s] Level 1:colcon.colcon_core.package_identification:_identify(.) by extension 'colcon_meta'
[0.407s] Level 1:colcon.colcon_core.package_identification:_identify(.) by extensions ['ros']
[0.407s] Level 1:colcon.colcon_core.package_identification:_identify(.) by extension 'ros'
[0.419s] Level 1:colcon.colcon_core.package_identification:_identify(.) by extensions ['cmake', 'python']
[0.419s] Level 1:colcon.colcon_core.package_identification:_identify(.) by extension 'cmake'
[0.419s] Level 1:colcon.colcon_core.package_identification:_identify(.) by extension 'python'
[0.419s] Level 1:colcon.colcon_core.package_identification:_identify(.) by extensions ['python_setup_py']
[0.419s] Level 1:colcon.colcon_core.package_identification:_identify(.) by extension 'python_setup_py'
[0.419s] Level 1:colcon.colcon_core.package_identification:_identify(build) by extensions ['ignore', 'ignore_ament_install']
[0.419s] Level 1:colcon.colcon_core.package_identification:_identify(build) by extension 'ignore'
[0.419s] Level 1:colcon.colcon_core.package_identification:_identify(build) ignored
[0.420s] Level 1:colcon.colcon_core.package_identification:_identify(install) by extensions ['ignore', 'ignore_ament_install']
[0.420s] Level 1:colcon.colcon_core.package_identification:_identify(install) by extension 'ignore'
[0.420s] Level 1:colcon.colcon_core.package_identification:_identify(install) ignored
[0.420s] Level 1:colcon.colcon_core.package_identification:_identify(log) by extensions ['ignore', 'ignore_ament_install']
[0.420s] Level 1:colcon.colcon_core.package_identification:_identify(log) by extension 'ignore'
[0.420s] Level 1:colcon.colcon_core.package_identification:_identify(log) ignored
[0.420s] Level 1:colcon.colcon_core.package_identification:_identify(ros2_ws) by extensions ['ignore', 'ignore_ament_install']
[0.420s] Level 1:colcon.colcon_core.package_identification:_identify(ros2_ws) by extension 'ignore'
[0.420s] Level 1:colcon.colcon_core.package_identification:_identify(ros2_ws) by extension 'ignore_ament_install'
[0.420s] Level 1:colcon.colcon_core.package_identification:_identify(ros2_ws) by extensions ['colcon_pkg']
[0.420s] Level 1:colcon.colcon_core.package_identification:_identify(ros2_ws) by extension 'colcon_pkg'
[0.420s] Level 1:colcon.colcon_core.package_identification:_identify(ros2_ws) by extensions ['colcon_meta']
[0.420s] Level 1:colcon.colcon_core.package_identification:_identify(ros2_ws) by extension 'colcon_meta'
[0.421s] Level 1:colcon.colcon_core.package_identification:_identify(ros2_ws) by extensions ['ros']
[0.421s] Level 1:colcon.colcon_core.package_identification:_identify(ros2_ws) by extension 'ros'
[0.421s] Level 1:colcon.colcon_core.package_identification:_identify(ros2_ws) by extensions ['cmake', 'python']
[0.421s] Level 1:colcon.colcon_core.package_identification:_identify(ros2_ws) by extension 'cmake'
[0.421s] Level 1:colcon.colcon_core.package_identification:_identify(ros2_ws) by extension 'python'
[0.421s] Level 1:colcon.colcon_core.package_identification:_identify(ros2_ws) by extensions ['python_setup_py']
[0.421s] Level 1:colcon.colcon_core.package_identification:_identify(ros2_ws) by extension 'python_setup_py'
[0.421s] Level 1:colcon.colcon_core.package_identification:_identify(ros2_ws/build) by extensions ['ignore', 'ignore_ament_install']
[0.421s] Level 1:colcon.colcon_core.package_identification:_identify(ros2_ws/build) by extension 'ignore'
[0.421s] Level 1:colcon.colcon_core.package_identification:_identify(ros2_ws/build) ignored
[0.421s] Level 1:colcon.colcon_core.package_identification:_identify(ros2_ws/install) by extensions ['ignore', 'ignore_ament_install']
[0.421s] Level 1:colcon.colcon_core.package_identification:_identify(ros2_ws/install) by extension 'ignore'
[0.421s] Level 1:colcon.colcon_core.package_identification:_identify(ros2_ws/install) ignored
[0.421s] Level 1:colcon.colcon_core.package_identification:_identify(ros2_ws/log) by extensions ['ignore', 'ignore_ament_install']
[0.422s] Level 1:colcon.colcon_core.package_identification:_identify(ros2_ws/log) by extension 'ignore'
[0.422s] Level 1:colcon.colcon_core.package_identification:_identify(ros2_ws/log) ignored
[0.422s] Level 1:colcon.colcon_core.package_identification:_identify(ros2_ws/src) by extensions ['ignore', 'ignore_ament_install']
[0.422s] Level 1:colcon.colcon_core.package_identification:_identify(ros2_ws/src) by extension 'ignore'
[0.422s] Level 1:colcon.colcon_core.package_identification:_identify(ros2_ws/src) by extension 'ignore_ament_install'
[0.422s] Level 1:colcon.colcon_core.package_identification:_identify(ros2_ws/src) by extensions ['colcon_pkg']
[0.422s] Level 1:colcon.colcon_core.package_identification:_identify(ros2_ws/src) by extension 'colcon_pkg'
[0.422s] Level 1:colcon.colcon_core.package_identification:_identify(ros2_ws/src) by extensions ['colcon_meta']
[0.422s] Level 1:colcon.colcon_core.package_identification:_identify(ros2_ws/src) by extension 'colcon_meta'
[0.422s] Level 1:colcon.colcon_core.package_identification:_identify(ros2_ws/src) by extensions ['ros']
[0.422s] Level 1:colcon.colcon_core.package_identification:_identify(ros2_ws/src) by extension 'ros'
[0.422s] Level 1:colcon.colcon_core.package_identification:_identify(ros2_ws/src) by extensions ['cmake', 'python']
[0.422s] Level 1:colcon.colcon_core.package_identification:_identify(ros2_ws/src) by extension 'cmake'
[0.422s] Level 1:colcon.colcon_core.package_identification:_identify(ros2_ws/src) by extension 'python'
[0.422s] Level 1:colcon.colcon_core.package_identification:_identify(ros2_ws/src) by extensions ['python_setup_py']
[0.422s] Level 1:colcon.colcon_core.package_identification:_identify(ros2_ws/src) by extension 'python_setup_py'
[0.422s] Level 1:colcon.colcon_core.package_identification:_identify(ros2_ws/src/action_interfaces) by extensions ['ignore', 'ignore_ament_install']
[0.423s] Level 1:colcon.colcon_core.package_identification:_identify(ros2_ws/src/action_interfaces) by extension 'ignore'
[0.423s] Level 1:colcon.colcon_core.package_identification:_identify(ros2_ws/src/action_interfaces) by extension 'ignore_ament_install'
[0.423s] Level 1:colcon.colcon_core.package_identification:_identify(ros2_ws/src/action_interfaces) by extensions ['colcon_pkg']
[0.423s] Level 1:colcon.colcon_core.package_identification:_identify(ros2_ws/src/action_interfaces) by extension 'colcon_pkg'
[0.423s] Level 1:colcon.colcon_core.package_identification:_identify(ros2_ws/src/action_interfaces) by extensions ['colcon_meta']
[0.423s] Level 1:colcon.colcon_core.package_identification:_identify(ros2_ws/src/action_interfaces) by extension 'colcon_meta'
[0.423s] Level 1:colcon.colcon_core.package_identification:_identify(ros2_ws/src/action_interfaces) by extensions ['ros']
[0.423s] Level 1:colcon.colcon_core.package_identification:_identify(ros2_ws/src/action_interfaces) by extension 'ros'
[0.427s] DEBUG:colcon.colcon_core.package_identification:Package 'ros2_ws/src/action_interfaces' with type 'ros.ament_cmake' and name 'action_interfaces'
[0.427s] Level 1:colcon.colcon_core.package_discovery:discover_packages(recursive) using defaults
[0.427s] Level 1:colcon.colcon_core.package_discovery:discover_packages(ignore) discover
[0.427s] Level 1:colcon.colcon_core.package_discovery:discover_packages(ignore) using defaults
[0.427s] Level 1:colcon.colcon_core.package_discovery:discover_packages(path) discover
[0.427s] Level 1:colcon.colcon_core.package_discovery:discover_packages(path) using defaults
[0.448s] Level 1:colcon.colcon_core.package_discovery:discover_packages(prefix_path) check parameters
[0.448s] Level 1:colcon.colcon_core.package_discovery:discover_packages(prefix_path) discover
[0.451s] DEBUG:colcon.colcon_installed_package_information.package_discovery:Found 1 installed packages in /home/iRETI/504/CobotMyRobot/install
[0.453s] DEBUG:colcon.colcon_installed_package_information.package_discovery:Found 296 installed packages in /opt/ros/humble
[0.454s] Level 1:colcon.colcon_core.package_discovery:discover_packages(prefix_path) using defaults
[0.511s] Level 5:colcon.colcon_core.verb:set package 'action_interfaces' build argument 'cmake_args' from command line to 'None'
[0.511s] Level 5:colcon.colcon_core.verb:set package 'action_interfaces' build argument 'cmake_target' from command line to 'None'
[0.511s] Level 5:colcon.colcon_core.verb:set package 'action_interfaces' build argument 'cmake_target_skip_unavailable' from command line to 'False'
[0.511s] Level 5:colcon.colcon_core.verb:set package 'action_interfaces' build argument 'cmake_clean_cache' from command line to 'False'
[0.511s] Level 5:colcon.colcon_core.verb:set package 'action_interfaces' build argument 'cmake_clean_first' from command line to 'False'
[0.511s] Level 5:colcon.colcon_core.verb:set package 'action_interfaces' build argument 'cmake_force_configure' from command line to 'False'
[0.511s] Level 5:colcon.colcon_core.verb:set package 'action_interfaces' build argument 'ament_cmake_args' from command line to 'None'
[0.511s] Level 5:colcon.colcon_core.verb:set package 'action_interfaces' build argument 'catkin_cmake_args' from command line to 'None'
[0.511s] Level 5:colcon.colcon_core.verb:set package 'action_interfaces' build argument 'catkin_skip_building_tests' from command line to 'False'
[0.511s] DEBUG:colcon.colcon_core.verb:Building package 'action_interfaces' with the following arguments: {'ament_cmake_args': None, 'build_base': '/home/iRETI/504/CobotMyRobot/build/action_interfaces', 'catkin_cmake_args': None, 'catkin_skip_building_tests': False, 'cmake_args': None, 'cmake_clean_cache': False, 'cmake_clean_first': False, 'cmake_force_configure': False, 'cmake_target': None, 'cmake_target_skip_unavailable': False, 'install_base': '/home/iRETI/504/CobotMyRobot/install/action_interfaces', 'merge_install': False, 'path': '/home/iRETI/504/CobotMyRobot/ros2_ws/src/action_interfaces', 'symlink_install': False, 'test_result_base': None}
[0.512s] INFO:colcon.colcon_core.executor:Executing jobs using 'parallel' executor
[0.514s] DEBUG:colcon.colcon_parallel_executor.executor.parallel:run_until_complete
[0.515s] INFO:colcon.colcon_ros.task.ament_cmake.build:Building ROS package in '/home/iRETI/504/CobotMyRobot/ros2_ws/src/action_interfaces' with build type 'ament_cmake'
[0.515s] INFO:colcon.colcon_cmake.task.cmake.build:Building CMake package in '/home/iRETI/504/CobotMyRobot/ros2_ws/src/action_interfaces'
[0.521s] INFO:colcon.colcon_core.plugin_system:Skipping extension 'colcon_core.shell.bat': Not used on non-Windows systems
[0.521s] INFO:colcon.colcon_core.shell:Skip shell extension 'powershell' for command environment: Not usable outside of PowerShell
[0.521s] DEBUG:colcon.colcon_core.shell:Skip shell extension 'dsv' for command environment
[0.536s] DEBUG:colcon.colcon_core.event_handler.log_command:Invoking command in '/home/iRETI/504/CobotMyRobot/build/action_interfaces': CMAKE_PREFIX_PATH=${CMAKE_PREFIX_PATH}:/opt/ros/humble /usr/bin/cmake /home/iRETI/504/CobotMyRobot/ros2_ws/src/action_interfaces -DCMAKE_INSTALL_PREFIX=/home/iRETI/504/CobotMyRobot/install/action_interfaces
[3.205s] DEBUG:colcon.colcon_core.event_handler.log_command:Invoked command in '/home/iRETI/504/CobotMyRobot/build/action_interfaces' returned '0': CMAKE_PREFIX_PATH=${CMAKE_PREFIX_PATH}:/opt/ros/humble /usr/bin/cmake /home/iRETI/504/CobotMyRobot/ros2_ws/src/action_interfaces -DCMAKE_INSTALL_PREFIX=/home/iRETI/504/CobotMyRobot/install/action_interfaces
[3.207s] DEBUG:colcon.colcon_core.event_handler.log_command:Invoking command in '/home/iRETI/504/CobotMyRobot/build/action_interfaces': CMAKE_PREFIX_PATH=${CMAKE_PREFIX_PATH}:/opt/ros/humble /usr/bin/cmake --build /home/iRETI/504/CobotMyRobot/build/action_interfaces -- -j12 -l12
[13.905s] DEBUG:colcon.colcon_core.event_handler.log_command:Invoked command in '/home/iRETI/504/CobotMyRobot/build/action_interfaces' returned '0': CMAKE_PREFIX_PATH=${CMAKE_PREFIX_PATH}:/opt/ros/humble /usr/bin/cmake --build /home/iRETI/504/CobotMyRobot/build/action_interfaces -- -j12 -l12
[14.039s] DEBUG:colcon.colcon_core.event_handler.log_command:Invoking command in '/home/iRETI/504/CobotMyRobot/build/action_interfaces': CMAKE_PREFIX_PATH=${CMAKE_PREFIX_PATH}:/opt/ros/humble /usr/bin/cmake --install /home/iRETI/504/CobotMyRobot/build/action_interfaces
[14.174s] Level 1:colcon.colcon_core.environment:create_environment_scripts_only(action_interfaces)
[14.176s] DEBUG:colcon.colcon_core.event_handler.log_command:Invoked command in '/home/iRETI/504/CobotMyRobot/build/action_interfaces' returned '0': CMAKE_PREFIX_PATH=${CMAKE_PREFIX_PATH}:/opt/ros/humble /usr/bin/cmake --install /home/iRETI/504/CobotMyRobot/build/action_interfaces
[14.184s] Level 1:colcon.colcon_core.environment:checking '/home/iRETI/504/CobotMyRobot/install/action_interfaces' for CMake module files
[14.184s] Level 1:colcon.colcon_core.environment:checking '/home/iRETI/504/CobotMyRobot/install/action_interfaces' for CMake config files
[14.185s] Level 1:colcon.colcon_core.shell:create_environment_hook('action_interfaces', 'cmake_prefix_path')
[14.186s] INFO:colcon.colcon_core.shell:Creating environment hook '/home/iRETI/504/CobotMyRobot/install/action_interfaces/share/action_interfaces/hook/cmake_prefix_path.ps1'
[14.187s] INFO:colcon.colcon_core.shell:Creating environment descriptor '/home/iRETI/504/CobotMyRobot/install/action_interfaces/share/action_interfaces/hook/cmake_prefix_path.dsv'
[14.187s] INFO:colcon.colcon_core.shell:Creating environment hook '/home/iRETI/504/CobotMyRobot/install/action_interfaces/share/action_interfaces/hook/cmake_prefix_path.sh'
[14.188s] Level 1:colcon.colcon_core.environment:checking '/home/iRETI/504/CobotMyRobot/install/action_interfaces/lib'
[14.188s] Level 1:colcon.colcon_core.shell:create_environment_hook('action_interfaces', 'ld_library_path_lib')
[14.189s] INFO:colcon.colcon_core.shell:Creating environment hook '/home/iRETI/504/CobotMyRobot/install/action_interfaces/share/action_interfaces/hook/ld_library_path_lib.ps1'
[14.190s] INFO:colcon.colcon_core.shell:Creating environment descriptor '/home/iRETI/504/CobotMyRobot/install/action_interfaces/share/action_interfaces/hook/ld_library_path_lib.dsv'
[14.190s] INFO:colcon.colcon_core.shell:Creating environment hook '/home/iRETI/504/CobotMyRobot/install/action_interfaces/share/action_interfaces/hook/ld_library_path_lib.sh'
[14.190s] Level 1:colcon.colcon_core.environment:checking '/home/iRETI/504/CobotMyRobot/install/action_interfaces/bin'
[14.190s] Level 1:colcon.colcon_core.environment:checking '/home/iRETI/504/CobotMyRobot/install/action_interfaces/lib/pkgconfig/action_interfaces.pc'
[14.191s] Level 1:colcon.colcon_core.environment:checking '/home/iRETI/504/CobotMyRobot/install/action_interfaces/lib/python3.10/site-packages'
[14.191s] Level 1:colcon.colcon_core.environment:checking '/home/iRETI/504/CobotMyRobot/install/action_interfaces/bin'
[14.192s] INFO:colcon.colcon_core.shell:Creating package script '/home/iRETI/504/CobotMyRobot/install/action_interfaces/share/action_interfaces/package.ps1'
[14.193s] INFO:colcon.colcon_core.shell:Creating package descriptor '/home/iRETI/504/CobotMyRobot/install/action_interfaces/share/action_interfaces/package.dsv'
[14.194s] INFO:colcon.colcon_core.shell:Creating package script '/home/iRETI/504/CobotMyRobot/install/action_interfaces/share/action_interfaces/package.sh'
[14.195s] INFO:colcon.colcon_core.shell:Creating package script '/home/iRETI/504/CobotMyRobot/install/action_interfaces/share/action_interfaces/package.bash'
[14.196s] INFO:colcon.colcon_core.shell:Creating package script '/home/iRETI/504/CobotMyRobot/install/action_interfaces/share/action_interfaces/package.zsh'
[14.196s] Level 1:colcon.colcon_core.environment:create_file_with_runtime_dependencies(/home/iRETI/504/CobotMyRobot/install/action_interfaces/share/colcon-core/packages/action_interfaces)
[14.331s] Level 1:colcon.colcon_core.environment:create_environment_scripts_only(action_interfaces)
[14.335s] Level 1:colcon.colcon_core.environment:checking '/home/iRETI/504/CobotMyRobot/install/action_interfaces' for CMake module files
[14.336s] Level 1:colcon.colcon_core.environment:checking '/home/iRETI/504/CobotMyRobot/install/action_interfaces' for CMake config files
[14.337s] Level 1:colcon.colcon_core.shell:create_environment_hook('action_interfaces', 'cmake_prefix_path')
[14.339s] INFO:colcon.colcon_core.shell:Creating environment hook '/home/iRETI/504/CobotMyRobot/install/action_interfaces/share/action_interfaces/hook/cmake_prefix_path.ps1'
[14.340s] INFO:colcon.colcon_core.shell:Creating environment descriptor '/home/iRETI/504/CobotMyRobot/install/action_interfaces/share/action_interfaces/hook/cmake_prefix_path.dsv'
[14.341s] INFO:colcon.colcon_core.shell:Creating environment hook '/home/iRETI/504/CobotMyRobot/install/action_interfaces/share/action_interfaces/hook/cmake_prefix_path.sh'
[14.341s] Level 1:colcon.colcon_core.environment:checking '/home/iRETI/504/CobotMyRobot/install/action_interfaces/lib'
[14.341s] Level 1:colcon.colcon_core.shell:create_environment_hook('action_interfaces', 'ld_library_path_lib')
[14.343s] INFO:colcon.colcon_core.shell:Creating environment hook '/home/iRETI/504/CobotMyRobot/install/action_interfaces/share/action_interfaces/hook/ld_library_path_lib.ps1'
[14.344s] INFO:colcon.colcon_core.shell:Creating environment descriptor '/home/iRETI/504/CobotMyRobot/install/action_interfaces/share/action_interfaces/hook/ld_library_path_lib.dsv'
[14.344s] INFO:colcon.colcon_core.shell:Creating environment hook '/home/iRETI/504/CobotMyRobot/install/action_interfaces/share/action_interfaces/hook/ld_library_path_lib.sh'
[14.345s] Level 1:colcon.colcon_core.environment:checking '/home/iRETI/504/CobotMyRobot/install/action_interfaces/bin'
[14.345s] Level 1:colcon.colcon_core.environment:checking '/home/iRETI/504/CobotMyRobot/install/action_interfaces/lib/pkgconfig/action_interfaces.pc'
[14.345s] Level 1:colcon.colcon_core.environment:checking '/home/iRETI/504/CobotMyRobot/install/action_interfaces/lib/python3.10/site-packages'
[14.345s] Level 1:colcon.colcon_core.environment:checking '/home/iRETI/504/CobotMyRobot/install/action_interfaces/bin'
[14.347s] INFO:colcon.colcon_core.shell:Creating package script '/home/iRETI/504/CobotMyRobot/install/action_interfaces/share/action_interfaces/package.ps1'
[14.347s] INFO:colcon.colcon_core.shell:Creating package descriptor '/home/iRETI/504/CobotMyRobot/install/action_interfaces/share/action_interfaces/package.dsv'
[14.348s] INFO:colcon.colcon_core.shell:Creating package script '/home/iRETI/504/CobotMyRobot/install/action_interfaces/share/action_interfaces/package.sh'
[14.348s] INFO:colcon.colcon_core.shell:Creating package script '/home/iRETI/504/CobotMyRobot/install/action_interfaces/share/action_interfaces/package.bash'
[14.349s] INFO:colcon.colcon_core.shell:Creating package script '/home/iRETI/504/CobotMyRobot/install/action_interfaces/share/action_interfaces/package.zsh'
[14.349s] Level 1:colcon.colcon_core.environment:create_file_with_runtime_dependencies(/home/iRETI/504/CobotMyRobot/install/action_interfaces/share/colcon-core/packages/action_interfaces)
[14.350s] DEBUG:colcon.colcon_parallel_executor.executor.parallel:closing loop
[14.350s] DEBUG:colcon.colcon_parallel_executor.executor.parallel:loop closed
[14.351s] DEBUG:colcon.colcon_parallel_executor.executor.parallel:run_until_complete finished with '0'
[14.351s] DEBUG:colcon.colcon_core.event_reactor:joining thread
[14.361s] INFO:colcon.colcon_core.plugin_system:Skipping extension 'colcon_notification.desktop_notification.terminal_notifier': Not used on non-Darwin systems
[14.361s] INFO:colcon.colcon_core.plugin_system:Skipping extension 'colcon_notification.desktop_notification.win32': Not used on non-Windows systems
[14.361s] INFO:colcon.colcon_notification.desktop_notification:Sending desktop notification using 'notify2'
[14.445s] DEBUG:colcon.colcon_core.event_reactor:joined thread
[14.448s] INFO:colcon.colcon_core.shell:Creating prefix script '/home/iRETI/504/CobotMyRobot/install/local_setup.ps1'
[14.450s] INFO:colcon.colcon_core.shell:Creating prefix util module '/home/iRETI/504/CobotMyRobot/install/_local_setup_util_ps1.py'
[14.453s] INFO:colcon.colcon_core.shell:Creating prefix chain script '/home/iRETI/504/CobotMyRobot/install/setup.ps1'
[14.457s] INFO:colcon.colcon_core.shell:Creating prefix script '/home/iRETI/504/CobotMyRobot/install/local_setup.sh'
[14.458s] INFO:colcon.colcon_core.shell:Creating prefix util module '/home/iRETI/504/CobotMyRobot/install/_local_setup_util_sh.py'
[14.458s] INFO:colcon.colcon_core.shell:Creating prefix chain script '/home/iRETI/504/CobotMyRobot/install/setup.sh'
[14.461s] INFO:colcon.colcon_core.shell:Creating prefix script '/home/iRETI/504/CobotMyRobot/install/local_setup.bash'
[14.464s] INFO:colcon.colcon_core.shell:Creating prefix chain script '/home/iRETI/504/CobotMyRobot/install/setup.bash'
[14.467s] INFO:colcon.colcon_core.shell:Creating prefix script '/home/iRETI/504/CobotMyRobot/install/local_setup.zsh'
[14.468s] INFO:colcon.colcon_core.shell:Creating prefix chain script '/home/iRETI/504/CobotMyRobot/install/setup.zsh'
