[1.005s] DEBUG:colcon:Command line arguments: ['/usr/bin/colcon', 'build']
[1.006s] DEBUG:colcon:Parsed command line arguments: Namespace(log_base=None, log_level=None, verb_name='build', build_base='build', install_base='install', merge_install=False, symlink_install=False, test_result_base=None, continue_on_error=False, executor='parallel', parallel_workers=8, event_handlers=None, ignore_user_meta=False, metas=['./colcon.meta'], base_paths=['.'], packages_ignore=None, packages_ignore_regex=None, paths=None, packages_up_to=None, packages_up_to_regex=None, packages_above=None, packages_above_and_dependencies=None, packages_above_depth=None, packages_select_by_dep=None, packages_skip_by_dep=None, packages_skip_up_to=None, packages_select_build_failed=False, packages_skip_build_finished=False, packages_select_test_failures=False, packages_skip_test_passed=False, packages_select=None, packages_skip=None, packages_select_regex=None, packages_skip_regex=None, packages_start=None, packages_end=None, allow_overriding=[], cmake_args=None, cmake_target=None, cmake_target_skip_unavailable=False, cmake_clean_cache=False, cmake_clean_first=False, cmake_force_configure=False, ament_cmake_args=None, catkin_cmake_args=None, catkin_skip_building_tests=False, verb_parser=<colcon_defaults.argument_parser.defaults.DefaultArgumentsDecorator object at 0x7f6f3aa26530>, verb_extension=<colcon_core.verb.build.BuildVerb object at 0x7f6f3b2e8c10>, main=<bound method BuildVerb.main of <colcon_core.verb.build.BuildVerb object at 0x7f6f3b2e8c10>>)
[1.080s] Level 1:colcon.colcon_core.package_discovery:discover_packages(colcon_meta) check parameters
[1.080s] Level 1:colcon.colcon_core.package_discovery:discover_packages(recursive) check parameters
[1.080s] Level 1:colcon.colcon_core.package_discovery:discover_packages(ignore) check parameters
[1.080s] Level 1:colcon.colcon_core.package_discovery:discover_packages(path) check parameters
[1.080s] Level 1:colcon.colcon_core.package_discovery:discover_packages(colcon_meta) discover
[1.080s] Level 1:colcon.colcon_core.package_discovery:discover_packages(recursive) discover
[1.080s] INFO:colcon.colcon_core.package_discovery:Crawling recursively for packages in '/home/cdwiench/Desktop/Robotics/CobotMyRobot'
[1.081s] Level 1:colcon.colcon_core.package_identification:_identify(.) by extensions ['ignore', 'ignore_ament_install']
[1.081s] Level 1:colcon.colcon_core.package_identification:_identify(.) by extension 'ignore'
[1.081s] Level 1:colcon.colcon_core.package_identification:_identify(.) by extension 'ignore_ament_install'
[1.082s] Level 1:colcon.colcon_core.package_identification:_identify(.) by extensions ['colcon_pkg']
[1.082s] Level 1:colcon.colcon_core.package_identification:_identify(.) by extension 'colcon_pkg'
[1.082s] Level 1:colcon.colcon_core.package_identification:_identify(.) by extensions ['colcon_meta']
[1.082s] Level 1:colcon.colcon_core.package_identification:_identify(.) by extension 'colcon_meta'
[1.082s] Level 1:colcon.colcon_core.package_identification:_identify(.) by extensions ['ros']
[1.082s] Level 1:colcon.colcon_core.package_identification:_identify(.) by extension 'ros'
[1.123s] Level 1:colcon.colcon_core.package_identification:_identify(.) by extensions ['cmake', 'python']
[1.123s] Level 1:colcon.colcon_core.package_identification:_identify(.) by extension 'cmake'
[1.123s] Level 1:colcon.colcon_core.package_identification:_identify(.) by extension 'python'
[1.123s] Level 1:colcon.colcon_core.package_identification:_identify(.) by extensions ['python_setup_py']
[1.123s] Level 1:colcon.colcon_core.package_identification:_identify(.) by extension 'python_setup_py'
[1.124s] Level 1:colcon.colcon_core.package_identification:_identify(build) by extensions ['ignore', 'ignore_ament_install']
[1.124s] Level 1:colcon.colcon_core.package_identification:_identify(build) by extension 'ignore'
[1.124s] Level 1:colcon.colcon_core.package_identification:_identify(build) ignored
[1.125s] Level 1:colcon.colcon_core.package_identification:_identify(install) by extensions ['ignore', 'ignore_ament_install']
[1.125s] Level 1:colcon.colcon_core.package_identification:_identify(install) by extension 'ignore'
[1.125s] Level 1:colcon.colcon_core.package_identification:_identify(install) ignored
[1.126s] Level 1:colcon.colcon_core.package_identification:_identify(log) by extensions ['ignore', 'ignore_ament_install']
[1.126s] Level 1:colcon.colcon_core.package_identification:_identify(log) by extension 'ignore'
[1.126s] Level 1:colcon.colcon_core.package_identification:_identify(log) ignored
[1.126s] Level 1:colcon.colcon_core.package_identification:_identify(ros2_ws) by extensions ['ignore', 'ignore_ament_install']
[1.127s] Level 1:colcon.colcon_core.package_identification:_identify(ros2_ws) by extension 'ignore'
[1.127s] Level 1:colcon.colcon_core.package_identification:_identify(ros2_ws) by extension 'ignore_ament_install'
[1.127s] Level 1:colcon.colcon_core.package_identification:_identify(ros2_ws) by extensions ['colcon_pkg']
[1.127s] Level 1:colcon.colcon_core.package_identification:_identify(ros2_ws) by extension 'colcon_pkg'
[1.127s] Level 1:colcon.colcon_core.package_identification:_identify(ros2_ws) by extensions ['colcon_meta']
[1.128s] Level 1:colcon.colcon_core.package_identification:_identify(ros2_ws) by extension 'colcon_meta'
[1.128s] Level 1:colcon.colcon_core.package_identification:_identify(ros2_ws) by extensions ['ros']
[1.128s] Level 1:colcon.colcon_core.package_identification:_identify(ros2_ws) by extension 'ros'
[1.128s] Level 1:colcon.colcon_core.package_identification:_identify(ros2_ws) by extensions ['cmake', 'python']
[1.128s] Level 1:colcon.colcon_core.package_identification:_identify(ros2_ws) by extension 'cmake'
[1.129s] Level 1:colcon.colcon_core.package_identification:_identify(ros2_ws) by extension 'python'
[1.129s] Level 1:colcon.colcon_core.package_identification:_identify(ros2_ws) by extensions ['python_setup_py']
[1.129s] Level 1:colcon.colcon_core.package_identification:_identify(ros2_ws) by extension 'python_setup_py'
[1.129s] Level 1:colcon.colcon_core.package_identification:_identify(ros2_ws/build) by extensions ['ignore', 'ignore_ament_install']
[1.129s] Level 1:colcon.colcon_core.package_identification:_identify(ros2_ws/build) by extension 'ignore'
[1.130s] Level 1:colcon.colcon_core.package_identification:_identify(ros2_ws/build) ignored
[1.130s] Level 1:colcon.colcon_core.package_identification:_identify(ros2_ws/install) by extensions ['ignore', 'ignore_ament_install']
[1.130s] Level 1:colcon.colcon_core.package_identification:_identify(ros2_ws/install) by extension 'ignore'
[1.130s] Level 1:colcon.colcon_core.package_identification:_identify(ros2_ws/install) ignored
[1.131s] Level 1:colcon.colcon_core.package_identification:_identify(ros2_ws/log) by extensions ['ignore', 'ignore_ament_install']
[1.131s] Level 1:colcon.colcon_core.package_identification:_identify(ros2_ws/log) by extension 'ignore'
[1.131s] Level 1:colcon.colcon_core.package_identification:_identify(ros2_ws/log) ignored
[1.132s] Level 1:colcon.colcon_core.package_identification:_identify(ros2_ws/src) by extensions ['ignore', 'ignore_ament_install']
[1.132s] Level 1:colcon.colcon_core.package_identification:_identify(ros2_ws/src) by extension 'ignore'
[1.132s] Level 1:colcon.colcon_core.package_identification:_identify(ros2_ws/src) by extension 'ignore_ament_install'
[1.132s] Level 1:colcon.colcon_core.package_identification:_identify(ros2_ws/src) by extensions ['colcon_pkg']
[1.132s] Level 1:colcon.colcon_core.package_identification:_identify(ros2_ws/src) by extension 'colcon_pkg'
[1.133s] Level 1:colcon.colcon_core.package_identification:_identify(ros2_ws/src) by extensions ['colcon_meta']
[1.133s] Level 1:colcon.colcon_core.package_identification:_identify(ros2_ws/src) by extension 'colcon_meta'
[1.133s] Level 1:colcon.colcon_core.package_identification:_identify(ros2_ws/src) by extensions ['ros']
[1.133s] Level 1:colcon.colcon_core.package_identification:_identify(ros2_ws/src) by extension 'ros'
[1.133s] Level 1:colcon.colcon_core.package_identification:_identify(ros2_ws/src) by extensions ['cmake', 'python']
[1.133s] Level 1:colcon.colcon_core.package_identification:_identify(ros2_ws/src) by extension 'cmake'
[1.134s] Level 1:colcon.colcon_core.package_identification:_identify(ros2_ws/src) by extension 'python'
[1.134s] Level 1:colcon.colcon_core.package_identification:_identify(ros2_ws/src) by extensions ['python_setup_py']
[1.134s] Level 1:colcon.colcon_core.package_identification:_identify(ros2_ws/src) by extension 'python_setup_py'
[1.134s] Level 1:colcon.colcon_core.package_identification:_identify(ros2_ws/src/action_interfaces) by extensions ['ignore', 'ignore_ament_install']
[1.135s] Level 1:colcon.colcon_core.package_identification:_identify(ros2_ws/src/action_interfaces) by extension 'ignore'
[1.135s] Level 1:colcon.colcon_core.package_identification:_identify(ros2_ws/src/action_interfaces) by extension 'ignore_ament_install'
[1.135s] Level 1:colcon.colcon_core.package_identification:_identify(ros2_ws/src/action_interfaces) by extensions ['colcon_pkg']
[1.135s] Level 1:colcon.colcon_core.package_identification:_identify(ros2_ws/src/action_interfaces) by extension 'colcon_pkg'
[1.135s] Level 1:colcon.colcon_core.package_identification:_identify(ros2_ws/src/action_interfaces) by extensions ['colcon_meta']
[1.136s] Level 1:colcon.colcon_core.package_identification:_identify(ros2_ws/src/action_interfaces) by extension 'colcon_meta'
[1.136s] Level 1:colcon.colcon_core.package_identification:_identify(ros2_ws/src/action_interfaces) by extensions ['ros']
[1.136s] Level 1:colcon.colcon_core.package_identification:_identify(ros2_ws/src/action_interfaces) by extension 'ros'
[1.145s] DEBUG:colcon.colcon_core.package_identification:Package 'ros2_ws/src/action_interfaces' with type 'ros.ament_cmake' and name 'action_interfaces'
[1.145s] Level 1:colcon.colcon_core.package_discovery:discover_packages(recursive) using defaults
[1.146s] Level 1:colcon.colcon_core.package_discovery:discover_packages(ignore) discover
[1.146s] Level 1:colcon.colcon_core.package_discovery:discover_packages(ignore) using defaults
[1.146s] Level 1:colcon.colcon_core.package_discovery:discover_packages(path) discover
[1.146s] Level 1:colcon.colcon_core.package_discovery:discover_packages(path) using defaults
[1.213s] Level 1:colcon.colcon_core.package_discovery:discover_packages(prefix_path) check parameters
[1.213s] Level 1:colcon.colcon_core.package_discovery:discover_packages(prefix_path) discover
[1.223s] DEBUG:colcon.colcon_installed_package_information.package_discovery:Found 282 installed packages in /opt/ros/humble
[1.227s] Level 1:colcon.colcon_core.package_discovery:discover_packages(prefix_path) using defaults
[1.360s] Level 5:colcon.colcon_core.verb:set package 'action_interfaces' build argument 'cmake_args' from command line to 'None'
[1.360s] Level 5:colcon.colcon_core.verb:set package 'action_interfaces' build argument 'cmake_target' from command line to 'None'
[1.360s] Level 5:colcon.colcon_core.verb:set package 'action_interfaces' build argument 'cmake_target_skip_unavailable' from command line to 'False'
[1.360s] Level 5:colcon.colcon_core.verb:set package 'action_interfaces' build argument 'cmake_clean_cache' from command line to 'False'
[1.360s] Level 5:colcon.colcon_core.verb:set package 'action_interfaces' build argument 'cmake_clean_first' from command line to 'False'
[1.360s] Level 5:colcon.colcon_core.verb:set package 'action_interfaces' build argument 'cmake_force_configure' from command line to 'False'
[1.360s] Level 5:colcon.colcon_core.verb:set package 'action_interfaces' build argument 'ament_cmake_args' from command line to 'None'
[1.360s] Level 5:colcon.colcon_core.verb:set package 'action_interfaces' build argument 'catkin_cmake_args' from command line to 'None'
[1.360s] Level 5:colcon.colcon_core.verb:set package 'action_interfaces' build argument 'catkin_skip_building_tests' from command line to 'False'
[1.361s] DEBUG:colcon.colcon_core.verb:Building package 'action_interfaces' with the following arguments: {'ament_cmake_args': None, 'build_base': '/home/cdwiench/Desktop/Robotics/CobotMyRobot/build/action_interfaces', 'catkin_cmake_args': None, 'catkin_skip_building_tests': False, 'cmake_args': None, 'cmake_clean_cache': False, 'cmake_clean_first': False, 'cmake_force_configure': False, 'cmake_target': None, 'cmake_target_skip_unavailable': False, 'install_base': '/home/cdwiench/Desktop/Robotics/CobotMyRobot/install/action_interfaces', 'merge_install': False, 'path': '/home/cdwiench/Desktop/Robotics/CobotMyRobot/ros2_ws/src/action_interfaces', 'symlink_install': False, 'test_result_base': None}
[1.363s] INFO:colcon.colcon_core.executor:Executing jobs using 'parallel' executor
[1.376s] DEBUG:colcon.colcon_parallel_executor.executor.parallel:run_until_complete
[1.377s] INFO:colcon.colcon_ros.task.ament_cmake.build:Building ROS package in '/home/cdwiench/Desktop/Robotics/CobotMyRobot/ros2_ws/src/action_interfaces' with build type 'ament_cmake'
[1.377s] INFO:colcon.colcon_cmake.task.cmake.build:Building CMake package in '/home/cdwiench/Desktop/Robotics/CobotMyRobot/ros2_ws/src/action_interfaces'
[1.394s] INFO:colcon.colcon_core.plugin_system:Skipping extension 'colcon_core.shell.bat': Not used on non-Windows systems
[1.394s] INFO:colcon.colcon_core.shell:Skip shell extension 'powershell' for command environment: Not usable outside of PowerShell
[1.394s] DEBUG:colcon.colcon_core.shell:Skip shell extension 'dsv' for command environment
[1.415s] DEBUG:colcon.colcon_core.event_handler.log_command:Invoking command in '/home/cdwiench/Desktop/Robotics/CobotMyRobot/build/action_interfaces': CMAKE_PREFIX_PATH=/opt/ros/humble /usr/bin/cmake /home/cdwiench/Desktop/Robotics/CobotMyRobot/ros2_ws/src/action_interfaces -DCMAKE_INSTALL_PREFIX=/home/cdwiench/Desktop/Robotics/CobotMyRobot/install/action_interfaces
[5.631s] DEBUG:colcon.colcon_core.event_handler.log_command:Invoked command in '/home/cdwiench/Desktop/Robotics/CobotMyRobot/build/action_interfaces' returned '0': CMAKE_PREFIX_PATH=/opt/ros/humble /usr/bin/cmake /home/cdwiench/Desktop/Robotics/CobotMyRobot/ros2_ws/src/action_interfaces -DCMAKE_INSTALL_PREFIX=/home/cdwiench/Desktop/Robotics/CobotMyRobot/install/action_interfaces
[5.635s] DEBUG:colcon.colcon_core.event_handler.log_command:Invoking command in '/home/cdwiench/Desktop/Robotics/CobotMyRobot/build/action_interfaces': CMAKE_PREFIX_PATH=/opt/ros/humble /usr/bin/cmake --build /home/cdwiench/Desktop/Robotics/CobotMyRobot/build/action_interfaces -- -j8 -l8
[15.735s] DEBUG:colcon.colcon_core.event_handler.log_command:Invoked command in '/home/cdwiench/Desktop/Robotics/CobotMyRobot/build/action_interfaces' returned '0': CMAKE_PREFIX_PATH=/opt/ros/humble /usr/bin/cmake --build /home/cdwiench/Desktop/Robotics/CobotMyRobot/build/action_interfaces -- -j8 -l8
[15.907s] DEBUG:colcon.colcon_core.event_handler.log_command:Invoking command in '/home/cdwiench/Desktop/Robotics/CobotMyRobot/build/action_interfaces': CMAKE_PREFIX_PATH=/opt/ros/humble /usr/bin/cmake --install /home/cdwiench/Desktop/Robotics/CobotMyRobot/build/action_interfaces
[16.111s] Level 1:colcon.colcon_core.environment:create_environment_scripts_only(action_interfaces)
[16.114s] DEBUG:colcon.colcon_core.event_handler.log_command:Invoked command in '/home/cdwiench/Desktop/Robotics/CobotMyRobot/build/action_interfaces' returned '0': CMAKE_PREFIX_PATH=/opt/ros/humble /usr/bin/cmake --install /home/cdwiench/Desktop/Robotics/CobotMyRobot/build/action_interfaces
[16.129s] Level 1:colcon.colcon_core.environment:checking '/home/cdwiench/Desktop/Robotics/CobotMyRobot/install/action_interfaces' for CMake module files
[16.130s] Level 1:colcon.colcon_core.environment:checking '/home/cdwiench/Desktop/Robotics/CobotMyRobot/install/action_interfaces' for CMake config files
[16.131s] Level 1:colcon.colcon_core.shell:create_environment_hook('action_interfaces', 'cmake_prefix_path')
[16.137s] INFO:colcon.colcon_core.shell:Creating environment hook '/home/cdwiench/Desktop/Robotics/CobotMyRobot/install/action_interfaces/share/action_interfaces/hook/cmake_prefix_path.ps1'
[16.138s] INFO:colcon.colcon_core.shell:Creating environment descriptor '/home/cdwiench/Desktop/Robotics/CobotMyRobot/install/action_interfaces/share/action_interfaces/hook/cmake_prefix_path.dsv'
[16.140s] INFO:colcon.colcon_core.shell:Creating environment hook '/home/cdwiench/Desktop/Robotics/CobotMyRobot/install/action_interfaces/share/action_interfaces/hook/cmake_prefix_path.sh'
[16.141s] Level 1:colcon.colcon_core.environment:checking '/home/cdwiench/Desktop/Robotics/CobotMyRobot/install/action_interfaces/lib'
[16.142s] Level 1:colcon.colcon_core.shell:create_environment_hook('action_interfaces', 'ld_library_path_lib')
[16.147s] INFO:colcon.colcon_core.shell:Creating environment hook '/home/cdwiench/Desktop/Robotics/CobotMyRobot/install/action_interfaces/share/action_interfaces/hook/ld_library_path_lib.ps1'
[16.148s] INFO:colcon.colcon_core.shell:Creating environment descriptor '/home/cdwiench/Desktop/Robotics/CobotMyRobot/install/action_interfaces/share/action_interfaces/hook/ld_library_path_lib.dsv'
[16.149s] INFO:colcon.colcon_core.shell:Creating environment hook '/home/cdwiench/Desktop/Robotics/CobotMyRobot/install/action_interfaces/share/action_interfaces/hook/ld_library_path_lib.sh'
[16.150s] Level 1:colcon.colcon_core.environment:checking '/home/cdwiench/Desktop/Robotics/CobotMyRobot/install/action_interfaces/bin'
[16.150s] Level 1:colcon.colcon_core.environment:checking '/home/cdwiench/Desktop/Robotics/CobotMyRobot/install/action_interfaces/lib/pkgconfig/action_interfaces.pc'
[16.150s] Level 1:colcon.colcon_core.environment:checking '/home/cdwiench/Desktop/Robotics/CobotMyRobot/install/action_interfaces/lib/python3.10/site-packages'
[16.151s] Level 1:colcon.colcon_core.environment:checking '/home/cdwiench/Desktop/Robotics/CobotMyRobot/install/action_interfaces/bin'
[16.157s] INFO:colcon.colcon_core.shell:Creating package script '/home/cdwiench/Desktop/Robotics/CobotMyRobot/install/action_interfaces/share/action_interfaces/package.ps1'
[16.159s] INFO:colcon.colcon_core.shell:Creating package descriptor '/home/cdwiench/Desktop/Robotics/CobotMyRobot/install/action_interfaces/share/action_interfaces/package.dsv'
[16.160s] INFO:colcon.colcon_core.shell:Creating package script '/home/cdwiench/Desktop/Robotics/CobotMyRobot/install/action_interfaces/share/action_interfaces/package.sh'
[16.161s] INFO:colcon.colcon_core.shell:Creating package script '/home/cdwiench/Desktop/Robotics/CobotMyRobot/install/action_interfaces/share/action_interfaces/package.bash'
[16.163s] INFO:colcon.colcon_core.shell:Creating package script '/home/cdwiench/Desktop/Robotics/CobotMyRobot/install/action_interfaces/share/action_interfaces/package.zsh'
[16.164s] Level 1:colcon.colcon_core.environment:create_file_with_runtime_dependencies(/home/cdwiench/Desktop/Robotics/CobotMyRobot/install/action_interfaces/share/colcon-core/packages/action_interfaces)
[16.320s] Level 1:colcon.colcon_core.environment:create_environment_scripts_only(action_interfaces)
[16.329s] Level 1:colcon.colcon_core.environment:checking '/home/cdwiench/Desktop/Robotics/CobotMyRobot/install/action_interfaces' for CMake module files
[16.330s] Level 1:colcon.colcon_core.environment:checking '/home/cdwiench/Desktop/Robotics/CobotMyRobot/install/action_interfaces' for CMake config files
[16.331s] Level 1:colcon.colcon_core.shell:create_environment_hook('action_interfaces', 'cmake_prefix_path')
[16.337s] INFO:colcon.colcon_core.shell:Creating environment hook '/home/cdwiench/Desktop/Robotics/CobotMyRobot/install/action_interfaces/share/action_interfaces/hook/cmake_prefix_path.ps1'
[16.337s] INFO:colcon.colcon_core.shell:Creating environment descriptor '/home/cdwiench/Desktop/Robotics/CobotMyRobot/install/action_interfaces/share/action_interfaces/hook/cmake_prefix_path.dsv'
[16.338s] INFO:colcon.colcon_core.shell:Creating environment hook '/home/cdwiench/Desktop/Robotics/CobotMyRobot/install/action_interfaces/share/action_interfaces/hook/cmake_prefix_path.sh'
[16.339s] Level 1:colcon.colcon_core.environment:checking '/home/cdwiench/Desktop/Robotics/CobotMyRobot/install/action_interfaces/lib'
[16.340s] Level 1:colcon.colcon_core.shell:create_environment_hook('action_interfaces', 'ld_library_path_lib')
[16.345s] INFO:colcon.colcon_core.shell:Creating environment hook '/home/cdwiench/Desktop/Robotics/CobotMyRobot/install/action_interfaces/share/action_interfaces/hook/ld_library_path_lib.ps1'
[16.346s] INFO:colcon.colcon_core.shell:Creating environment descriptor '/home/cdwiench/Desktop/Robotics/CobotMyRobot/install/action_interfaces/share/action_interfaces/hook/ld_library_path_lib.dsv'
[16.347s] INFO:colcon.colcon_core.shell:Creating environment hook '/home/cdwiench/Desktop/Robotics/CobotMyRobot/install/action_interfaces/share/action_interfaces/hook/ld_library_path_lib.sh'
[16.347s] Level 1:colcon.colcon_core.environment:checking '/home/cdwiench/Desktop/Robotics/CobotMyRobot/install/action_interfaces/bin'
[16.348s] Level 1:colcon.colcon_core.environment:checking '/home/cdwiench/Desktop/Robotics/CobotMyRobot/install/action_interfaces/lib/pkgconfig/action_interfaces.pc'
[16.348s] Level 1:colcon.colcon_core.environment:checking '/home/cdwiench/Desktop/Robotics/CobotMyRobot/install/action_interfaces/lib/python3.10/site-packages'
[16.348s] Level 1:colcon.colcon_core.environment:checking '/home/cdwiench/Desktop/Robotics/CobotMyRobot/install/action_interfaces/bin'
[16.354s] INFO:colcon.colcon_core.shell:Creating package script '/home/cdwiench/Desktop/Robotics/CobotMyRobot/install/action_interfaces/share/action_interfaces/package.ps1'
[16.355s] INFO:colcon.colcon_core.shell:Creating package descriptor '/home/cdwiench/Desktop/Robotics/CobotMyRobot/install/action_interfaces/share/action_interfaces/package.dsv'
[16.356s] INFO:colcon.colcon_core.shell:Creating package script '/home/cdwiench/Desktop/Robotics/CobotMyRobot/install/action_interfaces/share/action_interfaces/package.sh'
[16.357s] INFO:colcon.colcon_core.shell:Creating package script '/home/cdwiench/Desktop/Robotics/CobotMyRobot/install/action_interfaces/share/action_interfaces/package.bash'
[16.358s] INFO:colcon.colcon_core.shell:Creating package script '/home/cdwiench/Desktop/Robotics/CobotMyRobot/install/action_interfaces/share/action_interfaces/package.zsh'
[16.359s] Level 1:colcon.colcon_core.environment:create_file_with_runtime_dependencies(/home/cdwiench/Desktop/Robotics/CobotMyRobot/install/action_interfaces/share/colcon-core/packages/action_interfaces)
[16.359s] DEBUG:colcon.colcon_parallel_executor.executor.parallel:closing loop
[16.360s] DEBUG:colcon.colcon_parallel_executor.executor.parallel:loop closed
[16.360s] DEBUG:colcon.colcon_parallel_executor.executor.parallel:run_until_complete finished with '0'
[16.360s] DEBUG:colcon.colcon_core.event_reactor:joining thread
[16.371s] INFO:colcon.colcon_core.plugin_system:Skipping extension 'colcon_notification.desktop_notification.terminal_notifier': Not used on non-Darwin systems
[16.372s] INFO:colcon.colcon_core.plugin_system:Skipping extension 'colcon_notification.desktop_notification.win32': Not used on non-Windows systems
[16.372s] INFO:colcon.colcon_notification.desktop_notification:Sending desktop notification using 'notify2'
[16.400s] DEBUG:colcon.colcon_core.event_reactor:joined thread
[16.407s] INFO:colcon.colcon_core.shell:Creating prefix script '/home/cdwiench/Desktop/Robotics/CobotMyRobot/install/local_setup.ps1'
[16.411s] INFO:colcon.colcon_core.shell:Creating prefix util module '/home/cdwiench/Desktop/Robotics/CobotMyRobot/install/_local_setup_util_ps1.py'
[16.414s] INFO:colcon.colcon_core.shell:Creating prefix chain script '/home/cdwiench/Desktop/Robotics/CobotMyRobot/install/setup.ps1'
[16.418s] INFO:colcon.colcon_core.shell:Creating prefix script '/home/cdwiench/Desktop/Robotics/CobotMyRobot/install/local_setup.sh'
[16.419s] INFO:colcon.colcon_core.shell:Creating prefix util module '/home/cdwiench/Desktop/Robotics/CobotMyRobot/install/_local_setup_util_sh.py'
[16.420s] INFO:colcon.colcon_core.shell:Creating prefix chain script '/home/cdwiench/Desktop/Robotics/CobotMyRobot/install/setup.sh'
[16.424s] INFO:colcon.colcon_core.shell:Creating prefix script '/home/cdwiench/Desktop/Robotics/CobotMyRobot/install/local_setup.bash'
[16.425s] INFO:colcon.colcon_core.shell:Creating prefix chain script '/home/cdwiench/Desktop/Robotics/CobotMyRobot/install/setup.bash'
[16.429s] INFO:colcon.colcon_core.shell:Creating prefix script '/home/cdwiench/Desktop/Robotics/CobotMyRobot/install/local_setup.zsh'
[16.430s] INFO:colcon.colcon_core.shell:Creating prefix chain script '/home/cdwiench/Desktop/Robotics/CobotMyRobot/install/setup.zsh'
