[0.010s] Invoking command in '/home/iRETI/504/CobotMyRobot/build/action_interfaces': CMAKE_PREFIX_PATH=/opt/ros/humble /usr/bin/cmake --build /home/iRETI/504/CobotMyRobot/build/action_interfaces -- -j12 -l12
[0.035s] [35m[1mConsolidate compiler generated dependencies of target action_interfaces__rosidl_generator_c[0m
[0.041s] [  3%] Built target action_interfaces__cpp
[0.042s] [ 12%] Built target action_interfaces__rosidl_generator_c
[0.048s] [35m[1mConsolidate compiler generated dependencies of target action_interfaces__rosidl_typesupport_introspection_c[0m
[0.048s] [35m[1mConsolidate compiler generated dependencies of target action_interfaces__rosidl_typesupport_cpp[0m
[0.048s] [35m[1mConsolidate compiler generated dependencies of target action_interfaces__rosidl_typesupport_c[0m
[0.048s] [35m[1mConsolidate compiler generated dependencies of target action_interfaces__rosidl_typesupport_introspection_cpp[0m
[0.049s] [35m[1mConsolidate compiler generated dependencies of target action_interfaces__rosidl_typesupport_fastrtps_cpp[0m
[0.049s] [ 12%] Built target ament_cmake_python_copy_action_interfaces
[0.050s] [35m[1mConsolidate compiler generated dependencies of target action_interfaces__rosidl_typesupport_fastrtps_c[0m
[0.056s] [ 22%] Built target action_interfaces__rosidl_typesupport_introspection_c
[0.056s] [ 32%] Built target action_interfaces__rosidl_typesupport_cpp
[0.057s] [ 41%] Built target action_interfaces__rosidl_typesupport_introspection_cpp
[0.057s] [ 51%] Built target action_interfaces__rosidl_typesupport_c
[0.058s] [ 61%] Built target action_interfaces__rosidl_typesupport_fastrtps_c
[0.059s] [ 70%] Built target action_interfaces__rosidl_typesupport_fastrtps_cpp
[0.071s] [ 70%] Built target action_interfaces
[0.084s] [ 74%] Built target action_interfaces__py
[0.091s] [35m[1mConsolidate compiler generated dependencies of target action_interfaces__rosidl_generator_py[0m
[0.100s] [ 80%] Built target action_interfaces__rosidl_generator_py
[0.107s] [35m[1mConsolidate compiler generated dependencies of target action_interfaces__rosidl_typesupport_introspection_c__pyext[0m
[0.107s] [35m[1mConsolidate compiler generated dependencies of target action_interfaces__rosidl_typesupport_c__pyext[0m
[0.107s] [35m[1mConsolidate compiler generated dependencies of target action_interfaces__rosidl_typesupport_fastrtps_c__pyext[0m
[0.116s] [ 93%] Built target action_interfaces__rosidl_typesupport_c__pyext
[0.116s] [ 93%] Built target action_interfaces__rosidl_typesupport_introspection_c__pyext
[0.116s] [100%] Built target action_interfaces__rosidl_typesupport_fastrtps_c__pyext
[0.341s] running egg_info
[0.354s] writing action_interfaces.egg-info/PKG-INFO
[0.355s] writing dependency_links to action_interfaces.egg-info/dependency_links.txt
[0.355s] writing top-level names to action_interfaces.egg-info/top_level.txt
[0.392s] reading manifest file 'action_interfaces.egg-info/SOURCES.txt'
[0.393s] writing manifest file 'action_interfaces.egg-info/SOURCES.txt'
[0.422s] [100%] Built target ament_cmake_python_build_action_interfaces_egg
[0.430s] Invoked command in '/home/iRETI/504/CobotMyRobot/build/action_interfaces' returned '0': CMAKE_PREFIX_PATH=/opt/ros/humble /usr/bin/cmake --build /home/iRETI/504/CobotMyRobot/build/action_interfaces -- -j12 -l12
[0.468s] Invoking command in '/home/iRETI/504/CobotMyRobot/build/action_interfaces': CMAKE_PREFIX_PATH=/opt/ros/humble /usr/bin/cmake --install /home/iRETI/504/CobotMyRobot/build/action_interfaces
[0.473s] -- Install configuration: ""
[0.473s] -- Up-to-date: /home/iRETI/504/CobotMyRobot/install/action_interfaces/share/ament_index/resource_index/rosidl_interfaces/action_interfaces
[0.473s] -- Up-to-date: /home/iRETI/504/CobotMyRobot/install/action_interfaces/include/action_interfaces/action_interfaces
[0.473s] -- Up-to-date: /home/iRETI/504/CobotMyRobot/install/action_interfaces/include/action_interfaces/action_interfaces/action
[0.473s] -- Up-to-date: /home/iRETI/504/CobotMyRobot/install/action_interfaces/include/action_interfaces/action_interfaces/action/set_angle.h
[0.473s] -- Up-to-date: /home/iRETI/504/CobotMyRobot/install/action_interfaces/include/action_interfaces/action_interfaces/action/detail
[0.473s] -- Up-to-date: /home/iRETI/504/CobotMyRobot/install/action_interfaces/include/action_interfaces/action_interfaces/action/detail/set_angle__struct.h
[0.473s] -- Up-to-date: /home/iRETI/504/CobotMyRobot/install/action_interfaces/include/action_interfaces/action_interfaces/action/detail/set_angle__functions.h
[0.474s] -- Up-to-date: /home/iRETI/504/CobotMyRobot/install/action_interfaces/include/action_interfaces/action_interfaces/action/detail/set_angle__type_support.h
[0.474s] -- Up-to-date: /home/iRETI/504/CobotMyRobot/install/action_interfaces/include/action_interfaces/action_interfaces/action/detail/set_angle__functions.c
[0.474s] -- Up-to-date: /home/iRETI/504/CobotMyRobot/install/action_interfaces/include/action_interfaces/action_interfaces/msg
[0.474s] -- Up-to-date: /home/iRETI/504/CobotMyRobot/install/action_interfaces/include/action_interfaces/action_interfaces/msg/rosidl_generator_c__visibility_control.h
[0.474s] -- Up-to-date: /home/iRETI/504/CobotMyRobot/install/action_interfaces/share/action_interfaces/environment/library_path.sh
[0.474s] -- Up-to-date: /home/iRETI/504/CobotMyRobot/install/action_interfaces/share/action_interfaces/environment/library_path.dsv
[0.474s] -- Up-to-date: /home/iRETI/504/CobotMyRobot/install/action_interfaces/lib/libaction_interfaces__rosidl_generator_c.so
[0.474s] -- Up-to-date: /home/iRETI/504/CobotMyRobot/install/action_interfaces/include/action_interfaces/action_interfaces
[0.474s] -- Up-to-date: /home/iRETI/504/CobotMyRobot/install/action_interfaces/include/action_interfaces/action_interfaces/action
[0.474s] -- Up-to-date: /home/iRETI/504/CobotMyRobot/install/action_interfaces/include/action_interfaces/action_interfaces/action/detail
[0.474s] -- Up-to-date: /home/iRETI/504/CobotMyRobot/install/action_interfaces/include/action_interfaces/action_interfaces/action/detail/set_angle__rosidl_typesupport_fastrtps_c.h
[0.474s] -- Up-to-date: /home/iRETI/504/CobotMyRobot/install/action_interfaces/include/action_interfaces/action_interfaces/msg
[0.474s] -- Up-to-date: /home/iRETI/504/CobotMyRobot/install/action_interfaces/include/action_interfaces/action_interfaces/msg/rosidl_typesupport_fastrtps_c__visibility_control.h
[0.474s] -- Up-to-date: /home/iRETI/504/CobotMyRobot/install/action_interfaces/lib/libaction_interfaces__rosidl_typesupport_fastrtps_c.so
[0.474s] -- Up-to-date: /home/iRETI/504/CobotMyRobot/install/action_interfaces/include/action_interfaces/action_interfaces
[0.474s] -- Up-to-date: /home/iRETI/504/CobotMyRobot/install/action_interfaces/include/action_interfaces/action_interfaces/action
[0.474s] -- Up-to-date: /home/iRETI/504/CobotMyRobot/install/action_interfaces/include/action_interfaces/action_interfaces/action/detail
[0.474s] -- Up-to-date: /home/iRETI/504/CobotMyRobot/install/action_interfaces/include/action_interfaces/action_interfaces/action/detail/set_angle__rosidl_typesupport_introspection_c.h
[0.475s] -- Up-to-date: /home/iRETI/504/CobotMyRobot/install/action_interfaces/include/action_interfaces/action_interfaces/action/detail/set_angle__type_support.c
[0.475s] -- Up-to-date: /home/iRETI/504/CobotMyRobot/install/action_interfaces/include/action_interfaces/action_interfaces/msg
[0.475s] -- Up-to-date: /home/iRETI/504/CobotMyRobot/install/action_interfaces/include/action_interfaces/action_interfaces/msg/rosidl_typesupport_introspection_c__visibility_control.h
[0.475s] -- Up-to-date: /home/iRETI/504/CobotMyRobot/install/action_interfaces/lib/libaction_interfaces__rosidl_typesupport_introspection_c.so
[0.475s] -- Up-to-date: /home/iRETI/504/CobotMyRobot/install/action_interfaces/lib/libaction_interfaces__rosidl_typesupport_c.so
[0.475s] -- Up-to-date: /home/iRETI/504/CobotMyRobot/install/action_interfaces/include/action_interfaces/action_interfaces
[0.475s] -- Up-to-date: /home/iRETI/504/CobotMyRobot/install/action_interfaces/include/action_interfaces/action_interfaces/action
[0.475s] -- Up-to-date: /home/iRETI/504/CobotMyRobot/install/action_interfaces/include/action_interfaces/action_interfaces/action/detail
[0.475s] -- Up-to-date: /home/iRETI/504/CobotMyRobot/install/action_interfaces/include/action_interfaces/action_interfaces/action/detail/set_angle__traits.hpp
[0.475s] -- Up-to-date: /home/iRETI/504/CobotMyRobot/install/action_interfaces/include/action_interfaces/action_interfaces/action/detail/set_angle__struct.hpp
[0.475s] -- Up-to-date: /home/iRETI/504/CobotMyRobot/install/action_interfaces/include/action_interfaces/action_interfaces/action/detail/set_angle__builder.hpp
[0.475s] -- Up-to-date: /home/iRETI/504/CobotMyRobot/install/action_interfaces/include/action_interfaces/action_interfaces/action/set_angle.hpp
[0.475s] -- Up-to-date: /home/iRETI/504/CobotMyRobot/install/action_interfaces/include/action_interfaces/action_interfaces
[0.475s] -- Up-to-date: /home/iRETI/504/CobotMyRobot/install/action_interfaces/include/action_interfaces/action_interfaces/action
[0.475s] -- Up-to-date: /home/iRETI/504/CobotMyRobot/install/action_interfaces/include/action_interfaces/action_interfaces/action/detail
[0.475s] -- Up-to-date: /home/iRETI/504/CobotMyRobot/install/action_interfaces/include/action_interfaces/action_interfaces/action/detail/set_angle__rosidl_typesupport_fastrtps_cpp.hpp
[0.475s] -- Up-to-date: /home/iRETI/504/CobotMyRobot/install/action_interfaces/include/action_interfaces/action_interfaces/action/detail/dds_fastrtps
[0.476s] -- Up-to-date: /home/iRETI/504/CobotMyRobot/install/action_interfaces/include/action_interfaces/action_interfaces/msg
[0.476s] -- Up-to-date: /home/iRETI/504/CobotMyRobot/install/action_interfaces/include/action_interfaces/action_interfaces/msg/rosidl_typesupport_fastrtps_cpp__visibility_control.h
[0.476s] -- Up-to-date: /home/iRETI/504/CobotMyRobot/install/action_interfaces/lib/libaction_interfaces__rosidl_typesupport_fastrtps_cpp.so
[0.476s] -- Up-to-date: /home/iRETI/504/CobotMyRobot/install/action_interfaces/include/action_interfaces/action_interfaces
[0.476s] -- Up-to-date: /home/iRETI/504/CobotMyRobot/install/action_interfaces/include/action_interfaces/action_interfaces/action
[0.476s] -- Up-to-date: /home/iRETI/504/CobotMyRobot/install/action_interfaces/include/action_interfaces/action_interfaces/action/detail
[0.476s] -- Up-to-date: /home/iRETI/504/CobotMyRobot/install/action_interfaces/include/action_interfaces/action_interfaces/action/detail/set_angle__type_support.cpp
[0.476s] -- Up-to-date: /home/iRETI/504/CobotMyRobot/install/action_interfaces/include/action_interfaces/action_interfaces/action/detail/set_angle__rosidl_typesupport_introspection_cpp.hpp
[0.476s] -- Up-to-date: /home/iRETI/504/CobotMyRobot/install/action_interfaces/lib/libaction_interfaces__rosidl_typesupport_introspection_cpp.so
[0.476s] -- Up-to-date: /home/iRETI/504/CobotMyRobot/install/action_interfaces/lib/libaction_interfaces__rosidl_typesupport_cpp.so
[0.476s] -- Up-to-date: /home/iRETI/504/CobotMyRobot/install/action_interfaces/share/action_interfaces/environment/pythonpath.sh
[0.476s] -- Up-to-date: /home/iRETI/504/CobotMyRobot/install/action_interfaces/share/action_interfaces/environment/pythonpath.dsv
[0.476s] -- Up-to-date: /home/iRETI/504/CobotMyRobot/install/action_interfaces/local/lib/python3.10/dist-packages/action_interfaces-0.0.0-py3.10.egg-info
[0.476s] -- Installing: /home/iRETI/504/CobotMyRobot/install/action_interfaces/local/lib/python3.10/dist-packages/action_interfaces-0.0.0-py3.10.egg-info/PKG-INFO
[0.476s] -- Installing: /home/iRETI/504/CobotMyRobot/install/action_interfaces/local/lib/python3.10/dist-packages/action_interfaces-0.0.0-py3.10.egg-info/SOURCES.txt
[0.476s] -- Installing: /home/iRETI/504/CobotMyRobot/install/action_interfaces/local/lib/python3.10/dist-packages/action_interfaces-0.0.0-py3.10.egg-info/top_level.txt
[0.476s] -- Installing: /home/iRETI/504/CobotMyRobot/install/action_interfaces/local/lib/python3.10/dist-packages/action_interfaces-0.0.0-py3.10.egg-info/dependency_links.txt
[0.476s] -- Up-to-date: /home/iRETI/504/CobotMyRobot/install/action_interfaces/local/lib/python3.10/dist-packages/action_interfaces
[0.476s] -- Up-to-date: /home/iRETI/504/CobotMyRobot/install/action_interfaces/local/lib/python3.10/dist-packages/action_interfaces/__init__.py
[0.476s] -- Up-to-date: /home/iRETI/504/CobotMyRobot/install/action_interfaces/local/lib/python3.10/dist-packages/action_interfaces/_action_interfaces_s.ep.rosidl_typesupport_fastrtps_c.c
[0.477s] -- Up-to-date: /home/iRETI/504/CobotMyRobot/install/action_interfaces/local/lib/python3.10/dist-packages/action_interfaces/action_interfaces_s__rosidl_typesupport_fastrtps_c.cpython-310-x86_64-linux-gnu.so
[0.477s] -- Up-to-date: /home/iRETI/504/CobotMyRobot/install/action_interfaces/local/lib/python3.10/dist-packages/action_interfaces/action
[0.477s] -- Up-to-date: /home/iRETI/504/CobotMyRobot/install/action_interfaces/local/lib/python3.10/dist-packages/action_interfaces/action/__init__.py
[0.477s] -- Up-to-date: /home/iRETI/504/CobotMyRobot/install/action_interfaces/local/lib/python3.10/dist-packages/action_interfaces/action/_set_angle.py
[0.477s] -- Up-to-date: /home/iRETI/504/CobotMyRobot/install/action_interfaces/local/lib/python3.10/dist-packages/action_interfaces/action/_set_angle_s.c
[0.477s] -- Up-to-date: /home/iRETI/504/CobotMyRobot/install/action_interfaces/local/lib/python3.10/dist-packages/action_interfaces/_action_interfaces_s.ep.rosidl_typesupport_introspection_c.c
[0.477s] -- Up-to-date: /home/iRETI/504/CobotMyRobot/install/action_interfaces/local/lib/python3.10/dist-packages/action_interfaces/libaction_interfaces__rosidl_generator_py.so
[0.477s] -- Up-to-date: /home/iRETI/504/CobotMyRobot/install/action_interfaces/local/lib/python3.10/dist-packages/action_interfaces/_action_interfaces_s.ep.rosidl_typesupport_c.c
[0.477s] -- Up-to-date: /home/iRETI/504/CobotMyRobot/install/action_interfaces/local/lib/python3.10/dist-packages/action_interfaces/action_interfaces_s__rosidl_typesupport_introspection_c.cpython-310-x86_64-linux-gnu.so
[0.477s] -- Up-to-date: /home/iRETI/504/CobotMyRobot/install/action_interfaces/local/lib/python3.10/dist-packages/action_interfaces/action_interfaces_s__rosidl_typesupport_c.cpython-310-x86_64-linux-gnu.so
[0.500s] Listing '/home/iRETI/504/CobotMyRobot/install/action_interfaces/local/lib/python3.10/dist-packages/action_interfaces'...
[0.500s] Listing '/home/iRETI/504/CobotMyRobot/install/action_interfaces/local/lib/python3.10/dist-packages/action_interfaces/action'...
[0.503s] -- Up-to-date: /home/iRETI/504/CobotMyRobot/install/action_interfaces/local/lib/python3.10/dist-packages/action_interfaces/action_interfaces_s__rosidl_typesupport_fastrtps_c.cpython-310-x86_64-linux-gnu.so
[0.503s] -- Up-to-date: /home/iRETI/504/CobotMyRobot/install/action_interfaces/local/lib/python3.10/dist-packages/action_interfaces/action_interfaces_s__rosidl_typesupport_introspection_c.cpython-310-x86_64-linux-gnu.so
[0.503s] -- Up-to-date: /home/iRETI/504/CobotMyRobot/install/action_interfaces/local/lib/python3.10/dist-packages/action_interfaces/action_interfaces_s__rosidl_typesupport_c.cpython-310-x86_64-linux-gnu.so
[0.503s] -- Up-to-date: /home/iRETI/504/CobotMyRobot/install/action_interfaces/lib/libaction_interfaces__rosidl_generator_py.so
[0.504s] -- Up-to-date: /home/iRETI/504/CobotMyRobot/install/action_interfaces/share/action_interfaces/action/SetAngle.idl
[0.504s] -- Up-to-date: /home/iRETI/504/CobotMyRobot/install/action_interfaces/share/action_interfaces/action/SetAngle.action
[0.504s] -- Up-to-date: /home/iRETI/504/CobotMyRobot/install/action_interfaces/share/ament_index/resource_index/package_run_dependencies/action_interfaces
[0.504s] -- Up-to-date: /home/iRETI/504/CobotMyRobot/install/action_interfaces/share/ament_index/resource_index/parent_prefix_path/action_interfaces
[0.504s] -- Up-to-date: /home/iRETI/504/CobotMyRobot/install/action_interfaces/share/action_interfaces/environment/ament_prefix_path.sh
[0.504s] -- Up-to-date: /home/iRETI/504/CobotMyRobot/install/action_interfaces/share/action_interfaces/environment/ament_prefix_path.dsv
[0.504s] -- Up-to-date: /home/iRETI/504/CobotMyRobot/install/action_interfaces/share/action_interfaces/environment/path.sh
[0.504s] -- Up-to-date: /home/iRETI/504/CobotMyRobot/install/action_interfaces/share/action_interfaces/environment/path.dsv
[0.504s] -- Up-to-date: /home/iRETI/504/CobotMyRobot/install/action_interfaces/share/action_interfaces/local_setup.bash
[0.504s] -- Up-to-date: /home/iRETI/504/CobotMyRobot/install/action_interfaces/share/action_interfaces/local_setup.sh
[0.504s] -- Up-to-date: /home/iRETI/504/CobotMyRobot/install/action_interfaces/share/action_interfaces/local_setup.zsh
[0.504s] -- Up-to-date: /home/iRETI/504/CobotMyRobot/install/action_interfaces/share/action_interfaces/local_setup.dsv
[0.504s] -- Installing: /home/iRETI/504/CobotMyRobot/install/action_interfaces/share/action_interfaces/package.dsv
[0.504s] -- Up-to-date: /home/iRETI/504/CobotMyRobot/install/action_interfaces/share/ament_index/resource_index/packages/action_interfaces
[0.505s] -- Up-to-date: /home/iRETI/504/CobotMyRobot/install/action_interfaces/share/action_interfaces/cmake/export_action_interfaces__rosidl_generator_cExport.cmake
[0.505s] -- Up-to-date: /home/iRETI/504/CobotMyRobot/install/action_interfaces/share/action_interfaces/cmake/export_action_interfaces__rosidl_generator_cExport-noconfig.cmake
[0.505s] -- Up-to-date: /home/iRETI/504/CobotMyRobot/install/action_interfaces/share/action_interfaces/cmake/export_action_interfaces__rosidl_typesupport_fastrtps_cExport.cmake
[0.505s] -- Up-to-date: /home/iRETI/504/CobotMyRobot/install/action_interfaces/share/action_interfaces/cmake/export_action_interfaces__rosidl_typesupport_fastrtps_cExport-noconfig.cmake
[0.505s] -- Up-to-date: /home/iRETI/504/CobotMyRobot/install/action_interfaces/share/action_interfaces/cmake/action_interfaces__rosidl_typesupport_introspection_cExport.cmake
[0.505s] -- Up-to-date: /home/iRETI/504/CobotMyRobot/install/action_interfaces/share/action_interfaces/cmake/action_interfaces__rosidl_typesupport_introspection_cExport-noconfig.cmake
[0.505s] -- Up-to-date: /home/iRETI/504/CobotMyRobot/install/action_interfaces/share/action_interfaces/cmake/action_interfaces__rosidl_typesupport_cExport.cmake
[0.505s] -- Up-to-date: /home/iRETI/504/CobotMyRobot/install/action_interfaces/share/action_interfaces/cmake/action_interfaces__rosidl_typesupport_cExport-noconfig.cmake
[0.505s] -- Up-to-date: /home/iRETI/504/CobotMyRobot/install/action_interfaces/share/action_interfaces/cmake/export_action_interfaces__rosidl_generator_cppExport.cmake
[0.505s] -- Up-to-date: /home/iRETI/504/CobotMyRobot/install/action_interfaces/share/action_interfaces/cmake/export_action_interfaces__rosidl_typesupport_fastrtps_cppExport.cmake
[0.505s] -- Up-to-date: /home/iRETI/504/CobotMyRobot/install/action_interfaces/share/action_interfaces/cmake/export_action_interfaces__rosidl_typesupport_fastrtps_cppExport-noconfig.cmake
[0.505s] -- Up-to-date: /home/iRETI/504/CobotMyRobot/install/action_interfaces/share/action_interfaces/cmake/action_interfaces__rosidl_typesupport_introspection_cppExport.cmake
[0.505s] -- Up-to-date: /home/iRETI/504/CobotMyRobot/install/action_interfaces/share/action_interfaces/cmake/action_interfaces__rosidl_typesupport_introspection_cppExport-noconfig.cmake
[0.505s] -- Up-to-date: /home/iRETI/504/CobotMyRobot/install/action_interfaces/share/action_interfaces/cmake/action_interfaces__rosidl_typesupport_cppExport.cmake
[0.505s] -- Up-to-date: /home/iRETI/504/CobotMyRobot/install/action_interfaces/share/action_interfaces/cmake/action_interfaces__rosidl_typesupport_cppExport-noconfig.cmake
[0.505s] -- Up-to-date: /home/iRETI/504/CobotMyRobot/install/action_interfaces/share/action_interfaces/cmake/export_action_interfaces__rosidl_generator_pyExport.cmake
[0.505s] -- Up-to-date: /home/iRETI/504/CobotMyRobot/install/action_interfaces/share/action_interfaces/cmake/export_action_interfaces__rosidl_generator_pyExport-noconfig.cmake
[0.506s] -- Up-to-date: /home/iRETI/504/CobotMyRobot/install/action_interfaces/share/action_interfaces/cmake/rosidl_cmake-extras.cmake
[0.506s] -- Up-to-date: /home/iRETI/504/CobotMyRobot/install/action_interfaces/share/action_interfaces/cmake/ament_cmake_export_dependencies-extras.cmake
[0.506s] -- Up-to-date: /home/iRETI/504/CobotMyRobot/install/action_interfaces/share/action_interfaces/cmake/ament_cmake_export_include_directories-extras.cmake
[0.506s] -- Up-to-date: /home/iRETI/504/CobotMyRobot/install/action_interfaces/share/action_interfaces/cmake/ament_cmake_export_libraries-extras.cmake
[0.506s] -- Up-to-date: /home/iRETI/504/CobotMyRobot/install/action_interfaces/share/action_interfaces/cmake/ament_cmake_export_targets-extras.cmake
[0.506s] -- Up-to-date: /home/iRETI/504/CobotMyRobot/install/action_interfaces/share/action_interfaces/cmake/rosidl_cmake_export_typesupport_targets-extras.cmake
[0.506s] -- Up-to-date: /home/iRETI/504/CobotMyRobot/install/action_interfaces/share/action_interfaces/cmake/rosidl_cmake_export_typesupport_libraries-extras.cmake
[0.506s] -- Up-to-date: /home/iRETI/504/CobotMyRobot/install/action_interfaces/share/action_interfaces/cmake/action_interfacesConfig.cmake
[0.506s] -- Up-to-date: /home/iRETI/504/CobotMyRobot/install/action_interfaces/share/action_interfaces/cmake/action_interfacesConfig-version.cmake
[0.506s] -- Up-to-date: /home/iRETI/504/CobotMyRobot/install/action_interfaces/share/action_interfaces/package.xml
[0.508s] Invoked command in '/home/iRETI/504/CobotMyRobot/build/action_interfaces' returned '0': CMAKE_PREFIX_PATH=/opt/ros/humble /usr/bin/cmake --install /home/iRETI/504/CobotMyRobot/build/action_interfaces
