[0.011s] Invoking command in '/home/iRETI/504/CobotMyRobot/build/action_interfaces': CMAKE_PREFIX_PATH=/opt/ros/humble /usr/bin/cmake /home/iRETI/504/CobotMyRobot/ros2_ws/src/action_interfaces -DCMAKE_INSTALL_PREFIX=/home/iRETI/504/CobotMyRobot/install/action_interfaces
[0.102s] -- The C compiler identification is GNU 11.3.0
[0.169s] -- The CXX compiler identification is GNU 11.3.0
[0.177s] -- Detecting C compiler ABI info
[0.233s] -- Detecting C compiler ABI info - done
[0.241s] -- Check for working C compiler: /usr/bin/cc - skipped
[0.241s] -- Detecting C compile features
[0.242s] -- Detecting C compile features - done
[0.245s] -- Detecting CXX compiler ABI info
[0.313s] -- Detecting CXX compiler ABI info - done
[0.321s] -- Check for working CXX compiler: /usr/bin/c++ - skipped
[0.321s] -- Detecting CXX compile features
[0.321s] -- Detecting CXX compile features - done
[0.326s] -- Found ament_cmake: 1.3.3 (/opt/ros/humble/share/ament_cmake/cmake)
[0.911s] -- Found Python3: /usr/bin/python3.10 (found version "3.10.6") found components: Interpreter 
[1.006s] -- Found ament_lint_auto: 0.12.5 (/opt/ros/humble/share/ament_lint_auto/cmake)
[1.073s] -- Found rosidl_default_generators: 1.2.0 (/opt/ros/humble/share/rosidl_default_generators/cmake)
[1.077s] -- Using all available rosidl_typesupport_c: rosidl_typesupport_fastrtps_c;rosidl_typesupport_introspection_c
[1.083s] -- Found rosidl_adapter: 3.1.4 (/opt/ros/humble/share/rosidl_adapter/cmake)
[1.126s] -- Using all available rosidl_typesupport_cpp: rosidl_typesupport_fastrtps_cpp;rosidl_typesupport_introspection_cpp
[1.416s] -- Found ament_cmake_ros: 0.10.0 (/opt/ros/humble/share/ament_cmake_ros/cmake)
[1.581s] -- Using all available rosidl_typesupport_c: rosidl_typesupport_fastrtps_c;rosidl_typesupport_introspection_c
[1.790s] -- Using all available rosidl_typesupport_cpp: rosidl_typesupport_fastrtps_cpp;rosidl_typesupport_introspection_cpp
[1.810s] -- Found PythonInterp: /usr/bin/python3 (found suitable version "3.10.6", minimum required is "3.6") 
[1.811s] -- Found python_cmake_module: 0.10.0 (/opt/ros/humble/share/python_cmake_module/cmake)
[1.835s] -- Found PythonLibs: /usr/lib/x86_64-linux-gnu/libpython3.10.so (found suitable version "3.10.6", minimum required is "3.5") 
[1.835s] -- Using PYTHON_EXECUTABLE: /usr/bin/python3
[1.835s] -- Using PYTHON_INCLUDE_DIRS: /usr/include/python3.10
[1.835s] -- Using PYTHON_LIBRARIES: /usr/lib/x86_64-linux-gnu/libpython3.10.so
[1.854s] -- Found PythonExtra: .so  
[1.892s] -- Added test 'lint_cmake' to check CMake code style
[1.894s] -- Added test 'xmllint' to check XML markup files
[1.899s] -- Configuring done
[1.925s] -- Generating done
[1.927s] -- Build files have been written to: /home/iRETI/504/CobotMyRobot/build/action_interfaces
[1.938s] Invoked command in '/home/iRETI/504/CobotMyRobot/build/action_interfaces' returned '0': CMAKE_PREFIX_PATH=/opt/ros/humble /usr/bin/cmake /home/iRETI/504/CobotMyRobot/ros2_ws/src/action_interfaces -DCMAKE_INSTALL_PREFIX=/home/iRETI/504/CobotMyRobot/install/action_interfaces
[1.938s] Invoking command in '/home/iRETI/504/CobotMyRobot/build/action_interfaces': CMAKE_PREFIX_PATH=/opt/ros/humble /usr/bin/cmake --build /home/iRETI/504/CobotMyRobot/build/action_interfaces -- -j12 -l12
[1.967s] [  3%] [34m[1mGenerating C code for ROS interfaces[0m
[1.975s] [  6%] [34m[1mGenerating C++ code for ROS interfaces[0m
[1.982s] [  6%] Built target ament_cmake_python_copy_action_interfaces
[2.335s] running egg_info
[2.336s] creating action_interfaces.egg-info
[2.352s] writing action_interfaces.egg-info/PKG-INFO
[2.352s] writing dependency_links to action_interfaces.egg-info/dependency_links.txt
[2.353s] writing top-level names to action_interfaces.egg-info/top_level.txt
[2.353s] writing manifest file 'action_interfaces.egg-info/SOURCES.txt'
[2.399s] reading manifest file 'action_interfaces.egg-info/SOURCES.txt'
[2.399s] writing manifest file 'action_interfaces.egg-info/SOURCES.txt'
[2.440s] [  6%] Built target action_interfaces__cpp
[2.449s] [ 12%] [34m[1mGenerating C++ type support dispatch for ROS interfaces[0m
[2.449s] [ 12%] [34m[1mGenerating C++ type support for eProsima Fast-RTPS[0m
[2.449s] [ 16%] [34m[1mGenerating C++ introspection for ROS interfaces[0m
[2.456s] [ 16%] Built target ament_cmake_python_build_action_interfaces_egg
[2.456s] [ 19%] [32mBuilding C object CMakeFiles/action_interfaces__rosidl_generator_c.dir/rosidl_generator_c/action_interfaces/action/detail/set_angle__functions.c.o[0m
[2.609s] [ 22%] [32m[1mLinking C shared library libaction_interfaces__rosidl_generator_c.so[0m
[2.647s] [ 22%] Built target action_interfaces__rosidl_generator_c
[2.657s] [ 32%] [34m[1mGenerating C type support for eProsima Fast-RTPS[0m
[2.657s] [ 32%] [34m[1mGenerating C type support dispatch for ROS interfaces[0m
[2.657s] [ 32%] [34m[1mGenerating C introspection for ROS interfaces[0m
[2.827s] [ 35%] [32mBuilding CXX object CMakeFiles/action_interfaces__rosidl_typesupport_cpp.dir/rosidl_typesupport_cpp/action_interfaces/action/set_angle__type_support.cpp.o[0m
[2.898s] [ 38%] [32mBuilding CXX object CMakeFiles/action_interfaces__rosidl_typesupport_introspection_cpp.dir/rosidl_typesupport_introspection_cpp/action_interfaces/action/detail/set_angle__type_support.cpp.o[0m
[2.959s] [ 41%] [32mBuilding CXX object CMakeFiles/action_interfaces__rosidl_typesupport_fastrtps_cpp.dir/rosidl_typesupport_fastrtps_cpp/action_interfaces/action/detail/dds_fastrtps/set_angle__type_support.cpp.o[0m
[3.059s] [ 45%] [32mBuilding CXX object CMakeFiles/action_interfaces__rosidl_typesupport_c.dir/rosidl_typesupport_c/action_interfaces/action/set_angle__type_support.cpp.o[0m
[3.111s] [ 48%] [32m[1mLinking CXX shared library libaction_interfaces__rosidl_typesupport_c.so[0m
[3.151s] [ 51%] [32mBuilding C object CMakeFiles/action_interfaces__rosidl_typesupport_introspection_c.dir/rosidl_typesupport_introspection_c/action_interfaces/action/detail/set_angle__type_support.c.o[0m
[3.154s] [ 51%] Built target action_interfaces__rosidl_typesupport_c
[3.203s] [ 54%] [32m[1mLinking C shared library libaction_interfaces__rosidl_typesupport_introspection_c.so[0m
[3.232s] [ 58%] [32mBuilding CXX object CMakeFiles/action_interfaces__rosidl_typesupport_fastrtps_c.dir/rosidl_typesupport_fastrtps_c/action_interfaces/action/detail/set_angle__type_support_c.cpp.o[0m
[3.234s] [ 58%] Built target action_interfaces__rosidl_typesupport_introspection_c
[3.383s] [ 61%] [32m[1mLinking CXX shared library libaction_interfaces__rosidl_typesupport_cpp.so[0m
[3.421s] [ 61%] Built target action_interfaces__rosidl_typesupport_cpp
[3.568s] [ 64%] [32m[1mLinking CXX shared library libaction_interfaces__rosidl_typesupport_introspection_cpp.so[0m
[3.620s] [ 70%] [32m[1mLinking CXX shared library libaction_interfaces__rosidl_typesupport_fastrtps_c.so[0m
[3.620s] [ 70%] [32m[1mLinking CXX shared library libaction_interfaces__rosidl_typesupport_fastrtps_cpp.so[0m
[3.634s] [ 70%] Built target action_interfaces__rosidl_typesupport_introspection_cpp
[3.696s] [ 70%] Built target action_interfaces__rosidl_typesupport_fastrtps_cpp
[3.696s] [ 70%] Built target action_interfaces__rosidl_typesupport_fastrtps_c
[3.710s] [ 70%] Built target action_interfaces
[3.724s] [ 74%] [34m[1mGenerating Python code for ROS interfaces[0m
[4.431s] [ 74%] Built target action_interfaces__py
[4.446s] [ 77%] [32mBuilding C object CMakeFiles/action_interfaces__rosidl_generator_py.dir/rosidl_generator_py/action_interfaces/action/_set_angle_s.c.o[0m
[4.585s] [ 80%] [32m[1mLinking C shared library rosidl_generator_py/action_interfaces/libaction_interfaces__rosidl_generator_py.so[0m
[4.617s] [ 80%] Built target action_interfaces__rosidl_generator_py
[4.635s] [ 90%] [32mBuilding C object CMakeFiles/action_interfaces__rosidl_typesupport_c__pyext.dir/rosidl_generator_py/action_interfaces/_action_interfaces_s.ep.rosidl_typesupport_c.c.o[0m
[4.635s] [ 90%] [32mBuilding C object CMakeFiles/action_interfaces__rosidl_typesupport_fastrtps_c__pyext.dir/rosidl_generator_py/action_interfaces/_action_interfaces_s.ep.rosidl_typesupport_fastrtps_c.c.o[0m
[4.635s] [ 90%] [32mBuilding C object CMakeFiles/action_interfaces__rosidl_typesupport_introspection_c__pyext.dir/rosidl_generator_py/action_interfaces/_action_interfaces_s.ep.rosidl_typesupport_introspection_c.c.o[0m
[4.752s] [100%] [32m[1mLinking C shared library rosidl_generator_py/action_interfaces/action_interfaces_s__rosidl_typesupport_fastrtps_c.cpython-310-x86_64-linux-gnu.so[0m
[4.752s] [100%] [32m[1mLinking C shared library rosidl_generator_py/action_interfaces/action_interfaces_s__rosidl_typesupport_introspection_c.cpython-310-x86_64-linux-gnu.so[0m
[4.752s] [100%] [32m[1mLinking C shared library rosidl_generator_py/action_interfaces/action_interfaces_s__rosidl_typesupport_c.cpython-310-x86_64-linux-gnu.so[0m
[4.788s] [100%] Built target action_interfaces__rosidl_typesupport_fastrtps_c__pyext
[4.789s] [100%] Built target action_interfaces__rosidl_typesupport_introspection_c__pyext
[4.789s] [100%] Built target action_interfaces__rosidl_typesupport_c__pyext
[4.797s] Invoked command in '/home/iRETI/504/CobotMyRobot/build/action_interfaces' returned '0': CMAKE_PREFIX_PATH=/opt/ros/humble /usr/bin/cmake --build /home/iRETI/504/CobotMyRobot/build/action_interfaces -- -j12 -l12
[4.841s] Invoking command in '/home/iRETI/504/CobotMyRobot/build/action_interfaces': CMAKE_PREFIX_PATH=/opt/ros/humble /usr/bin/cmake --install /home/iRETI/504/CobotMyRobot/build/action_interfaces
[4.847s] -- Install configuration: ""
[4.847s] -- Installing: /home/iRETI/504/CobotMyRobot/install/action_interfaces/share/ament_index/resource_index/rosidl_interfaces/action_interfaces
[4.848s] -- Up-to-date: /home/iRETI/504/CobotMyRobot/install/action_interfaces/include/action_interfaces/action_interfaces
[4.848s] -- Up-to-date: /home/iRETI/504/CobotMyRobot/install/action_interfaces/include/action_interfaces/action_interfaces/action
[4.848s] -- Installing: /home/iRETI/504/CobotMyRobot/install/action_interfaces/include/action_interfaces/action_interfaces/action/set_angle.h
[4.848s] -- Up-to-date: /home/iRETI/504/CobotMyRobot/install/action_interfaces/include/action_interfaces/action_interfaces/action/detail
[4.848s] -- Installing: /home/iRETI/504/CobotMyRobot/install/action_interfaces/include/action_interfaces/action_interfaces/action/detail/set_angle__struct.h
[4.848s] -- Installing: /home/iRETI/504/CobotMyRobot/install/action_interfaces/include/action_interfaces/action_interfaces/action/detail/set_angle__functions.h
[4.848s] -- Installing: /home/iRETI/504/CobotMyRobot/install/action_interfaces/include/action_interfaces/action_interfaces/action/detail/set_angle__type_support.h
[4.848s] -- Installing: /home/iRETI/504/CobotMyRobot/install/action_interfaces/include/action_interfaces/action_interfaces/action/detail/set_angle__functions.c
[4.849s] -- Up-to-date: /home/iRETI/504/CobotMyRobot/install/action_interfaces/include/action_interfaces/action_interfaces/msg
[4.849s] -- Installing: /home/iRETI/504/CobotMyRobot/install/action_interfaces/include/action_interfaces/action_interfaces/msg/rosidl_generator_c__visibility_control.h
[4.849s] -- Up-to-date: /home/iRETI/504/CobotMyRobot/install/action_interfaces/share/action_interfaces/environment/library_path.sh
[4.849s] -- Installing: /home/iRETI/504/CobotMyRobot/install/action_interfaces/share/action_interfaces/environment/library_path.dsv
[4.849s] -- Installing: /home/iRETI/504/CobotMyRobot/install/action_interfaces/lib/libaction_interfaces__rosidl_generator_c.so
[4.849s] -- Set runtime path of "/home/iRETI/504/CobotMyRobot/install/action_interfaces/lib/libaction_interfaces__rosidl_generator_c.so" to ""
[4.849s] -- Up-to-date: /home/iRETI/504/CobotMyRobot/install/action_interfaces/include/action_interfaces/action_interfaces
[4.850s] -- Up-to-date: /home/iRETI/504/CobotMyRobot/install/action_interfaces/include/action_interfaces/action_interfaces/action
[4.850s] -- Up-to-date: /home/iRETI/504/CobotMyRobot/install/action_interfaces/include/action_interfaces/action_interfaces/action/detail
[4.850s] -- Installing: /home/iRETI/504/CobotMyRobot/install/action_interfaces/include/action_interfaces/action_interfaces/action/detail/set_angle__rosidl_typesupport_fastrtps_c.h
[4.850s] -- Up-to-date: /home/iRETI/504/CobotMyRobot/install/action_interfaces/include/action_interfaces/action_interfaces/msg
[4.850s] -- Installing: /home/iRETI/504/CobotMyRobot/install/action_interfaces/include/action_interfaces/action_interfaces/msg/rosidl_typesupport_fastrtps_c__visibility_control.h
[4.850s] -- Installing: /home/iRETI/504/CobotMyRobot/install/action_interfaces/lib/libaction_interfaces__rosidl_typesupport_fastrtps_c.so
[4.850s] -- Set runtime path of "/home/iRETI/504/CobotMyRobot/install/action_interfaces/lib/libaction_interfaces__rosidl_typesupport_fastrtps_c.so" to ""
[4.850s] -- Up-to-date: /home/iRETI/504/CobotMyRobot/install/action_interfaces/include/action_interfaces/action_interfaces
[4.850s] -- Up-to-date: /home/iRETI/504/CobotMyRobot/install/action_interfaces/include/action_interfaces/action_interfaces/action
[4.850s] -- Up-to-date: /home/iRETI/504/CobotMyRobot/install/action_interfaces/include/action_interfaces/action_interfaces/action/detail
[4.851s] -- Installing: /home/iRETI/504/CobotMyRobot/install/action_interfaces/include/action_interfaces/action_interfaces/action/detail/set_angle__rosidl_typesupport_introspection_c.h
[4.851s] -- Installing: /home/iRETI/504/CobotMyRobot/install/action_interfaces/include/action_interfaces/action_interfaces/action/detail/set_angle__type_support.c
[4.851s] -- Up-to-date: /home/iRETI/504/CobotMyRobot/install/action_interfaces/include/action_interfaces/action_interfaces/msg
[4.851s] -- Installing: /home/iRETI/504/CobotMyRobot/install/action_interfaces/include/action_interfaces/action_interfaces/msg/rosidl_typesupport_introspection_c__visibility_control.h
[4.851s] -- Installing: /home/iRETI/504/CobotMyRobot/install/action_interfaces/lib/libaction_interfaces__rosidl_typesupport_introspection_c.so
[4.851s] -- Set runtime path of "/home/iRETI/504/CobotMyRobot/install/action_interfaces/lib/libaction_interfaces__rosidl_typesupport_introspection_c.so" to ""
[4.851s] -- Installing: /home/iRETI/504/CobotMyRobot/install/action_interfaces/lib/libaction_interfaces__rosidl_typesupport_c.so
[4.852s] -- Set runtime path of "/home/iRETI/504/CobotMyRobot/install/action_interfaces/lib/libaction_interfaces__rosidl_typesupport_c.so" to ""
[4.852s] -- Up-to-date: /home/iRETI/504/CobotMyRobot/install/action_interfaces/include/action_interfaces/action_interfaces
[4.852s] -- Up-to-date: /home/iRETI/504/CobotMyRobot/install/action_interfaces/include/action_interfaces/action_interfaces/action
[4.852s] -- Up-to-date: /home/iRETI/504/CobotMyRobot/install/action_interfaces/include/action_interfaces/action_interfaces/action/detail
[4.852s] -- Installing: /home/iRETI/504/CobotMyRobot/install/action_interfaces/include/action_interfaces/action_interfaces/action/detail/set_angle__traits.hpp
[4.852s] -- Installing: /home/iRETI/504/CobotMyRobot/install/action_interfaces/include/action_interfaces/action_interfaces/action/detail/set_angle__struct.hpp
[4.852s] -- Installing: /home/iRETI/504/CobotMyRobot/install/action_interfaces/include/action_interfaces/action_interfaces/action/detail/set_angle__builder.hpp
[4.852s] -- Installing: /home/iRETI/504/CobotMyRobot/install/action_interfaces/include/action_interfaces/action_interfaces/action/set_angle.hpp
[4.852s] -- Up-to-date: /home/iRETI/504/CobotMyRobot/install/action_interfaces/include/action_interfaces/action_interfaces
[4.852s] -- Up-to-date: /home/iRETI/504/CobotMyRobot/install/action_interfaces/include/action_interfaces/action_interfaces/action
[4.852s] -- Up-to-date: /home/iRETI/504/CobotMyRobot/install/action_interfaces/include/action_interfaces/action_interfaces/action/detail
[4.853s] -- Installing: /home/iRETI/504/CobotMyRobot/install/action_interfaces/include/action_interfaces/action_interfaces/action/detail/set_angle__rosidl_typesupport_fastrtps_cpp.hpp
[4.853s] -- Up-to-date: /home/iRETI/504/CobotMyRobot/install/action_interfaces/include/action_interfaces/action_interfaces/action/detail/dds_fastrtps
[4.853s] -- Up-to-date: /home/iRETI/504/CobotMyRobot/install/action_interfaces/include/action_interfaces/action_interfaces/msg
[4.853s] -- Installing: /home/iRETI/504/CobotMyRobot/install/action_interfaces/include/action_interfaces/action_interfaces/msg/rosidl_typesupport_fastrtps_cpp__visibility_control.h
[4.853s] -- Installing: /home/iRETI/504/CobotMyRobot/install/action_interfaces/lib/libaction_interfaces__rosidl_typesupport_fastrtps_cpp.so
[4.854s] -- Set runtime path of "/home/iRETI/504/CobotMyRobot/install/action_interfaces/lib/libaction_interfaces__rosidl_typesupport_fastrtps_cpp.so" to ""
[4.854s] -- Up-to-date: /home/iRETI/504/CobotMyRobot/install/action_interfaces/include/action_interfaces/action_interfaces
[4.854s] -- Up-to-date: /home/iRETI/504/CobotMyRobot/install/action_interfaces/include/action_interfaces/action_interfaces/action
[4.854s] -- Up-to-date: /home/iRETI/504/CobotMyRobot/install/action_interfaces/include/action_interfaces/action_interfaces/action/detail
[4.854s] -- Installing: /home/iRETI/504/CobotMyRobot/install/action_interfaces/include/action_interfaces/action_interfaces/action/detail/set_angle__type_support.cpp
[4.854s] -- Installing: /home/iRETI/504/CobotMyRobot/install/action_interfaces/include/action_interfaces/action_interfaces/action/detail/set_angle__rosidl_typesupport_introspection_cpp.hpp
[4.854s] -- Installing: /home/iRETI/504/CobotMyRobot/install/action_interfaces/lib/libaction_interfaces__rosidl_typesupport_introspection_cpp.so
[4.855s] -- Set runtime path of "/home/iRETI/504/CobotMyRobot/install/action_interfaces/lib/libaction_interfaces__rosidl_typesupport_introspection_cpp.so" to ""
[4.855s] -- Installing: /home/iRETI/504/CobotMyRobot/install/action_interfaces/lib/libaction_interfaces__rosidl_typesupport_cpp.so
[4.855s] -- Set runtime path of "/home/iRETI/504/CobotMyRobot/install/action_interfaces/lib/libaction_interfaces__rosidl_typesupport_cpp.so" to ""
[4.855s] -- Installing: /home/iRETI/504/CobotMyRobot/install/action_interfaces/share/action_interfaces/environment/pythonpath.sh
[4.855s] -- Installing: /home/iRETI/504/CobotMyRobot/install/action_interfaces/share/action_interfaces/environment/pythonpath.dsv
[4.855s] -- Up-to-date: /home/iRETI/504/CobotMyRobot/install/action_interfaces/local/lib/python3.10/dist-packages/action_interfaces-0.0.0-py3.10.egg-info
[4.856s] -- Installing: /home/iRETI/504/CobotMyRobot/install/action_interfaces/local/lib/python3.10/dist-packages/action_interfaces-0.0.0-py3.10.egg-info/PKG-INFO
[4.856s] -- Installing: /home/iRETI/504/CobotMyRobot/install/action_interfaces/local/lib/python3.10/dist-packages/action_interfaces-0.0.0-py3.10.egg-info/SOURCES.txt
[4.856s] -- Installing: /home/iRETI/504/CobotMyRobot/install/action_interfaces/local/lib/python3.10/dist-packages/action_interfaces-0.0.0-py3.10.egg-info/top_level.txt
[4.856s] -- Installing: /home/iRETI/504/CobotMyRobot/install/action_interfaces/local/lib/python3.10/dist-packages/action_interfaces-0.0.0-py3.10.egg-info/dependency_links.txt
[4.856s] -- Up-to-date: /home/iRETI/504/CobotMyRobot/install/action_interfaces/local/lib/python3.10/dist-packages/action_interfaces
[4.856s] -- Installing: /home/iRETI/504/CobotMyRobot/install/action_interfaces/local/lib/python3.10/dist-packages/action_interfaces/__init__.py
[4.856s] -- Installing: /home/iRETI/504/CobotMyRobot/install/action_interfaces/local/lib/python3.10/dist-packages/action_interfaces/_action_interfaces_s.ep.rosidl_typesupport_fastrtps_c.c
[4.856s] -- Installing: /home/iRETI/504/CobotMyRobot/install/action_interfaces/local/lib/python3.10/dist-packages/action_interfaces/action_interfaces_s__rosidl_typesupport_fastrtps_c.cpython-310-x86_64-linux-gnu.so
[4.856s] -- Up-to-date: /home/iRETI/504/CobotMyRobot/install/action_interfaces/local/lib/python3.10/dist-packages/action_interfaces/action
[4.856s] -- Installing: /home/iRETI/504/CobotMyRobot/install/action_interfaces/local/lib/python3.10/dist-packages/action_interfaces/action/__init__.py
[4.856s] -- Installing: /home/iRETI/504/CobotMyRobot/install/action_interfaces/local/lib/python3.10/dist-packages/action_interfaces/action/_set_angle.py
[4.857s] -- Installing: /home/iRETI/504/CobotMyRobot/install/action_interfaces/local/lib/python3.10/dist-packages/action_interfaces/action/_set_angle_s.c
[4.857s] -- Installing: /home/iRETI/504/CobotMyRobot/install/action_interfaces/local/lib/python3.10/dist-packages/action_interfaces/_action_interfaces_s.ep.rosidl_typesupport_introspection_c.c
[4.857s] -- Installing: /home/iRETI/504/CobotMyRobot/install/action_interfaces/local/lib/python3.10/dist-packages/action_interfaces/libaction_interfaces__rosidl_generator_py.so
[4.857s] -- Installing: /home/iRETI/504/CobotMyRobot/install/action_interfaces/local/lib/python3.10/dist-packages/action_interfaces/_action_interfaces_s.ep.rosidl_typesupport_c.c
[4.857s] -- Installing: /home/iRETI/504/CobotMyRobot/install/action_interfaces/local/lib/python3.10/dist-packages/action_interfaces/action_interfaces_s__rosidl_typesupport_introspection_c.cpython-310-x86_64-linux-gnu.so
[4.857s] -- Installing: /home/iRETI/504/CobotMyRobot/install/action_interfaces/local/lib/python3.10/dist-packages/action_interfaces/action_interfaces_s__rosidl_typesupport_c.cpython-310-x86_64-linux-gnu.so
[4.892s] Listing '/home/iRETI/504/CobotMyRobot/install/action_interfaces/local/lib/python3.10/dist-packages/action_interfaces'...
[4.892s] Compiling '/home/iRETI/504/CobotMyRobot/install/action_interfaces/local/lib/python3.10/dist-packages/action_interfaces/__init__.py'...
[4.893s] Listing '/home/iRETI/504/CobotMyRobot/install/action_interfaces/local/lib/python3.10/dist-packages/action_interfaces/action'...
[4.893s] Compiling '/home/iRETI/504/CobotMyRobot/install/action_interfaces/local/lib/python3.10/dist-packages/action_interfaces/action/__init__.py'...
[4.893s] Compiling '/home/iRETI/504/CobotMyRobot/install/action_interfaces/local/lib/python3.10/dist-packages/action_interfaces/action/_set_angle.py'...
[4.897s] -- Installing: /home/iRETI/504/CobotMyRobot/install/action_interfaces/local/lib/python3.10/dist-packages/action_interfaces/action_interfaces_s__rosidl_typesupport_fastrtps_c.cpython-310-x86_64-linux-gnu.so
[4.897s] -- Set runtime path of "/home/iRETI/504/CobotMyRobot/install/action_interfaces/local/lib/python3.10/dist-packages/action_interfaces/action_interfaces_s__rosidl_typesupport_fastrtps_c.cpython-310-x86_64-linux-gnu.so" to ""
[4.897s] -- Installing: /home/iRETI/504/CobotMyRobot/install/action_interfaces/local/lib/python3.10/dist-packages/action_interfaces/action_interfaces_s__rosidl_typesupport_introspection_c.cpython-310-x86_64-linux-gnu.so
[4.898s] -- Set runtime path of "/home/iRETI/504/CobotMyRobot/install/action_interfaces/local/lib/python3.10/dist-packages/action_interfaces/action_interfaces_s__rosidl_typesupport_introspection_c.cpython-310-x86_64-linux-gnu.so" to ""
[4.898s] -- Installing: /home/iRETI/504/CobotMyRobot/install/action_interfaces/local/lib/python3.10/dist-packages/action_interfaces/action_interfaces_s__rosidl_typesupport_c.cpython-310-x86_64-linux-gnu.so
[4.898s] -- Set runtime path of "/home/iRETI/504/CobotMyRobot/install/action_interfaces/local/lib/python3.10/dist-packages/action_interfaces/action_interfaces_s__rosidl_typesupport_c.cpython-310-x86_64-linux-gnu.so" to ""
[4.899s] -- Installing: /home/iRETI/504/CobotMyRobot/install/action_interfaces/lib/libaction_interfaces__rosidl_generator_py.so
[4.899s] -- Set runtime path of "/home/iRETI/504/CobotMyRobot/install/action_interfaces/lib/libaction_interfaces__rosidl_generator_py.so" to ""
[4.899s] -- Installing: /home/iRETI/504/CobotMyRobot/install/action_interfaces/share/action_interfaces/action/SetAngle.idl
[4.899s] -- Up-to-date: /home/iRETI/504/CobotMyRobot/install/action_interfaces/share/action_interfaces/action/SetAngle.action
[4.899s] -- Installing: /home/iRETI/504/CobotMyRobot/install/action_interfaces/share/ament_index/resource_index/package_run_dependencies/action_interfaces
[4.899s] -- Installing: /home/iRETI/504/CobotMyRobot/install/action_interfaces/share/ament_index/resource_index/parent_prefix_path/action_interfaces
[4.899s] -- Up-to-date: /home/iRETI/504/CobotMyRobot/install/action_interfaces/share/action_interfaces/environment/ament_prefix_path.sh
[4.899s] -- Installing: /home/iRETI/504/CobotMyRobot/install/action_interfaces/share/action_interfaces/environment/ament_prefix_path.dsv
[4.899s] -- Up-to-date: /home/iRETI/504/CobotMyRobot/install/action_interfaces/share/action_interfaces/environment/path.sh
[4.900s] -- Installing: /home/iRETI/504/CobotMyRobot/install/action_interfaces/share/action_interfaces/environment/path.dsv
[4.900s] -- Installing: /home/iRETI/504/CobotMyRobot/install/action_interfaces/share/action_interfaces/local_setup.bash
[4.900s] -- Installing: /home/iRETI/504/CobotMyRobot/install/action_interfaces/share/action_interfaces/local_setup.sh
[4.900s] -- Installing: /home/iRETI/504/CobotMyRobot/install/action_interfaces/share/action_interfaces/local_setup.zsh
[4.900s] -- Installing: /home/iRETI/504/CobotMyRobot/install/action_interfaces/share/action_interfaces/local_setup.dsv
[4.900s] -- Installing: /home/iRETI/504/CobotMyRobot/install/action_interfaces/share/action_interfaces/package.dsv
[4.900s] -- Installing: /home/iRETI/504/CobotMyRobot/install/action_interfaces/share/ament_index/resource_index/packages/action_interfaces
[4.901s] -- Installing: /home/iRETI/504/CobotMyRobot/install/action_interfaces/share/action_interfaces/cmake/export_action_interfaces__rosidl_generator_cExport.cmake
[4.901s] -- Installing: /home/iRETI/504/CobotMyRobot/install/action_interfaces/share/action_interfaces/cmake/export_action_interfaces__rosidl_generator_cExport-noconfig.cmake
[4.901s] -- Installing: /home/iRETI/504/CobotMyRobot/install/action_interfaces/share/action_interfaces/cmake/export_action_interfaces__rosidl_typesupport_fastrtps_cExport.cmake
[4.901s] -- Installing: /home/iRETI/504/CobotMyRobot/install/action_interfaces/share/action_interfaces/cmake/export_action_interfaces__rosidl_typesupport_fastrtps_cExport-noconfig.cmake
[4.902s] -- Installing: /home/iRETI/504/CobotMyRobot/install/action_interfaces/share/action_interfaces/cmake/action_interfaces__rosidl_typesupport_introspection_cExport.cmake
[4.902s] -- Installing: /home/iRETI/504/CobotMyRobot/install/action_interfaces/share/action_interfaces/cmake/action_interfaces__rosidl_typesupport_introspection_cExport-noconfig.cmake
[4.902s] -- Installing: /home/iRETI/504/CobotMyRobot/install/action_interfaces/share/action_interfaces/cmake/action_interfaces__rosidl_typesupport_cExport.cmake
[4.902s] -- Installing: /home/iRETI/504/CobotMyRobot/install/action_interfaces/share/action_interfaces/cmake/action_interfaces__rosidl_typesupport_cExport-noconfig.cmake
[4.902s] -- Installing: /home/iRETI/504/CobotMyRobot/install/action_interfaces/share/action_interfaces/cmake/export_action_interfaces__rosidl_generator_cppExport.cmake
[4.903s] -- Installing: /home/iRETI/504/CobotMyRobot/install/action_interfaces/share/action_interfaces/cmake/export_action_interfaces__rosidl_typesupport_fastrtps_cppExport.cmake
[4.903s] -- Installing: /home/iRETI/504/CobotMyRobot/install/action_interfaces/share/action_interfaces/cmake/export_action_interfaces__rosidl_typesupport_fastrtps_cppExport-noconfig.cmake
[4.903s] -- Installing: /home/iRETI/504/CobotMyRobot/install/action_interfaces/share/action_interfaces/cmake/action_interfaces__rosidl_typesupport_introspection_cppExport.cmake
[4.903s] -- Installing: /home/iRETI/504/CobotMyRobot/install/action_interfaces/share/action_interfaces/cmake/action_interfaces__rosidl_typesupport_introspection_cppExport-noconfig.cmake
[4.903s] -- Installing: /home/iRETI/504/CobotMyRobot/install/action_interfaces/share/action_interfaces/cmake/action_interfaces__rosidl_typesupport_cppExport.cmake
[4.904s] -- Installing: /home/iRETI/504/CobotMyRobot/install/action_interfaces/share/action_interfaces/cmake/action_interfaces__rosidl_typesupport_cppExport-noconfig.cmake
[4.904s] -- Installing: /home/iRETI/504/CobotMyRobot/install/action_interfaces/share/action_interfaces/cmake/export_action_interfaces__rosidl_generator_pyExport.cmake
[4.904s] -- Installing: /home/iRETI/504/CobotMyRobot/install/action_interfaces/share/action_interfaces/cmake/export_action_interfaces__rosidl_generator_pyExport-noconfig.cmake
[4.904s] -- Installing: /home/iRETI/504/CobotMyRobot/install/action_interfaces/share/action_interfaces/cmake/rosidl_cmake-extras.cmake
[4.904s] -- Installing: /home/iRETI/504/CobotMyRobot/install/action_interfaces/share/action_interfaces/cmake/ament_cmake_export_dependencies-extras.cmake
[4.904s] -- Installing: /home/iRETI/504/CobotMyRobot/install/action_interfaces/share/action_interfaces/cmake/ament_cmake_export_include_directories-extras.cmake
[4.904s] -- Installing: /home/iRETI/504/CobotMyRobot/install/action_interfaces/share/action_interfaces/cmake/ament_cmake_export_libraries-extras.cmake
[4.905s] -- Installing: /home/iRETI/504/CobotMyRobot/install/action_interfaces/share/action_interfaces/cmake/ament_cmake_export_targets-extras.cmake
[4.905s] -- Installing: /home/iRETI/504/CobotMyRobot/install/action_interfaces/share/action_interfaces/cmake/rosidl_cmake_export_typesupport_targets-extras.cmake
[4.905s] -- Installing: /home/iRETI/504/CobotMyRobot/install/action_interfaces/share/action_interfaces/cmake/rosidl_cmake_export_typesupport_libraries-extras.cmake
[4.905s] -- Installing: /home/iRETI/504/CobotMyRobot/install/action_interfaces/share/action_interfaces/cmake/action_interfacesConfig.cmake
[4.905s] -- Installing: /home/iRETI/504/CobotMyRobot/install/action_interfaces/share/action_interfaces/cmake/action_interfacesConfig-version.cmake
[4.905s] -- Up-to-date: /home/iRETI/504/CobotMyRobot/install/action_interfaces/share/action_interfaces/package.xml
[4.908s] Invoked command in '/home/iRETI/504/CobotMyRobot/build/action_interfaces' returned '0': CMAKE_PREFIX_PATH=/opt/ros/humble /usr/bin/cmake --install /home/iRETI/504/CobotMyRobot/build/action_interfaces
