[0.015s] Invoking command in '/home/cdwiench/Desktop/Robotics/CobotMyRobot/build/action_interfaces': /usr/bin/cmake --build /home/cdwiench/Desktop/Robotics/CobotMyRobot/build/action_interfaces -- -j8 -l8
[0.061s] [  3%] Built target action_interfaces__cpp
[0.062s] [ 12%] Built target action_interfaces__rosidl_generator_c
[0.074s] [ 12%] Built target ament_cmake_python_copy_action_interfaces
[0.089s] [ 29%] Built target action_interfaces__rosidl_typesupport_introspection_cpp
[0.090s] [ 32%] Built target action_interfaces__rosidl_typesupport_fastrtps_cpp
[0.092s] [ 64%] Built target action_interfaces__rosidl_typesupport_c
[0.092s] [ 64%] Built target action_interfaces__rosidl_typesupport_fastrtps_c
[0.092s] [ 64%] Built target action_interfaces__rosidl_typesupport_introspection_c
[0.092s] [ 70%] Built target action_interfaces__rosidl_typesupport_cpp
[0.110s] [ 70%] Built target action_interfaces
[0.130s] [ 74%] Built target action_interfaces__py
[0.151s] [ 80%] Built target action_interfaces__rosidl_generator_py
[0.173s] [ 90%] Built target action_interfaces__rosidl_typesupport_c__pyext
[0.173s] [ 93%] Built target action_interfaces__rosidl_typesupport_introspection_c__pyext
[0.176s] [100%] Built target action_interfaces__rosidl_typesupport_fastrtps_c__pyext
[0.356s] running egg_info
[0.357s] writing action_interfaces.egg-info/PKG-INFO
[0.357s] writing dependency_links to action_interfaces.egg-info/dependency_links.txt
[0.358s] writing top-level names to action_interfaces.egg-info/top_level.txt
[0.361s] reading manifest file 'action_interfaces.egg-info/SOURCES.txt'
[0.362s] writing manifest file 'action_interfaces.egg-info/SOURCES.txt'
[0.390s] [100%] Built target ament_cmake_python_build_action_interfaces_egg
[0.401s] Invoked command in '/home/cdwiench/Desktop/Robotics/CobotMyRobot/build/action_interfaces' returned '0': /usr/bin/cmake --build /home/cdwiench/Desktop/Robotics/CobotMyRobot/build/action_interfaces -- -j8 -l8
[0.462s] Invoking command in '/home/cdwiench/Desktop/Robotics/CobotMyRobot/build/action_interfaces': /usr/bin/cmake --install /home/cdwiench/Desktop/Robotics/CobotMyRobot/build/action_interfaces
[0.470s] -- Install configuration: ""
[0.471s] -- Up-to-date: /home/cdwiench/Desktop/Robotics/CobotMyRobot/install/action_interfaces/share/ament_index/resource_index/rosidl_interfaces/action_interfaces
[0.471s] -- Up-to-date: /home/cdwiench/Desktop/Robotics/CobotMyRobot/install/action_interfaces/include/action_interfaces/action_interfaces
[0.472s] -- Up-to-date: /home/cdwiench/Desktop/Robotics/CobotMyRobot/install/action_interfaces/include/action_interfaces/action_interfaces/msg
[0.472s] -- Up-to-date: /home/cdwiench/Desktop/Robotics/CobotMyRobot/install/action_interfaces/include/action_interfaces/action_interfaces/msg/rosidl_generator_c__visibility_control.h
[0.472s] -- Up-to-date: /home/cdwiench/Desktop/Robotics/CobotMyRobot/install/action_interfaces/include/action_interfaces/action_interfaces/action
[0.472s] -- Up-to-date: /home/cdwiench/Desktop/Robotics/CobotMyRobot/install/action_interfaces/include/action_interfaces/action_interfaces/action/set_angle.h
[0.472s] -- Up-to-date: /home/cdwiench/Desktop/Robotics/CobotMyRobot/install/action_interfaces/include/action_interfaces/action_interfaces/action/detail
[0.473s] -- Up-to-date: /home/cdwiench/Desktop/Robotics/CobotMyRobot/install/action_interfaces/include/action_interfaces/action_interfaces/action/detail/set_angle__struct.h
[0.473s] -- Up-to-date: /home/cdwiench/Desktop/Robotics/CobotMyRobot/install/action_interfaces/include/action_interfaces/action_interfaces/action/detail/set_angle__functions.h
[0.473s] -- Up-to-date: /home/cdwiench/Desktop/Robotics/CobotMyRobot/install/action_interfaces/include/action_interfaces/action_interfaces/action/detail/set_angle__type_support.h
[0.473s] -- Up-to-date: /home/cdwiench/Desktop/Robotics/CobotMyRobot/install/action_interfaces/include/action_interfaces/action_interfaces/action/detail/set_angle__functions.c
[0.473s] -- Up-to-date: /home/cdwiench/Desktop/Robotics/CobotMyRobot/install/action_interfaces/share/action_interfaces/environment/library_path.sh
[0.474s] -- Up-to-date: /home/cdwiench/Desktop/Robotics/CobotMyRobot/install/action_interfaces/share/action_interfaces/environment/library_path.dsv
[0.474s] -- Up-to-date: /home/cdwiench/Desktop/Robotics/CobotMyRobot/install/action_interfaces/lib/libaction_interfaces__rosidl_generator_c.so
[0.474s] -- Up-to-date: /home/cdwiench/Desktop/Robotics/CobotMyRobot/install/action_interfaces/include/action_interfaces/action_interfaces
[0.474s] -- Up-to-date: /home/cdwiench/Desktop/Robotics/CobotMyRobot/install/action_interfaces/include/action_interfaces/action_interfaces/msg
[0.474s] -- Up-to-date: /home/cdwiench/Desktop/Robotics/CobotMyRobot/install/action_interfaces/include/action_interfaces/action_interfaces/msg/rosidl_typesupport_fastrtps_c__visibility_control.h
[0.475s] -- Up-to-date: /home/cdwiench/Desktop/Robotics/CobotMyRobot/install/action_interfaces/include/action_interfaces/action_interfaces/action
[0.475s] -- Up-to-date: /home/cdwiench/Desktop/Robotics/CobotMyRobot/install/action_interfaces/include/action_interfaces/action_interfaces/action/detail
[0.475s] -- Up-to-date: /home/cdwiench/Desktop/Robotics/CobotMyRobot/install/action_interfaces/include/action_interfaces/action_interfaces/action/detail/set_angle__rosidl_typesupport_fastrtps_c.h
[0.475s] -- Up-to-date: /home/cdwiench/Desktop/Robotics/CobotMyRobot/install/action_interfaces/lib/libaction_interfaces__rosidl_typesupport_fastrtps_c.so
[0.475s] -- Up-to-date: /home/cdwiench/Desktop/Robotics/CobotMyRobot/install/action_interfaces/include/action_interfaces/action_interfaces
[0.476s] -- Up-to-date: /home/cdwiench/Desktop/Robotics/CobotMyRobot/install/action_interfaces/include/action_interfaces/action_interfaces/msg
[0.476s] -- Up-to-date: /home/cdwiench/Desktop/Robotics/CobotMyRobot/install/action_interfaces/include/action_interfaces/action_interfaces/msg/rosidl_typesupport_introspection_c__visibility_control.h
[0.476s] -- Up-to-date: /home/cdwiench/Desktop/Robotics/CobotMyRobot/install/action_interfaces/include/action_interfaces/action_interfaces/action
[0.476s] -- Up-to-date: /home/cdwiench/Desktop/Robotics/CobotMyRobot/install/action_interfaces/include/action_interfaces/action_interfaces/action/detail
[0.476s] -- Up-to-date: /home/cdwiench/Desktop/Robotics/CobotMyRobot/install/action_interfaces/include/action_interfaces/action_interfaces/action/detail/set_angle__rosidl_typesupport_introspection_c.h
[0.477s] -- Up-to-date: /home/cdwiench/Desktop/Robotics/CobotMyRobot/install/action_interfaces/include/action_interfaces/action_interfaces/action/detail/set_angle__type_support.c
[0.477s] -- Up-to-date: /home/cdwiench/Desktop/Robotics/CobotMyRobot/install/action_interfaces/lib/libaction_interfaces__rosidl_typesupport_introspection_c.so
[0.477s] -- Up-to-date: /home/cdwiench/Desktop/Robotics/CobotMyRobot/install/action_interfaces/lib/libaction_interfaces__rosidl_typesupport_c.so
[0.477s] -- Up-to-date: /home/cdwiench/Desktop/Robotics/CobotMyRobot/install/action_interfaces/include/action_interfaces/action_interfaces
[0.477s] -- Up-to-date: /home/cdwiench/Desktop/Robotics/CobotMyRobot/install/action_interfaces/include/action_interfaces/action_interfaces/action
[0.477s] -- Up-to-date: /home/cdwiench/Desktop/Robotics/CobotMyRobot/install/action_interfaces/include/action_interfaces/action_interfaces/action/set_angle.hpp
[0.478s] -- Up-to-date: /home/cdwiench/Desktop/Robotics/CobotMyRobot/install/action_interfaces/include/action_interfaces/action_interfaces/action/detail
[0.478s] -- Up-to-date: /home/cdwiench/Desktop/Robotics/CobotMyRobot/install/action_interfaces/include/action_interfaces/action_interfaces/action/detail/set_angle__struct.hpp
[0.478s] -- Up-to-date: /home/cdwiench/Desktop/Robotics/CobotMyRobot/install/action_interfaces/include/action_interfaces/action_interfaces/action/detail/set_angle__builder.hpp
[0.478s] -- Up-to-date: /home/cdwiench/Desktop/Robotics/CobotMyRobot/install/action_interfaces/include/action_interfaces/action_interfaces/action/detail/set_angle__traits.hpp
[0.479s] -- Up-to-date: /home/cdwiench/Desktop/Robotics/CobotMyRobot/install/action_interfaces/include/action_interfaces/action_interfaces
[0.479s] -- Up-to-date: /home/cdwiench/Desktop/Robotics/CobotMyRobot/install/action_interfaces/include/action_interfaces/action_interfaces/msg
[0.479s] -- Up-to-date: /home/cdwiench/Desktop/Robotics/CobotMyRobot/install/action_interfaces/include/action_interfaces/action_interfaces/msg/rosidl_typesupport_fastrtps_cpp__visibility_control.h
[0.479s] -- Up-to-date: /home/cdwiench/Desktop/Robotics/CobotMyRobot/install/action_interfaces/include/action_interfaces/action_interfaces/action
[0.479s] -- Up-to-date: /home/cdwiench/Desktop/Robotics/CobotMyRobot/install/action_interfaces/include/action_interfaces/action_interfaces/action/detail
[0.479s] -- Up-to-date: /home/cdwiench/Desktop/Robotics/CobotMyRobot/install/action_interfaces/include/action_interfaces/action_interfaces/action/detail/dds_fastrtps
[0.479s] -- Up-to-date: /home/cdwiench/Desktop/Robotics/CobotMyRobot/install/action_interfaces/include/action_interfaces/action_interfaces/action/detail/set_angle__rosidl_typesupport_fastrtps_cpp.hpp
[0.479s] -- Up-to-date: /home/cdwiench/Desktop/Robotics/CobotMyRobot/install/action_interfaces/lib/libaction_interfaces__rosidl_typesupport_fastrtps_cpp.so
[0.480s] -- Up-to-date: /home/cdwiench/Desktop/Robotics/CobotMyRobot/install/action_interfaces/include/action_interfaces/action_interfaces
[0.480s] -- Up-to-date: /home/cdwiench/Desktop/Robotics/CobotMyRobot/install/action_interfaces/include/action_interfaces/action_interfaces/action
[0.480s] -- Up-to-date: /home/cdwiench/Desktop/Robotics/CobotMyRobot/install/action_interfaces/include/action_interfaces/action_interfaces/action/detail
[0.480s] -- Up-to-date: /home/cdwiench/Desktop/Robotics/CobotMyRobot/install/action_interfaces/include/action_interfaces/action_interfaces/action/detail/set_angle__type_support.cpp
[0.480s] -- Up-to-date: /home/cdwiench/Desktop/Robotics/CobotMyRobot/install/action_interfaces/include/action_interfaces/action_interfaces/action/detail/set_angle__rosidl_typesupport_introspection_cpp.hpp
[0.480s] -- Up-to-date: /home/cdwiench/Desktop/Robotics/CobotMyRobot/install/action_interfaces/lib/libaction_interfaces__rosidl_typesupport_introspection_cpp.so
[0.480s] -- Up-to-date: /home/cdwiench/Desktop/Robotics/CobotMyRobot/install/action_interfaces/lib/libaction_interfaces__rosidl_typesupport_cpp.so
[0.480s] -- Up-to-date: /home/cdwiench/Desktop/Robotics/CobotMyRobot/install/action_interfaces/share/action_interfaces/environment/pythonpath.sh
[0.480s] -- Up-to-date: /home/cdwiench/Desktop/Robotics/CobotMyRobot/install/action_interfaces/share/action_interfaces/environment/pythonpath.dsv
[0.480s] -- Up-to-date: /home/cdwiench/Desktop/Robotics/CobotMyRobot/install/action_interfaces/local/lib/python3.10/dist-packages/action_interfaces-0.0.0-py3.10.egg-info
[0.480s] -- Installing: /home/cdwiench/Desktop/Robotics/CobotMyRobot/install/action_interfaces/local/lib/python3.10/dist-packages/action_interfaces-0.0.0-py3.10.egg-info/top_level.txt
[0.480s] -- Installing: /home/cdwiench/Desktop/Robotics/CobotMyRobot/install/action_interfaces/local/lib/python3.10/dist-packages/action_interfaces-0.0.0-py3.10.egg-info/SOURCES.txt
[0.480s] -- Installing: /home/cdwiench/Desktop/Robotics/CobotMyRobot/install/action_interfaces/local/lib/python3.10/dist-packages/action_interfaces-0.0.0-py3.10.egg-info/dependency_links.txt
[0.480s] -- Installing: /home/cdwiench/Desktop/Robotics/CobotMyRobot/install/action_interfaces/local/lib/python3.10/dist-packages/action_interfaces-0.0.0-py3.10.egg-info/PKG-INFO
[0.480s] -- Up-to-date: /home/cdwiench/Desktop/Robotics/CobotMyRobot/install/action_interfaces/local/lib/python3.10/dist-packages/action_interfaces
[0.481s] -- Up-to-date: /home/cdwiench/Desktop/Robotics/CobotMyRobot/install/action_interfaces/local/lib/python3.10/dist-packages/action_interfaces/action_interfaces_s__rosidl_typesupport_c.cpython-310-x86_64-linux-gnu.so
[0.481s] -- Up-to-date: /home/cdwiench/Desktop/Robotics/CobotMyRobot/install/action_interfaces/local/lib/python3.10/dist-packages/action_interfaces/action_interfaces_s__rosidl_typesupport_fastrtps_c.cpython-310-x86_64-linux-gnu.so
[0.481s] -- Up-to-date: /home/cdwiench/Desktop/Robotics/CobotMyRobot/install/action_interfaces/local/lib/python3.10/dist-packages/action_interfaces/__init__.py
[0.481s] -- Up-to-date: /home/cdwiench/Desktop/Robotics/CobotMyRobot/install/action_interfaces/local/lib/python3.10/dist-packages/action_interfaces/_action_interfaces_s.ep.rosidl_typesupport_introspection_c.c
[0.481s] -- Up-to-date: /home/cdwiench/Desktop/Robotics/CobotMyRobot/install/action_interfaces/local/lib/python3.10/dist-packages/action_interfaces/action_interfaces_s__rosidl_typesupport_introspection_c.cpython-310-x86_64-linux-gnu.so
[0.481s] -- Up-to-date: /home/cdwiench/Desktop/Robotics/CobotMyRobot/install/action_interfaces/local/lib/python3.10/dist-packages/action_interfaces/action
[0.481s] -- Up-to-date: /home/cdwiench/Desktop/Robotics/CobotMyRobot/install/action_interfaces/local/lib/python3.10/dist-packages/action_interfaces/action/_set_angle.py
[0.481s] -- Up-to-date: /home/cdwiench/Desktop/Robotics/CobotMyRobot/install/action_interfaces/local/lib/python3.10/dist-packages/action_interfaces/action/__init__.py
[0.481s] -- Up-to-date: /home/cdwiench/Desktop/Robotics/CobotMyRobot/install/action_interfaces/local/lib/python3.10/dist-packages/action_interfaces/action/_set_angle_s.c
[0.481s] -- Up-to-date: /home/cdwiench/Desktop/Robotics/CobotMyRobot/install/action_interfaces/local/lib/python3.10/dist-packages/action_interfaces/libaction_interfaces__rosidl_generator_py.so
[0.481s] -- Up-to-date: /home/cdwiench/Desktop/Robotics/CobotMyRobot/install/action_interfaces/local/lib/python3.10/dist-packages/action_interfaces/_action_interfaces_s.ep.rosidl_typesupport_c.c
[0.481s] -- Up-to-date: /home/cdwiench/Desktop/Robotics/CobotMyRobot/install/action_interfaces/local/lib/python3.10/dist-packages/action_interfaces/_action_interfaces_s.ep.rosidl_typesupport_fastrtps_c.c
[0.511s] Listing '/home/cdwiench/Desktop/Robotics/CobotMyRobot/install/action_interfaces/local/lib/python3.10/dist-packages/action_interfaces'...
[0.511s] Listing '/home/cdwiench/Desktop/Robotics/CobotMyRobot/install/action_interfaces/local/lib/python3.10/dist-packages/action_interfaces/action'...
[0.516s] -- Up-to-date: /home/cdwiench/Desktop/Robotics/CobotMyRobot/install/action_interfaces/local/lib/python3.10/dist-packages/action_interfaces/action_interfaces_s__rosidl_typesupport_fastrtps_c.cpython-310-x86_64-linux-gnu.so
[0.516s] -- Up-to-date: /home/cdwiench/Desktop/Robotics/CobotMyRobot/install/action_interfaces/local/lib/python3.10/dist-packages/action_interfaces/action_interfaces_s__rosidl_typesupport_introspection_c.cpython-310-x86_64-linux-gnu.so
[0.517s] -- Up-to-date: /home/cdwiench/Desktop/Robotics/CobotMyRobot/install/action_interfaces/local/lib/python3.10/dist-packages/action_interfaces/action_interfaces_s__rosidl_typesupport_c.cpython-310-x86_64-linux-gnu.so
[0.517s] -- Up-to-date: /home/cdwiench/Desktop/Robotics/CobotMyRobot/install/action_interfaces/lib/libaction_interfaces__rosidl_generator_py.so
[0.517s] -- Up-to-date: /home/cdwiench/Desktop/Robotics/CobotMyRobot/install/action_interfaces/share/action_interfaces/action/SetAngle.idl
[0.518s] -- Up-to-date: /home/cdwiench/Desktop/Robotics/CobotMyRobot/install/action_interfaces/share/action_interfaces/action/SetAngle.action
[0.518s] -- Up-to-date: /home/cdwiench/Desktop/Robotics/CobotMyRobot/install/action_interfaces/share/ament_index/resource_index/package_run_dependencies/action_interfaces
[0.518s] -- Up-to-date: /home/cdwiench/Desktop/Robotics/CobotMyRobot/install/action_interfaces/share/ament_index/resource_index/parent_prefix_path/action_interfaces
[0.518s] -- Up-to-date: /home/cdwiench/Desktop/Robotics/CobotMyRobot/install/action_interfaces/share/action_interfaces/environment/ament_prefix_path.sh
[0.518s] -- Up-to-date: /home/cdwiench/Desktop/Robotics/CobotMyRobot/install/action_interfaces/share/action_interfaces/environment/ament_prefix_path.dsv
[0.518s] -- Up-to-date: /home/cdwiench/Desktop/Robotics/CobotMyRobot/install/action_interfaces/share/action_interfaces/environment/path.sh
[0.519s] -- Up-to-date: /home/cdwiench/Desktop/Robotics/CobotMyRobot/install/action_interfaces/share/action_interfaces/environment/path.dsv
[0.519s] -- Up-to-date: /home/cdwiench/Desktop/Robotics/CobotMyRobot/install/action_interfaces/share/action_interfaces/local_setup.bash
[0.519s] -- Up-to-date: /home/cdwiench/Desktop/Robotics/CobotMyRobot/install/action_interfaces/share/action_interfaces/local_setup.sh
[0.519s] -- Up-to-date: /home/cdwiench/Desktop/Robotics/CobotMyRobot/install/action_interfaces/share/action_interfaces/local_setup.zsh
[0.519s] -- Up-to-date: /home/cdwiench/Desktop/Robotics/CobotMyRobot/install/action_interfaces/share/action_interfaces/local_setup.dsv
[0.519s] -- Installing: /home/cdwiench/Desktop/Robotics/CobotMyRobot/install/action_interfaces/share/action_interfaces/package.dsv
[0.520s] -- Up-to-date: /home/cdwiench/Desktop/Robotics/CobotMyRobot/install/action_interfaces/share/ament_index/resource_index/packages/action_interfaces
[0.520s] -- Up-to-date: /home/cdwiench/Desktop/Robotics/CobotMyRobot/install/action_interfaces/share/action_interfaces/cmake/export_action_interfaces__rosidl_generator_cExport.cmake
[0.520s] -- Up-to-date: /home/cdwiench/Desktop/Robotics/CobotMyRobot/install/action_interfaces/share/action_interfaces/cmake/export_action_interfaces__rosidl_generator_cExport-noconfig.cmake
[0.520s] -- Up-to-date: /home/cdwiench/Desktop/Robotics/CobotMyRobot/install/action_interfaces/share/action_interfaces/cmake/export_action_interfaces__rosidl_typesupport_fastrtps_cExport.cmake
[0.520s] -- Up-to-date: /home/cdwiench/Desktop/Robotics/CobotMyRobot/install/action_interfaces/share/action_interfaces/cmake/export_action_interfaces__rosidl_typesupport_fastrtps_cExport-noconfig.cmake
[0.520s] -- Up-to-date: /home/cdwiench/Desktop/Robotics/CobotMyRobot/install/action_interfaces/share/action_interfaces/cmake/action_interfaces__rosidl_typesupport_introspection_cExport.cmake
[0.521s] -- Up-to-date: /home/cdwiench/Desktop/Robotics/CobotMyRobot/install/action_interfaces/share/action_interfaces/cmake/action_interfaces__rosidl_typesupport_introspection_cExport-noconfig.cmake
[0.521s] -- Up-to-date: /home/cdwiench/Desktop/Robotics/CobotMyRobot/install/action_interfaces/share/action_interfaces/cmake/action_interfaces__rosidl_typesupport_cExport.cmake
[0.521s] -- Up-to-date: /home/cdwiench/Desktop/Robotics/CobotMyRobot/install/action_interfaces/share/action_interfaces/cmake/action_interfaces__rosidl_typesupport_cExport-noconfig.cmake
[0.521s] -- Up-to-date: /home/cdwiench/Desktop/Robotics/CobotMyRobot/install/action_interfaces/share/action_interfaces/cmake/export_action_interfaces__rosidl_generator_cppExport.cmake
[0.521s] -- Up-to-date: /home/cdwiench/Desktop/Robotics/CobotMyRobot/install/action_interfaces/share/action_interfaces/cmake/export_action_interfaces__rosidl_typesupport_fastrtps_cppExport.cmake
[0.522s] -- Up-to-date: /home/cdwiench/Desktop/Robotics/CobotMyRobot/install/action_interfaces/share/action_interfaces/cmake/export_action_interfaces__rosidl_typesupport_fastrtps_cppExport-noconfig.cmake
[0.522s] -- Up-to-date: /home/cdwiench/Desktop/Robotics/CobotMyRobot/install/action_interfaces/share/action_interfaces/cmake/action_interfaces__rosidl_typesupport_introspection_cppExport.cmake
[0.522s] -- Up-to-date: /home/cdwiench/Desktop/Robotics/CobotMyRobot/install/action_interfaces/share/action_interfaces/cmake/action_interfaces__rosidl_typesupport_introspection_cppExport-noconfig.cmake
[0.522s] -- Up-to-date: /home/cdwiench/Desktop/Robotics/CobotMyRobot/install/action_interfaces/share/action_interfaces/cmake/action_interfaces__rosidl_typesupport_cppExport.cmake
[0.522s] -- Up-to-date: /home/cdwiench/Desktop/Robotics/CobotMyRobot/install/action_interfaces/share/action_interfaces/cmake/action_interfaces__rosidl_typesupport_cppExport-noconfig.cmake
[0.522s] -- Up-to-date: /home/cdwiench/Desktop/Robotics/CobotMyRobot/install/action_interfaces/share/action_interfaces/cmake/export_action_interfaces__rosidl_generator_pyExport.cmake
[0.522s] -- Up-to-date: /home/cdwiench/Desktop/Robotics/CobotMyRobot/install/action_interfaces/share/action_interfaces/cmake/export_action_interfaces__rosidl_generator_pyExport-noconfig.cmake
[0.523s] -- Up-to-date: /home/cdwiench/Desktop/Robotics/CobotMyRobot/install/action_interfaces/share/action_interfaces/cmake/rosidl_cmake-extras.cmake
[0.523s] -- Up-to-date: /home/cdwiench/Desktop/Robotics/CobotMyRobot/install/action_interfaces/share/action_interfaces/cmake/ament_cmake_export_dependencies-extras.cmake
[0.523s] -- Up-to-date: /home/cdwiench/Desktop/Robotics/CobotMyRobot/install/action_interfaces/share/action_interfaces/cmake/ament_cmake_export_include_directories-extras.cmake
[0.523s] -- Up-to-date: /home/cdwiench/Desktop/Robotics/CobotMyRobot/install/action_interfaces/share/action_interfaces/cmake/ament_cmake_export_libraries-extras.cmake
[0.523s] -- Up-to-date: /home/cdwiench/Desktop/Robotics/CobotMyRobot/install/action_interfaces/share/action_interfaces/cmake/ament_cmake_export_targets-extras.cmake
[0.523s] -- Up-to-date: /home/cdwiench/Desktop/Robotics/CobotMyRobot/install/action_interfaces/share/action_interfaces/cmake/rosidl_cmake_export_typesupport_targets-extras.cmake
[0.524s] -- Up-to-date: /home/cdwiench/Desktop/Robotics/CobotMyRobot/install/action_interfaces/share/action_interfaces/cmake/rosidl_cmake_export_typesupport_libraries-extras.cmake
[0.524s] -- Up-to-date: /home/cdwiench/Desktop/Robotics/CobotMyRobot/install/action_interfaces/share/action_interfaces/cmake/action_interfacesConfig.cmake
[0.529s] -- Up-to-date: /home/cdwiench/Desktop/Robotics/CobotMyRobot/install/action_interfaces/share/action_interfaces/cmake/action_interfacesConfig-version.cmake
[0.529s] -- Up-to-date: /home/cdwiench/Desktop/Robotics/CobotMyRobot/install/action_interfaces/share/action_interfaces/package.xml
[0.530s] Invoked command in '/home/cdwiench/Desktop/Robotics/CobotMyRobot/build/action_interfaces' returned '0': /usr/bin/cmake --install /home/cdwiench/Desktop/Robotics/CobotMyRobot/build/action_interfaces
