[0.033s] Invoking command in '/home/cdwiench/Desktop/Robotics/CobotMyRobot/build/action_interfaces': CMAKE_PREFIX_PATH=/opt/ros/humble /usr/bin/cmake /home/cdwiench/Desktop/Robotics/CobotMyRobot/ros2_ws/src/action_interfaces -DCMAKE_INSTALL_PREFIX=/home/cdwiench/Desktop/Robotics/CobotMyRobot/install/action_interfaces
[0.151s] -- The C compiler identification is GNU 11.3.0
[0.276s] -- The CXX compiler identification is GNU 11.3.0
[0.291s] -- Detecting C compiler ABI info
[0.429s] -- Detecting C compiler ABI info - done
[0.467s] -- Check for working C compiler: /usr/bin/cc - skipped
[0.468s] -- Detecting C compile features
[0.469s] -- Detecting C compile features - done
[0.480s] -- Detecting CXX compiler ABI info
[0.646s] -- Detecting CXX compiler ABI info - done
[0.671s] -- Check for working CXX compiler: /usr/bin/c++ - skipped
[0.672s] -- Detecting CXX compile features
[0.674s] -- Detecting CXX compile features - done
[0.679s] -- Found ament_cmake: 1.3.3 (/opt/ros/humble/share/ament_cmake/cmake)
[1.082s] -- Found Python3: /usr/bin/python3.10 (found version "3.10.6") found components: Interpreter 
[1.279s] -- Found ament_lint_auto: 0.12.5 (/opt/ros/humble/share/ament_lint_auto/cmake)
[1.441s] -- Found rosidl_default_generators: 1.2.0 (/opt/ros/humble/share/rosidl_default_generators/cmake)
[1.449s] -- Using all available rosidl_typesupport_c: rosidl_typesupport_fastrtps_c;rosidl_typesupport_introspection_c
[1.469s] -- Found rosidl_adapter: 3.1.4 (/opt/ros/humble/share/rosidl_adapter/cmake)
[1.608s] -- Using all available rosidl_typesupport_cpp: rosidl_typesupport_fastrtps_cpp;rosidl_typesupport_introspection_cpp
[2.497s] -- Found ament_cmake_ros: 0.10.0 (/opt/ros/humble/share/ament_cmake_ros/cmake)
[2.907s] -- Using all available rosidl_typesupport_c: rosidl_typesupport_fastrtps_c;rosidl_typesupport_introspection_c
[3.439s] -- Using all available rosidl_typesupport_cpp: rosidl_typesupport_fastrtps_cpp;rosidl_typesupport_introspection_cpp
[3.488s] -- Found PythonInterp: /usr/bin/python3 (found suitable version "3.10.6", minimum required is "3.6") 
[3.491s] -- Found python_cmake_module: 0.10.0 (/opt/ros/humble/share/python_cmake_module/cmake)
[3.547s] -- Found PythonLibs: /usr/lib/x86_64-linux-gnu/libpython3.10.so (found suitable version "3.10.6", minimum required is "3.5") 
[3.547s] -- Using PYTHON_EXECUTABLE: /usr/bin/python3
[3.548s] -- Using PYTHON_INCLUDE_DIRS: /usr/include/python3.10
[3.548s] -- Using PYTHON_LIBRARIES: /usr/lib/x86_64-linux-gnu/libpython3.10.so
[3.594s] -- Found PythonExtra: .so  
[3.694s] -- Added test 'lint_cmake' to check CMake code style
[3.699s] -- Added test 'xmllint' to check XML markup files
[3.714s] -- Configuring done
[3.840s] -- Generating done
[3.849s] -- Build files have been written to: /home/cdwiench/Desktop/Robotics/CobotMyRobot/build/action_interfaces
[3.874s] Invoked command in '/home/cdwiench/Desktop/Robotics/CobotMyRobot/build/action_interfaces' returned '0': CMAKE_PREFIX_PATH=/opt/ros/humble /usr/bin/cmake /home/cdwiench/Desktop/Robotics/CobotMyRobot/ros2_ws/src/action_interfaces -DCMAKE_INSTALL_PREFIX=/home/cdwiench/Desktop/Robotics/CobotMyRobot/install/action_interfaces
[3.878s] Invoking command in '/home/cdwiench/Desktop/Robotics/CobotMyRobot/build/action_interfaces': CMAKE_PREFIX_PATH=/opt/ros/humble /usr/bin/cmake --build /home/cdwiench/Desktop/Robotics/CobotMyRobot/build/action_interfaces -- -j8 -l8
[3.956s] [  1%] [34m[1mGenerating C code for ROS interfaces[0m
[3.980s] [  3%] [34m[1mGenerating C++ code for ROS interfaces[0m
[3.990s] [  3%] Built target ament_cmake_python_copy_action_interfaces
[4.658s] running egg_info
[4.665s] creating action_interfaces.egg-info
[4.665s] writing action_interfaces.egg-info/PKG-INFO
[4.667s] writing dependency_links to action_interfaces.egg-info/dependency_links.txt
[4.668s] writing top-level names to action_interfaces.egg-info/top_level.txt
[4.671s] writing manifest file 'action_interfaces.egg-info/SOURCES.txt'
[4.675s] reading manifest file 'action_interfaces.egg-info/SOURCES.txt'
[4.676s] writing manifest file 'action_interfaces.egg-info/SOURCES.txt'
[4.724s] [  3%] Built target ament_cmake_python_build_action_interfaces_egg
[7.063s] [  3%] Built target action_interfaces__cpp
[7.081s] [  4%] [34m[1mGenerating C++ type support dispatch for ROS interfaces[0m
[7.082s] [  6%] [34m[1mGenerating C++ type support for eProsima Fast-RTPS[0m
[7.082s] [  7%] [34m[1mGenerating C++ introspection for ROS interfaces[0m
[7.351s] [ 11%] [32mBuilding C object CMakeFiles/action_interfaces__rosidl_generator_c.dir/rosidl_generator_c/action_interfaces/action/detail/set_coord__functions.c.o[0m
[7.351s] [ 12%] [32mBuilding C object CMakeFiles/action_interfaces__rosidl_generator_c.dir/rosidl_generator_c/action_interfaces/action/detail/set_angle__functions.c.o[0m
[7.352s] [ 15%] [32mBuilding C object CMakeFiles/action_interfaces__rosidl_generator_c.dir/rosidl_generator_c/action_interfaces/action/detail/get_coord__functions.c.o[0m
[7.352s] [ 14%] [32mBuilding C object CMakeFiles/action_interfaces__rosidl_generator_c.dir/rosidl_generator_c/action_interfaces/action/detail/get_angle__functions.c.o[0m
[7.354s] [ 15%] [32mBuilding C object CMakeFiles/action_interfaces__rosidl_generator_c.dir/rosidl_generator_c/action_interfaces/action/detail/pick_up__functions.c.o[0m
[7.788s] [ 17%] [32m[1mLinking C shared library libaction_interfaces__rosidl_generator_c.so[0m
[7.868s] [ 17%] Built target action_interfaces__rosidl_generator_c
[7.888s] [ 19%] [34m[1mGenerating C introspection for ROS interfaces[0m
[7.894s] [ 22%] [34m[1mGenerating C type support dispatch for ROS interfaces[0m
[7.895s] [ 22%] [34m[1mGenerating C type support for eProsima Fast-RTPS[0m
[9.228s] [ 23%] [32mBuilding CXX object CMakeFiles/action_interfaces__rosidl_typesupport_cpp.dir/rosidl_typesupport_cpp/action_interfaces/action/get_angle__type_support.cpp.o[0m
[9.228s] [ 25%] [32mBuilding CXX object CMakeFiles/action_interfaces__rosidl_typesupport_cpp.dir/rosidl_typesupport_cpp/action_interfaces/action/pick_up__type_support.cpp.o[0m
[9.241s] [ 26%] [32mBuilding CXX object CMakeFiles/action_interfaces__rosidl_typesupport_cpp.dir/rosidl_typesupport_cpp/action_interfaces/action/set_angle__type_support.cpp.o[0m
[10.472s] [ 28%] [32mBuilding CXX object CMakeFiles/action_interfaces__rosidl_typesupport_c.dir/rosidl_typesupport_c/action_interfaces/action/set_angle__type_support.cpp.o[0m
[10.658s] [ 30%] [32mBuilding CXX object CMakeFiles/action_interfaces__rosidl_typesupport_c.dir/rosidl_typesupport_c/action_interfaces/action/get_angle__type_support.cpp.o[0m
[10.717s] [ 31%] [32mBuilding CXX object CMakeFiles/action_interfaces__rosidl_typesupport_cpp.dir/rosidl_typesupport_cpp/action_interfaces/action/set_coord__type_support.cpp.o[0m
[10.755s] [ 33%] [32mBuilding CXX object CMakeFiles/action_interfaces__rosidl_typesupport_cpp.dir/rosidl_typesupport_cpp/action_interfaces/action/get_coord__type_support.cpp.o[0m
[10.815s] [ 34%] [32mBuilding CXX object CMakeFiles/action_interfaces__rosidl_typesupport_c.dir/rosidl_typesupport_c/action_interfaces/action/pick_up__type_support.cpp.o[0m
[10.972s] [ 36%] [32mBuilding CXX object CMakeFiles/action_interfaces__rosidl_typesupport_c.dir/rosidl_typesupport_c/action_interfaces/action/set_coord__type_support.cpp.o[0m
[10.982s] [ 38%] [32mBuilding CXX object CMakeFiles/action_interfaces__rosidl_typesupport_c.dir/rosidl_typesupport_c/action_interfaces/action/get_coord__type_support.cpp.o[0m
[10.989s] [ 39%] [32mBuilding CXX object CMakeFiles/action_interfaces__rosidl_typesupport_introspection_cpp.dir/rosidl_typesupport_introspection_cpp/action_interfaces/action/detail/set_angle__type_support.cpp.o[0m
[11.138s] [ 41%] [32mBuilding CXX object CMakeFiles/action_interfaces__rosidl_typesupport_introspection_cpp.dir/rosidl_typesupport_introspection_cpp/action_interfaces/action/detail/get_angle__type_support.cpp.o[0m
[11.184s] [ 42%] [32m[1mLinking CXX shared library libaction_interfaces__rosidl_typesupport_c.so[0m
[11.343s] [ 42%] Built target action_interfaces__rosidl_typesupport_c
[11.374s] [ 44%] [32mBuilding CXX object CMakeFiles/action_interfaces__rosidl_typesupport_introspection_cpp.dir/rosidl_typesupport_introspection_cpp/action_interfaces/action/detail/pick_up__type_support.cpp.o[0m
[12.257s] [ 46%] [32mBuilding CXX object CMakeFiles/action_interfaces__rosidl_typesupport_fastrtps_cpp.dir/rosidl_typesupport_fastrtps_cpp/action_interfaces/action/detail/dds_fastrtps/set_angle__type_support.cpp.o[0m
[12.283s] [ 47%] [32mBuilding CXX object CMakeFiles/action_interfaces__rosidl_typesupport_fastrtps_cpp.dir/rosidl_typesupport_fastrtps_cpp/action_interfaces/action/detail/dds_fastrtps/get_angle__type_support.cpp.o[0m
[12.417s] [ 49%] [32m[1mLinking CXX shared library libaction_interfaces__rosidl_typesupport_cpp.so[0m
[12.436s] [ 50%] [32mBuilding C object CMakeFiles/action_interfaces__rosidl_typesupport_introspection_c.dir/rosidl_typesupport_introspection_c/action_interfaces/action/detail/set_angle__type_support.c.o[0m
[12.555s] [ 50%] Built target action_interfaces__rosidl_typesupport_cpp
[12.608s] [ 52%] [32mBuilding CXX object CMakeFiles/action_interfaces__rosidl_typesupport_introspection_cpp.dir/rosidl_typesupport_introspection_cpp/action_interfaces/action/detail/set_coord__type_support.cpp.o[0m
[12.611s] [ 53%] [32mBuilding C object CMakeFiles/action_interfaces__rosidl_typesupport_introspection_c.dir/rosidl_typesupport_introspection_c/action_interfaces/action/detail/get_angle__type_support.c.o[0m
[12.770s] [ 55%] [32mBuilding C object CMakeFiles/action_interfaces__rosidl_typesupport_introspection_c.dir/rosidl_typesupport_introspection_c/action_interfaces/action/detail/pick_up__type_support.c.o[0m
[12.936s] [ 57%] [32mBuilding C object CMakeFiles/action_interfaces__rosidl_typesupport_introspection_c.dir/rosidl_typesupport_introspection_c/action_interfaces/action/detail/set_coord__type_support.c.o[0m
[13.010s] [ 58%] [32mBuilding CXX object CMakeFiles/action_interfaces__rosidl_typesupport_fastrtps_c.dir/rosidl_typesupport_fastrtps_c/action_interfaces/action/detail/set_angle__type_support_c.cpp.o[0m
[13.119s] [ 60%] [32mBuilding C object CMakeFiles/action_interfaces__rosidl_typesupport_introspection_c.dir/rosidl_typesupport_introspection_c/action_interfaces/action/detail/get_coord__type_support.c.o[0m
[13.122s] [ 61%] [32mBuilding CXX object CMakeFiles/action_interfaces__rosidl_typesupport_introspection_cpp.dir/rosidl_typesupport_introspection_cpp/action_interfaces/action/detail/get_coord__type_support.cpp.o[0m
[13.286s] [ 63%] [32m[1mLinking C shared library libaction_interfaces__rosidl_typesupport_introspection_c.so[0m
[13.390s] [ 63%] Built target action_interfaces__rosidl_typesupport_introspection_c
[13.392s] [ 65%] [32mBuilding CXX object CMakeFiles/action_interfaces__rosidl_typesupport_fastrtps_c.dir/rosidl_typesupport_fastrtps_c/action_interfaces/action/detail/get_angle__type_support_c.cpp.o[0m
[13.413s] [ 66%] [32mBuilding CXX object CMakeFiles/action_interfaces__rosidl_typesupport_fastrtps_c.dir/rosidl_typesupport_fastrtps_c/action_interfaces/action/detail/pick_up__type_support_c.cpp.o[0m
[13.476s] [ 68%] [32mBuilding CXX object CMakeFiles/action_interfaces__rosidl_typesupport_fastrtps_c.dir/rosidl_typesupport_fastrtps_c/action_interfaces/action/detail/set_coord__type_support_c.cpp.o[0m
[14.223s] [ 69%] [32mBuilding CXX object CMakeFiles/action_interfaces__rosidl_typesupport_fastrtps_cpp.dir/rosidl_typesupport_fastrtps_cpp/action_interfaces/action/detail/dds_fastrtps/pick_up__type_support.cpp.o[0m
[14.342s] [ 71%] [32mBuilding CXX object CMakeFiles/action_interfaces__rosidl_typesupport_fastrtps_cpp.dir/rosidl_typesupport_fastrtps_cpp/action_interfaces/action/detail/dds_fastrtps/set_coord__type_support.cpp.o[0m
[14.405s] [ 73%] [32mBuilding CXX object CMakeFiles/action_interfaces__rosidl_typesupport_fastrtps_c.dir/rosidl_typesupport_fastrtps_c/action_interfaces/action/detail/get_coord__type_support_c.cpp.o[0m
[14.743s] [ 74%] [32mBuilding CXX object CMakeFiles/action_interfaces__rosidl_typesupport_fastrtps_cpp.dir/rosidl_typesupport_fastrtps_cpp/action_interfaces/action/detail/dds_fastrtps/get_coord__type_support.cpp.o[0m
[15.094s] [ 76%] [32m[1mLinking CXX shared library libaction_interfaces__rosidl_typesupport_introspection_cpp.so[0m
[15.261s] [ 76%] Built target action_interfaces__rosidl_typesupport_introspection_cpp
[15.491s] [ 77%] [32m[1mLinking CXX shared library libaction_interfaces__rosidl_typesupport_fastrtps_c.so[0m
[15.660s] [ 77%] Built target action_interfaces__rosidl_typesupport_fastrtps_c
[16.161s] [ 79%] [32m[1mLinking CXX shared library libaction_interfaces__rosidl_typesupport_fastrtps_cpp.so[0m
[16.318s] [ 79%] Built target action_interfaces__rosidl_typesupport_fastrtps_cpp
[16.356s] [ 79%] Built target action_interfaces
[16.394s] [ 80%] [34m[1mGenerating Python code for ROS interfaces[0m
[22.922s] [ 80%] Built target action_interfaces__py
[22.960s] [ 82%] [32mBuilding C object CMakeFiles/action_interfaces__rosidl_generator_py.dir/rosidl_generator_py/action_interfaces/action/_set_angle_s.c.o[0m
[22.962s] [ 84%] [32mBuilding C object CMakeFiles/action_interfaces__rosidl_generator_py.dir/rosidl_generator_py/action_interfaces/action/_set_coord_s.c.o[0m
[22.962s] [ 85%] [32mBuilding C object CMakeFiles/action_interfaces__rosidl_generator_py.dir/rosidl_generator_py/action_interfaces/action/_get_coord_s.c.o[0m
[22.966s] [ 87%] [32mBuilding C object CMakeFiles/action_interfaces__rosidl_generator_py.dir/rosidl_generator_py/action_interfaces/action/_get_angle_s.c.o[0m
[22.967s] [ 88%] [32mBuilding C object CMakeFiles/action_interfaces__rosidl_generator_py.dir/rosidl_generator_py/action_interfaces/action/_pick_up_s.c.o[0m
[23.405s] [ 90%] [32m[1mLinking C shared library rosidl_generator_py/action_interfaces/libaction_interfaces__rosidl_generator_py.so[0m
[23.490s] [ 90%] Built target action_interfaces__rosidl_generator_py
[23.528s] [ 95%] [32mBuilding C object CMakeFiles/action_interfaces__rosidl_typesupport_introspection_c__pyext.dir/rosidl_generator_py/action_interfaces/_action_interfaces_s.ep.rosidl_typesupport_introspection_c.c.o[0m
[23.528s] [ 95%] [32mBuilding C object CMakeFiles/action_interfaces__rosidl_typesupport_fastrtps_c__pyext.dir/rosidl_generator_py/action_interfaces/_action_interfaces_s.ep.rosidl_typesupport_fastrtps_c.c.o[0m
[23.529s] [ 95%] [32mBuilding C object CMakeFiles/action_interfaces__rosidl_typesupport_c__pyext.dir/rosidl_generator_py/action_interfaces/_action_interfaces_s.ep.rosidl_typesupport_c.c.o[0m
[24.008s] [ 96%] [32m[1mLinking C shared library rosidl_generator_py/action_interfaces/action_interfaces_s__rosidl_typesupport_c.cpython-310-x86_64-linux-gnu.so[0m
[24.015s] [ 98%] [32m[1mLinking C shared library rosidl_generator_py/action_interfaces/action_interfaces_s__rosidl_typesupport_introspection_c.cpython-310-x86_64-linux-gnu.so[0m
[24.028s] [100%] [32m[1mLinking C shared library rosidl_generator_py/action_interfaces/action_interfaces_s__rosidl_typesupport_fastrtps_c.cpython-310-x86_64-linux-gnu.so[0m
[24.100s] [100%] Built target action_interfaces__rosidl_typesupport_c__pyext
[24.110s] [100%] Built target action_interfaces__rosidl_typesupport_introspection_c__pyext
[24.122s] [100%] Built target action_interfaces__rosidl_typesupport_fastrtps_c__pyext
[24.147s] Invoked command in '/home/cdwiench/Desktop/Robotics/CobotMyRobot/build/action_interfaces' returned '0': CMAKE_PREFIX_PATH=/opt/ros/humble /usr/bin/cmake --build /home/cdwiench/Desktop/Robotics/CobotMyRobot/build/action_interfaces -- -j8 -l8
[24.430s] Invoking command in '/home/cdwiench/Desktop/Robotics/CobotMyRobot/build/action_interfaces': CMAKE_PREFIX_PATH=/opt/ros/humble /usr/bin/cmake --install /home/cdwiench/Desktop/Robotics/CobotMyRobot/build/action_interfaces
[24.445s] -- Install configuration: ""
[24.445s] -- Installing: /home/cdwiench/Desktop/Robotics/CobotMyRobot/install/action_interfaces/share/ament_index/resource_index/rosidl_interfaces/action_interfaces
[24.445s] -- Up-to-date: /home/cdwiench/Desktop/Robotics/CobotMyRobot/install/action_interfaces/include/action_interfaces/action_interfaces
[24.445s] -- Up-to-date: /home/cdwiench/Desktop/Robotics/CobotMyRobot/install/action_interfaces/include/action_interfaces/action_interfaces/msg
[24.446s] -- Installing: /home/cdwiench/Desktop/Robotics/CobotMyRobot/install/action_interfaces/include/action_interfaces/action_interfaces/msg/rosidl_generator_c__visibility_control.h
[24.446s] -- Up-to-date: /home/cdwiench/Desktop/Robotics/CobotMyRobot/install/action_interfaces/include/action_interfaces/action_interfaces/action
[24.446s] -- Installing: /home/cdwiench/Desktop/Robotics/CobotMyRobot/install/action_interfaces/include/action_interfaces/action_interfaces/action/set_angle.h
[24.446s] -- Installing: /home/cdwiench/Desktop/Robotics/CobotMyRobot/install/action_interfaces/include/action_interfaces/action_interfaces/action/get_coord.h
[24.447s] -- Installing: /home/cdwiench/Desktop/Robotics/CobotMyRobot/install/action_interfaces/include/action_interfaces/action_interfaces/action/pick_up.h
[24.447s] -- Installing: /home/cdwiench/Desktop/Robotics/CobotMyRobot/install/action_interfaces/include/action_interfaces/action_interfaces/action/get_angle.h
[24.447s] -- Installing: /home/cdwiench/Desktop/Robotics/CobotMyRobot/install/action_interfaces/include/action_interfaces/action_interfaces/action/set_coord.h
[24.447s] -- Up-to-date: /home/cdwiench/Desktop/Robotics/CobotMyRobot/install/action_interfaces/include/action_interfaces/action_interfaces/action/detail
[24.447s] -- Installing: /home/cdwiench/Desktop/Robotics/CobotMyRobot/install/action_interfaces/include/action_interfaces/action_interfaces/action/detail/get_angle__functions.c
[24.448s] -- Installing: /home/cdwiench/Desktop/Robotics/CobotMyRobot/install/action_interfaces/include/action_interfaces/action_interfaces/action/detail/set_angle__struct.h
[24.448s] -- Installing: /home/cdwiench/Desktop/Robotics/CobotMyRobot/install/action_interfaces/include/action_interfaces/action_interfaces/action/detail/get_coord__struct.h
[24.448s] -- Installing: /home/cdwiench/Desktop/Robotics/CobotMyRobot/install/action_interfaces/include/action_interfaces/action_interfaces/action/detail/get_angle__type_support.h
[24.449s] -- Installing: /home/cdwiench/Desktop/Robotics/CobotMyRobot/install/action_interfaces/include/action_interfaces/action_interfaces/action/detail/get_coord__functions.c
[24.449s] -- Installing: /home/cdwiench/Desktop/Robotics/CobotMyRobot/install/action_interfaces/include/action_interfaces/action_interfaces/action/detail/pick_up__type_support.h
[24.450s] -- Installing: /home/cdwiench/Desktop/Robotics/CobotMyRobot/install/action_interfaces/include/action_interfaces/action_interfaces/action/detail/pick_up__struct.h
[24.450s] -- Installing: /home/cdwiench/Desktop/Robotics/CobotMyRobot/install/action_interfaces/include/action_interfaces/action_interfaces/action/detail/set_coord__functions.c
[24.451s] -- Installing: /home/cdwiench/Desktop/Robotics/CobotMyRobot/install/action_interfaces/include/action_interfaces/action_interfaces/action/detail/set_angle__functions.h
[24.451s] -- Installing: /home/cdwiench/Desktop/Robotics/CobotMyRobot/install/action_interfaces/include/action_interfaces/action_interfaces/action/detail/pick_up__functions.h
[24.451s] -- Installing: /home/cdwiench/Desktop/Robotics/CobotMyRobot/install/action_interfaces/include/action_interfaces/action_interfaces/action/detail/get_coord__functions.h
[24.452s] -- Installing: /home/cdwiench/Desktop/Robotics/CobotMyRobot/install/action_interfaces/include/action_interfaces/action_interfaces/action/detail/set_angle__type_support.h
[24.452s] -- Installing: /home/cdwiench/Desktop/Robotics/CobotMyRobot/install/action_interfaces/include/action_interfaces/action_interfaces/action/detail/set_coord__struct.h
[24.453s] -- Installing: /home/cdwiench/Desktop/Robotics/CobotMyRobot/install/action_interfaces/include/action_interfaces/action_interfaces/action/detail/get_angle__struct.h
[24.453s] -- Installing: /home/cdwiench/Desktop/Robotics/CobotMyRobot/install/action_interfaces/include/action_interfaces/action_interfaces/action/detail/set_coord__type_support.h
[24.453s] -- Installing: /home/cdwiench/Desktop/Robotics/CobotMyRobot/install/action_interfaces/include/action_interfaces/action_interfaces/action/detail/get_coord__type_support.h
[24.454s] -- Installing: /home/cdwiench/Desktop/Robotics/CobotMyRobot/install/action_interfaces/include/action_interfaces/action_interfaces/action/detail/set_angle__functions.c
[24.454s] -- Installing: /home/cdwiench/Desktop/Robotics/CobotMyRobot/install/action_interfaces/include/action_interfaces/action_interfaces/action/detail/set_coord__functions.h
[24.454s] -- Installing: /home/cdwiench/Desktop/Robotics/CobotMyRobot/install/action_interfaces/include/action_interfaces/action_interfaces/action/detail/get_angle__functions.h
[24.455s] -- Installing: /home/cdwiench/Desktop/Robotics/CobotMyRobot/install/action_interfaces/include/action_interfaces/action_interfaces/action/detail/pick_up__functions.c
[24.456s] -- Up-to-date: /home/cdwiench/Desktop/Robotics/CobotMyRobot/install/action_interfaces/share/action_interfaces/environment/library_path.sh
[24.456s] -- Installing: /home/cdwiench/Desktop/Robotics/CobotMyRobot/install/action_interfaces/share/action_interfaces/environment/library_path.dsv
[24.456s] -- Installing: /home/cdwiench/Desktop/Robotics/CobotMyRobot/install/action_interfaces/lib/libaction_interfaces__rosidl_generator_c.so
[24.458s] -- Set runtime path of "/home/cdwiench/Desktop/Robotics/CobotMyRobot/install/action_interfaces/lib/libaction_interfaces__rosidl_generator_c.so" to ""
[24.458s] -- Up-to-date: /home/cdwiench/Desktop/Robotics/CobotMyRobot/install/action_interfaces/include/action_interfaces/action_interfaces
[24.459s] -- Up-to-date: /home/cdwiench/Desktop/Robotics/CobotMyRobot/install/action_interfaces/include/action_interfaces/action_interfaces/msg
[24.459s] -- Installing: /home/cdwiench/Desktop/Robotics/CobotMyRobot/install/action_interfaces/include/action_interfaces/action_interfaces/msg/rosidl_typesupport_fastrtps_c__visibility_control.h
[24.459s] -- Up-to-date: /home/cdwiench/Desktop/Robotics/CobotMyRobot/install/action_interfaces/include/action_interfaces/action_interfaces/action
[24.460s] -- Up-to-date: /home/cdwiench/Desktop/Robotics/CobotMyRobot/install/action_interfaces/include/action_interfaces/action_interfaces/action/detail
[24.460s] -- Installing: /home/cdwiench/Desktop/Robotics/CobotMyRobot/install/action_interfaces/include/action_interfaces/action_interfaces/action/detail/get_coord__rosidl_typesupport_fastrtps_c.h
[24.460s] -- Installing: /home/cdwiench/Desktop/Robotics/CobotMyRobot/install/action_interfaces/include/action_interfaces/action_interfaces/action/detail/pick_up__rosidl_typesupport_fastrtps_c.h
[24.460s] -- Installing: /home/cdwiench/Desktop/Robotics/CobotMyRobot/install/action_interfaces/include/action_interfaces/action_interfaces/action/detail/get_angle__rosidl_typesupport_fastrtps_c.h
[24.460s] -- Installing: /home/cdwiench/Desktop/Robotics/CobotMyRobot/install/action_interfaces/include/action_interfaces/action_interfaces/action/detail/set_coord__rosidl_typesupport_fastrtps_c.h
[24.460s] -- Installing: /home/cdwiench/Desktop/Robotics/CobotMyRobot/install/action_interfaces/include/action_interfaces/action_interfaces/action/detail/set_angle__rosidl_typesupport_fastrtps_c.h
[24.461s] -- Installing: /home/cdwiench/Desktop/Robotics/CobotMyRobot/install/action_interfaces/lib/libaction_interfaces__rosidl_typesupport_fastrtps_c.so
[24.462s] -- Set runtime path of "/home/cdwiench/Desktop/Robotics/CobotMyRobot/install/action_interfaces/lib/libaction_interfaces__rosidl_typesupport_fastrtps_c.so" to ""
[24.463s] -- Up-to-date: /home/cdwiench/Desktop/Robotics/CobotMyRobot/install/action_interfaces/include/action_interfaces/action_interfaces
[24.463s] -- Up-to-date: /home/cdwiench/Desktop/Robotics/CobotMyRobot/install/action_interfaces/include/action_interfaces/action_interfaces/msg
[24.463s] -- Installing: /home/cdwiench/Desktop/Robotics/CobotMyRobot/install/action_interfaces/include/action_interfaces/action_interfaces/msg/rosidl_typesupport_introspection_c__visibility_control.h
[24.463s] -- Up-to-date: /home/cdwiench/Desktop/Robotics/CobotMyRobot/install/action_interfaces/include/action_interfaces/action_interfaces/action
[24.464s] -- Up-to-date: /home/cdwiench/Desktop/Robotics/CobotMyRobot/install/action_interfaces/include/action_interfaces/action_interfaces/action/detail
[24.464s] -- Installing: /home/cdwiench/Desktop/Robotics/CobotMyRobot/install/action_interfaces/include/action_interfaces/action_interfaces/action/detail/pick_up__rosidl_typesupport_introspection_c.h
[24.464s] -- Installing: /home/cdwiench/Desktop/Robotics/CobotMyRobot/install/action_interfaces/include/action_interfaces/action_interfaces/action/detail/get_angle__type_support.c
[24.464s] -- Installing: /home/cdwiench/Desktop/Robotics/CobotMyRobot/install/action_interfaces/include/action_interfaces/action_interfaces/action/detail/set_coord__type_support.c
[24.465s] -- Installing: /home/cdwiench/Desktop/Robotics/CobotMyRobot/install/action_interfaces/include/action_interfaces/action_interfaces/action/detail/get_angle__rosidl_typesupport_introspection_c.h
[24.465s] -- Installing: /home/cdwiench/Desktop/Robotics/CobotMyRobot/install/action_interfaces/include/action_interfaces/action_interfaces/action/detail/set_angle__rosidl_typesupport_introspection_c.h
[24.465s] -- Installing: /home/cdwiench/Desktop/Robotics/CobotMyRobot/install/action_interfaces/include/action_interfaces/action_interfaces/action/detail/pick_up__type_support.c
[24.466s] -- Installing: /home/cdwiench/Desktop/Robotics/CobotMyRobot/install/action_interfaces/include/action_interfaces/action_interfaces/action/detail/set_angle__type_support.c
[24.466s] -- Installing: /home/cdwiench/Desktop/Robotics/CobotMyRobot/install/action_interfaces/include/action_interfaces/action_interfaces/action/detail/set_coord__rosidl_typesupport_introspection_c.h
[24.467s] -- Installing: /home/cdwiench/Desktop/Robotics/CobotMyRobot/install/action_interfaces/include/action_interfaces/action_interfaces/action/detail/get_coord__type_support.c
[24.467s] -- Installing: /home/cdwiench/Desktop/Robotics/CobotMyRobot/install/action_interfaces/include/action_interfaces/action_interfaces/action/detail/get_coord__rosidl_typesupport_introspection_c.h
[24.468s] -- Installing: /home/cdwiench/Desktop/Robotics/CobotMyRobot/install/action_interfaces/lib/libaction_interfaces__rosidl_typesupport_introspection_c.so
[24.469s] -- Set runtime path of "/home/cdwiench/Desktop/Robotics/CobotMyRobot/install/action_interfaces/lib/libaction_interfaces__rosidl_typesupport_introspection_c.so" to ""
[24.470s] -- Installing: /home/cdwiench/Desktop/Robotics/CobotMyRobot/install/action_interfaces/lib/libaction_interfaces__rosidl_typesupport_c.so
[24.471s] -- Set runtime path of "/home/cdwiench/Desktop/Robotics/CobotMyRobot/install/action_interfaces/lib/libaction_interfaces__rosidl_typesupport_c.so" to ""
[24.471s] -- Up-to-date: /home/cdwiench/Desktop/Robotics/CobotMyRobot/install/action_interfaces/include/action_interfaces/action_interfaces
[24.472s] -- Up-to-date: /home/cdwiench/Desktop/Robotics/CobotMyRobot/install/action_interfaces/include/action_interfaces/action_interfaces/action
[24.472s] -- Installing: /home/cdwiench/Desktop/Robotics/CobotMyRobot/install/action_interfaces/include/action_interfaces/action_interfaces/action/set_angle.hpp
[24.472s] -- Installing: /home/cdwiench/Desktop/Robotics/CobotMyRobot/install/action_interfaces/include/action_interfaces/action_interfaces/action/get_angle.hpp
[24.473s] -- Installing: /home/cdwiench/Desktop/Robotics/CobotMyRobot/install/action_interfaces/include/action_interfaces/action_interfaces/action/get_coord.hpp
[24.473s] -- Installing: /home/cdwiench/Desktop/Robotics/CobotMyRobot/install/action_interfaces/include/action_interfaces/action_interfaces/action/set_coord.hpp
[24.473s] -- Installing: /home/cdwiench/Desktop/Robotics/CobotMyRobot/install/action_interfaces/include/action_interfaces/action_interfaces/action/pick_up.hpp
[24.473s] -- Up-to-date: /home/cdwiench/Desktop/Robotics/CobotMyRobot/install/action_interfaces/include/action_interfaces/action_interfaces/action/detail
[24.474s] -- Installing: /home/cdwiench/Desktop/Robotics/CobotMyRobot/install/action_interfaces/include/action_interfaces/action_interfaces/action/detail/set_angle__struct.hpp
[24.474s] -- Installing: /home/cdwiench/Desktop/Robotics/CobotMyRobot/install/action_interfaces/include/action_interfaces/action_interfaces/action/detail/set_angle__builder.hpp
[24.474s] -- Installing: /home/cdwiench/Desktop/Robotics/CobotMyRobot/install/action_interfaces/include/action_interfaces/action_interfaces/action/detail/set_coord__traits.hpp
[24.475s] -- Installing: /home/cdwiench/Desktop/Robotics/CobotMyRobot/install/action_interfaces/include/action_interfaces/action_interfaces/action/detail/pick_up__struct.hpp
[24.475s] -- Installing: /home/cdwiench/Desktop/Robotics/CobotMyRobot/install/action_interfaces/include/action_interfaces/action_interfaces/action/detail/get_angle__builder.hpp
[24.475s] -- Installing: /home/cdwiench/Desktop/Robotics/CobotMyRobot/install/action_interfaces/include/action_interfaces/action_interfaces/action/detail/pick_up__traits.hpp
[24.475s] -- Installing: /home/cdwiench/Desktop/Robotics/CobotMyRobot/install/action_interfaces/include/action_interfaces/action_interfaces/action/detail/pick_up__builder.hpp
[24.476s] -- Installing: /home/cdwiench/Desktop/Robotics/CobotMyRobot/install/action_interfaces/include/action_interfaces/action_interfaces/action/detail/get_angle__struct.hpp
[24.476s] -- Installing: /home/cdwiench/Desktop/Robotics/CobotMyRobot/install/action_interfaces/include/action_interfaces/action_interfaces/action/detail/set_coord__builder.hpp
[24.477s] -- Installing: /home/cdwiench/Desktop/Robotics/CobotMyRobot/install/action_interfaces/include/action_interfaces/action_interfaces/action/detail/set_coord__struct.hpp
[24.477s] -- Installing: /home/cdwiench/Desktop/Robotics/CobotMyRobot/install/action_interfaces/include/action_interfaces/action_interfaces/action/detail/set_angle__traits.hpp
[24.477s] -- Installing: /home/cdwiench/Desktop/Robotics/CobotMyRobot/install/action_interfaces/include/action_interfaces/action_interfaces/action/detail/get_coord__traits.hpp
[24.478s] -- Installing: /home/cdwiench/Desktop/Robotics/CobotMyRobot/install/action_interfaces/include/action_interfaces/action_interfaces/action/detail/get_angle__traits.hpp
[24.478s] -- Installing: /home/cdwiench/Desktop/Robotics/CobotMyRobot/install/action_interfaces/include/action_interfaces/action_interfaces/action/detail/get_coord__struct.hpp
[24.479s] -- Installing: /home/cdwiench/Desktop/Robotics/CobotMyRobot/install/action_interfaces/include/action_interfaces/action_interfaces/action/detail/get_coord__builder.hpp
[24.479s] -- Up-to-date: /home/cdwiench/Desktop/Robotics/CobotMyRobot/install/action_interfaces/include/action_interfaces/action_interfaces
[24.480s] -- Up-to-date: /home/cdwiench/Desktop/Robotics/CobotMyRobot/install/action_interfaces/include/action_interfaces/action_interfaces/msg
[24.480s] -- Installing: /home/cdwiench/Desktop/Robotics/CobotMyRobot/install/action_interfaces/include/action_interfaces/action_interfaces/msg/rosidl_typesupport_fastrtps_cpp__visibility_control.h
[24.480s] -- Up-to-date: /home/cdwiench/Desktop/Robotics/CobotMyRobot/install/action_interfaces/include/action_interfaces/action_interfaces/action
[24.480s] -- Up-to-date: /home/cdwiench/Desktop/Robotics/CobotMyRobot/install/action_interfaces/include/action_interfaces/action_interfaces/action/detail
[24.481s] -- Up-to-date: /home/cdwiench/Desktop/Robotics/CobotMyRobot/install/action_interfaces/include/action_interfaces/action_interfaces/action/detail/dds_fastrtps
[24.481s] -- Installing: /home/cdwiench/Desktop/Robotics/CobotMyRobot/install/action_interfaces/include/action_interfaces/action_interfaces/action/detail/set_coord__rosidl_typesupport_fastrtps_cpp.hpp
[24.481s] -- Installing: /home/cdwiench/Desktop/Robotics/CobotMyRobot/install/action_interfaces/include/action_interfaces/action_interfaces/action/detail/get_coord__rosidl_typesupport_fastrtps_cpp.hpp
[24.481s] -- Installing: /home/cdwiench/Desktop/Robotics/CobotMyRobot/install/action_interfaces/include/action_interfaces/action_interfaces/action/detail/get_angle__rosidl_typesupport_fastrtps_cpp.hpp
[24.482s] -- Installing: /home/cdwiench/Desktop/Robotics/CobotMyRobot/install/action_interfaces/include/action_interfaces/action_interfaces/action/detail/set_angle__rosidl_typesupport_fastrtps_cpp.hpp
[24.482s] -- Installing: /home/cdwiench/Desktop/Robotics/CobotMyRobot/install/action_interfaces/include/action_interfaces/action_interfaces/action/detail/pick_up__rosidl_typesupport_fastrtps_cpp.hpp
[24.482s] -- Installing: /home/cdwiench/Desktop/Robotics/CobotMyRobot/install/action_interfaces/lib/libaction_interfaces__rosidl_typesupport_fastrtps_cpp.so
[24.484s] -- Set runtime path of "/home/cdwiench/Desktop/Robotics/CobotMyRobot/install/action_interfaces/lib/libaction_interfaces__rosidl_typesupport_fastrtps_cpp.so" to ""
[24.484s] -- Up-to-date: /home/cdwiench/Desktop/Robotics/CobotMyRobot/install/action_interfaces/include/action_interfaces/action_interfaces
[24.485s] -- Up-to-date: /home/cdwiench/Desktop/Robotics/CobotMyRobot/install/action_interfaces/include/action_interfaces/action_interfaces/action
[24.485s] -- Up-to-date: /home/cdwiench/Desktop/Robotics/CobotMyRobot/install/action_interfaces/include/action_interfaces/action_interfaces/action/detail
[24.485s] -- Installing: /home/cdwiench/Desktop/Robotics/CobotMyRobot/install/action_interfaces/include/action_interfaces/action_interfaces/action/detail/pick_up__type_support.cpp
[24.485s] -- Installing: /home/cdwiench/Desktop/Robotics/CobotMyRobot/install/action_interfaces/include/action_interfaces/action_interfaces/action/detail/set_coord__rosidl_typesupport_introspection_cpp.hpp
[24.486s] -- Installing: /home/cdwiench/Desktop/Robotics/CobotMyRobot/install/action_interfaces/include/action_interfaces/action_interfaces/action/detail/get_angle__rosidl_typesupport_introspection_cpp.hpp
[24.486s] -- Installing: /home/cdwiench/Desktop/Robotics/CobotMyRobot/install/action_interfaces/include/action_interfaces/action_interfaces/action/detail/get_angle__type_support.cpp
[24.486s] -- Installing: /home/cdwiench/Desktop/Robotics/CobotMyRobot/install/action_interfaces/include/action_interfaces/action_interfaces/action/detail/set_angle__type_support.cpp
[24.487s] -- Installing: /home/cdwiench/Desktop/Robotics/CobotMyRobot/install/action_interfaces/include/action_interfaces/action_interfaces/action/detail/set_coord__type_support.cpp
[24.487s] -- Installing: /home/cdwiench/Desktop/Robotics/CobotMyRobot/install/action_interfaces/include/action_interfaces/action_interfaces/action/detail/pick_up__rosidl_typesupport_introspection_cpp.hpp
[24.487s] -- Installing: /home/cdwiench/Desktop/Robotics/CobotMyRobot/install/action_interfaces/include/action_interfaces/action_interfaces/action/detail/get_coord__rosidl_typesupport_introspection_cpp.hpp
[24.488s] -- Installing: /home/cdwiench/Desktop/Robotics/CobotMyRobot/install/action_interfaces/include/action_interfaces/action_interfaces/action/detail/get_coord__type_support.cpp
[24.488s] -- Installing: /home/cdwiench/Desktop/Robotics/CobotMyRobot/install/action_interfaces/include/action_interfaces/action_interfaces/action/detail/set_angle__rosidl_typesupport_introspection_cpp.hpp
[24.489s] -- Installing: /home/cdwiench/Desktop/Robotics/CobotMyRobot/install/action_interfaces/lib/libaction_interfaces__rosidl_typesupport_introspection_cpp.so
[24.491s] -- Set runtime path of "/home/cdwiench/Desktop/Robotics/CobotMyRobot/install/action_interfaces/lib/libaction_interfaces__rosidl_typesupport_introspection_cpp.so" to ""
[24.491s] -- Installing: /home/cdwiench/Desktop/Robotics/CobotMyRobot/install/action_interfaces/lib/libaction_interfaces__rosidl_typesupport_cpp.so
[24.492s] -- Set runtime path of "/home/cdwiench/Desktop/Robotics/CobotMyRobot/install/action_interfaces/lib/libaction_interfaces__rosidl_typesupport_cpp.so" to ""
[24.493s] -- Installing: /home/cdwiench/Desktop/Robotics/CobotMyRobot/install/action_interfaces/share/action_interfaces/environment/pythonpath.sh
[24.493s] -- Installing: /home/cdwiench/Desktop/Robotics/CobotMyRobot/install/action_interfaces/share/action_interfaces/environment/pythonpath.dsv
[24.493s] -- Up-to-date: /home/cdwiench/Desktop/Robotics/CobotMyRobot/install/action_interfaces/local/lib/python3.10/dist-packages/action_interfaces-0.0.0-py3.10.egg-info
[24.494s] -- Installing: /home/cdwiench/Desktop/Robotics/CobotMyRobot/install/action_interfaces/local/lib/python3.10/dist-packages/action_interfaces-0.0.0-py3.10.egg-info/top_level.txt
[24.494s] -- Installing: /home/cdwiench/Desktop/Robotics/CobotMyRobot/install/action_interfaces/local/lib/python3.10/dist-packages/action_interfaces-0.0.0-py3.10.egg-info/SOURCES.txt
[24.495s] -- Installing: /home/cdwiench/Desktop/Robotics/CobotMyRobot/install/action_interfaces/local/lib/python3.10/dist-packages/action_interfaces-0.0.0-py3.10.egg-info/dependency_links.txt
[24.495s] -- Installing: /home/cdwiench/Desktop/Robotics/CobotMyRobot/install/action_interfaces/local/lib/python3.10/dist-packages/action_interfaces-0.0.0-py3.10.egg-info/PKG-INFO
[24.495s] -- Up-to-date: /home/cdwiench/Desktop/Robotics/CobotMyRobot/install/action_interfaces/local/lib/python3.10/dist-packages/action_interfaces
[24.495s] -- Installing: /home/cdwiench/Desktop/Robotics/CobotMyRobot/install/action_interfaces/local/lib/python3.10/dist-packages/action_interfaces/action_interfaces_s__rosidl_typesupport_c.cpython-310-x86_64-linux-gnu.so
[24.495s] -- Installing: /home/cdwiench/Desktop/Robotics/CobotMyRobot/install/action_interfaces/local/lib/python3.10/dist-packages/action_interfaces/action_interfaces_s__rosidl_typesupport_fastrtps_c.cpython-310-x86_64-linux-gnu.so
[24.496s] -- Installing: /home/cdwiench/Desktop/Robotics/CobotMyRobot/install/action_interfaces/local/lib/python3.10/dist-packages/action_interfaces/__init__.py
[24.497s] -- Installing: /home/cdwiench/Desktop/Robotics/CobotMyRobot/install/action_interfaces/local/lib/python3.10/dist-packages/action_interfaces/_action_interfaces_s.ep.rosidl_typesupport_introspection_c.c
[24.498s] -- Installing: /home/cdwiench/Desktop/Robotics/CobotMyRobot/install/action_interfaces/local/lib/python3.10/dist-packages/action_interfaces/action_interfaces_s__rosidl_typesupport_introspection_c.cpython-310-x86_64-linux-gnu.so
[24.498s] -- Up-to-date: /home/cdwiench/Desktop/Robotics/CobotMyRobot/install/action_interfaces/local/lib/python3.10/dist-packages/action_interfaces/action
[24.498s] -- Installing: /home/cdwiench/Desktop/Robotics/CobotMyRobot/install/action_interfaces/local/lib/python3.10/dist-packages/action_interfaces/action/_get_angle.py
[24.499s] -- Installing: /home/cdwiench/Desktop/Robotics/CobotMyRobot/install/action_interfaces/local/lib/python3.10/dist-packages/action_interfaces/action/_pick_up.py
[24.499s] -- Installing: /home/cdwiench/Desktop/Robotics/CobotMyRobot/install/action_interfaces/local/lib/python3.10/dist-packages/action_interfaces/action/_set_coord.py
[24.500s] -- Installing: /home/cdwiench/Desktop/Robotics/CobotMyRobot/install/action_interfaces/local/lib/python3.10/dist-packages/action_interfaces/action/_set_angle.py
[24.500s] -- Installing: /home/cdwiench/Desktop/Robotics/CobotMyRobot/install/action_interfaces/local/lib/python3.10/dist-packages/action_interfaces/action/_get_coord.py
[24.501s] -- Installing: /home/cdwiench/Desktop/Robotics/CobotMyRobot/install/action_interfaces/local/lib/python3.10/dist-packages/action_interfaces/action/__init__.py
[24.501s] -- Installing: /home/cdwiench/Desktop/Robotics/CobotMyRobot/install/action_interfaces/local/lib/python3.10/dist-packages/action_interfaces/action/_set_angle_s.c
[24.501s] -- Installing: /home/cdwiench/Desktop/Robotics/CobotMyRobot/install/action_interfaces/local/lib/python3.10/dist-packages/action_interfaces/action/_set_coord_s.c
[24.502s] -- Installing: /home/cdwiench/Desktop/Robotics/CobotMyRobot/install/action_interfaces/local/lib/python3.10/dist-packages/action_interfaces/action/_pick_up_s.c
[24.502s] -- Installing: /home/cdwiench/Desktop/Robotics/CobotMyRobot/install/action_interfaces/local/lib/python3.10/dist-packages/action_interfaces/action/_get_angle_s.c
[24.503s] -- Installing: /home/cdwiench/Desktop/Robotics/CobotMyRobot/install/action_interfaces/local/lib/python3.10/dist-packages/action_interfaces/action/_get_coord_s.c
[24.503s] -- Installing: /home/cdwiench/Desktop/Robotics/CobotMyRobot/install/action_interfaces/local/lib/python3.10/dist-packages/action_interfaces/libaction_interfaces__rosidl_generator_py.so
[24.504s] -- Installing: /home/cdwiench/Desktop/Robotics/CobotMyRobot/install/action_interfaces/local/lib/python3.10/dist-packages/action_interfaces/_action_interfaces_s.ep.rosidl_typesupport_c.c
[24.505s] -- Installing: /home/cdwiench/Desktop/Robotics/CobotMyRobot/install/action_interfaces/local/lib/python3.10/dist-packages/action_interfaces/_action_interfaces_s.ep.rosidl_typesupport_fastrtps_c.c
[24.632s] Listing '/home/cdwiench/Desktop/Robotics/CobotMyRobot/install/action_interfaces/local/lib/python3.10/dist-packages/action_interfaces'...
[24.632s] Compiling '/home/cdwiench/Desktop/Robotics/CobotMyRobot/install/action_interfaces/local/lib/python3.10/dist-packages/action_interfaces/__init__.py'...
[24.632s] Listing '/home/cdwiench/Desktop/Robotics/CobotMyRobot/install/action_interfaces/local/lib/python3.10/dist-packages/action_interfaces/action'...
[24.632s] Compiling '/home/cdwiench/Desktop/Robotics/CobotMyRobot/install/action_interfaces/local/lib/python3.10/dist-packages/action_interfaces/action/__init__.py'...
[24.632s] Compiling '/home/cdwiench/Desktop/Robotics/CobotMyRobot/install/action_interfaces/local/lib/python3.10/dist-packages/action_interfaces/action/_get_angle.py'...
[24.633s] Compiling '/home/cdwiench/Desktop/Robotics/CobotMyRobot/install/action_interfaces/local/lib/python3.10/dist-packages/action_interfaces/action/_get_coord.py'...
[24.633s] Compiling '/home/cdwiench/Desktop/Robotics/CobotMyRobot/install/action_interfaces/local/lib/python3.10/dist-packages/action_interfaces/action/_pick_up.py'...
[24.633s] Compiling '/home/cdwiench/Desktop/Robotics/CobotMyRobot/install/action_interfaces/local/lib/python3.10/dist-packages/action_interfaces/action/_set_angle.py'...
[24.633s] Compiling '/home/cdwiench/Desktop/Robotics/CobotMyRobot/install/action_interfaces/local/lib/python3.10/dist-packages/action_interfaces/action/_set_coord.py'...
[24.642s] -- Installing: /home/cdwiench/Desktop/Robotics/CobotMyRobot/install/action_interfaces/local/lib/python3.10/dist-packages/action_interfaces/action_interfaces_s__rosidl_typesupport_fastrtps_c.cpython-310-x86_64-linux-gnu.so
[24.643s] -- Set runtime path of "/home/cdwiench/Desktop/Robotics/CobotMyRobot/install/action_interfaces/local/lib/python3.10/dist-packages/action_interfaces/action_interfaces_s__rosidl_typesupport_fastrtps_c.cpython-310-x86_64-linux-gnu.so" to ""
[24.644s] -- Installing: /home/cdwiench/Desktop/Robotics/CobotMyRobot/install/action_interfaces/local/lib/python3.10/dist-packages/action_interfaces/action_interfaces_s__rosidl_typesupport_introspection_c.cpython-310-x86_64-linux-gnu.so
[24.645s] -- Set runtime path of "/home/cdwiench/Desktop/Robotics/CobotMyRobot/install/action_interfaces/local/lib/python3.10/dist-packages/action_interfaces/action_interfaces_s__rosidl_typesupport_introspection_c.cpython-310-x86_64-linux-gnu.so" to ""
[24.646s] -- Installing: /home/cdwiench/Desktop/Robotics/CobotMyRobot/install/action_interfaces/local/lib/python3.10/dist-packages/action_interfaces/action_interfaces_s__rosidl_typesupport_c.cpython-310-x86_64-linux-gnu.so
[24.647s] -- Set runtime path of "/home/cdwiench/Desktop/Robotics/CobotMyRobot/install/action_interfaces/local/lib/python3.10/dist-packages/action_interfaces/action_interfaces_s__rosidl_typesupport_c.cpython-310-x86_64-linux-gnu.so" to ""
[24.647s] -- Installing: /home/cdwiench/Desktop/Robotics/CobotMyRobot/install/action_interfaces/lib/libaction_interfaces__rosidl_generator_py.so
[24.649s] -- Set runtime path of "/home/cdwiench/Desktop/Robotics/CobotMyRobot/install/action_interfaces/lib/libaction_interfaces__rosidl_generator_py.so" to ""
[24.649s] -- Installing: /home/cdwiench/Desktop/Robotics/CobotMyRobot/install/action_interfaces/share/action_interfaces/action/SetAngle.idl
[24.649s] -- Installing: /home/cdwiench/Desktop/Robotics/CobotMyRobot/install/action_interfaces/share/action_interfaces/action/GetAngle.idl
[24.649s] -- Installing: /home/cdwiench/Desktop/Robotics/CobotMyRobot/install/action_interfaces/share/action_interfaces/action/PickUP.idl
[24.650s] -- Installing: /home/cdwiench/Desktop/Robotics/CobotMyRobot/install/action_interfaces/share/action_interfaces/action/SetCoord.idl
[24.650s] -- Installing: /home/cdwiench/Desktop/Robotics/CobotMyRobot/install/action_interfaces/share/action_interfaces/action/GetCoord.idl
[24.651s] -- Up-to-date: /home/cdwiench/Desktop/Robotics/CobotMyRobot/install/action_interfaces/share/action_interfaces/action/SetAngle.action
[24.651s] -- Up-to-date: /home/cdwiench/Desktop/Robotics/CobotMyRobot/install/action_interfaces/share/action_interfaces/action/GetAngle.action
[24.651s] -- Up-to-date: /home/cdwiench/Desktop/Robotics/CobotMyRobot/install/action_interfaces/share/action_interfaces/action/PickUP.action
[24.652s] -- Up-to-date: /home/cdwiench/Desktop/Robotics/CobotMyRobot/install/action_interfaces/share/action_interfaces/action/SetCoord.action
[24.652s] -- Up-to-date: /home/cdwiench/Desktop/Robotics/CobotMyRobot/install/action_interfaces/share/action_interfaces/action/GetCoord.action
[24.652s] -- Installing: /home/cdwiench/Desktop/Robotics/CobotMyRobot/install/action_interfaces/share/ament_index/resource_index/package_run_dependencies/action_interfaces
[24.653s] -- Installing: /home/cdwiench/Desktop/Robotics/CobotMyRobot/install/action_interfaces/share/ament_index/resource_index/parent_prefix_path/action_interfaces
[24.653s] -- Up-to-date: /home/cdwiench/Desktop/Robotics/CobotMyRobot/install/action_interfaces/share/action_interfaces/environment/ament_prefix_path.sh
[24.653s] -- Installing: /home/cdwiench/Desktop/Robotics/CobotMyRobot/install/action_interfaces/share/action_interfaces/environment/ament_prefix_path.dsv
[24.653s] -- Up-to-date: /home/cdwiench/Desktop/Robotics/CobotMyRobot/install/action_interfaces/share/action_interfaces/environment/path.sh
[24.654s] -- Installing: /home/cdwiench/Desktop/Robotics/CobotMyRobot/install/action_interfaces/share/action_interfaces/environment/path.dsv
[24.654s] -- Installing: /home/cdwiench/Desktop/Robotics/CobotMyRobot/install/action_interfaces/share/action_interfaces/local_setup.bash
[24.654s] -- Installing: /home/cdwiench/Desktop/Robotics/CobotMyRobot/install/action_interfaces/share/action_interfaces/local_setup.sh
[24.654s] -- Installing: /home/cdwiench/Desktop/Robotics/CobotMyRobot/install/action_interfaces/share/action_interfaces/local_setup.zsh
[24.655s] -- Installing: /home/cdwiench/Desktop/Robotics/CobotMyRobot/install/action_interfaces/share/action_interfaces/local_setup.dsv
[24.655s] -- Installing: /home/cdwiench/Desktop/Robotics/CobotMyRobot/install/action_interfaces/share/action_interfaces/package.dsv
[24.655s] -- Installing: /home/cdwiench/Desktop/Robotics/CobotMyRobot/install/action_interfaces/share/ament_index/resource_index/packages/action_interfaces
[24.655s] -- Installing: /home/cdwiench/Desktop/Robotics/CobotMyRobot/install/action_interfaces/share/action_interfaces/cmake/export_action_interfaces__rosidl_generator_cExport.cmake
[24.655s] -- Installing: /home/cdwiench/Desktop/Robotics/CobotMyRobot/install/action_interfaces/share/action_interfaces/cmake/export_action_interfaces__rosidl_generator_cExport-noconfig.cmake
[24.656s] -- Installing: /home/cdwiench/Desktop/Robotics/CobotMyRobot/install/action_interfaces/share/action_interfaces/cmake/export_action_interfaces__rosidl_typesupport_fastrtps_cExport.cmake
[24.656s] -- Installing: /home/cdwiench/Desktop/Robotics/CobotMyRobot/install/action_interfaces/share/action_interfaces/cmake/export_action_interfaces__rosidl_typesupport_fastrtps_cExport-noconfig.cmake
[24.657s] -- Installing: /home/cdwiench/Desktop/Robotics/CobotMyRobot/install/action_interfaces/share/action_interfaces/cmake/action_interfaces__rosidl_typesupport_introspection_cExport.cmake
[24.658s] -- Installing: /home/cdwiench/Desktop/Robotics/CobotMyRobot/install/action_interfaces/share/action_interfaces/cmake/action_interfaces__rosidl_typesupport_introspection_cExport-noconfig.cmake
[24.658s] -- Installing: /home/cdwiench/Desktop/Robotics/CobotMyRobot/install/action_interfaces/share/action_interfaces/cmake/action_interfaces__rosidl_typesupport_cExport.cmake
[24.659s] -- Installing: /home/cdwiench/Desktop/Robotics/CobotMyRobot/install/action_interfaces/share/action_interfaces/cmake/action_interfaces__rosidl_typesupport_cExport-noconfig.cmake
[24.659s] -- Installing: /home/cdwiench/Desktop/Robotics/CobotMyRobot/install/action_interfaces/share/action_interfaces/cmake/export_action_interfaces__rosidl_generator_cppExport.cmake
[24.660s] -- Installing: /home/cdwiench/Desktop/Robotics/CobotMyRobot/install/action_interfaces/share/action_interfaces/cmake/export_action_interfaces__rosidl_typesupport_fastrtps_cppExport.cmake
[24.661s] -- Installing: /home/cdwiench/Desktop/Robotics/CobotMyRobot/install/action_interfaces/share/action_interfaces/cmake/export_action_interfaces__rosidl_typesupport_fastrtps_cppExport-noconfig.cmake
[24.661s] -- Installing: /home/cdwiench/Desktop/Robotics/CobotMyRobot/install/action_interfaces/share/action_interfaces/cmake/action_interfaces__rosidl_typesupport_introspection_cppExport.cmake
[24.662s] -- Installing: /home/cdwiench/Desktop/Robotics/CobotMyRobot/install/action_interfaces/share/action_interfaces/cmake/action_interfaces__rosidl_typesupport_introspection_cppExport-noconfig.cmake
[24.662s] -- Installing: /home/cdwiench/Desktop/Robotics/CobotMyRobot/install/action_interfaces/share/action_interfaces/cmake/action_interfaces__rosidl_typesupport_cppExport.cmake
[24.662s] -- Installing: /home/cdwiench/Desktop/Robotics/CobotMyRobot/install/action_interfaces/share/action_interfaces/cmake/action_interfaces__rosidl_typesupport_cppExport-noconfig.cmake
[24.663s] -- Installing: /home/cdwiench/Desktop/Robotics/CobotMyRobot/install/action_interfaces/share/action_interfaces/cmake/export_action_interfaces__rosidl_generator_pyExport.cmake
[24.663s] -- Installing: /home/cdwiench/Desktop/Robotics/CobotMyRobot/install/action_interfaces/share/action_interfaces/cmake/export_action_interfaces__rosidl_generator_pyExport-noconfig.cmake
[24.664s] -- Installing: /home/cdwiench/Desktop/Robotics/CobotMyRobot/install/action_interfaces/share/action_interfaces/cmake/rosidl_cmake-extras.cmake
[24.664s] -- Installing: /home/cdwiench/Desktop/Robotics/CobotMyRobot/install/action_interfaces/share/action_interfaces/cmake/ament_cmake_export_dependencies-extras.cmake
[24.664s] -- Installing: /home/cdwiench/Desktop/Robotics/CobotMyRobot/install/action_interfaces/share/action_interfaces/cmake/ament_cmake_export_include_directories-extras.cmake
[24.665s] -- Installing: /home/cdwiench/Desktop/Robotics/CobotMyRobot/install/action_interfaces/share/action_interfaces/cmake/ament_cmake_export_libraries-extras.cmake
[24.665s] -- Installing: /home/cdwiench/Desktop/Robotics/CobotMyRobot/install/action_interfaces/share/action_interfaces/cmake/ament_cmake_export_targets-extras.cmake
[24.666s] -- Installing: /home/cdwiench/Desktop/Robotics/CobotMyRobot/install/action_interfaces/share/action_interfaces/cmake/rosidl_cmake_export_typesupport_targets-extras.cmake
[24.666s] -- Installing: /home/cdwiench/Desktop/Robotics/CobotMyRobot/install/action_interfaces/share/action_interfaces/cmake/rosidl_cmake_export_typesupport_libraries-extras.cmake
[24.666s] -- Installing: /home/cdwiench/Desktop/Robotics/CobotMyRobot/install/action_interfaces/share/action_interfaces/cmake/action_interfacesConfig.cmake
[24.667s] -- Installing: /home/cdwiench/Desktop/Robotics/CobotMyRobot/install/action_interfaces/share/action_interfaces/cmake/action_interfacesConfig-version.cmake
[24.667s] -- Up-to-date: /home/cdwiench/Desktop/Robotics/CobotMyRobot/install/action_interfaces/share/action_interfaces/package.xml
[24.675s] Invoked command in '/home/cdwiench/Desktop/Robotics/CobotMyRobot/build/action_interfaces' returned '0': CMAKE_PREFIX_PATH=/opt/ros/humble /usr/bin/cmake --install /home/cdwiench/Desktop/Robotics/CobotMyRobot/build/action_interfaces
