[0.013s] Invoking command in '/home/cdwiench/Desktop/Robotics/CobotMyRobot/ros2_ws/build/action_interfaces': /usr/bin/cmake /home/cdwiench/Desktop/Robotics/CobotMyRobot/ros2_ws/src/action_interfaces -DCMAKE_INSTALL_PREFIX=/home/cdwiench/Desktop/Robotics/CobotMyRobot/ros2_ws/install/action_interfaces
[0.520s] -- The C compiler identification is GNU 11.3.0
[0.837s] -- The CXX compiler identification is GNU 11.3.0
[0.850s] -- Detecting C compiler ABI info
[0.973s] -- Detecting C compiler ABI info - done
[0.981s] -- Check for working C compiler: /usr/bin/cc - skipped
[0.982s] -- Detecting C compile features
[0.983s] -- Detecting C compile features - done
[0.987s] -- Detecting CXX compiler ABI info
[1.071s] -- Detecting CXX compiler ABI info - done
[1.080s] -- Check for working CXX compiler: /usr/bin/c++ - skipped
[1.080s] -- Detecting CXX compile features
[1.081s] -- Detecting CXX compile features - done
[1.096s] [31mCMake Error at CMakeLists.txt:9 (find_package):
[1.096s]   By not providing "Findament_cmake.cmake" in CMAKE_MODULE_PATH this project
[1.096s]   has asked CMake to find a package configuration file provided by
[1.096s]   "ament_cmake", but CMake did not find one.
[1.097s] 
[1.097s]   Could not find a package configuration file provided by "ament_cmake" with
[1.097s]   any of the following names:
[1.097s] 
[1.097s]     ament_cmakeConfig.cmake
[1.097s]     ament_cmake-config.cmake
[1.097s] 
[1.097s]   Add the installation prefix of "ament_cmake" to CMAKE_PREFIX_PATH or set
[1.097s]   "ament_cmake_DIR" to a directory containing one of the above files.  If
[1.098s]   "ament_cmake" provides a separate development package or SDK, be sure it
[1.098s]   has been installed.
[1.098s] 
[1.098s] [0m
[1.098s] -- Configuring incomplete, errors occurred!
[1.098s] See also "/home/cdwiench/Desktop/Robotics/CobotMyRobot/ros2_ws/build/action_interfaces/CMakeFiles/CMakeOutput.log".
[1.100s] Invoked command in '/home/cdwiench/Desktop/Robotics/CobotMyRobot/ros2_ws/build/action_interfaces' returned '1': /usr/bin/cmake /home/cdwiench/Desktop/Robotics/CobotMyRobot/ros2_ws/src/action_interfaces -DCMAKE_INSTALL_PREFIX=/home/cdwiench/Desktop/Robotics/CobotMyRobot/ros2_ws/install/action_interfaces
