[0.008s] Invoking command in '/home/iRETI/504/CobotMyRobot/build/action_interfaces': CMAKE_PREFIX_PATH=/opt/ros/humble /usr/bin/cmake /home/iRETI/504/CobotMyRobot/ros2_ws/src/action_interfaces -DCMAKE_INSTALL_PREFIX=/home/iRETI/504/CobotMyRobot/install/action_interfaces
[0.046s] -- The C compiler identification is GNU 11.3.0
[0.088s] -- The CXX compiler identification is GNU 11.3.0
[0.094s] -- Detecting C compiler ABI info
[0.143s] -- Detecting C compiler ABI info - done
[0.150s] -- Check for working C compiler: /usr/bin/cc - skipped
[0.150s] -- Detecting C compile features
[0.151s] -- Detecting C compile features - done
[0.153s] -- Detecting CXX compiler ABI info
[0.209s] -- Detecting CXX compiler ABI info - done
[0.216s] -- Check for working CXX compiler: /usr/bin/c++ - skipped
[0.216s] -- Detecting CXX compile features
[0.217s] -- Detecting CXX compile features - done
[0.219s] -- Found ament_cmake: 1.3.3 (/opt/ros/humble/share/ament_cmake/cmake)
[0.772s] -- Found Python3: /usr/bin/python3.10 (found version "3.10.6") found components: Interpreter 
[0.837s] -- Found ament_lint_auto: 0.12.5 (/opt/ros/humble/share/ament_lint_auto/cmake)
[0.899s] -- Found rosidl_default_generators: 1.2.0 (/opt/ros/humble/share/rosidl_default_generators/cmake)
[0.902s] -- Using all available rosidl_typesupport_c: rosidl_typesupport_fastrtps_c;rosidl_typesupport_introspection_c
[0.909s] -- Found rosidl_adapter: 3.1.4 (/opt/ros/humble/share/rosidl_adapter/cmake)
[0.945s] -- Using all available rosidl_typesupport_cpp: rosidl_typesupport_fastrtps_cpp;rosidl_typesupport_introspection_cpp
[1.198s] -- Found ament_cmake_ros: 0.10.0 (/opt/ros/humble/share/ament_cmake_ros/cmake)
[1.351s] -- Using all available rosidl_typesupport_c: rosidl_typesupport_fastrtps_c;rosidl_typesupport_introspection_c
[1.547s] -- Using all available rosidl_typesupport_cpp: rosidl_typesupport_fastrtps_cpp;rosidl_typesupport_introspection_cpp
[1.565s] -- Found PythonInterp: /usr/bin/python3 (found suitable version "3.10.6", minimum required is "3.6") 
[1.566s] -- Found python_cmake_module: 0.10.0 (/opt/ros/humble/share/python_cmake_module/cmake)
[1.586s] -- Found PythonLibs: /usr/lib/x86_64-linux-gnu/libpython3.10.so (found suitable version "3.10.6", minimum required is "3.5") 
[1.587s] -- Using PYTHON_EXECUTABLE: /usr/bin/python3
[1.587s] -- Using PYTHON_INCLUDE_DIRS: /usr/include/python3.10
[1.587s] -- Using PYTHON_LIBRARIES: /usr/lib/x86_64-linux-gnu/libpython3.10.so
[1.603s] -- Found PythonExtra: .so  
[1.639s] -- Added test 'lint_cmake' to check CMake code style
[1.640s] -- Added test 'xmllint' to check XML markup files
[1.646s] -- Configuring done
[1.670s] -- Generating done
[1.672s] -- Build files have been written to: /home/iRETI/504/CobotMyRobot/build/action_interfaces
[1.679s] Invoked command in '/home/iRETI/504/CobotMyRobot/build/action_interfaces' returned '0': CMAKE_PREFIX_PATH=/opt/ros/humble /usr/bin/cmake /home/iRETI/504/CobotMyRobot/ros2_ws/src/action_interfaces -DCMAKE_INSTALL_PREFIX=/home/iRETI/504/CobotMyRobot/install/action_interfaces
[1.680s] Invoking command in '/home/iRETI/504/CobotMyRobot/build/action_interfaces': CMAKE_PREFIX_PATH=/opt/ros/humble /usr/bin/cmake --build /home/iRETI/504/CobotMyRobot/build/action_interfaces -- -j12 -l12
[1.704s] [  3%] [34m[1mGenerating C code for ROS interfaces[0m
[1.710s] [  6%] [34m[1mGenerating C++ code for ROS interfaces[0m
[1.716s] [  6%] Built target ament_cmake_python_copy_action_interfaces
[2.007s] running egg_info
[2.008s] creating action_interfaces.egg-info
[2.020s] writing action_interfaces.egg-info/PKG-INFO
[2.020s] writing dependency_links to action_interfaces.egg-info/dependency_links.txt
[2.021s] writing top-level names to action_interfaces.egg-info/top_level.txt
[2.021s] writing manifest file 'action_interfaces.egg-info/SOURCES.txt'
[2.059s] reading manifest file 'action_interfaces.egg-info/SOURCES.txt'
[2.060s] writing manifest file 'action_interfaces.egg-info/SOURCES.txt'
[2.100s] [  6%] Built target action_interfaces__cpp
[2.100s] [  6%] Built target ament_cmake_python_build_action_interfaces_egg
[2.107s] [ 19%] [34m[1mGenerating C++ type support dispatch for ROS interfaces[0m
[2.107s] [ 19%] [34m[1mGenerating C++ introspection for ROS interfaces[0m
[2.107s] [ 19%] [32mBuilding C object CMakeFiles/action_interfaces__rosidl_generator_c.dir/rosidl_generator_c/action_interfaces/action/detail/set_angle__functions.c.o[0m
[2.107s] [ 19%] [34m[1mGenerating C++ type support for eProsima Fast-RTPS[0m
[2.216s] [ 22%] [32m[1mLinking C shared library libaction_interfaces__rosidl_generator_c.so[0m
[2.243s] [ 22%] Built target action_interfaces__rosidl_generator_c
[2.249s] [ 32%] [34m[1mGenerating C type support dispatch for ROS interfaces[0m
[2.249s] [ 32%] [34m[1mGenerating C introspection for ROS interfaces[0m
[2.249s] [ 32%] [34m[1mGenerating C type support for eProsima Fast-RTPS[0m
[2.381s] [ 35%] [32mBuilding CXX object CMakeFiles/action_interfaces__rosidl_typesupport_cpp.dir/rosidl_typesupport_cpp/action_interfaces/action/set_angle__type_support.cpp.o[0m
[2.430s] [ 38%] [32mBuilding CXX object CMakeFiles/action_interfaces__rosidl_typesupport_introspection_cpp.dir/rosidl_typesupport_introspection_cpp/action_interfaces/action/detail/set_angle__type_support.cpp.o[0m
[2.473s] [ 41%] [32mBuilding CXX object CMakeFiles/action_interfaces__rosidl_typesupport_fastrtps_cpp.dir/rosidl_typesupport_fastrtps_cpp/action_interfaces/action/detail/dds_fastrtps/set_angle__type_support.cpp.o[0m
[2.522s] [ 45%] [32mBuilding CXX object CMakeFiles/action_interfaces__rosidl_typesupport_c.dir/rosidl_typesupport_c/action_interfaces/action/set_angle__type_support.cpp.o[0m
[2.559s] [ 48%] [32m[1mLinking CXX shared library libaction_interfaces__rosidl_typesupport_c.so[0m
[2.591s] [ 48%] Built target action_interfaces__rosidl_typesupport_c
[2.603s] [ 51%] [32mBuilding C object CMakeFiles/action_interfaces__rosidl_typesupport_introspection_c.dir/rosidl_typesupport_introspection_c/action_interfaces/action/detail/set_angle__type_support.c.o[0m
[2.617s] [ 54%] [32mBuilding CXX object CMakeFiles/action_interfaces__rosidl_typesupport_fastrtps_c.dir/rosidl_typesupport_fastrtps_c/action_interfaces/action/detail/set_angle__type_support_c.cpp.o[0m
[2.644s] [ 58%] [32m[1mLinking C shared library libaction_interfaces__rosidl_typesupport_introspection_c.so[0m
[2.667s] [ 58%] Built target action_interfaces__rosidl_typesupport_introspection_c
[2.765s] [ 61%] [32m[1mLinking CXX shared library libaction_interfaces__rosidl_typesupport_cpp.so[0m
[2.795s] [ 61%] Built target action_interfaces__rosidl_typesupport_cpp
[2.934s] [ 64%] [32m[1mLinking CXX shared library libaction_interfaces__rosidl_typesupport_fastrtps_c.so[0m
[2.938s] [ 67%] [32m[1mLinking CXX shared library libaction_interfaces__rosidl_typesupport_introspection_cpp.so[0m
[2.943s] [ 70%] [32m[1mLinking CXX shared library libaction_interfaces__rosidl_typesupport_fastrtps_cpp.so[0m
[3.013s] [ 70%] Built target action_interfaces__rosidl_typesupport_introspection_cpp
[3.014s] [ 70%] Built target action_interfaces__rosidl_typesupport_fastrtps_c
[3.019s] [ 70%] Built target action_interfaces__rosidl_typesupport_fastrtps_cpp
[3.032s] [ 70%] Built target action_interfaces
[3.046s] [ 74%] [34m[1mGenerating Python code for ROS interfaces[0m
[3.703s] [ 74%] Built target action_interfaces__py
[3.715s] [ 77%] [32mBuilding C object CMakeFiles/action_interfaces__rosidl_generator_py.dir/rosidl_generator_py/action_interfaces/action/_set_angle_s.c.o[0m
[3.830s] [ 80%] [32m[1mLinking C shared library rosidl_generator_py/action_interfaces/libaction_interfaces__rosidl_generator_py.so[0m
[3.860s] [ 80%] Built target action_interfaces__rosidl_generator_py
[3.873s] [ 90%] [32mBuilding C object CMakeFiles/action_interfaces__rosidl_typesupport_introspection_c__pyext.dir/rosidl_generator_py/action_interfaces/_action_interfaces_s.ep.rosidl_typesupport_introspection_c.c.o[0m
[3.873s] [ 90%] [32mBuilding C object CMakeFiles/action_interfaces__rosidl_typesupport_c__pyext.dir/rosidl_generator_py/action_interfaces/_action_interfaces_s.ep.rosidl_typesupport_c.c.o[0m
[3.873s] [ 90%] [32mBuilding C object CMakeFiles/action_interfaces__rosidl_typesupport_fastrtps_c__pyext.dir/rosidl_generator_py/action_interfaces/_action_interfaces_s.ep.rosidl_typesupport_fastrtps_c.c.o[0m
[3.966s] [100%] [32m[1mLinking C shared library rosidl_generator_py/action_interfaces/action_interfaces_s__rosidl_typesupport_introspection_c.cpython-310-x86_64-linux-gnu.so[0m
[3.966s] [100%] [32m[1mLinking C shared library rosidl_generator_py/action_interfaces/action_interfaces_s__rosidl_typesupport_c.cpython-310-x86_64-linux-gnu.so[0m
[3.966s] [100%] [32m[1mLinking C shared library rosidl_generator_py/action_interfaces/action_interfaces_s__rosidl_typesupport_fastrtps_c.cpython-310-x86_64-linux-gnu.so[0m
[3.994s] [100%] Built target action_interfaces__rosidl_typesupport_introspection_c__pyext
[3.994s] [100%] Built target action_interfaces__rosidl_typesupport_fastrtps_c__pyext
[3.994s] [100%] Built target action_interfaces__rosidl_typesupport_c__pyext
[4.001s] Invoked command in '/home/iRETI/504/CobotMyRobot/build/action_interfaces' returned '0': CMAKE_PREFIX_PATH=/opt/ros/humble /usr/bin/cmake --build /home/iRETI/504/CobotMyRobot/build/action_interfaces -- -j12 -l12
[4.039s] Invoking command in '/home/iRETI/504/CobotMyRobot/build/action_interfaces': CMAKE_PREFIX_PATH=/opt/ros/humble /usr/bin/cmake --install /home/iRETI/504/CobotMyRobot/build/action_interfaces
[4.043s] -- Install configuration: ""
[4.043s] -- Installing: /home/iRETI/504/CobotMyRobot/install/action_interfaces/share/ament_index/resource_index/rosidl_interfaces/action_interfaces
[4.043s] -- Up-to-date: /home/iRETI/504/CobotMyRobot/install/action_interfaces/include/action_interfaces/action_interfaces
[4.044s] -- Up-to-date: /home/iRETI/504/CobotMyRobot/install/action_interfaces/include/action_interfaces/action_interfaces/action
[4.044s] -- Installing: /home/iRETI/504/CobotMyRobot/install/action_interfaces/include/action_interfaces/action_interfaces/action/set_angle.h
[4.044s] -- Up-to-date: /home/iRETI/504/CobotMyRobot/install/action_interfaces/include/action_interfaces/action_interfaces/action/detail
[4.044s] -- Installing: /home/iRETI/504/CobotMyRobot/install/action_interfaces/include/action_interfaces/action_interfaces/action/detail/set_angle__struct.h
[4.044s] -- Installing: /home/iRETI/504/CobotMyRobot/install/action_interfaces/include/action_interfaces/action_interfaces/action/detail/set_angle__functions.h
[4.044s] -- Installing: /home/iRETI/504/CobotMyRobot/install/action_interfaces/include/action_interfaces/action_interfaces/action/detail/set_angle__type_support.h
[4.044s] -- Installing: /home/iRETI/504/CobotMyRobot/install/action_interfaces/include/action_interfaces/action_interfaces/action/detail/set_angle__functions.c
[4.044s] -- Up-to-date: /home/iRETI/504/CobotMyRobot/install/action_interfaces/include/action_interfaces/action_interfaces/msg
[4.044s] -- Installing: /home/iRETI/504/CobotMyRobot/install/action_interfaces/include/action_interfaces/action_interfaces/msg/rosidl_generator_c__visibility_control.h
[4.044s] -- Installing: /home/iRETI/504/CobotMyRobot/install/action_interfaces/share/action_interfaces/environment/library_path.sh
[4.044s] -- Installing: /home/iRETI/504/CobotMyRobot/install/action_interfaces/share/action_interfaces/environment/library_path.dsv
[4.044s] -- Installing: /home/iRETI/504/CobotMyRobot/install/action_interfaces/lib/libaction_interfaces__rosidl_generator_c.so
[4.045s] -- Set runtime path of "/home/iRETI/504/CobotMyRobot/install/action_interfaces/lib/libaction_interfaces__rosidl_generator_c.so" to ""
[4.045s] -- Up-to-date: /home/iRETI/504/CobotMyRobot/install/action_interfaces/include/action_interfaces/action_interfaces
[4.045s] -- Up-to-date: /home/iRETI/504/CobotMyRobot/install/action_interfaces/include/action_interfaces/action_interfaces/action
[4.045s] -- Up-to-date: /home/iRETI/504/CobotMyRobot/install/action_interfaces/include/action_interfaces/action_interfaces/action/detail
[4.045s] -- Installing: /home/iRETI/504/CobotMyRobot/install/action_interfaces/include/action_interfaces/action_interfaces/action/detail/set_angle__rosidl_typesupport_fastrtps_c.h
[4.045s] -- Up-to-date: /home/iRETI/504/CobotMyRobot/install/action_interfaces/include/action_interfaces/action_interfaces/msg
[4.045s] -- Installing: /home/iRETI/504/CobotMyRobot/install/action_interfaces/include/action_interfaces/action_interfaces/msg/rosidl_typesupport_fastrtps_c__visibility_control.h
[4.045s] -- Installing: /home/iRETI/504/CobotMyRobot/install/action_interfaces/lib/libaction_interfaces__rosidl_typesupport_fastrtps_c.so
[4.045s] -- Set runtime path of "/home/iRETI/504/CobotMyRobot/install/action_interfaces/lib/libaction_interfaces__rosidl_typesupport_fastrtps_c.so" to ""
[4.045s] -- Up-to-date: /home/iRETI/504/CobotMyRobot/install/action_interfaces/include/action_interfaces/action_interfaces
[4.045s] -- Up-to-date: /home/iRETI/504/CobotMyRobot/install/action_interfaces/include/action_interfaces/action_interfaces/action
[4.046s] -- Up-to-date: /home/iRETI/504/CobotMyRobot/install/action_interfaces/include/action_interfaces/action_interfaces/action/detail
[4.046s] -- Installing: /home/iRETI/504/CobotMyRobot/install/action_interfaces/include/action_interfaces/action_interfaces/action/detail/set_angle__rosidl_typesupport_introspection_c.h
[4.046s] -- Installing: /home/iRETI/504/CobotMyRobot/install/action_interfaces/include/action_interfaces/action_interfaces/action/detail/set_angle__type_support.c
[4.046s] -- Up-to-date: /home/iRETI/504/CobotMyRobot/install/action_interfaces/include/action_interfaces/action_interfaces/msg
[4.046s] -- Installing: /home/iRETI/504/CobotMyRobot/install/action_interfaces/include/action_interfaces/action_interfaces/msg/rosidl_typesupport_introspection_c__visibility_control.h
[4.046s] -- Installing: /home/iRETI/504/CobotMyRobot/install/action_interfaces/lib/libaction_interfaces__rosidl_typesupport_introspection_c.so
[4.046s] -- Set runtime path of "/home/iRETI/504/CobotMyRobot/install/action_interfaces/lib/libaction_interfaces__rosidl_typesupport_introspection_c.so" to ""
[4.046s] -- Installing: /home/iRETI/504/CobotMyRobot/install/action_interfaces/lib/libaction_interfaces__rosidl_typesupport_c.so
[4.046s] -- Set runtime path of "/home/iRETI/504/CobotMyRobot/install/action_interfaces/lib/libaction_interfaces__rosidl_typesupport_c.so" to ""
[4.046s] -- Up-to-date: /home/iRETI/504/CobotMyRobot/install/action_interfaces/include/action_interfaces/action_interfaces
[4.046s] -- Up-to-date: /home/iRETI/504/CobotMyRobot/install/action_interfaces/include/action_interfaces/action_interfaces/action
[4.046s] -- Up-to-date: /home/iRETI/504/CobotMyRobot/install/action_interfaces/include/action_interfaces/action_interfaces/action/detail
[4.047s] -- Installing: /home/iRETI/504/CobotMyRobot/install/action_interfaces/include/action_interfaces/action_interfaces/action/detail/set_angle__traits.hpp
[4.047s] -- Installing: /home/iRETI/504/CobotMyRobot/install/action_interfaces/include/action_interfaces/action_interfaces/action/detail/set_angle__struct.hpp
[4.047s] -- Installing: /home/iRETI/504/CobotMyRobot/install/action_interfaces/include/action_interfaces/action_interfaces/action/detail/set_angle__builder.hpp
[4.047s] -- Installing: /home/iRETI/504/CobotMyRobot/install/action_interfaces/include/action_interfaces/action_interfaces/action/set_angle.hpp
[4.047s] -- Up-to-date: /home/iRETI/504/CobotMyRobot/install/action_interfaces/include/action_interfaces/action_interfaces
[4.047s] -- Up-to-date: /home/iRETI/504/CobotMyRobot/install/action_interfaces/include/action_interfaces/action_interfaces/action
[4.047s] -- Up-to-date: /home/iRETI/504/CobotMyRobot/install/action_interfaces/include/action_interfaces/action_interfaces/action/detail
[4.047s] -- Installing: /home/iRETI/504/CobotMyRobot/install/action_interfaces/include/action_interfaces/action_interfaces/action/detail/set_angle__rosidl_typesupport_fastrtps_cpp.hpp
[4.047s] -- Installing: /home/iRETI/504/CobotMyRobot/install/action_interfaces/include/action_interfaces/action_interfaces/action/detail/dds_fastrtps
[4.047s] -- Up-to-date: /home/iRETI/504/CobotMyRobot/install/action_interfaces/include/action_interfaces/action_interfaces/msg
[4.047s] -- Installing: /home/iRETI/504/CobotMyRobot/install/action_interfaces/include/action_interfaces/action_interfaces/msg/rosidl_typesupport_fastrtps_cpp__visibility_control.h
[4.047s] -- Installing: /home/iRETI/504/CobotMyRobot/install/action_interfaces/lib/libaction_interfaces__rosidl_typesupport_fastrtps_cpp.so
[4.047s] -- Set runtime path of "/home/iRETI/504/CobotMyRobot/install/action_interfaces/lib/libaction_interfaces__rosidl_typesupport_fastrtps_cpp.so" to ""
[4.047s] -- Up-to-date: /home/iRETI/504/CobotMyRobot/install/action_interfaces/include/action_interfaces/action_interfaces
[4.048s] -- Up-to-date: /home/iRETI/504/CobotMyRobot/install/action_interfaces/include/action_interfaces/action_interfaces/action
[4.048s] -- Up-to-date: /home/iRETI/504/CobotMyRobot/install/action_interfaces/include/action_interfaces/action_interfaces/action/detail
[4.048s] -- Installing: /home/iRETI/504/CobotMyRobot/install/action_interfaces/include/action_interfaces/action_interfaces/action/detail/set_angle__type_support.cpp
[4.048s] -- Installing: /home/iRETI/504/CobotMyRobot/install/action_interfaces/include/action_interfaces/action_interfaces/action/detail/set_angle__rosidl_typesupport_introspection_cpp.hpp
[4.048s] -- Installing: /home/iRETI/504/CobotMyRobot/install/action_interfaces/lib/libaction_interfaces__rosidl_typesupport_introspection_cpp.so
[4.048s] -- Set runtime path of "/home/iRETI/504/CobotMyRobot/install/action_interfaces/lib/libaction_interfaces__rosidl_typesupport_introspection_cpp.so" to ""
[4.048s] -- Installing: /home/iRETI/504/CobotMyRobot/install/action_interfaces/lib/libaction_interfaces__rosidl_typesupport_cpp.so
[4.048s] -- Set runtime path of "/home/iRETI/504/CobotMyRobot/install/action_interfaces/lib/libaction_interfaces__rosidl_typesupport_cpp.so" to ""
[4.048s] -- Installing: /home/iRETI/504/CobotMyRobot/install/action_interfaces/share/action_interfaces/environment/pythonpath.sh
[4.048s] -- Installing: /home/iRETI/504/CobotMyRobot/install/action_interfaces/share/action_interfaces/environment/pythonpath.dsv
[4.049s] -- Up-to-date: /home/iRETI/504/CobotMyRobot/install/action_interfaces/local/lib/python3.10/dist-packages/action_interfaces-0.0.0-py3.10.egg-info
[4.049s] -- Installing: /home/iRETI/504/CobotMyRobot/install/action_interfaces/local/lib/python3.10/dist-packages/action_interfaces-0.0.0-py3.10.egg-info/PKG-INFO
[4.049s] -- Installing: /home/iRETI/504/CobotMyRobot/install/action_interfaces/local/lib/python3.10/dist-packages/action_interfaces-0.0.0-py3.10.egg-info/SOURCES.txt
[4.049s] -- Installing: /home/iRETI/504/CobotMyRobot/install/action_interfaces/local/lib/python3.10/dist-packages/action_interfaces-0.0.0-py3.10.egg-info/top_level.txt
[4.049s] -- Installing: /home/iRETI/504/CobotMyRobot/install/action_interfaces/local/lib/python3.10/dist-packages/action_interfaces-0.0.0-py3.10.egg-info/dependency_links.txt
[4.049s] -- Up-to-date: /home/iRETI/504/CobotMyRobot/install/action_interfaces/local/lib/python3.10/dist-packages/action_interfaces
[4.049s] -- Installing: /home/iRETI/504/CobotMyRobot/install/action_interfaces/local/lib/python3.10/dist-packages/action_interfaces/__init__.py
[4.049s] -- Installing: /home/iRETI/504/CobotMyRobot/install/action_interfaces/local/lib/python3.10/dist-packages/action_interfaces/_action_interfaces_s.ep.rosidl_typesupport_fastrtps_c.c
[4.049s] -- Installing: /home/iRETI/504/CobotMyRobot/install/action_interfaces/local/lib/python3.10/dist-packages/action_interfaces/action_interfaces_s__rosidl_typesupport_fastrtps_c.cpython-310-x86_64-linux-gnu.so
[4.049s] -- Up-to-date: /home/iRETI/504/CobotMyRobot/install/action_interfaces/local/lib/python3.10/dist-packages/action_interfaces/action
[4.049s] -- Installing: /home/iRETI/504/CobotMyRobot/install/action_interfaces/local/lib/python3.10/dist-packages/action_interfaces/action/__init__.py
[4.049s] -- Installing: /home/iRETI/504/CobotMyRobot/install/action_interfaces/local/lib/python3.10/dist-packages/action_interfaces/action/_set_angle.py
[4.050s] -- Installing: /home/iRETI/504/CobotMyRobot/install/action_interfaces/local/lib/python3.10/dist-packages/action_interfaces/action/_set_angle_s.c
[4.050s] -- Installing: /home/iRETI/504/CobotMyRobot/install/action_interfaces/local/lib/python3.10/dist-packages/action_interfaces/_action_interfaces_s.ep.rosidl_typesupport_introspection_c.c
[4.050s] -- Installing: /home/iRETI/504/CobotMyRobot/install/action_interfaces/local/lib/python3.10/dist-packages/action_interfaces/libaction_interfaces__rosidl_generator_py.so
[4.050s] -- Installing: /home/iRETI/504/CobotMyRobot/install/action_interfaces/local/lib/python3.10/dist-packages/action_interfaces/_action_interfaces_s.ep.rosidl_typesupport_c.c
[4.050s] -- Installing: /home/iRETI/504/CobotMyRobot/install/action_interfaces/local/lib/python3.10/dist-packages/action_interfaces/action_interfaces_s__rosidl_typesupport_introspection_c.cpython-310-x86_64-linux-gnu.so
[4.050s] -- Installing: /home/iRETI/504/CobotMyRobot/install/action_interfaces/local/lib/python3.10/dist-packages/action_interfaces/action_interfaces_s__rosidl_typesupport_c.cpython-310-x86_64-linux-gnu.so
[4.081s] Listing '/home/iRETI/504/CobotMyRobot/install/action_interfaces/local/lib/python3.10/dist-packages/action_interfaces'...
[4.081s] Compiling '/home/iRETI/504/CobotMyRobot/install/action_interfaces/local/lib/python3.10/dist-packages/action_interfaces/__init__.py'...
[4.081s] Listing '/home/iRETI/504/CobotMyRobot/install/action_interfaces/local/lib/python3.10/dist-packages/action_interfaces/action'...
[4.081s] Compiling '/home/iRETI/504/CobotMyRobot/install/action_interfaces/local/lib/python3.10/dist-packages/action_interfaces/action/__init__.py'...
[4.081s] Compiling '/home/iRETI/504/CobotMyRobot/install/action_interfaces/local/lib/python3.10/dist-packages/action_interfaces/action/_set_angle.py'...
[4.085s] -- Installing: /home/iRETI/504/CobotMyRobot/install/action_interfaces/local/lib/python3.10/dist-packages/action_interfaces/action_interfaces_s__rosidl_typesupport_fastrtps_c.cpython-310-x86_64-linux-gnu.so
[4.085s] -- Set runtime path of "/home/iRETI/504/CobotMyRobot/install/action_interfaces/local/lib/python3.10/dist-packages/action_interfaces/action_interfaces_s__rosidl_typesupport_fastrtps_c.cpython-310-x86_64-linux-gnu.so" to ""
[4.085s] -- Installing: /home/iRETI/504/CobotMyRobot/install/action_interfaces/local/lib/python3.10/dist-packages/action_interfaces/action_interfaces_s__rosidl_typesupport_introspection_c.cpython-310-x86_64-linux-gnu.so
[4.085s] -- Set runtime path of "/home/iRETI/504/CobotMyRobot/install/action_interfaces/local/lib/python3.10/dist-packages/action_interfaces/action_interfaces_s__rosidl_typesupport_introspection_c.cpython-310-x86_64-linux-gnu.so" to ""
[4.085s] -- Installing: /home/iRETI/504/CobotMyRobot/install/action_interfaces/local/lib/python3.10/dist-packages/action_interfaces/action_interfaces_s__rosidl_typesupport_c.cpython-310-x86_64-linux-gnu.so
[4.086s] -- Set runtime path of "/home/iRETI/504/CobotMyRobot/install/action_interfaces/local/lib/python3.10/dist-packages/action_interfaces/action_interfaces_s__rosidl_typesupport_c.cpython-310-x86_64-linux-gnu.so" to ""
[4.086s] -- Installing: /home/iRETI/504/CobotMyRobot/install/action_interfaces/lib/libaction_interfaces__rosidl_generator_py.so
[4.086s] -- Set runtime path of "/home/iRETI/504/CobotMyRobot/install/action_interfaces/lib/libaction_interfaces__rosidl_generator_py.so" to ""
[4.086s] -- Installing: /home/iRETI/504/CobotMyRobot/install/action_interfaces/share/action_interfaces/action/SetAngle.idl
[4.086s] -- Up-to-date: /home/iRETI/504/CobotMyRobot/install/action_interfaces/share/action_interfaces/action/SetAngle.action
[4.086s] -- Installing: /home/iRETI/504/CobotMyRobot/install/action_interfaces/share/ament_index/resource_index/package_run_dependencies/action_interfaces
[4.086s] -- Installing: /home/iRETI/504/CobotMyRobot/install/action_interfaces/share/ament_index/resource_index/parent_prefix_path/action_interfaces
[4.086s] -- Installing: /home/iRETI/504/CobotMyRobot/install/action_interfaces/share/action_interfaces/environment/ament_prefix_path.sh
[4.086s] -- Installing: /home/iRETI/504/CobotMyRobot/install/action_interfaces/share/action_interfaces/environment/ament_prefix_path.dsv
[4.086s] -- Installing: /home/iRETI/504/CobotMyRobot/install/action_interfaces/share/action_interfaces/environment/path.sh
[4.086s] -- Installing: /home/iRETI/504/CobotMyRobot/install/action_interfaces/share/action_interfaces/environment/path.dsv
[4.087s] -- Installing: /home/iRETI/504/CobotMyRobot/install/action_interfaces/share/action_interfaces/local_setup.bash
[4.087s] -- Installing: /home/iRETI/504/CobotMyRobot/install/action_interfaces/share/action_interfaces/local_setup.sh
[4.087s] -- Installing: /home/iRETI/504/CobotMyRobot/install/action_interfaces/share/action_interfaces/local_setup.zsh
[4.087s] -- Installing: /home/iRETI/504/CobotMyRobot/install/action_interfaces/share/action_interfaces/local_setup.dsv
[4.087s] -- Installing: /home/iRETI/504/CobotMyRobot/install/action_interfaces/share/action_interfaces/package.dsv
[4.087s] -- Installing: /home/iRETI/504/CobotMyRobot/install/action_interfaces/share/ament_index/resource_index/packages/action_interfaces
[4.087s] -- Installing: /home/iRETI/504/CobotMyRobot/install/action_interfaces/share/action_interfaces/cmake/export_action_interfaces__rosidl_generator_cExport.cmake
[4.087s] -- Installing: /home/iRETI/504/CobotMyRobot/install/action_interfaces/share/action_interfaces/cmake/export_action_interfaces__rosidl_generator_cExport-noconfig.cmake
[4.087s] -- Installing: /home/iRETI/504/CobotMyRobot/install/action_interfaces/share/action_interfaces/cmake/export_action_interfaces__rosidl_typesupport_fastrtps_cExport.cmake
[4.087s] -- Installing: /home/iRETI/504/CobotMyRobot/install/action_interfaces/share/action_interfaces/cmake/export_action_interfaces__rosidl_typesupport_fastrtps_cExport-noconfig.cmake
[4.088s] -- Installing: /home/iRETI/504/CobotMyRobot/install/action_interfaces/share/action_interfaces/cmake/action_interfaces__rosidl_typesupport_introspection_cExport.cmake
[4.088s] -- Installing: /home/iRETI/504/CobotMyRobot/install/action_interfaces/share/action_interfaces/cmake/action_interfaces__rosidl_typesupport_introspection_cExport-noconfig.cmake
[4.088s] -- Installing: /home/iRETI/504/CobotMyRobot/install/action_interfaces/share/action_interfaces/cmake/action_interfaces__rosidl_typesupport_cExport.cmake
[4.088s] -- Installing: /home/iRETI/504/CobotMyRobot/install/action_interfaces/share/action_interfaces/cmake/action_interfaces__rosidl_typesupport_cExport-noconfig.cmake
[4.088s] -- Installing: /home/iRETI/504/CobotMyRobot/install/action_interfaces/share/action_interfaces/cmake/export_action_interfaces__rosidl_generator_cppExport.cmake
[4.088s] -- Installing: /home/iRETI/504/CobotMyRobot/install/action_interfaces/share/action_interfaces/cmake/export_action_interfaces__rosidl_typesupport_fastrtps_cppExport.cmake
[4.088s] -- Installing: /home/iRETI/504/CobotMyRobot/install/action_interfaces/share/action_interfaces/cmake/export_action_interfaces__rosidl_typesupport_fastrtps_cppExport-noconfig.cmake
[4.088s] -- Installing: /home/iRETI/504/CobotMyRobot/install/action_interfaces/share/action_interfaces/cmake/action_interfaces__rosidl_typesupport_introspection_cppExport.cmake
[4.089s] -- Installing: /home/iRETI/504/CobotMyRobot/install/action_interfaces/share/action_interfaces/cmake/action_interfaces__rosidl_typesupport_introspection_cppExport-noconfig.cmake
[4.089s] -- Installing: /home/iRETI/504/CobotMyRobot/install/action_interfaces/share/action_interfaces/cmake/action_interfaces__rosidl_typesupport_cppExport.cmake
[4.089s] -- Installing: /home/iRETI/504/CobotMyRobot/install/action_interfaces/share/action_interfaces/cmake/action_interfaces__rosidl_typesupport_cppExport-noconfig.cmake
[4.089s] -- Installing: /home/iRETI/504/CobotMyRobot/install/action_interfaces/share/action_interfaces/cmake/export_action_interfaces__rosidl_generator_pyExport.cmake
[4.089s] -- Installing: /home/iRETI/504/CobotMyRobot/install/action_interfaces/share/action_interfaces/cmake/export_action_interfaces__rosidl_generator_pyExport-noconfig.cmake
[4.089s] -- Installing: /home/iRETI/504/CobotMyRobot/install/action_interfaces/share/action_interfaces/cmake/rosidl_cmake-extras.cmake
[4.089s] -- Installing: /home/iRETI/504/CobotMyRobot/install/action_interfaces/share/action_interfaces/cmake/ament_cmake_export_dependencies-extras.cmake
[4.089s] -- Installing: /home/iRETI/504/CobotMyRobot/install/action_interfaces/share/action_interfaces/cmake/ament_cmake_export_include_directories-extras.cmake
[4.089s] -- Installing: /home/iRETI/504/CobotMyRobot/install/action_interfaces/share/action_interfaces/cmake/ament_cmake_export_libraries-extras.cmake
[4.089s] -- Installing: /home/iRETI/504/CobotMyRobot/install/action_interfaces/share/action_interfaces/cmake/ament_cmake_export_targets-extras.cmake
[4.090s] -- Installing: /home/iRETI/504/CobotMyRobot/install/action_interfaces/share/action_interfaces/cmake/rosidl_cmake_export_typesupport_targets-extras.cmake
[4.090s] -- Installing: /home/iRETI/504/CobotMyRobot/install/action_interfaces/share/action_interfaces/cmake/rosidl_cmake_export_typesupport_libraries-extras.cmake
[4.090s] -- Installing: /home/iRETI/504/CobotMyRobot/install/action_interfaces/share/action_interfaces/cmake/action_interfacesConfig.cmake
[4.090s] -- Installing: /home/iRETI/504/CobotMyRobot/install/action_interfaces/share/action_interfaces/cmake/action_interfacesConfig-version.cmake
[4.090s] -- Installing: /home/iRETI/504/CobotMyRobot/install/action_interfaces/share/action_interfaces/package.xml
[4.092s] Invoked command in '/home/iRETI/504/CobotMyRobot/build/action_interfaces' returned '0': CMAKE_PREFIX_PATH=/opt/ros/humble /usr/bin/cmake --install /home/iRETI/504/CobotMyRobot/build/action_interfaces
