[0.910s] DEBUG:colcon:Command line arguments: ['/usr/bin/colcon', 'build']
[0.910s] DEBUG:colcon:Parsed command line arguments: Namespace(log_base=None, log_level=None, verb_name='build', build_base='build', install_base='install', merge_install=False, symlink_install=False, test_result_base=None, continue_on_error=False, executor='parallel', parallel_workers=8, event_handlers=None, ignore_user_meta=False, metas=['./colcon.meta'], base_paths=['.'], packages_ignore=None, packages_ignore_regex=None, paths=None, packages_up_to=None, packages_up_to_regex=None, packages_above=None, packages_above_and_dependencies=None, packages_above_depth=None, packages_select_by_dep=None, packages_skip_by_dep=None, packages_skip_up_to=None, packages_select_build_failed=False, packages_skip_build_finished=False, packages_select_test_failures=False, packages_skip_test_passed=False, packages_select=None, packages_skip=None, packages_select_regex=None, packages_skip_regex=None, packages_start=None, packages_end=None, allow_overriding=[], cmake_args=None, cmake_target=None, cmake_target_skip_unavailable=False, cmake_clean_cache=False, cmake_clean_first=False, cmake_force_configure=False, ament_cmake_args=None, catkin_cmake_args=None, catkin_skip_building_tests=False, verb_parser=<colcon_defaults.argument_parser.defaults.DefaultArgumentsDecorator object at 0x7f3ebb126530>, verb_extension=<colcon_core.verb.build.BuildVerb object at 0x7f3ebb9e1540>, main=<bound method BuildVerb.main of <colcon_core.verb.build.BuildVerb object at 0x7f3ebb9e1540>>)
[0.968s] Level 1:colcon.colcon_core.package_discovery:discover_packages(colcon_meta) check parameters
[0.968s] Level 1:colcon.colcon_core.package_discovery:discover_packages(recursive) check parameters
[0.968s] Level 1:colcon.colcon_core.package_discovery:discover_packages(ignore) check parameters
[0.968s] Level 1:colcon.colcon_core.package_discovery:discover_packages(path) check parameters
[0.968s] Level 1:colcon.colcon_core.package_discovery:discover_packages(colcon_meta) discover
[0.969s] Level 1:colcon.colcon_core.package_discovery:discover_packages(recursive) discover
[0.969s] INFO:colcon.colcon_core.package_discovery:Crawling recursively for packages in '/home/cdwiench/Desktop/Robotics/CobotMyRobot'
[0.969s] Level 1:colcon.colcon_core.package_identification:_identify(.) by extensions ['ignore', 'ignore_ament_install']
[0.969s] Level 1:colcon.colcon_core.package_identification:_identify(.) by extension 'ignore'
[0.969s] Level 1:colcon.colcon_core.package_identification:_identify(.) by extension 'ignore_ament_install'
[0.969s] Level 1:colcon.colcon_core.package_identification:_identify(.) by extensions ['colcon_pkg']
[0.969s] Level 1:colcon.colcon_core.package_identification:_identify(.) by extension 'colcon_pkg'
[0.969s] Level 1:colcon.colcon_core.package_identification:_identify(.) by extensions ['colcon_meta']
[0.970s] Level 1:colcon.colcon_core.package_identification:_identify(.) by extension 'colcon_meta'
[0.970s] Level 1:colcon.colcon_core.package_identification:_identify(.) by extensions ['ros']
[0.970s] Level 1:colcon.colcon_core.package_identification:_identify(.) by extension 'ros'
[0.995s] Level 1:colcon.colcon_core.package_identification:_identify(.) by extensions ['cmake', 'python']
[0.995s] Level 1:colcon.colcon_core.package_identification:_identify(.) by extension 'cmake'
[0.995s] Level 1:colcon.colcon_core.package_identification:_identify(.) by extension 'python'
[0.995s] Level 1:colcon.colcon_core.package_identification:_identify(.) by extensions ['python_setup_py']
[0.995s] Level 1:colcon.colcon_core.package_identification:_identify(.) by extension 'python_setup_py'
[0.995s] Level 1:colcon.colcon_core.package_identification:_identify(build) by extensions ['ignore', 'ignore_ament_install']
[0.995s] Level 1:colcon.colcon_core.package_identification:_identify(build) by extension 'ignore'
[0.996s] Level 1:colcon.colcon_core.package_identification:_identify(build) ignored
[0.996s] Level 1:colcon.colcon_core.package_identification:_identify(install) by extensions ['ignore', 'ignore_ament_install']
[0.996s] Level 1:colcon.colcon_core.package_identification:_identify(install) by extension 'ignore'
[0.996s] Level 1:colcon.colcon_core.package_identification:_identify(install) ignored
[0.996s] Level 1:colcon.colcon_core.package_identification:_identify(log) by extensions ['ignore', 'ignore_ament_install']
[0.997s] Level 1:colcon.colcon_core.package_identification:_identify(log) by extension 'ignore'
[0.997s] Level 1:colcon.colcon_core.package_identification:_identify(log) ignored
[0.997s] Level 1:colcon.colcon_core.package_identification:_identify(ros2_ws) by extensions ['ignore', 'ignore_ament_install']
[0.997s] Level 1:colcon.colcon_core.package_identification:_identify(ros2_ws) by extension 'ignore'
[0.997s] Level 1:colcon.colcon_core.package_identification:_identify(ros2_ws) by extension 'ignore_ament_install'
[0.997s] Level 1:colcon.colcon_core.package_identification:_identify(ros2_ws) by extensions ['colcon_pkg']
[0.997s] Level 1:colcon.colcon_core.package_identification:_identify(ros2_ws) by extension 'colcon_pkg'
[0.997s] Level 1:colcon.colcon_core.package_identification:_identify(ros2_ws) by extensions ['colcon_meta']
[0.998s] Level 1:colcon.colcon_core.package_identification:_identify(ros2_ws) by extension 'colcon_meta'
[0.998s] Level 1:colcon.colcon_core.package_identification:_identify(ros2_ws) by extensions ['ros']
[0.998s] Level 1:colcon.colcon_core.package_identification:_identify(ros2_ws) by extension 'ros'
[0.998s] Level 1:colcon.colcon_core.package_identification:_identify(ros2_ws) by extensions ['cmake', 'python']
[0.998s] Level 1:colcon.colcon_core.package_identification:_identify(ros2_ws) by extension 'cmake'
[0.998s] Level 1:colcon.colcon_core.package_identification:_identify(ros2_ws) by extension 'python'
[0.998s] Level 1:colcon.colcon_core.package_identification:_identify(ros2_ws) by extensions ['python_setup_py']
[0.998s] Level 1:colcon.colcon_core.package_identification:_identify(ros2_ws) by extension 'python_setup_py'
[0.998s] Level 1:colcon.colcon_core.package_identification:_identify(ros2_ws/build) by extensions ['ignore', 'ignore_ament_install']
[0.999s] Level 1:colcon.colcon_core.package_identification:_identify(ros2_ws/build) by extension 'ignore'
[0.999s] Level 1:colcon.colcon_core.package_identification:_identify(ros2_ws/build) ignored
[0.999s] Level 1:colcon.colcon_core.package_identification:_identify(ros2_ws/install) by extensions ['ignore', 'ignore_ament_install']
[0.999s] Level 1:colcon.colcon_core.package_identification:_identify(ros2_ws/install) by extension 'ignore'
[0.999s] Level 1:colcon.colcon_core.package_identification:_identify(ros2_ws/install) ignored
[0.999s] Level 1:colcon.colcon_core.package_identification:_identify(ros2_ws/log) by extensions ['ignore', 'ignore_ament_install']
[1.000s] Level 1:colcon.colcon_core.package_identification:_identify(ros2_ws/log) by extension 'ignore'
[1.000s] Level 1:colcon.colcon_core.package_identification:_identify(ros2_ws/log) ignored
[1.000s] Level 1:colcon.colcon_core.package_identification:_identify(ros2_ws/src) by extensions ['ignore', 'ignore_ament_install']
[1.000s] Level 1:colcon.colcon_core.package_identification:_identify(ros2_ws/src) by extension 'ignore'
[1.000s] Level 1:colcon.colcon_core.package_identification:_identify(ros2_ws/src) by extension 'ignore_ament_install'
[1.000s] Level 1:colcon.colcon_core.package_identification:_identify(ros2_ws/src) by extensions ['colcon_pkg']
[1.000s] Level 1:colcon.colcon_core.package_identification:_identify(ros2_ws/src) by extension 'colcon_pkg'
[1.000s] Level 1:colcon.colcon_core.package_identification:_identify(ros2_ws/src) by extensions ['colcon_meta']
[1.001s] Level 1:colcon.colcon_core.package_identification:_identify(ros2_ws/src) by extension 'colcon_meta'
[1.001s] Level 1:colcon.colcon_core.package_identification:_identify(ros2_ws/src) by extensions ['ros']
[1.001s] Level 1:colcon.colcon_core.package_identification:_identify(ros2_ws/src) by extension 'ros'
[1.001s] Level 1:colcon.colcon_core.package_identification:_identify(ros2_ws/src) by extensions ['cmake', 'python']
[1.001s] Level 1:colcon.colcon_core.package_identification:_identify(ros2_ws/src) by extension 'cmake'
[1.001s] Level 1:colcon.colcon_core.package_identification:_identify(ros2_ws/src) by extension 'python'
[1.001s] Level 1:colcon.colcon_core.package_identification:_identify(ros2_ws/src) by extensions ['python_setup_py']
[1.001s] Level 1:colcon.colcon_core.package_identification:_identify(ros2_ws/src) by extension 'python_setup_py'
[1.001s] Level 1:colcon.colcon_core.package_identification:_identify(ros2_ws/src/action_interfaces) by extensions ['ignore', 'ignore_ament_install']
[1.002s] Level 1:colcon.colcon_core.package_identification:_identify(ros2_ws/src/action_interfaces) by extension 'ignore'
[1.002s] Level 1:colcon.colcon_core.package_identification:_identify(ros2_ws/src/action_interfaces) by extension 'ignore_ament_install'
[1.002s] Level 1:colcon.colcon_core.package_identification:_identify(ros2_ws/src/action_interfaces) by extensions ['colcon_pkg']
[1.002s] Level 1:colcon.colcon_core.package_identification:_identify(ros2_ws/src/action_interfaces) by extension 'colcon_pkg'
[1.002s] Level 1:colcon.colcon_core.package_identification:_identify(ros2_ws/src/action_interfaces) by extensions ['colcon_meta']
[1.002s] Level 1:colcon.colcon_core.package_identification:_identify(ros2_ws/src/action_interfaces) by extension 'colcon_meta'
[1.002s] Level 1:colcon.colcon_core.package_identification:_identify(ros2_ws/src/action_interfaces) by extensions ['ros']
[1.002s] Level 1:colcon.colcon_core.package_identification:_identify(ros2_ws/src/action_interfaces) by extension 'ros'
[1.007s] DEBUG:colcon.colcon_core.package_identification:Package 'ros2_ws/src/action_interfaces' with type 'ros.ament_cmake' and name 'action_interfaces'
[1.007s] Level 1:colcon.colcon_core.package_discovery:discover_packages(recursive) using defaults
[1.007s] Level 1:colcon.colcon_core.package_discovery:discover_packages(ignore) discover
[1.008s] Level 1:colcon.colcon_core.package_discovery:discover_packages(ignore) using defaults
[1.008s] Level 1:colcon.colcon_core.package_discovery:discover_packages(path) discover
[1.008s] Level 1:colcon.colcon_core.package_discovery:discover_packages(path) using defaults
[1.066s] Level 1:colcon.colcon_core.package_discovery:discover_packages(prefix_path) check parameters
[1.066s] Level 1:colcon.colcon_core.package_discovery:discover_packages(prefix_path) discover
[1.075s] DEBUG:colcon.colcon_installed_package_information.package_discovery:Found 282 installed packages in /opt/ros/humble
[1.079s] Level 1:colcon.colcon_core.package_discovery:discover_packages(prefix_path) using defaults
[1.212s] Level 5:colcon.colcon_core.verb:set package 'action_interfaces' build argument 'cmake_args' from command line to 'None'
[1.213s] Level 5:colcon.colcon_core.verb:set package 'action_interfaces' build argument 'cmake_target' from command line to 'None'
[1.213s] Level 5:colcon.colcon_core.verb:set package 'action_interfaces' build argument 'cmake_target_skip_unavailable' from command line to 'False'
[1.213s] Level 5:colcon.colcon_core.verb:set package 'action_interfaces' build argument 'cmake_clean_cache' from command line to 'False'
[1.213s] Level 5:colcon.colcon_core.verb:set package 'action_interfaces' build argument 'cmake_clean_first' from command line to 'False'
[1.213s] Level 5:colcon.colcon_core.verb:set package 'action_interfaces' build argument 'cmake_force_configure' from command line to 'False'
[1.213s] Level 5:colcon.colcon_core.verb:set package 'action_interfaces' build argument 'ament_cmake_args' from command line to 'None'
[1.213s] Level 5:colcon.colcon_core.verb:set package 'action_interfaces' build argument 'catkin_cmake_args' from command line to 'None'
[1.213s] Level 5:colcon.colcon_core.verb:set package 'action_interfaces' build argument 'catkin_skip_building_tests' from command line to 'False'
[1.213s] DEBUG:colcon.colcon_core.verb:Building package 'action_interfaces' with the following arguments: {'ament_cmake_args': None, 'build_base': '/home/cdwiench/Desktop/Robotics/CobotMyRobot/build/action_interfaces', 'catkin_cmake_args': None, 'catkin_skip_building_tests': False, 'cmake_args': None, 'cmake_clean_cache': False, 'cmake_clean_first': False, 'cmake_force_configure': False, 'cmake_target': None, 'cmake_target_skip_unavailable': False, 'install_base': '/home/cdwiench/Desktop/Robotics/CobotMyRobot/install/action_interfaces', 'merge_install': False, 'path': '/home/cdwiench/Desktop/Robotics/CobotMyRobot/ros2_ws/src/action_interfaces', 'symlink_install': False, 'test_result_base': None}
[1.216s] INFO:colcon.colcon_core.executor:Executing jobs using 'parallel' executor
[1.229s] DEBUG:colcon.colcon_parallel_executor.executor.parallel:run_until_complete
[1.229s] INFO:colcon.colcon_ros.task.ament_cmake.build:Building ROS package in '/home/cdwiench/Desktop/Robotics/CobotMyRobot/ros2_ws/src/action_interfaces' with build type 'ament_cmake'
[1.229s] INFO:colcon.colcon_cmake.task.cmake.build:Building CMake package in '/home/cdwiench/Desktop/Robotics/CobotMyRobot/ros2_ws/src/action_interfaces'
[1.241s] INFO:colcon.colcon_core.plugin_system:Skipping extension 'colcon_core.shell.bat': Not used on non-Windows systems
[1.242s] INFO:colcon.colcon_core.shell:Skip shell extension 'powershell' for command environment: Not usable outside of PowerShell
[1.242s] DEBUG:colcon.colcon_core.shell:Skip shell extension 'dsv' for command environment
[1.260s] DEBUG:colcon.colcon_core.event_handler.log_command:Invoking command in '/home/cdwiench/Desktop/Robotics/CobotMyRobot/build/action_interfaces': CMAKE_PREFIX_PATH=/opt/ros/humble /usr/bin/cmake /home/cdwiench/Desktop/Robotics/CobotMyRobot/ros2_ws/src/action_interfaces -DCMAKE_INSTALL_PREFIX=/home/cdwiench/Desktop/Robotics/CobotMyRobot/install/action_interfaces
[4.801s] DEBUG:colcon.colcon_core.event_handler.log_command:Invoked command in '/home/cdwiench/Desktop/Robotics/CobotMyRobot/build/action_interfaces' returned '0': CMAKE_PREFIX_PATH=/opt/ros/humble /usr/bin/cmake /home/cdwiench/Desktop/Robotics/CobotMyRobot/ros2_ws/src/action_interfaces -DCMAKE_INSTALL_PREFIX=/home/cdwiench/Desktop/Robotics/CobotMyRobot/install/action_interfaces
[4.805s] DEBUG:colcon.colcon_core.event_handler.log_command:Invoking command in '/home/cdwiench/Desktop/Robotics/CobotMyRobot/build/action_interfaces': CMAKE_PREFIX_PATH=/opt/ros/humble /usr/bin/cmake --build /home/cdwiench/Desktop/Robotics/CobotMyRobot/build/action_interfaces -- -j8 -l8
[24.608s] DEBUG:colcon.colcon_core.event_handler.log_command:Invoked command in '/home/cdwiench/Desktop/Robotics/CobotMyRobot/build/action_interfaces' returned '0': CMAKE_PREFIX_PATH=/opt/ros/humble /usr/bin/cmake --build /home/cdwiench/Desktop/Robotics/CobotMyRobot/build/action_interfaces -- -j8 -l8
[24.889s] DEBUG:colcon.colcon_core.event_handler.log_command:Invoking command in '/home/cdwiench/Desktop/Robotics/CobotMyRobot/build/action_interfaces': CMAKE_PREFIX_PATH=/opt/ros/humble /usr/bin/cmake --install /home/cdwiench/Desktop/Robotics/CobotMyRobot/build/action_interfaces
[25.154s] Level 1:colcon.colcon_core.environment:create_environment_scripts_only(action_interfaces)
[25.157s] DEBUG:colcon.colcon_core.event_handler.log_command:Invoked command in '/home/cdwiench/Desktop/Robotics/CobotMyRobot/build/action_interfaces' returned '0': CMAKE_PREFIX_PATH=/opt/ros/humble /usr/bin/cmake --install /home/cdwiench/Desktop/Robotics/CobotMyRobot/build/action_interfaces
[25.169s] Level 1:colcon.colcon_core.environment:checking '/home/cdwiench/Desktop/Robotics/CobotMyRobot/install/action_interfaces' for CMake module files
[25.170s] Level 1:colcon.colcon_core.environment:checking '/home/cdwiench/Desktop/Robotics/CobotMyRobot/install/action_interfaces' for CMake config files
[25.171s] Level 1:colcon.colcon_core.shell:create_environment_hook('action_interfaces', 'cmake_prefix_path')
[25.177s] INFO:colcon.colcon_core.shell:Creating environment hook '/home/cdwiench/Desktop/Robotics/CobotMyRobot/install/action_interfaces/share/action_interfaces/hook/cmake_prefix_path.ps1'
[25.178s] INFO:colcon.colcon_core.shell:Creating environment descriptor '/home/cdwiench/Desktop/Robotics/CobotMyRobot/install/action_interfaces/share/action_interfaces/hook/cmake_prefix_path.dsv'
[25.179s] INFO:colcon.colcon_core.shell:Creating environment hook '/home/cdwiench/Desktop/Robotics/CobotMyRobot/install/action_interfaces/share/action_interfaces/hook/cmake_prefix_path.sh'
[25.181s] Level 1:colcon.colcon_core.environment:checking '/home/cdwiench/Desktop/Robotics/CobotMyRobot/install/action_interfaces/lib'
[25.181s] Level 1:colcon.colcon_core.shell:create_environment_hook('action_interfaces', 'ld_library_path_lib')
[25.187s] INFO:colcon.colcon_core.shell:Creating environment hook '/home/cdwiench/Desktop/Robotics/CobotMyRobot/install/action_interfaces/share/action_interfaces/hook/ld_library_path_lib.ps1'
[25.188s] INFO:colcon.colcon_core.shell:Creating environment descriptor '/home/cdwiench/Desktop/Robotics/CobotMyRobot/install/action_interfaces/share/action_interfaces/hook/ld_library_path_lib.dsv'
[25.188s] INFO:colcon.colcon_core.shell:Creating environment hook '/home/cdwiench/Desktop/Robotics/CobotMyRobot/install/action_interfaces/share/action_interfaces/hook/ld_library_path_lib.sh'
[25.189s] Level 1:colcon.colcon_core.environment:checking '/home/cdwiench/Desktop/Robotics/CobotMyRobot/install/action_interfaces/bin'
[25.189s] Level 1:colcon.colcon_core.environment:checking '/home/cdwiench/Desktop/Robotics/CobotMyRobot/install/action_interfaces/lib/pkgconfig/action_interfaces.pc'
[25.190s] Level 1:colcon.colcon_core.environment:checking '/home/cdwiench/Desktop/Robotics/CobotMyRobot/install/action_interfaces/lib/python3.10/site-packages'
[25.190s] Level 1:colcon.colcon_core.environment:checking '/home/cdwiench/Desktop/Robotics/CobotMyRobot/install/action_interfaces/bin'
[25.196s] INFO:colcon.colcon_core.shell:Creating package script '/home/cdwiench/Desktop/Robotics/CobotMyRobot/install/action_interfaces/share/action_interfaces/package.ps1'
[25.198s] INFO:colcon.colcon_core.shell:Creating package descriptor '/home/cdwiench/Desktop/Robotics/CobotMyRobot/install/action_interfaces/share/action_interfaces/package.dsv'
[25.199s] INFO:colcon.colcon_core.shell:Creating package script '/home/cdwiench/Desktop/Robotics/CobotMyRobot/install/action_interfaces/share/action_interfaces/package.sh'
[25.200s] INFO:colcon.colcon_core.shell:Creating package script '/home/cdwiench/Desktop/Robotics/CobotMyRobot/install/action_interfaces/share/action_interfaces/package.bash'
[25.202s] INFO:colcon.colcon_core.shell:Creating package script '/home/cdwiench/Desktop/Robotics/CobotMyRobot/install/action_interfaces/share/action_interfaces/package.zsh'
[25.203s] Level 1:colcon.colcon_core.environment:create_file_with_runtime_dependencies(/home/cdwiench/Desktop/Robotics/CobotMyRobot/install/action_interfaces/share/colcon-core/packages/action_interfaces)
[25.472s] Level 1:colcon.colcon_core.environment:create_environment_scripts_only(action_interfaces)
[25.480s] Level 1:colcon.colcon_core.environment:checking '/home/cdwiench/Desktop/Robotics/CobotMyRobot/install/action_interfaces' for CMake module files
[25.481s] Level 1:colcon.colcon_core.environment:checking '/home/cdwiench/Desktop/Robotics/CobotMyRobot/install/action_interfaces' for CMake config files
[25.482s] Level 1:colcon.colcon_core.shell:create_environment_hook('action_interfaces', 'cmake_prefix_path')
[25.488s] INFO:colcon.colcon_core.shell:Creating environment hook '/home/cdwiench/Desktop/Robotics/CobotMyRobot/install/action_interfaces/share/action_interfaces/hook/cmake_prefix_path.ps1'
[25.489s] INFO:colcon.colcon_core.shell:Creating environment descriptor '/home/cdwiench/Desktop/Robotics/CobotMyRobot/install/action_interfaces/share/action_interfaces/hook/cmake_prefix_path.dsv'
[25.489s] INFO:colcon.colcon_core.shell:Creating environment hook '/home/cdwiench/Desktop/Robotics/CobotMyRobot/install/action_interfaces/share/action_interfaces/hook/cmake_prefix_path.sh'
[25.490s] Level 1:colcon.colcon_core.environment:checking '/home/cdwiench/Desktop/Robotics/CobotMyRobot/install/action_interfaces/lib'
[25.490s] Level 1:colcon.colcon_core.shell:create_environment_hook('action_interfaces', 'ld_library_path_lib')
[25.496s] INFO:colcon.colcon_core.shell:Creating environment hook '/home/cdwiench/Desktop/Robotics/CobotMyRobot/install/action_interfaces/share/action_interfaces/hook/ld_library_path_lib.ps1'
[25.497s] INFO:colcon.colcon_core.shell:Creating environment descriptor '/home/cdwiench/Desktop/Robotics/CobotMyRobot/install/action_interfaces/share/action_interfaces/hook/ld_library_path_lib.dsv'
[25.497s] INFO:colcon.colcon_core.shell:Creating environment hook '/home/cdwiench/Desktop/Robotics/CobotMyRobot/install/action_interfaces/share/action_interfaces/hook/ld_library_path_lib.sh'
[25.498s] Level 1:colcon.colcon_core.environment:checking '/home/cdwiench/Desktop/Robotics/CobotMyRobot/install/action_interfaces/bin'
[25.498s] Level 1:colcon.colcon_core.environment:checking '/home/cdwiench/Desktop/Robotics/CobotMyRobot/install/action_interfaces/lib/pkgconfig/action_interfaces.pc'
[25.499s] Level 1:colcon.colcon_core.environment:checking '/home/cdwiench/Desktop/Robotics/CobotMyRobot/install/action_interfaces/lib/python3.10/site-packages'
[25.499s] Level 1:colcon.colcon_core.environment:checking '/home/cdwiench/Desktop/Robotics/CobotMyRobot/install/action_interfaces/bin'
[25.505s] INFO:colcon.colcon_core.shell:Creating package script '/home/cdwiench/Desktop/Robotics/CobotMyRobot/install/action_interfaces/share/action_interfaces/package.ps1'
[25.507s] INFO:colcon.colcon_core.shell:Creating package descriptor '/home/cdwiench/Desktop/Robotics/CobotMyRobot/install/action_interfaces/share/action_interfaces/package.dsv'
[25.508s] INFO:colcon.colcon_core.shell:Creating package script '/home/cdwiench/Desktop/Robotics/CobotMyRobot/install/action_interfaces/share/action_interfaces/package.sh'
[25.510s] INFO:colcon.colcon_core.shell:Creating package script '/home/cdwiench/Desktop/Robotics/CobotMyRobot/install/action_interfaces/share/action_interfaces/package.bash'
[25.511s] INFO:colcon.colcon_core.shell:Creating package script '/home/cdwiench/Desktop/Robotics/CobotMyRobot/install/action_interfaces/share/action_interfaces/package.zsh'
[25.512s] Level 1:colcon.colcon_core.environment:create_file_with_runtime_dependencies(/home/cdwiench/Desktop/Robotics/CobotMyRobot/install/action_interfaces/share/colcon-core/packages/action_interfaces)
[25.513s] DEBUG:colcon.colcon_parallel_executor.executor.parallel:closing loop
[25.513s] DEBUG:colcon.colcon_parallel_executor.executor.parallel:loop closed
[25.514s] DEBUG:colcon.colcon_parallel_executor.executor.parallel:run_until_complete finished with '0'
[25.514s] DEBUG:colcon.colcon_core.event_reactor:joining thread
[25.525s] INFO:colcon.colcon_core.plugin_system:Skipping extension 'colcon_notification.desktop_notification.terminal_notifier': Not used on non-Darwin systems
[25.525s] INFO:colcon.colcon_core.plugin_system:Skipping extension 'colcon_notification.desktop_notification.win32': Not used on non-Windows systems
[25.525s] INFO:colcon.colcon_notification.desktop_notification:Sending desktop notification using 'notify2'
[25.550s] DEBUG:colcon.colcon_core.event_reactor:joined thread
[25.556s] INFO:colcon.colcon_core.shell:Creating prefix script '/home/cdwiench/Desktop/Robotics/CobotMyRobot/install/local_setup.ps1'
[25.558s] INFO:colcon.colcon_core.shell:Creating prefix util module '/home/cdwiench/Desktop/Robotics/CobotMyRobot/install/_local_setup_util_ps1.py'
[25.560s] INFO:colcon.colcon_core.shell:Creating prefix chain script '/home/cdwiench/Desktop/Robotics/CobotMyRobot/install/setup.ps1'
[25.564s] INFO:colcon.colcon_core.shell:Creating prefix script '/home/cdwiench/Desktop/Robotics/CobotMyRobot/install/local_setup.sh'
[25.565s] INFO:colcon.colcon_core.shell:Creating prefix util module '/home/cdwiench/Desktop/Robotics/CobotMyRobot/install/_local_setup_util_sh.py'
[25.565s] INFO:colcon.colcon_core.shell:Creating prefix chain script '/home/cdwiench/Desktop/Robotics/CobotMyRobot/install/setup.sh'
[25.569s] INFO:colcon.colcon_core.shell:Creating prefix script '/home/cdwiench/Desktop/Robotics/CobotMyRobot/install/local_setup.bash'
[25.570s] INFO:colcon.colcon_core.shell:Creating prefix chain script '/home/cdwiench/Desktop/Robotics/CobotMyRobot/install/setup.bash'
[25.573s] INFO:colcon.colcon_core.shell:Creating prefix script '/home/cdwiench/Desktop/Robotics/CobotMyRobot/install/local_setup.zsh'
[25.574s] INFO:colcon.colcon_core.shell:Creating prefix chain script '/home/cdwiench/Desktop/Robotics/CobotMyRobot/install/setup.zsh'
