[0.012s] Invoking command in '/home/cdwiench/Desktop/Robotics/CobotMyRobot/build/action_interfaces': /usr/bin/cmake --build /home/cdwiench/Desktop/Robotics/CobotMyRobot/build/action_interfaces -- -j8 -l8
[0.048s] [35m[1mConsolidate compiler generated dependencies of target action_interfaces__rosidl_generator_c[0m
[0.056s] [  3%] Built target action_interfaces__cpp
[0.058s] [ 12%] Built target action_interfaces__rosidl_generator_c
[0.066s] [ 12%] Built target ament_cmake_python_copy_action_interfaces
[0.070s] [35m[1mConsolidate compiler generated dependencies of target action_interfaces__rosidl_typesupport_c[0m
[0.070s] [35m[1mConsolidate compiler generated dependencies of target action_interfaces__rosidl_typesupport_cpp[0m
[0.070s] [35m[1mConsolidate compiler generated dependencies of target action_interfaces__rosidl_typesupport_introspection_cpp[0m
[0.070s] [35m[1mConsolidate compiler generated dependencies of target action_interfaces__rosidl_typesupport_fastrtps_cpp[0m
[0.074s] [35m[1mConsolidate compiler generated dependencies of target action_interfaces__rosidl_typesupport_introspection_c[0m
[0.078s] [35m[1mConsolidate compiler generated dependencies of target action_interfaces__rosidl_typesupport_fastrtps_c[0m
[0.087s] [ 22%] Built target action_interfaces__rosidl_typesupport_c
[0.090s] [ 32%] Built target action_interfaces__rosidl_typesupport_cpp
[0.091s] [ 45%] Built target action_interfaces__rosidl_typesupport_introspection_cpp
[0.091s] [ 51%] Built target action_interfaces__rosidl_typesupport_introspection_c
[0.094s] [ 61%] Built target action_interfaces__rosidl_typesupport_fastrtps_cpp
[0.097s] [ 70%] Built target action_interfaces__rosidl_typesupport_fastrtps_c
[0.116s] [ 70%] Built target action_interfaces
[0.135s] [ 74%] Built target action_interfaces__py
[0.145s] [35m[1mConsolidate compiler generated dependencies of target action_interfaces__rosidl_generator_py[0m
[0.158s] [ 80%] Built target action_interfaces__rosidl_generator_py
[0.168s] [35m[1mConsolidate compiler generated dependencies of target action_interfaces__rosidl_typesupport_fastrtps_c__pyext[0m
[0.168s] [35m[1mConsolidate compiler generated dependencies of target action_interfaces__rosidl_typesupport_c__pyext[0m
[0.170s] [35m[1mConsolidate compiler generated dependencies of target action_interfaces__rosidl_typesupport_introspection_c__pyext[0m
[0.181s] [ 87%] Built target action_interfaces__rosidl_typesupport_fastrtps_c__pyext
[0.182s] [ 93%] Built target action_interfaces__rosidl_typesupport_c__pyext
[0.187s] [100%] Built target action_interfaces__rosidl_typesupport_introspection_c__pyext
[0.340s] running egg_info
[0.341s] writing action_interfaces.egg-info/PKG-INFO
[0.341s] writing dependency_links to action_interfaces.egg-info/dependency_links.txt
[0.341s] writing top-level names to action_interfaces.egg-info/top_level.txt
[0.344s] reading manifest file 'action_interfaces.egg-info/SOURCES.txt'
[0.345s] writing manifest file 'action_interfaces.egg-info/SOURCES.txt'
[0.371s] [100%] Built target ament_cmake_python_build_action_interfaces_egg
[0.382s] Invoked command in '/home/cdwiench/Desktop/Robotics/CobotMyRobot/build/action_interfaces' returned '0': /usr/bin/cmake --build /home/cdwiench/Desktop/Robotics/CobotMyRobot/build/action_interfaces -- -j8 -l8
[0.437s] Invoking command in '/home/cdwiench/Desktop/Robotics/CobotMyRobot/build/action_interfaces': /usr/bin/cmake --install /home/cdwiench/Desktop/Robotics/CobotMyRobot/build/action_interfaces
[0.443s] -- Install configuration: ""
[0.443s] -- Up-to-date: /home/cdwiench/Desktop/Robotics/CobotMyRobot/install/action_interfaces/share/ament_index/resource_index/rosidl_interfaces/action_interfaces
[0.443s] -- Up-to-date: /home/cdwiench/Desktop/Robotics/CobotMyRobot/install/action_interfaces/include/action_interfaces/action_interfaces
[0.443s] -- Up-to-date: /home/cdwiench/Desktop/Robotics/CobotMyRobot/install/action_interfaces/include/action_interfaces/action_interfaces/msg
[0.443s] -- Up-to-date: /home/cdwiench/Desktop/Robotics/CobotMyRobot/install/action_interfaces/include/action_interfaces/action_interfaces/msg/rosidl_generator_c__visibility_control.h
[0.444s] -- Up-to-date: /home/cdwiench/Desktop/Robotics/CobotMyRobot/install/action_interfaces/include/action_interfaces/action_interfaces/action
[0.444s] -- Up-to-date: /home/cdwiench/Desktop/Robotics/CobotMyRobot/install/action_interfaces/include/action_interfaces/action_interfaces/action/set_angle.h
[0.444s] -- Up-to-date: /home/cdwiench/Desktop/Robotics/CobotMyRobot/install/action_interfaces/include/action_interfaces/action_interfaces/action/detail
[0.444s] -- Up-to-date: /home/cdwiench/Desktop/Robotics/CobotMyRobot/install/action_interfaces/include/action_interfaces/action_interfaces/action/detail/set_angle__struct.h
[0.444s] -- Up-to-date: /home/cdwiench/Desktop/Robotics/CobotMyRobot/install/action_interfaces/include/action_interfaces/action_interfaces/action/detail/set_angle__functions.h
[0.444s] -- Up-to-date: /home/cdwiench/Desktop/Robotics/CobotMyRobot/install/action_interfaces/include/action_interfaces/action_interfaces/action/detail/set_angle__type_support.h
[0.444s] -- Up-to-date: /home/cdwiench/Desktop/Robotics/CobotMyRobot/install/action_interfaces/include/action_interfaces/action_interfaces/action/detail/set_angle__functions.c
[0.444s] -- Up-to-date: /home/cdwiench/Desktop/Robotics/CobotMyRobot/install/action_interfaces/share/action_interfaces/environment/library_path.sh
[0.444s] -- Up-to-date: /home/cdwiench/Desktop/Robotics/CobotMyRobot/install/action_interfaces/share/action_interfaces/environment/library_path.dsv
[0.444s] -- Up-to-date: /home/cdwiench/Desktop/Robotics/CobotMyRobot/install/action_interfaces/lib/libaction_interfaces__rosidl_generator_c.so
[0.444s] -- Up-to-date: /home/cdwiench/Desktop/Robotics/CobotMyRobot/install/action_interfaces/include/action_interfaces/action_interfaces
[0.444s] -- Up-to-date: /home/cdwiench/Desktop/Robotics/CobotMyRobot/install/action_interfaces/include/action_interfaces/action_interfaces/msg
[0.445s] -- Up-to-date: /home/cdwiench/Desktop/Robotics/CobotMyRobot/install/action_interfaces/include/action_interfaces/action_interfaces/msg/rosidl_typesupport_fastrtps_c__visibility_control.h
[0.445s] -- Up-to-date: /home/cdwiench/Desktop/Robotics/CobotMyRobot/install/action_interfaces/include/action_interfaces/action_interfaces/action
[0.445s] -- Up-to-date: /home/cdwiench/Desktop/Robotics/CobotMyRobot/install/action_interfaces/include/action_interfaces/action_interfaces/action/detail
[0.445s] -- Up-to-date: /home/cdwiench/Desktop/Robotics/CobotMyRobot/install/action_interfaces/include/action_interfaces/action_interfaces/action/detail/set_angle__rosidl_typesupport_fastrtps_c.h
[0.445s] -- Up-to-date: /home/cdwiench/Desktop/Robotics/CobotMyRobot/install/action_interfaces/lib/libaction_interfaces__rosidl_typesupport_fastrtps_c.so
[0.445s] -- Up-to-date: /home/cdwiench/Desktop/Robotics/CobotMyRobot/install/action_interfaces/include/action_interfaces/action_interfaces
[0.445s] -- Up-to-date: /home/cdwiench/Desktop/Robotics/CobotMyRobot/install/action_interfaces/include/action_interfaces/action_interfaces/msg
[0.445s] -- Up-to-date: /home/cdwiench/Desktop/Robotics/CobotMyRobot/install/action_interfaces/include/action_interfaces/action_interfaces/msg/rosidl_typesupport_introspection_c__visibility_control.h
[0.445s] -- Up-to-date: /home/cdwiench/Desktop/Robotics/CobotMyRobot/install/action_interfaces/include/action_interfaces/action_interfaces/action
[0.445s] -- Up-to-date: /home/cdwiench/Desktop/Robotics/CobotMyRobot/install/action_interfaces/include/action_interfaces/action_interfaces/action/detail
[0.445s] -- Up-to-date: /home/cdwiench/Desktop/Robotics/CobotMyRobot/install/action_interfaces/include/action_interfaces/action_interfaces/action/detail/set_angle__rosidl_typesupport_introspection_c.h
[0.445s] -- Up-to-date: /home/cdwiench/Desktop/Robotics/CobotMyRobot/install/action_interfaces/include/action_interfaces/action_interfaces/action/detail/set_angle__type_support.c
[0.445s] -- Up-to-date: /home/cdwiench/Desktop/Robotics/CobotMyRobot/install/action_interfaces/lib/libaction_interfaces__rosidl_typesupport_introspection_c.so
[0.446s] -- Up-to-date: /home/cdwiench/Desktop/Robotics/CobotMyRobot/install/action_interfaces/lib/libaction_interfaces__rosidl_typesupport_c.so
[0.446s] -- Up-to-date: /home/cdwiench/Desktop/Robotics/CobotMyRobot/install/action_interfaces/include/action_interfaces/action_interfaces
[0.446s] -- Up-to-date: /home/cdwiench/Desktop/Robotics/CobotMyRobot/install/action_interfaces/include/action_interfaces/action_interfaces/action
[0.446s] -- Up-to-date: /home/cdwiench/Desktop/Robotics/CobotMyRobot/install/action_interfaces/include/action_interfaces/action_interfaces/action/set_angle.hpp
[0.446s] -- Up-to-date: /home/cdwiench/Desktop/Robotics/CobotMyRobot/install/action_interfaces/include/action_interfaces/action_interfaces/action/detail
[0.446s] -- Up-to-date: /home/cdwiench/Desktop/Robotics/CobotMyRobot/install/action_interfaces/include/action_interfaces/action_interfaces/action/detail/set_angle__struct.hpp
[0.446s] -- Up-to-date: /home/cdwiench/Desktop/Robotics/CobotMyRobot/install/action_interfaces/include/action_interfaces/action_interfaces/action/detail/set_angle__builder.hpp
[0.446s] -- Up-to-date: /home/cdwiench/Desktop/Robotics/CobotMyRobot/install/action_interfaces/include/action_interfaces/action_interfaces/action/detail/set_angle__traits.hpp
[0.446s] -- Up-to-date: /home/cdwiench/Desktop/Robotics/CobotMyRobot/install/action_interfaces/include/action_interfaces/action_interfaces
[0.447s] -- Up-to-date: /home/cdwiench/Desktop/Robotics/CobotMyRobot/install/action_interfaces/include/action_interfaces/action_interfaces/msg
[0.447s] -- Up-to-date: /home/cdwiench/Desktop/Robotics/CobotMyRobot/install/action_interfaces/include/action_interfaces/action_interfaces/msg/rosidl_typesupport_fastrtps_cpp__visibility_control.h
[0.447s] -- Up-to-date: /home/cdwiench/Desktop/Robotics/CobotMyRobot/install/action_interfaces/include/action_interfaces/action_interfaces/action
[0.447s] -- Up-to-date: /home/cdwiench/Desktop/Robotics/CobotMyRobot/install/action_interfaces/include/action_interfaces/action_interfaces/action/detail
[0.447s] -- Up-to-date: /home/cdwiench/Desktop/Robotics/CobotMyRobot/install/action_interfaces/include/action_interfaces/action_interfaces/action/detail/dds_fastrtps
[0.447s] -- Up-to-date: /home/cdwiench/Desktop/Robotics/CobotMyRobot/install/action_interfaces/include/action_interfaces/action_interfaces/action/detail/set_angle__rosidl_typesupport_fastrtps_cpp.hpp
[0.447s] -- Up-to-date: /home/cdwiench/Desktop/Robotics/CobotMyRobot/install/action_interfaces/lib/libaction_interfaces__rosidl_typesupport_fastrtps_cpp.so
[0.447s] -- Up-to-date: /home/cdwiench/Desktop/Robotics/CobotMyRobot/install/action_interfaces/include/action_interfaces/action_interfaces
[0.447s] -- Up-to-date: /home/cdwiench/Desktop/Robotics/CobotMyRobot/install/action_interfaces/include/action_interfaces/action_interfaces/action
[0.447s] -- Up-to-date: /home/cdwiench/Desktop/Robotics/CobotMyRobot/install/action_interfaces/include/action_interfaces/action_interfaces/action/detail
[0.447s] -- Up-to-date: /home/cdwiench/Desktop/Robotics/CobotMyRobot/install/action_interfaces/include/action_interfaces/action_interfaces/action/detail/set_angle__type_support.cpp
[0.447s] -- Up-to-date: /home/cdwiench/Desktop/Robotics/CobotMyRobot/install/action_interfaces/include/action_interfaces/action_interfaces/action/detail/set_angle__rosidl_typesupport_introspection_cpp.hpp
[0.447s] -- Up-to-date: /home/cdwiench/Desktop/Robotics/CobotMyRobot/install/action_interfaces/lib/libaction_interfaces__rosidl_typesupport_introspection_cpp.so
[0.448s] -- Up-to-date: /home/cdwiench/Desktop/Robotics/CobotMyRobot/install/action_interfaces/lib/libaction_interfaces__rosidl_typesupport_cpp.so
[0.448s] -- Up-to-date: /home/cdwiench/Desktop/Robotics/CobotMyRobot/install/action_interfaces/share/action_interfaces/environment/pythonpath.sh
[0.448s] -- Up-to-date: /home/cdwiench/Desktop/Robotics/CobotMyRobot/install/action_interfaces/share/action_interfaces/environment/pythonpath.dsv
[0.448s] -- Up-to-date: /home/cdwiench/Desktop/Robotics/CobotMyRobot/install/action_interfaces/local/lib/python3.10/dist-packages/action_interfaces-0.0.0-py3.10.egg-info
[0.448s] -- Installing: /home/cdwiench/Desktop/Robotics/CobotMyRobot/install/action_interfaces/local/lib/python3.10/dist-packages/action_interfaces-0.0.0-py3.10.egg-info/top_level.txt
[0.448s] -- Installing: /home/cdwiench/Desktop/Robotics/CobotMyRobot/install/action_interfaces/local/lib/python3.10/dist-packages/action_interfaces-0.0.0-py3.10.egg-info/SOURCES.txt
[0.448s] -- Installing: /home/cdwiench/Desktop/Robotics/CobotMyRobot/install/action_interfaces/local/lib/python3.10/dist-packages/action_interfaces-0.0.0-py3.10.egg-info/dependency_links.txt
[0.449s] -- Installing: /home/cdwiench/Desktop/Robotics/CobotMyRobot/install/action_interfaces/local/lib/python3.10/dist-packages/action_interfaces-0.0.0-py3.10.egg-info/PKG-INFO
[0.449s] -- Up-to-date: /home/cdwiench/Desktop/Robotics/CobotMyRobot/install/action_interfaces/local/lib/python3.10/dist-packages/action_interfaces
[0.449s] -- Up-to-date: /home/cdwiench/Desktop/Robotics/CobotMyRobot/install/action_interfaces/local/lib/python3.10/dist-packages/action_interfaces/action_interfaces_s__rosidl_typesupport_c.cpython-310-x86_64-linux-gnu.so
[0.449s] -- Up-to-date: /home/cdwiench/Desktop/Robotics/CobotMyRobot/install/action_interfaces/local/lib/python3.10/dist-packages/action_interfaces/action_interfaces_s__rosidl_typesupport_fastrtps_c.cpython-310-x86_64-linux-gnu.so
[0.449s] -- Up-to-date: /home/cdwiench/Desktop/Robotics/CobotMyRobot/install/action_interfaces/local/lib/python3.10/dist-packages/action_interfaces/__init__.py
[0.449s] -- Up-to-date: /home/cdwiench/Desktop/Robotics/CobotMyRobot/install/action_interfaces/local/lib/python3.10/dist-packages/action_interfaces/_action_interfaces_s.ep.rosidl_typesupport_introspection_c.c
[0.449s] -- Up-to-date: /home/cdwiench/Desktop/Robotics/CobotMyRobot/install/action_interfaces/local/lib/python3.10/dist-packages/action_interfaces/action_interfaces_s__rosidl_typesupport_introspection_c.cpython-310-x86_64-linux-gnu.so
[0.449s] -- Up-to-date: /home/cdwiench/Desktop/Robotics/CobotMyRobot/install/action_interfaces/local/lib/python3.10/dist-packages/action_interfaces/action
[0.449s] -- Up-to-date: /home/cdwiench/Desktop/Robotics/CobotMyRobot/install/action_interfaces/local/lib/python3.10/dist-packages/action_interfaces/action/_set_angle.py
[0.449s] -- Up-to-date: /home/cdwiench/Desktop/Robotics/CobotMyRobot/install/action_interfaces/local/lib/python3.10/dist-packages/action_interfaces/action/__init__.py
[0.450s] -- Up-to-date: /home/cdwiench/Desktop/Robotics/CobotMyRobot/install/action_interfaces/local/lib/python3.10/dist-packages/action_interfaces/action/_set_angle_s.c
[0.450s] -- Up-to-date: /home/cdwiench/Desktop/Robotics/CobotMyRobot/install/action_interfaces/local/lib/python3.10/dist-packages/action_interfaces/libaction_interfaces__rosidl_generator_py.so
[0.450s] -- Up-to-date: /home/cdwiench/Desktop/Robotics/CobotMyRobot/install/action_interfaces/local/lib/python3.10/dist-packages/action_interfaces/_action_interfaces_s.ep.rosidl_typesupport_c.c
[0.450s] -- Up-to-date: /home/cdwiench/Desktop/Robotics/CobotMyRobot/install/action_interfaces/local/lib/python3.10/dist-packages/action_interfaces/_action_interfaces_s.ep.rosidl_typesupport_fastrtps_c.c
[0.478s] Listing '/home/cdwiench/Desktop/Robotics/CobotMyRobot/install/action_interfaces/local/lib/python3.10/dist-packages/action_interfaces'...
[0.478s] Listing '/home/cdwiench/Desktop/Robotics/CobotMyRobot/install/action_interfaces/local/lib/python3.10/dist-packages/action_interfaces/action'...
[0.482s] -- Up-to-date: /home/cdwiench/Desktop/Robotics/CobotMyRobot/install/action_interfaces/local/lib/python3.10/dist-packages/action_interfaces/action_interfaces_s__rosidl_typesupport_fastrtps_c.cpython-310-x86_64-linux-gnu.so
[0.482s] -- Up-to-date: /home/cdwiench/Desktop/Robotics/CobotMyRobot/install/action_interfaces/local/lib/python3.10/dist-packages/action_interfaces/action_interfaces_s__rosidl_typesupport_introspection_c.cpython-310-x86_64-linux-gnu.so
[0.483s] -- Up-to-date: /home/cdwiench/Desktop/Robotics/CobotMyRobot/install/action_interfaces/local/lib/python3.10/dist-packages/action_interfaces/action_interfaces_s__rosidl_typesupport_c.cpython-310-x86_64-linux-gnu.so
[0.483s] -- Up-to-date: /home/cdwiench/Desktop/Robotics/CobotMyRobot/install/action_interfaces/lib/libaction_interfaces__rosidl_generator_py.so
[0.483s] -- Up-to-date: /home/cdwiench/Desktop/Robotics/CobotMyRobot/install/action_interfaces/share/action_interfaces/action/SetAngle.idl
[0.484s] -- Up-to-date: /home/cdwiench/Desktop/Robotics/CobotMyRobot/install/action_interfaces/share/action_interfaces/action/SetAngle.action
[0.484s] -- Up-to-date: /home/cdwiench/Desktop/Robotics/CobotMyRobot/install/action_interfaces/share/ament_index/resource_index/package_run_dependencies/action_interfaces
[0.484s] -- Up-to-date: /home/cdwiench/Desktop/Robotics/CobotMyRobot/install/action_interfaces/share/ament_index/resource_index/parent_prefix_path/action_interfaces
[0.484s] -- Up-to-date: /home/cdwiench/Desktop/Robotics/CobotMyRobot/install/action_interfaces/share/action_interfaces/environment/ament_prefix_path.sh
[0.484s] -- Up-to-date: /home/cdwiench/Desktop/Robotics/CobotMyRobot/install/action_interfaces/share/action_interfaces/environment/ament_prefix_path.dsv
[0.484s] -- Up-to-date: /home/cdwiench/Desktop/Robotics/CobotMyRobot/install/action_interfaces/share/action_interfaces/environment/path.sh
[0.484s] -- Up-to-date: /home/cdwiench/Desktop/Robotics/CobotMyRobot/install/action_interfaces/share/action_interfaces/environment/path.dsv
[0.484s] -- Up-to-date: /home/cdwiench/Desktop/Robotics/CobotMyRobot/install/action_interfaces/share/action_interfaces/local_setup.bash
[0.484s] -- Up-to-date: /home/cdwiench/Desktop/Robotics/CobotMyRobot/install/action_interfaces/share/action_interfaces/local_setup.sh
[0.484s] -- Up-to-date: /home/cdwiench/Desktop/Robotics/CobotMyRobot/install/action_interfaces/share/action_interfaces/local_setup.zsh
[0.484s] -- Up-to-date: /home/cdwiench/Desktop/Robotics/CobotMyRobot/install/action_interfaces/share/action_interfaces/local_setup.dsv
[0.485s] -- Installing: /home/cdwiench/Desktop/Robotics/CobotMyRobot/install/action_interfaces/share/action_interfaces/package.dsv
[0.485s] -- Up-to-date: /home/cdwiench/Desktop/Robotics/CobotMyRobot/install/action_interfaces/share/ament_index/resource_index/packages/action_interfaces
[0.485s] -- Up-to-date: /home/cdwiench/Desktop/Robotics/CobotMyRobot/install/action_interfaces/share/action_interfaces/cmake/export_action_interfaces__rosidl_generator_cExport.cmake
[0.485s] -- Up-to-date: /home/cdwiench/Desktop/Robotics/CobotMyRobot/install/action_interfaces/share/action_interfaces/cmake/export_action_interfaces__rosidl_generator_cExport-noconfig.cmake
[0.485s] -- Up-to-date: /home/cdwiench/Desktop/Robotics/CobotMyRobot/install/action_interfaces/share/action_interfaces/cmake/export_action_interfaces__rosidl_typesupport_fastrtps_cExport.cmake
[0.485s] -- Up-to-date: /home/cdwiench/Desktop/Robotics/CobotMyRobot/install/action_interfaces/share/action_interfaces/cmake/export_action_interfaces__rosidl_typesupport_fastrtps_cExport-noconfig.cmake
[0.485s] -- Up-to-date: /home/cdwiench/Desktop/Robotics/CobotMyRobot/install/action_interfaces/share/action_interfaces/cmake/action_interfaces__rosidl_typesupport_introspection_cExport.cmake
[0.485s] -- Up-to-date: /home/cdwiench/Desktop/Robotics/CobotMyRobot/install/action_interfaces/share/action_interfaces/cmake/action_interfaces__rosidl_typesupport_introspection_cExport-noconfig.cmake
[0.485s] -- Up-to-date: /home/cdwiench/Desktop/Robotics/CobotMyRobot/install/action_interfaces/share/action_interfaces/cmake/action_interfaces__rosidl_typesupport_cExport.cmake
[0.485s] -- Up-to-date: /home/cdwiench/Desktop/Robotics/CobotMyRobot/install/action_interfaces/share/action_interfaces/cmake/action_interfaces__rosidl_typesupport_cExport-noconfig.cmake
[0.486s] -- Up-to-date: /home/cdwiench/Desktop/Robotics/CobotMyRobot/install/action_interfaces/share/action_interfaces/cmake/export_action_interfaces__rosidl_generator_cppExport.cmake
[0.486s] -- Up-to-date: /home/cdwiench/Desktop/Robotics/CobotMyRobot/install/action_interfaces/share/action_interfaces/cmake/export_action_interfaces__rosidl_typesupport_fastrtps_cppExport.cmake
[0.486s] -- Up-to-date: /home/cdwiench/Desktop/Robotics/CobotMyRobot/install/action_interfaces/share/action_interfaces/cmake/export_action_interfaces__rosidl_typesupport_fastrtps_cppExport-noconfig.cmake
[0.486s] -- Up-to-date: /home/cdwiench/Desktop/Robotics/CobotMyRobot/install/action_interfaces/share/action_interfaces/cmake/action_interfaces__rosidl_typesupport_introspection_cppExport.cmake
[0.486s] -- Up-to-date: /home/cdwiench/Desktop/Robotics/CobotMyRobot/install/action_interfaces/share/action_interfaces/cmake/action_interfaces__rosidl_typesupport_introspection_cppExport-noconfig.cmake
[0.486s] -- Up-to-date: /home/cdwiench/Desktop/Robotics/CobotMyRobot/install/action_interfaces/share/action_interfaces/cmake/action_interfaces__rosidl_typesupport_cppExport.cmake
[0.486s] -- Up-to-date: /home/cdwiench/Desktop/Robotics/CobotMyRobot/install/action_interfaces/share/action_interfaces/cmake/action_interfaces__rosidl_typesupport_cppExport-noconfig.cmake
[0.486s] -- Up-to-date: /home/cdwiench/Desktop/Robotics/CobotMyRobot/install/action_interfaces/share/action_interfaces/cmake/export_action_interfaces__rosidl_generator_pyExport.cmake
[0.486s] -- Up-to-date: /home/cdwiench/Desktop/Robotics/CobotMyRobot/install/action_interfaces/share/action_interfaces/cmake/export_action_interfaces__rosidl_generator_pyExport-noconfig.cmake
[0.486s] -- Up-to-date: /home/cdwiench/Desktop/Robotics/CobotMyRobot/install/action_interfaces/share/action_interfaces/cmake/rosidl_cmake-extras.cmake
[0.486s] -- Up-to-date: /home/cdwiench/Desktop/Robotics/CobotMyRobot/install/action_interfaces/share/action_interfaces/cmake/ament_cmake_export_dependencies-extras.cmake
[0.487s] -- Up-to-date: /home/cdwiench/Desktop/Robotics/CobotMyRobot/install/action_interfaces/share/action_interfaces/cmake/ament_cmake_export_include_directories-extras.cmake
[0.487s] -- Up-to-date: /home/cdwiench/Desktop/Robotics/CobotMyRobot/install/action_interfaces/share/action_interfaces/cmake/ament_cmake_export_libraries-extras.cmake
[0.487s] -- Up-to-date: /home/cdwiench/Desktop/Robotics/CobotMyRobot/install/action_interfaces/share/action_interfaces/cmake/ament_cmake_export_targets-extras.cmake
[0.487s] -- Up-to-date: /home/cdwiench/Desktop/Robotics/CobotMyRobot/install/action_interfaces/share/action_interfaces/cmake/rosidl_cmake_export_typesupport_targets-extras.cmake
[0.487s] -- Up-to-date: /home/cdwiench/Desktop/Robotics/CobotMyRobot/install/action_interfaces/share/action_interfaces/cmake/rosidl_cmake_export_typesupport_libraries-extras.cmake
[0.487s] -- Up-to-date: /home/cdwiench/Desktop/Robotics/CobotMyRobot/install/action_interfaces/share/action_interfaces/cmake/action_interfacesConfig.cmake
[0.487s] -- Up-to-date: /home/cdwiench/Desktop/Robotics/CobotMyRobot/install/action_interfaces/share/action_interfaces/cmake/action_interfacesConfig-version.cmake
[0.487s] -- Up-to-date: /home/cdwiench/Desktop/Robotics/CobotMyRobot/install/action_interfaces/share/action_interfaces/package.xml
[0.490s] Invoked command in '/home/cdwiench/Desktop/Robotics/CobotMyRobot/build/action_interfaces' returned '0': /usr/bin/cmake --install /home/cdwiench/Desktop/Robotics/CobotMyRobot/build/action_interfaces
