[0.020s] Invoking command in '/home/iRETI/504/CobotMyRobot/build/action_interfaces': CMAKE_PREFIX_PATH=${CMAKE_PREFIX_PATH}:/opt/ros/humble /usr/bin/cmake /home/iRETI/504/CobotMyRobot/ros2_ws/src/action_interfaces -DCMAKE_INSTALL_PREFIX=/home/iRETI/504/CobotMyRobot/install/action_interfaces
[0.126s] -- The C compiler identification is GNU 11.3.0
[0.196s] -- The CXX compiler identification is GNU 11.3.0
[0.210s] -- Detecting C compiler ABI info
[0.282s] -- Detecting C compiler ABI info - done
[0.289s] -- Check for working C compiler: /usr/bin/cc - skipped
[0.289s] -- Detecting C compile features
[0.290s] -- Detecting C compile features - done
[0.293s] -- Detecting CXX compiler ABI info
[0.379s] -- Detecting CXX compiler ABI info - done
[0.386s] -- Check for working CXX compiler: /usr/bin/c++ - skipped
[0.386s] -- Detecting CXX compile features
[0.387s] -- Detecting CXX compile features - done
[0.392s] -- Found ament_cmake: 1.3.3 (/opt/ros/humble/share/ament_cmake/cmake)
[1.244s] -- Found Python3: /usr/bin/python3.10 (found version "3.10.6") found components: Interpreter 
[1.351s] -- Found ament_lint_auto: 0.12.5 (/opt/ros/humble/share/ament_lint_auto/cmake)
[1.438s] -- Found rosidl_default_generators: 1.2.0 (/opt/ros/humble/share/rosidl_default_generators/cmake)
[1.445s] -- Using all available rosidl_typesupport_c: rosidl_typesupport_fastrtps_c;rosidl_typesupport_introspection_c
[1.455s] -- Found rosidl_adapter: 3.1.4 (/opt/ros/humble/share/rosidl_adapter/cmake)
[1.504s] -- Using all available rosidl_typesupport_cpp: rosidl_typesupport_fastrtps_cpp;rosidl_typesupport_introspection_cpp
[1.968s] -- Found ament_cmake_ros: 0.10.0 (/opt/ros/humble/share/ament_cmake_ros/cmake)
[2.189s] -- Using all available rosidl_typesupport_c: rosidl_typesupport_fastrtps_c;rosidl_typesupport_introspection_c
[2.482s] -- Using all available rosidl_typesupport_cpp: rosidl_typesupport_fastrtps_cpp;rosidl_typesupport_introspection_cpp
[2.502s] -- Found PythonInterp: /usr/bin/python3 (found suitable version "3.10.6", minimum required is "3.6") 
[2.504s] -- Found python_cmake_module: 0.10.0 (/opt/ros/humble/share/python_cmake_module/cmake)
[2.547s] -- Found PythonLibs: /usr/lib/x86_64-linux-gnu/libpython3.10.so (found suitable version "3.10.6", minimum required is "3.5") 
[2.547s] -- Using PYTHON_EXECUTABLE: /usr/bin/python3
[2.547s] -- Using PYTHON_INCLUDE_DIRS: /usr/include/python3.10
[2.547s] -- Using PYTHON_LIBRARIES: /usr/lib/x86_64-linux-gnu/libpython3.10.so
[2.570s] -- Found PythonExtra: .so  
[2.618s] -- Added test 'lint_cmake' to check CMake code style
[2.622s] -- Added test 'xmllint' to check XML markup files
[2.633s] -- Configuring done
[2.677s] -- Generating done
[2.679s] -- Build files have been written to: /home/iRETI/504/CobotMyRobot/build/action_interfaces
[2.688s] Invoked command in '/home/iRETI/504/CobotMyRobot/build/action_interfaces' returned '0': CMAKE_PREFIX_PATH=${CMAKE_PREFIX_PATH}:/opt/ros/humble /usr/bin/cmake /home/iRETI/504/CobotMyRobot/ros2_ws/src/action_interfaces -DCMAKE_INSTALL_PREFIX=/home/iRETI/504/CobotMyRobot/install/action_interfaces
[2.691s] Invoking command in '/home/iRETI/504/CobotMyRobot/build/action_interfaces': CMAKE_PREFIX_PATH=${CMAKE_PREFIX_PATH}:/opt/ros/humble /usr/bin/cmake --build /home/iRETI/504/CobotMyRobot/build/action_interfaces -- -j12 -l12
[2.735s] [  1%] [34m[1mGenerating C code for ROS interfaces[0m
[2.749s] [  3%] [34m[1mGenerating C++ code for ROS interfaces[0m
[2.756s] [  3%] Built target ament_cmake_python_copy_action_interfaces
[3.256s] running egg_info
[3.257s] creating action_interfaces.egg-info
[3.274s] writing action_interfaces.egg-info/PKG-INFO
[3.274s] writing dependency_links to action_interfaces.egg-info/dependency_links.txt
[3.275s] writing top-level names to action_interfaces.egg-info/top_level.txt
[3.275s] writing manifest file 'action_interfaces.egg-info/SOURCES.txt'
[3.339s] reading manifest file 'action_interfaces.egg-info/SOURCES.txt'
[3.340s] writing manifest file 'action_interfaces.egg-info/SOURCES.txt'
[3.384s] [  3%] Built target ament_cmake_python_build_action_interfaces_egg
[4.639s] [  6%] [32mBuilding C object CMakeFiles/action_interfaces__rosidl_generator_c.dir/rosidl_generator_c/action_interfaces/action/detail/get_angle__functions.c.o[0m
[4.641s] [  6%] [32mBuilding C object CMakeFiles/action_interfaces__rosidl_generator_c.dir/rosidl_generator_c/action_interfaces/action/detail/set_angle__functions.c.o[0m
[4.641s] [ 11%] [32mBuilding C object CMakeFiles/action_interfaces__rosidl_generator_c.dir/rosidl_generator_c/action_interfaces/action/detail/set_coord__functions.c.o[0m
[4.642s] [ 11%] [32mBuilding C object CMakeFiles/action_interfaces__rosidl_generator_c.dir/rosidl_generator_c/action_interfaces/action/detail/get_coord__functions.c.o[0m
[4.642s] [ 11%] [32mBuilding C object CMakeFiles/action_interfaces__rosidl_generator_c.dir/rosidl_generator_c/action_interfaces/action/detail/pick_up__functions.c.o[0m
[4.642s] [ 11%] Built target action_interfaces__cpp
[4.656s] [ 12%] [34m[1mGenerating C++ type support dispatch for ROS interfaces[0m
[4.658s] [ 14%] [34m[1mGenerating C++ type support for eProsima Fast-RTPS[0m
[4.664s] [ 15%] [34m[1mGenerating C++ introspection for ROS interfaces[0m
[4.886s] [ 17%] [32m[1mLinking C shared library libaction_interfaces__rosidl_generator_c.so[0m
[4.926s] [ 17%] Built target action_interfaces__rosidl_generator_c
[4.954s] [ 20%] [34m[1mGenerating C type support for eProsima Fast-RTPS[0m
[4.954s] [ 20%] [34m[1mGenerating C type support dispatch for ROS interfaces[0m
[4.954s] [ 22%] [34m[1mGenerating C introspection for ROS interfaces[0m
[6.094s] [ 23%] [32mBuilding CXX object CMakeFiles/action_interfaces__rosidl_typesupport_cpp.dir/rosidl_typesupport_cpp/action_interfaces/action/set_angle__type_support.cpp.o[0m
[6.098s] [ 26%] [32mBuilding CXX object CMakeFiles/action_interfaces__rosidl_typesupport_cpp.dir/rosidl_typesupport_cpp/action_interfaces/action/get_angle__type_support.cpp.o[0m
[6.098s] [ 26%] [32mBuilding CXX object CMakeFiles/action_interfaces__rosidl_typesupport_cpp.dir/rosidl_typesupport_cpp/action_interfaces/action/pick_up__type_support.cpp.o[0m
[6.098s] [ 28%] [32mBuilding CXX object CMakeFiles/action_interfaces__rosidl_typesupport_cpp.dir/rosidl_typesupport_cpp/action_interfaces/action/get_coord__type_support.cpp.o[0m
[6.098s] [ 30%] [32mBuilding CXX object CMakeFiles/action_interfaces__rosidl_typesupport_cpp.dir/rosidl_typesupport_cpp/action_interfaces/action/set_coord__type_support.cpp.o[0m
[6.264s] [ 31%] [32mBuilding CXX object CMakeFiles/action_interfaces__rosidl_typesupport_introspection_cpp.dir/rosidl_typesupport_introspection_cpp/action_interfaces/action/detail/set_angle__type_support.cpp.o[0m
[6.276s] [ 33%] [32mBuilding CXX object CMakeFiles/action_interfaces__rosidl_typesupport_introspection_cpp.dir/rosidl_typesupport_introspection_cpp/action_interfaces/action/detail/get_angle__type_support.cpp.o[0m
[6.278s] [ 34%] [32mBuilding CXX object CMakeFiles/action_interfaces__rosidl_typesupport_introspection_cpp.dir/rosidl_typesupport_introspection_cpp/action_interfaces/action/detail/pick_up__type_support.cpp.o[0m
[6.390s] [ 36%] [32mBuilding CXX object CMakeFiles/action_interfaces__rosidl_typesupport_c.dir/rosidl_typesupport_c/action_interfaces/action/set_angle__type_support.cpp.o[0m
[6.524s] [ 38%] [32mBuilding CXX object CMakeFiles/action_interfaces__rosidl_typesupport_c.dir/rosidl_typesupport_c/action_interfaces/action/get_angle__type_support.cpp.o[0m
[6.685s] [ 39%] [32mBuilding CXX object CMakeFiles/action_interfaces__rosidl_typesupport_c.dir/rosidl_typesupport_c/action_interfaces/action/pick_up__type_support.cpp.o[0m
[6.827s] [ 41%] [32mBuilding CXX object CMakeFiles/action_interfaces__rosidl_typesupport_c.dir/rosidl_typesupport_c/action_interfaces/action/set_coord__type_support.cpp.o[0m
[7.014s] [ 42%] [32mBuilding CXX object CMakeFiles/action_interfaces__rosidl_typesupport_c.dir/rosidl_typesupport_c/action_interfaces/action/get_coord__type_support.cpp.o[0m
[7.127s] [ 44%] [32m[1mLinking CXX shared library libaction_interfaces__rosidl_typesupport_c.so[0m
[7.130s] [ 46%] [32mBuilding CXX object CMakeFiles/action_interfaces__rosidl_typesupport_introspection_cpp.dir/rosidl_typesupport_introspection_cpp/action_interfaces/action/detail/get_coord__type_support.cpp.o[0m
[7.135s] [ 47%] [32mBuilding CXX object CMakeFiles/action_interfaces__rosidl_typesupport_introspection_cpp.dir/rosidl_typesupport_introspection_cpp/action_interfaces/action/detail/set_coord__type_support.cpp.o[0m
[7.219s] [ 49%] [32m[1mLinking CXX shared library libaction_interfaces__rosidl_typesupport_cpp.so[0m
[7.259s] [ 49%] Built target action_interfaces__rosidl_typesupport_c
[7.331s] [ 49%] Built target action_interfaces__rosidl_typesupport_cpp
[7.451s] [ 50%] [32mBuilding C object CMakeFiles/action_interfaces__rosidl_typesupport_introspection_c.dir/rosidl_typesupport_introspection_c/action_interfaces/action/detail/set_angle__type_support.c.o[0m
[7.464s] [ 52%] [32mBuilding C object CMakeFiles/action_interfaces__rosidl_typesupport_introspection_c.dir/rosidl_typesupport_introspection_c/action_interfaces/action/detail/get_angle__type_support.c.o[0m
[7.489s] [ 53%] [32mBuilding C object CMakeFiles/action_interfaces__rosidl_typesupport_introspection_c.dir/rosidl_typesupport_introspection_c/action_interfaces/action/detail/pick_up__type_support.c.o[0m
[7.507s] [ 55%] [32mBuilding C object CMakeFiles/action_interfaces__rosidl_typesupport_introspection_c.dir/rosidl_typesupport_introspection_c/action_interfaces/action/detail/set_coord__type_support.c.o[0m
[7.523s] [ 57%] [32mBuilding CXX object CMakeFiles/action_interfaces__rosidl_typesupport_fastrtps_c.dir/rosidl_typesupport_fastrtps_c/action_interfaces/action/detail/set_angle__type_support_c.cpp.o[0m
[7.531s] [ 58%] [32mBuilding C object CMakeFiles/action_interfaces__rosidl_typesupport_introspection_c.dir/rosidl_typesupport_introspection_c/action_interfaces/action/detail/get_coord__type_support.c.o[0m
[7.573s] [ 60%] [32mBuilding CXX object CMakeFiles/action_interfaces__rosidl_typesupport_fastrtps_c.dir/rosidl_typesupport_fastrtps_c/action_interfaces/action/detail/get_angle__type_support_c.cpp.o[0m
[7.612s] [ 61%] [32mBuilding CXX object CMakeFiles/action_interfaces__rosidl_typesupport_fastrtps_c.dir/rosidl_typesupport_fastrtps_c/action_interfaces/action/detail/get_coord__type_support_c.cpp.o[0m
[7.612s] [ 63%] [32mBuilding CXX object CMakeFiles/action_interfaces__rosidl_typesupport_fastrtps_c.dir/rosidl_typesupport_fastrtps_c/action_interfaces/action/detail/pick_up__type_support_c.cpp.o[0m
[7.624s] [ 65%] [32mBuilding CXX object CMakeFiles/action_interfaces__rosidl_typesupport_fastrtps_c.dir/rosidl_typesupport_fastrtps_c/action_interfaces/action/detail/set_coord__type_support_c.cpp.o[0m
[7.688s] [ 66%] [32m[1mLinking C shared library libaction_interfaces__rosidl_typesupport_introspection_c.so[0m
[7.799s] [ 66%] Built target action_interfaces__rosidl_typesupport_introspection_c
[7.827s] [ 68%] [32mBuilding CXX object CMakeFiles/action_interfaces__rosidl_typesupport_fastrtps_cpp.dir/rosidl_typesupport_fastrtps_cpp/action_interfaces/action/detail/dds_fastrtps/set_angle__type_support.cpp.o[0m
[7.856s] [ 71%] [32mBuilding CXX object CMakeFiles/action_interfaces__rosidl_typesupport_fastrtps_cpp.dir/rosidl_typesupport_fastrtps_cpp/action_interfaces/action/detail/dds_fastrtps/set_coord__type_support.cpp.o[0m
[7.857s] [ 71%] [32mBuilding CXX object CMakeFiles/action_interfaces__rosidl_typesupport_fastrtps_cpp.dir/rosidl_typesupport_fastrtps_cpp/action_interfaces/action/detail/dds_fastrtps/pick_up__type_support.cpp.o[0m
[7.874s] [ 73%] [32mBuilding CXX object CMakeFiles/action_interfaces__rosidl_typesupport_fastrtps_cpp.dir/rosidl_typesupport_fastrtps_cpp/action_interfaces/action/detail/dds_fastrtps/get_angle__type_support.cpp.o[0m
[7.877s] [ 74%] [32mBuilding CXX object CMakeFiles/action_interfaces__rosidl_typesupport_fastrtps_cpp.dir/rosidl_typesupport_fastrtps_cpp/action_interfaces/action/detail/dds_fastrtps/get_coord__type_support.cpp.o[0m
[8.468s] [ 76%] [32m[1mLinking CXX shared library libaction_interfaces__rosidl_typesupport_introspection_cpp.so[0m
[8.478s] [ 77%] [32m[1mLinking CXX shared library libaction_interfaces__rosidl_typesupport_fastrtps_c.so[0m
[8.608s] [ 77%] Built target action_interfaces__rosidl_typesupport_introspection_cpp
[8.629s] [ 77%] Built target action_interfaces__rosidl_typesupport_fastrtps_c
[8.978s] [ 79%] [32m[1mLinking CXX shared library libaction_interfaces__rosidl_typesupport_fastrtps_cpp.so[0m
[9.062s] [ 79%] Built target action_interfaces__rosidl_typesupport_fastrtps_cpp
[9.087s] [ 79%] Built target action_interfaces
[9.112s] [ 80%] [34m[1mGenerating Python code for ROS interfaces[0m
[12.698s] [ 80%] Built target action_interfaces__py
[12.724s] [ 82%] [32mBuilding C object CMakeFiles/action_interfaces__rosidl_generator_py.dir/rosidl_generator_py/action_interfaces/action/_set_angle_s.c.o[0m
[12.725s] [ 84%] [32mBuilding C object CMakeFiles/action_interfaces__rosidl_generator_py.dir/rosidl_generator_py/action_interfaces/action/_set_coord_s.c.o[0m
[12.726s] [ 85%] [32mBuilding C object CMakeFiles/action_interfaces__rosidl_generator_py.dir/rosidl_generator_py/action_interfaces/action/_get_coord_s.c.o[0m
[12.727s] [ 88%] [32mBuilding C object CMakeFiles/action_interfaces__rosidl_generator_py.dir/rosidl_generator_py/action_interfaces/action/_get_angle_s.c.o[0m
[12.727s] [ 88%] [32mBuilding C object CMakeFiles/action_interfaces__rosidl_generator_py.dir/rosidl_generator_py/action_interfaces/action/_pick_up_s.c.o[0m
[12.963s] [ 90%] [32m[1mLinking C shared library rosidl_generator_py/action_interfaces/libaction_interfaces__rosidl_generator_py.so[0m
[13.016s] [ 90%] Built target action_interfaces__rosidl_generator_py
[13.040s] [ 95%] [32mBuilding C object CMakeFiles/action_interfaces__rosidl_typesupport_fastrtps_c__pyext.dir/rosidl_generator_py/action_interfaces/_action_interfaces_s.ep.rosidl_typesupport_fastrtps_c.c.o[0m
[13.040s] [ 95%] [32mBuilding C object CMakeFiles/action_interfaces__rosidl_typesupport_c__pyext.dir/rosidl_generator_py/action_interfaces/_action_interfaces_s.ep.rosidl_typesupport_c.c.o[0m
[13.040s] [ 95%] [32mBuilding C object CMakeFiles/action_interfaces__rosidl_typesupport_introspection_c__pyext.dir/rosidl_generator_py/action_interfaces/_action_interfaces_s.ep.rosidl_typesupport_introspection_c.c.o[0m
[13.333s] [ 96%] [32m[1mLinking C shared library rosidl_generator_py/action_interfaces/action_interfaces_s__rosidl_typesupport_c.cpython-310-x86_64-linux-gnu.so[0m
[13.334s] [ 98%] [32m[1mLinking C shared library rosidl_generator_py/action_interfaces/action_interfaces_s__rosidl_typesupport_fastrtps_c.cpython-310-x86_64-linux-gnu.so[0m
[13.334s] [100%] [32m[1mLinking C shared library rosidl_generator_py/action_interfaces/action_interfaces_s__rosidl_typesupport_introspection_c.cpython-310-x86_64-linux-gnu.so[0m
[13.374s] [100%] Built target action_interfaces__rosidl_typesupport_fastrtps_c__pyext
[13.374s] [100%] Built target action_interfaces__rosidl_typesupport_c__pyext
[13.375s] [100%] Built target action_interfaces__rosidl_typesupport_introspection_c__pyext
[13.388s] Invoked command in '/home/iRETI/504/CobotMyRobot/build/action_interfaces' returned '0': CMAKE_PREFIX_PATH=${CMAKE_PREFIX_PATH}:/opt/ros/humble /usr/bin/cmake --build /home/iRETI/504/CobotMyRobot/build/action_interfaces -- -j12 -l12
[13.522s] Invoking command in '/home/iRETI/504/CobotMyRobot/build/action_interfaces': CMAKE_PREFIX_PATH=${CMAKE_PREFIX_PATH}:/opt/ros/humble /usr/bin/cmake --install /home/iRETI/504/CobotMyRobot/build/action_interfaces
[13.531s] -- Install configuration: ""
[13.532s] -- Installing: /home/iRETI/504/CobotMyRobot/install/action_interfaces/share/ament_index/resource_index/rosidl_interfaces/action_interfaces
[13.532s] -- Up-to-date: /home/iRETI/504/CobotMyRobot/install/action_interfaces/include/action_interfaces/action_interfaces
[13.532s] -- Up-to-date: /home/iRETI/504/CobotMyRobot/install/action_interfaces/include/action_interfaces/action_interfaces/action
[13.532s] -- Installing: /home/iRETI/504/CobotMyRobot/install/action_interfaces/include/action_interfaces/action_interfaces/action/pick_up.h
[13.532s] -- Installing: /home/iRETI/504/CobotMyRobot/install/action_interfaces/include/action_interfaces/action_interfaces/action/get_coord.h
[13.532s] -- Installing: /home/iRETI/504/CobotMyRobot/install/action_interfaces/include/action_interfaces/action_interfaces/action/set_angle.h
[13.532s] -- Installing: /home/iRETI/504/CobotMyRobot/install/action_interfaces/include/action_interfaces/action_interfaces/action/set_coord.h
[13.533s] -- Installing: /home/iRETI/504/CobotMyRobot/install/action_interfaces/include/action_interfaces/action_interfaces/action/get_angle.h
[13.533s] -- Up-to-date: /home/iRETI/504/CobotMyRobot/install/action_interfaces/include/action_interfaces/action_interfaces/action/detail
[13.533s] -- Installing: /home/iRETI/504/CobotMyRobot/install/action_interfaces/include/action_interfaces/action_interfaces/action/detail/set_angle__struct.h
[13.533s] -- Installing: /home/iRETI/504/CobotMyRobot/install/action_interfaces/include/action_interfaces/action_interfaces/action/detail/pick_up__functions.h
[13.533s] -- Installing: /home/iRETI/504/CobotMyRobot/install/action_interfaces/include/action_interfaces/action_interfaces/action/detail/get_coord__type_support.h
[13.533s] -- Installing: /home/iRETI/504/CobotMyRobot/install/action_interfaces/include/action_interfaces/action_interfaces/action/detail/set_coord__functions.c
[13.534s] -- Installing: /home/iRETI/504/CobotMyRobot/install/action_interfaces/include/action_interfaces/action_interfaces/action/detail/set_angle__functions.h
[13.534s] -- Installing: /home/iRETI/504/CobotMyRobot/install/action_interfaces/include/action_interfaces/action_interfaces/action/detail/pick_up__functions.c
[13.534s] -- Installing: /home/iRETI/504/CobotMyRobot/install/action_interfaces/include/action_interfaces/action_interfaces/action/detail/set_angle__type_support.h
[13.534s] -- Installing: /home/iRETI/504/CobotMyRobot/install/action_interfaces/include/action_interfaces/action_interfaces/action/detail/get_angle__functions.h
[13.535s] -- Installing: /home/iRETI/504/CobotMyRobot/install/action_interfaces/include/action_interfaces/action_interfaces/action/detail/get_angle__functions.c
[13.535s] -- Installing: /home/iRETI/504/CobotMyRobot/install/action_interfaces/include/action_interfaces/action_interfaces/action/detail/get_coord__functions.h
[13.535s] -- Installing: /home/iRETI/504/CobotMyRobot/install/action_interfaces/include/action_interfaces/action_interfaces/action/detail/set_coord__type_support.h
[13.535s] -- Installing: /home/iRETI/504/CobotMyRobot/install/action_interfaces/include/action_interfaces/action_interfaces/action/detail/get_angle__type_support.h
[13.535s] -- Installing: /home/iRETI/504/CobotMyRobot/install/action_interfaces/include/action_interfaces/action_interfaces/action/detail/get_coord__struct.h
[13.536s] -- Installing: /home/iRETI/504/CobotMyRobot/install/action_interfaces/include/action_interfaces/action_interfaces/action/detail/pick_up__type_support.h
[13.536s] -- Installing: /home/iRETI/504/CobotMyRobot/install/action_interfaces/include/action_interfaces/action_interfaces/action/detail/set_coord__struct.h
[13.536s] -- Installing: /home/iRETI/504/CobotMyRobot/install/action_interfaces/include/action_interfaces/action_interfaces/action/detail/get_angle__struct.h
[13.536s] -- Installing: /home/iRETI/504/CobotMyRobot/install/action_interfaces/include/action_interfaces/action_interfaces/action/detail/get_coord__functions.c
[13.536s] -- Installing: /home/iRETI/504/CobotMyRobot/install/action_interfaces/include/action_interfaces/action_interfaces/action/detail/set_coord__functions.h
[13.537s] -- Installing: /home/iRETI/504/CobotMyRobot/install/action_interfaces/include/action_interfaces/action_interfaces/action/detail/set_angle__functions.c
[13.537s] -- Installing: /home/iRETI/504/CobotMyRobot/install/action_interfaces/include/action_interfaces/action_interfaces/action/detail/pick_up__struct.h
[13.537s] -- Up-to-date: /home/iRETI/504/CobotMyRobot/install/action_interfaces/include/action_interfaces/action_interfaces/msg
[13.537s] -- Installing: /home/iRETI/504/CobotMyRobot/install/action_interfaces/include/action_interfaces/action_interfaces/msg/rosidl_generator_c__visibility_control.h
[13.537s] -- Up-to-date: /home/iRETI/504/CobotMyRobot/install/action_interfaces/share/action_interfaces/environment/library_path.sh
[13.538s] -- Installing: /home/iRETI/504/CobotMyRobot/install/action_interfaces/share/action_interfaces/environment/library_path.dsv
[13.538s] -- Installing: /home/iRETI/504/CobotMyRobot/install/action_interfaces/lib/libaction_interfaces__rosidl_generator_c.so
[13.539s] -- Set runtime path of "/home/iRETI/504/CobotMyRobot/install/action_interfaces/lib/libaction_interfaces__rosidl_generator_c.so" to ""
[13.539s] -- Up-to-date: /home/iRETI/504/CobotMyRobot/install/action_interfaces/include/action_interfaces/action_interfaces
[13.539s] -- Up-to-date: /home/iRETI/504/CobotMyRobot/install/action_interfaces/include/action_interfaces/action_interfaces/action
[13.539s] -- Up-to-date: /home/iRETI/504/CobotMyRobot/install/action_interfaces/include/action_interfaces/action_interfaces/action/detail
[13.539s] -- Installing: /home/iRETI/504/CobotMyRobot/install/action_interfaces/include/action_interfaces/action_interfaces/action/detail/pick_up__rosidl_typesupport_fastrtps_c.h
[13.539s] -- Installing: /home/iRETI/504/CobotMyRobot/install/action_interfaces/include/action_interfaces/action_interfaces/action/detail/set_coord__rosidl_typesupport_fastrtps_c.h
[13.539s] -- Installing: /home/iRETI/504/CobotMyRobot/install/action_interfaces/include/action_interfaces/action_interfaces/action/detail/get_angle__rosidl_typesupport_fastrtps_c.h
[13.539s] -- Installing: /home/iRETI/504/CobotMyRobot/install/action_interfaces/include/action_interfaces/action_interfaces/action/detail/get_coord__rosidl_typesupport_fastrtps_c.h
[13.540s] -- Installing: /home/iRETI/504/CobotMyRobot/install/action_interfaces/include/action_interfaces/action_interfaces/action/detail/set_angle__rosidl_typesupport_fastrtps_c.h
[13.540s] -- Up-to-date: /home/iRETI/504/CobotMyRobot/install/action_interfaces/include/action_interfaces/action_interfaces/msg
[13.540s] -- Installing: /home/iRETI/504/CobotMyRobot/install/action_interfaces/include/action_interfaces/action_interfaces/msg/rosidl_typesupport_fastrtps_c__visibility_control.h
[13.540s] -- Installing: /home/iRETI/504/CobotMyRobot/install/action_interfaces/lib/libaction_interfaces__rosidl_typesupport_fastrtps_c.so
[13.541s] -- Set runtime path of "/home/iRETI/504/CobotMyRobot/install/action_interfaces/lib/libaction_interfaces__rosidl_typesupport_fastrtps_c.so" to ""
[13.541s] -- Up-to-date: /home/iRETI/504/CobotMyRobot/install/action_interfaces/include/action_interfaces/action_interfaces
[13.541s] -- Up-to-date: /home/iRETI/504/CobotMyRobot/install/action_interfaces/include/action_interfaces/action_interfaces/action
[13.541s] -- Up-to-date: /home/iRETI/504/CobotMyRobot/install/action_interfaces/include/action_interfaces/action_interfaces/action/detail
[13.541s] -- Installing: /home/iRETI/504/CobotMyRobot/install/action_interfaces/include/action_interfaces/action_interfaces/action/detail/set_coord__rosidl_typesupport_introspection_c.h
[13.541s] -- Installing: /home/iRETI/504/CobotMyRobot/install/action_interfaces/include/action_interfaces/action_interfaces/action/detail/get_angle__rosidl_typesupport_introspection_c.h
[13.541s] -- Installing: /home/iRETI/504/CobotMyRobot/install/action_interfaces/include/action_interfaces/action_interfaces/action/detail/get_angle__type_support.c
[13.542s] -- Installing: /home/iRETI/504/CobotMyRobot/install/action_interfaces/include/action_interfaces/action_interfaces/action/detail/set_angle__rosidl_typesupport_introspection_c.h
[13.542s] -- Installing: /home/iRETI/504/CobotMyRobot/install/action_interfaces/include/action_interfaces/action_interfaces/action/detail/set_coord__type_support.c
[13.542s] -- Installing: /home/iRETI/504/CobotMyRobot/install/action_interfaces/include/action_interfaces/action_interfaces/action/detail/pick_up__type_support.c
[13.542s] -- Installing: /home/iRETI/504/CobotMyRobot/install/action_interfaces/include/action_interfaces/action_interfaces/action/detail/get_coord__type_support.c
[13.542s] -- Installing: /home/iRETI/504/CobotMyRobot/install/action_interfaces/include/action_interfaces/action_interfaces/action/detail/get_coord__rosidl_typesupport_introspection_c.h
[13.543s] -- Installing: /home/iRETI/504/CobotMyRobot/install/action_interfaces/include/action_interfaces/action_interfaces/action/detail/pick_up__rosidl_typesupport_introspection_c.h
[13.543s] -- Installing: /home/iRETI/504/CobotMyRobot/install/action_interfaces/include/action_interfaces/action_interfaces/action/detail/set_angle__type_support.c
[13.543s] -- Up-to-date: /home/iRETI/504/CobotMyRobot/install/action_interfaces/include/action_interfaces/action_interfaces/msg
[13.543s] -- Installing: /home/iRETI/504/CobotMyRobot/install/action_interfaces/include/action_interfaces/action_interfaces/msg/rosidl_typesupport_introspection_c__visibility_control.h
[13.543s] -- Installing: /home/iRETI/504/CobotMyRobot/install/action_interfaces/lib/libaction_interfaces__rosidl_typesupport_introspection_c.so
[13.544s] -- Set runtime path of "/home/iRETI/504/CobotMyRobot/install/action_interfaces/lib/libaction_interfaces__rosidl_typesupport_introspection_c.so" to ""
[13.544s] -- Installing: /home/iRETI/504/CobotMyRobot/install/action_interfaces/lib/libaction_interfaces__rosidl_typesupport_c.so
[13.544s] -- Set runtime path of "/home/iRETI/504/CobotMyRobot/install/action_interfaces/lib/libaction_interfaces__rosidl_typesupport_c.so" to ""
[13.544s] -- Up-to-date: /home/iRETI/504/CobotMyRobot/install/action_interfaces/include/action_interfaces/action_interfaces
[13.545s] -- Up-to-date: /home/iRETI/504/CobotMyRobot/install/action_interfaces/include/action_interfaces/action_interfaces/action
[13.545s] -- Installing: /home/iRETI/504/CobotMyRobot/install/action_interfaces/include/action_interfaces/action_interfaces/action/set_coord.hpp
[13.545s] -- Installing: /home/iRETI/504/CobotMyRobot/install/action_interfaces/include/action_interfaces/action_interfaces/action/get_coord.hpp
[13.545s] -- Up-to-date: /home/iRETI/504/CobotMyRobot/install/action_interfaces/include/action_interfaces/action_interfaces/action/detail
[13.545s] -- Installing: /home/iRETI/504/CobotMyRobot/install/action_interfaces/include/action_interfaces/action_interfaces/action/detail/pick_up__traits.hpp
[13.545s] -- Installing: /home/iRETI/504/CobotMyRobot/install/action_interfaces/include/action_interfaces/action_interfaces/action/detail/get_angle__traits.hpp
[13.545s] -- Installing: /home/iRETI/504/CobotMyRobot/install/action_interfaces/include/action_interfaces/action_interfaces/action/detail/set_coord__struct.hpp
[13.546s] -- Installing: /home/iRETI/504/CobotMyRobot/install/action_interfaces/include/action_interfaces/action_interfaces/action/detail/set_angle__traits.hpp
[13.546s] -- Installing: /home/iRETI/504/CobotMyRobot/install/action_interfaces/include/action_interfaces/action_interfaces/action/detail/pick_up__struct.hpp
[13.546s] -- Installing: /home/iRETI/504/CobotMyRobot/install/action_interfaces/include/action_interfaces/action_interfaces/action/detail/set_angle__struct.hpp
[13.546s] -- Installing: /home/iRETI/504/CobotMyRobot/install/action_interfaces/include/action_interfaces/action_interfaces/action/detail/set_coord__builder.hpp
[13.546s] -- Installing: /home/iRETI/504/CobotMyRobot/install/action_interfaces/include/action_interfaces/action_interfaces/action/detail/get_angle__builder.hpp
[13.547s] -- Installing: /home/iRETI/504/CobotMyRobot/install/action_interfaces/include/action_interfaces/action_interfaces/action/detail/get_angle__struct.hpp
[13.547s] -- Installing: /home/iRETI/504/CobotMyRobot/install/action_interfaces/include/action_interfaces/action_interfaces/action/detail/get_coord__traits.hpp
[13.547s] -- Installing: /home/iRETI/504/CobotMyRobot/install/action_interfaces/include/action_interfaces/action_interfaces/action/detail/get_coord__builder.hpp
[13.547s] -- Installing: /home/iRETI/504/CobotMyRobot/install/action_interfaces/include/action_interfaces/action_interfaces/action/detail/set_coord__traits.hpp
[13.547s] -- Installing: /home/iRETI/504/CobotMyRobot/install/action_interfaces/include/action_interfaces/action_interfaces/action/detail/set_angle__builder.hpp
[13.547s] -- Installing: /home/iRETI/504/CobotMyRobot/install/action_interfaces/include/action_interfaces/action_interfaces/action/detail/pick_up__builder.hpp
[13.548s] -- Installing: /home/iRETI/504/CobotMyRobot/install/action_interfaces/include/action_interfaces/action_interfaces/action/detail/get_coord__struct.hpp
[13.548s] -- Installing: /home/iRETI/504/CobotMyRobot/install/action_interfaces/include/action_interfaces/action_interfaces/action/set_angle.hpp
[13.548s] -- Installing: /home/iRETI/504/CobotMyRobot/install/action_interfaces/include/action_interfaces/action_interfaces/action/pick_up.hpp
[13.548s] -- Installing: /home/iRETI/504/CobotMyRobot/install/action_interfaces/include/action_interfaces/action_interfaces/action/get_angle.hpp
[13.548s] -- Up-to-date: /home/iRETI/504/CobotMyRobot/install/action_interfaces/include/action_interfaces/action_interfaces
[13.548s] -- Up-to-date: /home/iRETI/504/CobotMyRobot/install/action_interfaces/include/action_interfaces/action_interfaces/action
[13.548s] -- Up-to-date: /home/iRETI/504/CobotMyRobot/install/action_interfaces/include/action_interfaces/action_interfaces/action/detail
[13.549s] -- Installing: /home/iRETI/504/CobotMyRobot/install/action_interfaces/include/action_interfaces/action_interfaces/action/detail/set_angle__rosidl_typesupport_fastrtps_cpp.hpp
[13.549s] -- Installing: /home/iRETI/504/CobotMyRobot/install/action_interfaces/include/action_interfaces/action_interfaces/action/detail/set_coord__rosidl_typesupport_fastrtps_cpp.hpp
[13.549s] -- Installing: /home/iRETI/504/CobotMyRobot/install/action_interfaces/include/action_interfaces/action_interfaces/action/detail/get_angle__rosidl_typesupport_fastrtps_cpp.hpp
[13.549s] -- Installing: /home/iRETI/504/CobotMyRobot/install/action_interfaces/include/action_interfaces/action_interfaces/action/detail/get_coord__rosidl_typesupport_fastrtps_cpp.hpp
[13.549s] -- Up-to-date: /home/iRETI/504/CobotMyRobot/install/action_interfaces/include/action_interfaces/action_interfaces/action/detail/dds_fastrtps
[13.549s] -- Installing: /home/iRETI/504/CobotMyRobot/install/action_interfaces/include/action_interfaces/action_interfaces/action/detail/pick_up__rosidl_typesupport_fastrtps_cpp.hpp
[13.549s] -- Up-to-date: /home/iRETI/504/CobotMyRobot/install/action_interfaces/include/action_interfaces/action_interfaces/msg
[13.549s] -- Installing: /home/iRETI/504/CobotMyRobot/install/action_interfaces/include/action_interfaces/action_interfaces/msg/rosidl_typesupport_fastrtps_cpp__visibility_control.h
[13.550s] -- Installing: /home/iRETI/504/CobotMyRobot/install/action_interfaces/lib/libaction_interfaces__rosidl_typesupport_fastrtps_cpp.so
[13.550s] -- Set runtime path of "/home/iRETI/504/CobotMyRobot/install/action_interfaces/lib/libaction_interfaces__rosidl_typesupport_fastrtps_cpp.so" to ""
[13.550s] -- Up-to-date: /home/iRETI/504/CobotMyRobot/install/action_interfaces/include/action_interfaces/action_interfaces
[13.550s] -- Up-to-date: /home/iRETI/504/CobotMyRobot/install/action_interfaces/include/action_interfaces/action_interfaces/action
[13.550s] -- Up-to-date: /home/iRETI/504/CobotMyRobot/install/action_interfaces/include/action_interfaces/action_interfaces/action/detail
[13.551s] -- Installing: /home/iRETI/504/CobotMyRobot/install/action_interfaces/include/action_interfaces/action_interfaces/action/detail/pick_up__type_support.cpp
[13.551s] -- Installing: /home/iRETI/504/CobotMyRobot/install/action_interfaces/include/action_interfaces/action_interfaces/action/detail/set_angle__type_support.cpp
[13.551s] -- Installing: /home/iRETI/504/CobotMyRobot/install/action_interfaces/include/action_interfaces/action_interfaces/action/detail/get_coord__rosidl_typesupport_introspection_cpp.hpp
[13.551s] -- Installing: /home/iRETI/504/CobotMyRobot/install/action_interfaces/include/action_interfaces/action_interfaces/action/detail/set_angle__rosidl_typesupport_introspection_cpp.hpp
[13.551s] -- Installing: /home/iRETI/504/CobotMyRobot/install/action_interfaces/include/action_interfaces/action_interfaces/action/detail/set_coord__rosidl_typesupport_introspection_cpp.hpp
[13.551s] -- Installing: /home/iRETI/504/CobotMyRobot/install/action_interfaces/include/action_interfaces/action_interfaces/action/detail/pick_up__rosidl_typesupport_introspection_cpp.hpp
[13.551s] -- Installing: /home/iRETI/504/CobotMyRobot/install/action_interfaces/include/action_interfaces/action_interfaces/action/detail/get_angle__rosidl_typesupport_introspection_cpp.hpp
[13.552s] -- Installing: /home/iRETI/504/CobotMyRobot/install/action_interfaces/include/action_interfaces/action_interfaces/action/detail/get_angle__type_support.cpp
[13.552s] -- Installing: /home/iRETI/504/CobotMyRobot/install/action_interfaces/include/action_interfaces/action_interfaces/action/detail/get_coord__type_support.cpp
[13.552s] -- Installing: /home/iRETI/504/CobotMyRobot/install/action_interfaces/include/action_interfaces/action_interfaces/action/detail/set_coord__type_support.cpp
[13.552s] -- Installing: /home/iRETI/504/CobotMyRobot/install/action_interfaces/lib/libaction_interfaces__rosidl_typesupport_introspection_cpp.so
[13.553s] -- Set runtime path of "/home/iRETI/504/CobotMyRobot/install/action_interfaces/lib/libaction_interfaces__rosidl_typesupport_introspection_cpp.so" to ""
[13.553s] -- Installing: /home/iRETI/504/CobotMyRobot/install/action_interfaces/lib/libaction_interfaces__rosidl_typesupport_cpp.so
[13.554s] -- Set runtime path of "/home/iRETI/504/CobotMyRobot/install/action_interfaces/lib/libaction_interfaces__rosidl_typesupport_cpp.so" to ""
[13.554s] -- Installing: /home/iRETI/504/CobotMyRobot/install/action_interfaces/share/action_interfaces/environment/pythonpath.sh
[13.554s] -- Installing: /home/iRETI/504/CobotMyRobot/install/action_interfaces/share/action_interfaces/environment/pythonpath.dsv
[13.554s] -- Up-to-date: /home/iRETI/504/CobotMyRobot/install/action_interfaces/local/lib/python3.10/dist-packages/action_interfaces-0.0.0-py3.10.egg-info
[13.554s] -- Installing: /home/iRETI/504/CobotMyRobot/install/action_interfaces/local/lib/python3.10/dist-packages/action_interfaces-0.0.0-py3.10.egg-info/PKG-INFO
[13.554s] -- Installing: /home/iRETI/504/CobotMyRobot/install/action_interfaces/local/lib/python3.10/dist-packages/action_interfaces-0.0.0-py3.10.egg-info/SOURCES.txt
[13.554s] -- Installing: /home/iRETI/504/CobotMyRobot/install/action_interfaces/local/lib/python3.10/dist-packages/action_interfaces-0.0.0-py3.10.egg-info/top_level.txt
[13.554s] -- Installing: /home/iRETI/504/CobotMyRobot/install/action_interfaces/local/lib/python3.10/dist-packages/action_interfaces-0.0.0-py3.10.egg-info/dependency_links.txt
[13.555s] -- Up-to-date: /home/iRETI/504/CobotMyRobot/install/action_interfaces/local/lib/python3.10/dist-packages/action_interfaces
[13.555s] -- Installing: /home/iRETI/504/CobotMyRobot/install/action_interfaces/local/lib/python3.10/dist-packages/action_interfaces/__init__.py
[13.555s] -- Installing: /home/iRETI/504/CobotMyRobot/install/action_interfaces/local/lib/python3.10/dist-packages/action_interfaces/_action_interfaces_s.ep.rosidl_typesupport_fastrtps_c.c
[13.555s] -- Installing: /home/iRETI/504/CobotMyRobot/install/action_interfaces/local/lib/python3.10/dist-packages/action_interfaces/action_interfaces_s__rosidl_typesupport_fastrtps_c.cpython-310-x86_64-linux-gnu.so
[13.555s] -- Up-to-date: /home/iRETI/504/CobotMyRobot/install/action_interfaces/local/lib/python3.10/dist-packages/action_interfaces/action
[13.556s] -- Installing: /home/iRETI/504/CobotMyRobot/install/action_interfaces/local/lib/python3.10/dist-packages/action_interfaces/action/__init__.py
[13.556s] -- Installing: /home/iRETI/504/CobotMyRobot/install/action_interfaces/local/lib/python3.10/dist-packages/action_interfaces/action/_set_angle.py
[13.556s] -- Installing: /home/iRETI/504/CobotMyRobot/install/action_interfaces/local/lib/python3.10/dist-packages/action_interfaces/action/_pick_up_s.c
[13.556s] -- Installing: /home/iRETI/504/CobotMyRobot/install/action_interfaces/local/lib/python3.10/dist-packages/action_interfaces/action/_get_coord.py
[13.556s] -- Installing: /home/iRETI/504/CobotMyRobot/install/action_interfaces/local/lib/python3.10/dist-packages/action_interfaces/action/_set_coord.py
[13.556s] -- Installing: /home/iRETI/504/CobotMyRobot/install/action_interfaces/local/lib/python3.10/dist-packages/action_interfaces/action/_pick_up.py
[13.557s] -- Installing: /home/iRETI/504/CobotMyRobot/install/action_interfaces/local/lib/python3.10/dist-packages/action_interfaces/action/_set_coord_s.c
[13.557s] -- Installing: /home/iRETI/504/CobotMyRobot/install/action_interfaces/local/lib/python3.10/dist-packages/action_interfaces/action/_get_angle.py
[13.557s] -- Installing: /home/iRETI/504/CobotMyRobot/install/action_interfaces/local/lib/python3.10/dist-packages/action_interfaces/action/_set_angle_s.c
[13.557s] -- Installing: /home/iRETI/504/CobotMyRobot/install/action_interfaces/local/lib/python3.10/dist-packages/action_interfaces/action/_get_coord_s.c
[13.557s] -- Installing: /home/iRETI/504/CobotMyRobot/install/action_interfaces/local/lib/python3.10/dist-packages/action_interfaces/action/_get_angle_s.c
[13.557s] -- Installing: /home/iRETI/504/CobotMyRobot/install/action_interfaces/local/lib/python3.10/dist-packages/action_interfaces/_action_interfaces_s.ep.rosidl_typesupport_introspection_c.c
[13.558s] -- Installing: /home/iRETI/504/CobotMyRobot/install/action_interfaces/local/lib/python3.10/dist-packages/action_interfaces/libaction_interfaces__rosidl_generator_py.so
[13.558s] -- Installing: /home/iRETI/504/CobotMyRobot/install/action_interfaces/local/lib/python3.10/dist-packages/action_interfaces/_action_interfaces_s.ep.rosidl_typesupport_c.c
[13.559s] -- Installing: /home/iRETI/504/CobotMyRobot/install/action_interfaces/local/lib/python3.10/dist-packages/action_interfaces/action_interfaces_s__rosidl_typesupport_introspection_c.cpython-310-x86_64-linux-gnu.so
[13.559s] -- Installing: /home/iRETI/504/CobotMyRobot/install/action_interfaces/local/lib/python3.10/dist-packages/action_interfaces/action_interfaces_s__rosidl_typesupport_c.cpython-310-x86_64-linux-gnu.so
[13.637s] Listing '/home/iRETI/504/CobotMyRobot/install/action_interfaces/local/lib/python3.10/dist-packages/action_interfaces'...
[13.637s] Compiling '/home/iRETI/504/CobotMyRobot/install/action_interfaces/local/lib/python3.10/dist-packages/action_interfaces/__init__.py'...
[13.637s] Listing '/home/iRETI/504/CobotMyRobot/install/action_interfaces/local/lib/python3.10/dist-packages/action_interfaces/action'...
[13.638s] Compiling '/home/iRETI/504/CobotMyRobot/install/action_interfaces/local/lib/python3.10/dist-packages/action_interfaces/action/__init__.py'...
[13.638s] Compiling '/home/iRETI/504/CobotMyRobot/install/action_interfaces/local/lib/python3.10/dist-packages/action_interfaces/action/_get_angle.py'...
[13.638s] Compiling '/home/iRETI/504/CobotMyRobot/install/action_interfaces/local/lib/python3.10/dist-packages/action_interfaces/action/_get_coord.py'...
[13.638s] Compiling '/home/iRETI/504/CobotMyRobot/install/action_interfaces/local/lib/python3.10/dist-packages/action_interfaces/action/_pick_up.py'...
[13.638s] Compiling '/home/iRETI/504/CobotMyRobot/install/action_interfaces/local/lib/python3.10/dist-packages/action_interfaces/action/_set_angle.py'...
[13.638s] Compiling '/home/iRETI/504/CobotMyRobot/install/action_interfaces/local/lib/python3.10/dist-packages/action_interfaces/action/_set_coord.py'...
[13.642s] -- Installing: /home/iRETI/504/CobotMyRobot/install/action_interfaces/local/lib/python3.10/dist-packages/action_interfaces/action_interfaces_s__rosidl_typesupport_fastrtps_c.cpython-310-x86_64-linux-gnu.so
[13.642s] -- Set runtime path of "/home/iRETI/504/CobotMyRobot/install/action_interfaces/local/lib/python3.10/dist-packages/action_interfaces/action_interfaces_s__rosidl_typesupport_fastrtps_c.cpython-310-x86_64-linux-gnu.so" to ""
[13.643s] -- Installing: /home/iRETI/504/CobotMyRobot/install/action_interfaces/local/lib/python3.10/dist-packages/action_interfaces/action_interfaces_s__rosidl_typesupport_introspection_c.cpython-310-x86_64-linux-gnu.so
[13.643s] -- Set runtime path of "/home/iRETI/504/CobotMyRobot/install/action_interfaces/local/lib/python3.10/dist-packages/action_interfaces/action_interfaces_s__rosidl_typesupport_introspection_c.cpython-310-x86_64-linux-gnu.so" to ""
[13.643s] -- Installing: /home/iRETI/504/CobotMyRobot/install/action_interfaces/local/lib/python3.10/dist-packages/action_interfaces/action_interfaces_s__rosidl_typesupport_c.cpython-310-x86_64-linux-gnu.so
[13.644s] -- Set runtime path of "/home/iRETI/504/CobotMyRobot/install/action_interfaces/local/lib/python3.10/dist-packages/action_interfaces/action_interfaces_s__rosidl_typesupport_c.cpython-310-x86_64-linux-gnu.so" to ""
[13.644s] -- Installing: /home/iRETI/504/CobotMyRobot/install/action_interfaces/lib/libaction_interfaces__rosidl_generator_py.so
[13.645s] -- Set runtime path of "/home/iRETI/504/CobotMyRobot/install/action_interfaces/lib/libaction_interfaces__rosidl_generator_py.so" to ""
[13.645s] -- Installing: /home/iRETI/504/CobotMyRobot/install/action_interfaces/share/action_interfaces/action/SetAngle.idl
[13.645s] -- Installing: /home/iRETI/504/CobotMyRobot/install/action_interfaces/share/action_interfaces/action/GetAngle.idl
[13.645s] -- Installing: /home/iRETI/504/CobotMyRobot/install/action_interfaces/share/action_interfaces/action/PickUP.idl
[13.645s] -- Installing: /home/iRETI/504/CobotMyRobot/install/action_interfaces/share/action_interfaces/action/SetCoord.idl
[13.646s] -- Installing: /home/iRETI/504/CobotMyRobot/install/action_interfaces/share/action_interfaces/action/GetCoord.idl
[13.646s] -- Up-to-date: /home/iRETI/504/CobotMyRobot/install/action_interfaces/share/action_interfaces/action/SetAngle.action
[13.646s] -- Up-to-date: /home/iRETI/504/CobotMyRobot/install/action_interfaces/share/action_interfaces/action/GetAngle.action
[13.646s] -- Installing: /home/iRETI/504/CobotMyRobot/install/action_interfaces/share/action_interfaces/action/PickUP.action
[13.646s] -- Up-to-date: /home/iRETI/504/CobotMyRobot/install/action_interfaces/share/action_interfaces/action/SetCoord.action
[13.647s] -- Up-to-date: /home/iRETI/504/CobotMyRobot/install/action_interfaces/share/action_interfaces/action/GetCoord.action
[13.647s] -- Installing: /home/iRETI/504/CobotMyRobot/install/action_interfaces/share/ament_index/resource_index/package_run_dependencies/action_interfaces
[13.647s] -- Installing: /home/iRETI/504/CobotMyRobot/install/action_interfaces/share/ament_index/resource_index/parent_prefix_path/action_interfaces
[13.647s] -- Up-to-date: /home/iRETI/504/CobotMyRobot/install/action_interfaces/share/action_interfaces/environment/ament_prefix_path.sh
[13.647s] -- Installing: /home/iRETI/504/CobotMyRobot/install/action_interfaces/share/action_interfaces/environment/ament_prefix_path.dsv
[13.647s] -- Up-to-date: /home/iRETI/504/CobotMyRobot/install/action_interfaces/share/action_interfaces/environment/path.sh
[13.647s] -- Installing: /home/iRETI/504/CobotMyRobot/install/action_interfaces/share/action_interfaces/environment/path.dsv
[13.647s] -- Installing: /home/iRETI/504/CobotMyRobot/install/action_interfaces/share/action_interfaces/local_setup.bash
[13.647s] -- Installing: /home/iRETI/504/CobotMyRobot/install/action_interfaces/share/action_interfaces/local_setup.sh
[13.648s] -- Installing: /home/iRETI/504/CobotMyRobot/install/action_interfaces/share/action_interfaces/local_setup.zsh
[13.648s] -- Installing: /home/iRETI/504/CobotMyRobot/install/action_interfaces/share/action_interfaces/local_setup.dsv
[13.648s] -- Installing: /home/iRETI/504/CobotMyRobot/install/action_interfaces/share/action_interfaces/package.dsv
[13.648s] -- Installing: /home/iRETI/504/CobotMyRobot/install/action_interfaces/share/ament_index/resource_index/packages/action_interfaces
[13.648s] -- Installing: /home/iRETI/504/CobotMyRobot/install/action_interfaces/share/action_interfaces/cmake/export_action_interfaces__rosidl_generator_cExport.cmake
[13.649s] -- Installing: /home/iRETI/504/CobotMyRobot/install/action_interfaces/share/action_interfaces/cmake/export_action_interfaces__rosidl_generator_cExport-noconfig.cmake
[13.649s] -- Installing: /home/iRETI/504/CobotMyRobot/install/action_interfaces/share/action_interfaces/cmake/export_action_interfaces__rosidl_typesupport_fastrtps_cExport.cmake
[13.649s] -- Installing: /home/iRETI/504/CobotMyRobot/install/action_interfaces/share/action_interfaces/cmake/export_action_interfaces__rosidl_typesupport_fastrtps_cExport-noconfig.cmake
[13.650s] -- Installing: /home/iRETI/504/CobotMyRobot/install/action_interfaces/share/action_interfaces/cmake/action_interfaces__rosidl_typesupport_introspection_cExport.cmake
[13.650s] -- Installing: /home/iRETI/504/CobotMyRobot/install/action_interfaces/share/action_interfaces/cmake/action_interfaces__rosidl_typesupport_introspection_cExport-noconfig.cmake
[13.650s] -- Installing: /home/iRETI/504/CobotMyRobot/install/action_interfaces/share/action_interfaces/cmake/action_interfaces__rosidl_typesupport_cExport.cmake
[13.651s] -- Installing: /home/iRETI/504/CobotMyRobot/install/action_interfaces/share/action_interfaces/cmake/action_interfaces__rosidl_typesupport_cExport-noconfig.cmake
[13.651s] -- Installing: /home/iRETI/504/CobotMyRobot/install/action_interfaces/share/action_interfaces/cmake/export_action_interfaces__rosidl_generator_cppExport.cmake
[13.651s] -- Installing: /home/iRETI/504/CobotMyRobot/install/action_interfaces/share/action_interfaces/cmake/export_action_interfaces__rosidl_typesupport_fastrtps_cppExport.cmake
[13.652s] -- Installing: /home/iRETI/504/CobotMyRobot/install/action_interfaces/share/action_interfaces/cmake/export_action_interfaces__rosidl_typesupport_fastrtps_cppExport-noconfig.cmake
[13.652s] -- Installing: /home/iRETI/504/CobotMyRobot/install/action_interfaces/share/action_interfaces/cmake/action_interfaces__rosidl_typesupport_introspection_cppExport.cmake
[13.652s] -- Installing: /home/iRETI/504/CobotMyRobot/install/action_interfaces/share/action_interfaces/cmake/action_interfaces__rosidl_typesupport_introspection_cppExport-noconfig.cmake
[13.653s] -- Installing: /home/iRETI/504/CobotMyRobot/install/action_interfaces/share/action_interfaces/cmake/action_interfaces__rosidl_typesupport_cppExport.cmake
[13.653s] -- Installing: /home/iRETI/504/CobotMyRobot/install/action_interfaces/share/action_interfaces/cmake/action_interfaces__rosidl_typesupport_cppExport-noconfig.cmake
[13.653s] -- Installing: /home/iRETI/504/CobotMyRobot/install/action_interfaces/share/action_interfaces/cmake/export_action_interfaces__rosidl_generator_pyExport.cmake
[13.654s] -- Installing: /home/iRETI/504/CobotMyRobot/install/action_interfaces/share/action_interfaces/cmake/export_action_interfaces__rosidl_generator_pyExport-noconfig.cmake
[13.654s] -- Installing: /home/iRETI/504/CobotMyRobot/install/action_interfaces/share/action_interfaces/cmake/rosidl_cmake-extras.cmake
[13.654s] -- Installing: /home/iRETI/504/CobotMyRobot/install/action_interfaces/share/action_interfaces/cmake/ament_cmake_export_dependencies-extras.cmake
[13.654s] -- Installing: /home/iRETI/504/CobotMyRobot/install/action_interfaces/share/action_interfaces/cmake/ament_cmake_export_include_directories-extras.cmake
[13.654s] -- Installing: /home/iRETI/504/CobotMyRobot/install/action_interfaces/share/action_interfaces/cmake/ament_cmake_export_libraries-extras.cmake
[13.655s] -- Installing: /home/iRETI/504/CobotMyRobot/install/action_interfaces/share/action_interfaces/cmake/ament_cmake_export_targets-extras.cmake
[13.655s] -- Installing: /home/iRETI/504/CobotMyRobot/install/action_interfaces/share/action_interfaces/cmake/rosidl_cmake_export_typesupport_targets-extras.cmake
[13.655s] -- Installing: /home/iRETI/504/CobotMyRobot/install/action_interfaces/share/action_interfaces/cmake/rosidl_cmake_export_typesupport_libraries-extras.cmake
[13.655s] -- Installing: /home/iRETI/504/CobotMyRobot/install/action_interfaces/share/action_interfaces/cmake/action_interfacesConfig.cmake
[13.655s] -- Installing: /home/iRETI/504/CobotMyRobot/install/action_interfaces/share/action_interfaces/cmake/action_interfacesConfig-version.cmake
[13.656s] -- Up-to-date: /home/iRETI/504/CobotMyRobot/install/action_interfaces/share/action_interfaces/package.xml
[13.660s] Invoked command in '/home/iRETI/504/CobotMyRobot/build/action_interfaces' returned '0': CMAKE_PREFIX_PATH=${CMAKE_PREFIX_PATH}:/opt/ros/humble /usr/bin/cmake --install /home/iRETI/504/CobotMyRobot/build/action_interfaces
