[0.015s] Invoking command in '/home/cdwiench/Desktop/Robotics/CobotMyRobot/ros2_ws/build/action_interfaces': CMAKE_PREFIX_PATH=/opt/ros/humble /usr/bin/cmake /home/cdwiench/Desktop/Robotics/CobotMyRobot/ros2_ws/src/action_interfaces -DCMAKE_INSTALL_PREFIX=/home/cdwiench/Desktop/Robotics/CobotMyRobot/ros2_ws/install/action_interfaces
[0.026s] -- Found ament_cmake: 1.3.3 (/opt/ros/humble/share/ament_cmake/cmake)
[0.171s] -- Found ament_lint_auto: 0.12.4 (/opt/ros/humble/share/ament_lint_auto/cmake)
[0.236s] -- Found rosidl_default_generators: 1.2.0 (/opt/ros/humble/share/rosidl_default_generators/cmake)
[0.238s] -- Using all available rosidl_typesupport_c: rosidl_typesupport_fastrtps_c;rosidl_typesupport_introspection_c
[0.241s] -- Found rosidl_adapter: 3.1.4 (/opt/ros/humble/share/rosidl_adapter/cmake)
[0.276s] -- Using all available rosidl_typesupport_cpp: rosidl_typesupport_fastrtps_cpp;rosidl_typesupport_introspection_cpp
[0.606s] -- Found ament_cmake_ros: 0.10.0 (/opt/ros/humble/share/ament_cmake_ros/cmake)
[0.801s] -- Using all available rosidl_typesupport_c: rosidl_typesupport_fastrtps_c;rosidl_typesupport_introspection_c
[1.049s] -- Using all available rosidl_typesupport_cpp: rosidl_typesupport_fastrtps_cpp;rosidl_typesupport_introspection_cpp
[1.073s] -- Found PythonInterp: /usr/bin/python3 (found suitable version "3.10.6", minimum required is "3.6") 
[1.075s] -- Found python_cmake_module: 0.10.0 (/opt/ros/humble/share/python_cmake_module/cmake)
[1.108s] -- Found PythonLibs: /usr/lib/x86_64-linux-gnu/libpython3.10.so (found suitable version "3.10.6", minimum required is "3.5") 
[1.108s] -- Using PYTHON_EXECUTABLE: /usr/bin/python3
[1.108s] -- Using PYTHON_INCLUDE_DIRS: /usr/include/python3.10
[1.108s] -- Using PYTHON_LIBRARIES: /usr/lib/x86_64-linux-gnu/libpython3.10.so
[1.130s] -- Found PythonExtra: .so  
[1.182s] -- Added test 'lint_cmake' to check CMake code style
[1.184s] -- Added test 'xmllint' to check XML markup files
[1.191s] -- Configuring done
[1.225s] -- Generating done
[1.227s] -- Build files have been written to: /home/cdwiench/Desktop/Robotics/CobotMyRobot/ros2_ws/build/action_interfaces
[1.235s] Invoked command in '/home/cdwiench/Desktop/Robotics/CobotMyRobot/ros2_ws/build/action_interfaces' returned '0': CMAKE_PREFIX_PATH=/opt/ros/humble /usr/bin/cmake /home/cdwiench/Desktop/Robotics/CobotMyRobot/ros2_ws/src/action_interfaces -DCMAKE_INSTALL_PREFIX=/home/cdwiench/Desktop/Robotics/CobotMyRobot/ros2_ws/install/action_interfaces
[1.237s] Invoking command in '/home/cdwiench/Desktop/Robotics/CobotMyRobot/ros2_ws/build/action_interfaces': CMAKE_PREFIX_PATH=/opt/ros/humble /usr/bin/cmake --build /home/cdwiench/Desktop/Robotics/CobotMyRobot/ros2_ws/build/action_interfaces -- -j8 -l8
[1.274s] [  3%] [34m[1mGenerating C code for ROS interfaces[0m
[1.284s] [  6%] [34m[1mGenerating C++ code for ROS interfaces[0m
[1.292s] [  6%] Built target ament_cmake_python_copy_action_interfaces
[1.597s] running egg_info
[1.597s] creating action_interfaces.egg-info
[1.597s] writing action_interfaces.egg-info/PKG-INFO
[1.598s] writing dependency_links to action_interfaces.egg-info/dependency_links.txt
[1.598s] writing top-level names to action_interfaces.egg-info/top_level.txt
[1.602s] writing manifest file 'action_interfaces.egg-info/SOURCES.txt'
[1.605s] reading manifest file 'action_interfaces.egg-info/SOURCES.txt'
[1.606s] writing manifest file 'action_interfaces.egg-info/SOURCES.txt'
[1.635s] [  6%] Built target ament_cmake_python_build_action_interfaces_egg
[1.747s] [  6%] Built target action_interfaces__cpp
[1.757s] [ 12%] [34m[1mGenerating C++ type support dispatch for ROS interfaces[0m
[1.757s] [ 12%] [34m[1mGenerating C++ type support for eProsima Fast-RTPS[0m
[1.757s] [ 16%] [34m[1mGenerating C++ introspection for ROS interfaces[0m
[1.758s] [ 19%] [32mBuilding C object CMakeFiles/action_interfaces__rosidl_generator_c.dir/rosidl_generator_c/action_interfaces/action/detail/set_angle__functions.c.o[0m
[1.932s] [ 22%] [32m[1mLinking C shared library libaction_interfaces__rosidl_generator_c.so[0m
[1.971s] [ 22%] Built target action_interfaces__rosidl_generator_c
[1.981s] [ 25%] [34m[1mGenerating C type support dispatch for ROS interfaces[0m
[1.983s] [ 32%] [34m[1mGenerating C introspection for ROS interfaces[0m
[1.984s] [ 32%] [34m[1mGenerating C type support for eProsima Fast-RTPS[0m
[2.155s] [ 35%] [32mBuilding CXX object CMakeFiles/action_interfaces__rosidl_typesupport_introspection_cpp.dir/rosidl_typesupport_introspection_cpp/action_interfaces/action/detail/set_angle__type_support.cpp.o[0m
[2.189s] [ 38%] [32mBuilding CXX object CMakeFiles/action_interfaces__rosidl_typesupport_cpp.dir/rosidl_typesupport_cpp/action_interfaces/action/set_angle__type_support.cpp.o[0m
[2.225s] [ 41%] [32mBuilding CXX object CMakeFiles/action_interfaces__rosidl_typesupport_fastrtps_cpp.dir/rosidl_typesupport_fastrtps_cpp/action_interfaces/action/detail/dds_fastrtps/set_angle__type_support.cpp.o[0m
[2.567s] [ 45%] [32mBuilding CXX object CMakeFiles/action_interfaces__rosidl_typesupport_c.dir/rosidl_typesupport_c/action_interfaces/action/set_angle__type_support.cpp.o[0m
[2.657s] [ 48%] [32m[1mLinking CXX shared library libaction_interfaces__rosidl_typesupport_c.so[0m
[2.692s] [ 51%] [32mBuilding C object CMakeFiles/action_interfaces__rosidl_typesupport_introspection_c.dir/rosidl_typesupport_introspection_c/action_interfaces/action/detail/set_angle__type_support.c.o[0m
[2.712s] [ 51%] Built target action_interfaces__rosidl_typesupport_c
[2.774s] [ 54%] [32m[1mLinking C shared library libaction_interfaces__rosidl_typesupport_introspection_c.so[0m
[2.780s] [ 58%] [32mBuilding CXX object CMakeFiles/action_interfaces__rosidl_typesupport_fastrtps_c.dir/rosidl_typesupport_fastrtps_c/action_interfaces/action/detail/set_angle__type_support_c.cpp.o[0m
[2.807s] [ 61%] [32m[1mLinking CXX shared library libaction_interfaces__rosidl_typesupport_cpp.so[0m
[2.821s] [ 61%] Built target action_interfaces__rosidl_typesupport_introspection_c
[2.874s] [ 61%] Built target action_interfaces__rosidl_typesupport_cpp
[2.899s] [ 64%] [32m[1mLinking CXX shared library libaction_interfaces__rosidl_typesupport_fastrtps_cpp.so[0m
[2.996s] [ 64%] Built target action_interfaces__rosidl_typesupport_fastrtps_cpp
[3.074s] [ 67%] [32m[1mLinking CXX shared library libaction_interfaces__rosidl_typesupport_introspection_cpp.so[0m
[3.161s] [ 67%] Built target action_interfaces__rosidl_typesupport_introspection_cpp
[3.236s] [ 70%] [32m[1mLinking CXX shared library libaction_interfaces__rosidl_typesupport_fastrtps_c.so[0m
[3.324s] [ 70%] Built target action_interfaces__rosidl_typesupport_fastrtps_c
[3.345s] [ 70%] Built target action_interfaces
[3.364s] [ 74%] [34m[1mGenerating Python code for ROS interfaces[0m
[4.172s] [ 74%] Built target action_interfaces__py
[4.191s] [ 77%] [32mBuilding C object CMakeFiles/action_interfaces__rosidl_generator_py.dir/rosidl_generator_py/action_interfaces/action/_set_angle_s.c.o[0m
[4.381s] [ 80%] [32m[1mLinking C shared library rosidl_generator_py/action_interfaces/libaction_interfaces__rosidl_generator_py.so[0m
[4.423s] [ 80%] Built target action_interfaces__rosidl_generator_py
[4.442s] [ 90%] [32mBuilding C object CMakeFiles/action_interfaces__rosidl_typesupport_introspection_c__pyext.dir/rosidl_generator_py/action_interfaces/_action_interfaces_s.ep.rosidl_typesupport_introspection_c.c.o[0m
[4.442s] [ 90%] [32mBuilding C object CMakeFiles/action_interfaces__rosidl_typesupport_fastrtps_c__pyext.dir/rosidl_generator_py/action_interfaces/_action_interfaces_s.ep.rosidl_typesupport_fastrtps_c.c.o[0m
[4.443s] [ 90%] [32mBuilding C object CMakeFiles/action_interfaces__rosidl_typesupport_c__pyext.dir/rosidl_generator_py/action_interfaces/_action_interfaces_s.ep.rosidl_typesupport_c.c.o[0m
[4.569s] [100%] [32m[1mLinking C shared library rosidl_generator_py/action_interfaces/action_interfaces_s__rosidl_typesupport_introspection_c.cpython-310-x86_64-linux-gnu.so[0m
[4.569s] [100%] [32m[1mLinking C shared library rosidl_generator_py/action_interfaces/action_interfaces_s__rosidl_typesupport_fastrtps_c.cpython-310-x86_64-linux-gnu.so[0m
[4.570s] [100%] [32m[1mLinking C shared library rosidl_generator_py/action_interfaces/action_interfaces_s__rosidl_typesupport_c.cpython-310-x86_64-linux-gnu.so[0m
[4.610s] [100%] Built target action_interfaces__rosidl_typesupport_introspection_c__pyext
[4.610s] [100%] Built target action_interfaces__rosidl_typesupport_c__pyext
[4.611s] [100%] Built target action_interfaces__rosidl_typesupport_fastrtps_c__pyext
[4.623s] Invoked command in '/home/cdwiench/Desktop/Robotics/CobotMyRobot/ros2_ws/build/action_interfaces' returned '0': CMAKE_PREFIX_PATH=/opt/ros/humble /usr/bin/cmake --build /home/cdwiench/Desktop/Robotics/CobotMyRobot/ros2_ws/build/action_interfaces -- -j8 -l8
[4.683s] Invoking command in '/home/cdwiench/Desktop/Robotics/CobotMyRobot/ros2_ws/build/action_interfaces': CMAKE_PREFIX_PATH=/opt/ros/humble /usr/bin/cmake --install /home/cdwiench/Desktop/Robotics/CobotMyRobot/ros2_ws/build/action_interfaces
[4.691s] -- Install configuration: ""
[4.691s] -- Installing: /home/cdwiench/Desktop/Robotics/CobotMyRobot/ros2_ws/install/action_interfaces/share/ament_index/resource_index/rosidl_interfaces/action_interfaces
[4.691s] -- Installing: /home/cdwiench/Desktop/Robotics/CobotMyRobot/ros2_ws/install/action_interfaces/include/action_interfaces/action_interfaces
[4.691s] -- Installing: /home/cdwiench/Desktop/Robotics/CobotMyRobot/ros2_ws/install/action_interfaces/include/action_interfaces/action_interfaces/msg
[4.691s] -- Installing: /home/cdwiench/Desktop/Robotics/CobotMyRobot/ros2_ws/install/action_interfaces/include/action_interfaces/action_interfaces/msg/rosidl_generator_c__visibility_control.h
[4.691s] -- Installing: /home/cdwiench/Desktop/Robotics/CobotMyRobot/ros2_ws/install/action_interfaces/include/action_interfaces/action_interfaces/action
[4.691s] -- Installing: /home/cdwiench/Desktop/Robotics/CobotMyRobot/ros2_ws/install/action_interfaces/include/action_interfaces/action_interfaces/action/set_angle.h
[4.691s] -- Installing: /home/cdwiench/Desktop/Robotics/CobotMyRobot/ros2_ws/install/action_interfaces/include/action_interfaces/action_interfaces/action/detail
[4.692s] -- Installing: /home/cdwiench/Desktop/Robotics/CobotMyRobot/ros2_ws/install/action_interfaces/include/action_interfaces/action_interfaces/action/detail/set_angle__struct.h
[4.692s] -- Installing: /home/cdwiench/Desktop/Robotics/CobotMyRobot/ros2_ws/install/action_interfaces/include/action_interfaces/action_interfaces/action/detail/set_angle__functions.h
[4.692s] -- Installing: /home/cdwiench/Desktop/Robotics/CobotMyRobot/ros2_ws/install/action_interfaces/include/action_interfaces/action_interfaces/action/detail/set_angle__type_support.h
[4.692s] -- Installing: /home/cdwiench/Desktop/Robotics/CobotMyRobot/ros2_ws/install/action_interfaces/include/action_interfaces/action_interfaces/action/detail/set_angle__functions.c
[4.692s] -- Installing: /home/cdwiench/Desktop/Robotics/CobotMyRobot/ros2_ws/install/action_interfaces/share/action_interfaces/environment/library_path.sh
[4.692s] -- Installing: /home/cdwiench/Desktop/Robotics/CobotMyRobot/ros2_ws/install/action_interfaces/share/action_interfaces/environment/library_path.dsv
[4.693s] -- Installing: /home/cdwiench/Desktop/Robotics/CobotMyRobot/ros2_ws/install/action_interfaces/lib/libaction_interfaces__rosidl_generator_c.so
[4.693s] -- Set runtime path of "/home/cdwiench/Desktop/Robotics/CobotMyRobot/ros2_ws/install/action_interfaces/lib/libaction_interfaces__rosidl_generator_c.so" to ""
[4.693s] -- Up-to-date: /home/cdwiench/Desktop/Robotics/CobotMyRobot/ros2_ws/install/action_interfaces/include/action_interfaces/action_interfaces
[4.694s] -- Up-to-date: /home/cdwiench/Desktop/Robotics/CobotMyRobot/ros2_ws/install/action_interfaces/include/action_interfaces/action_interfaces/msg
[4.694s] -- Installing: /home/cdwiench/Desktop/Robotics/CobotMyRobot/ros2_ws/install/action_interfaces/include/action_interfaces/action_interfaces/msg/rosidl_typesupport_fastrtps_c__visibility_control.h
[4.694s] -- Up-to-date: /home/cdwiench/Desktop/Robotics/CobotMyRobot/ros2_ws/install/action_interfaces/include/action_interfaces/action_interfaces/action
[4.694s] -- Up-to-date: /home/cdwiench/Desktop/Robotics/CobotMyRobot/ros2_ws/install/action_interfaces/include/action_interfaces/action_interfaces/action/detail
[4.694s] -- Installing: /home/cdwiench/Desktop/Robotics/CobotMyRobot/ros2_ws/install/action_interfaces/include/action_interfaces/action_interfaces/action/detail/set_angle__rosidl_typesupport_fastrtps_c.h
[4.694s] -- Installing: /home/cdwiench/Desktop/Robotics/CobotMyRobot/ros2_ws/install/action_interfaces/lib/libaction_interfaces__rosidl_typesupport_fastrtps_c.so
[4.694s] -- Set runtime path of "/home/cdwiench/Desktop/Robotics/CobotMyRobot/ros2_ws/install/action_interfaces/lib/libaction_interfaces__rosidl_typesupport_fastrtps_c.so" to ""
[4.694s] -- Up-to-date: /home/cdwiench/Desktop/Robotics/CobotMyRobot/ros2_ws/install/action_interfaces/include/action_interfaces/action_interfaces
[4.694s] -- Up-to-date: /home/cdwiench/Desktop/Robotics/CobotMyRobot/ros2_ws/install/action_interfaces/include/action_interfaces/action_interfaces/msg
[4.694s] -- Installing: /home/cdwiench/Desktop/Robotics/CobotMyRobot/ros2_ws/install/action_interfaces/include/action_interfaces/action_interfaces/msg/rosidl_typesupport_introspection_c__visibility_control.h
[4.694s] -- Up-to-date: /home/cdwiench/Desktop/Robotics/CobotMyRobot/ros2_ws/install/action_interfaces/include/action_interfaces/action_interfaces/action
[4.694s] -- Up-to-date: /home/cdwiench/Desktop/Robotics/CobotMyRobot/ros2_ws/install/action_interfaces/include/action_interfaces/action_interfaces/action/detail
[4.694s] -- Installing: /home/cdwiench/Desktop/Robotics/CobotMyRobot/ros2_ws/install/action_interfaces/include/action_interfaces/action_interfaces/action/detail/set_angle__rosidl_typesupport_introspection_c.h
[4.695s] -- Installing: /home/cdwiench/Desktop/Robotics/CobotMyRobot/ros2_ws/install/action_interfaces/include/action_interfaces/action_interfaces/action/detail/set_angle__type_support.c
[4.695s] -- Installing: /home/cdwiench/Desktop/Robotics/CobotMyRobot/ros2_ws/install/action_interfaces/lib/libaction_interfaces__rosidl_typesupport_introspection_c.so
[4.695s] -- Set runtime path of "/home/cdwiench/Desktop/Robotics/CobotMyRobot/ros2_ws/install/action_interfaces/lib/libaction_interfaces__rosidl_typesupport_introspection_c.so" to ""
[4.695s] -- Installing: /home/cdwiench/Desktop/Robotics/CobotMyRobot/ros2_ws/install/action_interfaces/lib/libaction_interfaces__rosidl_typesupport_c.so
[4.696s] -- Set runtime path of "/home/cdwiench/Desktop/Robotics/CobotMyRobot/ros2_ws/install/action_interfaces/lib/libaction_interfaces__rosidl_typesupport_c.so" to ""
[4.696s] -- Up-to-date: /home/cdwiench/Desktop/Robotics/CobotMyRobot/ros2_ws/install/action_interfaces/include/action_interfaces/action_interfaces
[4.696s] -- Up-to-date: /home/cdwiench/Desktop/Robotics/CobotMyRobot/ros2_ws/install/action_interfaces/include/action_interfaces/action_interfaces/action
[4.696s] -- Installing: /home/cdwiench/Desktop/Robotics/CobotMyRobot/ros2_ws/install/action_interfaces/include/action_interfaces/action_interfaces/action/set_angle.hpp
[4.696s] -- Up-to-date: /home/cdwiench/Desktop/Robotics/CobotMyRobot/ros2_ws/install/action_interfaces/include/action_interfaces/action_interfaces/action/detail
[4.696s] -- Installing: /home/cdwiench/Desktop/Robotics/CobotMyRobot/ros2_ws/install/action_interfaces/include/action_interfaces/action_interfaces/action/detail/set_angle__struct.hpp
[4.696s] -- Installing: /home/cdwiench/Desktop/Robotics/CobotMyRobot/ros2_ws/install/action_interfaces/include/action_interfaces/action_interfaces/action/detail/set_angle__builder.hpp
[4.696s] -- Installing: /home/cdwiench/Desktop/Robotics/CobotMyRobot/ros2_ws/install/action_interfaces/include/action_interfaces/action_interfaces/action/detail/set_angle__traits.hpp
[4.696s] -- Up-to-date: /home/cdwiench/Desktop/Robotics/CobotMyRobot/ros2_ws/install/action_interfaces/include/action_interfaces/action_interfaces
[4.696s] -- Up-to-date: /home/cdwiench/Desktop/Robotics/CobotMyRobot/ros2_ws/install/action_interfaces/include/action_interfaces/action_interfaces/msg
[4.697s] -- Installing: /home/cdwiench/Desktop/Robotics/CobotMyRobot/ros2_ws/install/action_interfaces/include/action_interfaces/action_interfaces/msg/rosidl_typesupport_fastrtps_cpp__visibility_control.h
[4.697s] -- Up-to-date: /home/cdwiench/Desktop/Robotics/CobotMyRobot/ros2_ws/install/action_interfaces/include/action_interfaces/action_interfaces/action
[4.697s] -- Up-to-date: /home/cdwiench/Desktop/Robotics/CobotMyRobot/ros2_ws/install/action_interfaces/include/action_interfaces/action_interfaces/action/detail
[4.697s] -- Installing: /home/cdwiench/Desktop/Robotics/CobotMyRobot/ros2_ws/install/action_interfaces/include/action_interfaces/action_interfaces/action/detail/dds_fastrtps
[4.697s] -- Installing: /home/cdwiench/Desktop/Robotics/CobotMyRobot/ros2_ws/install/action_interfaces/include/action_interfaces/action_interfaces/action/detail/set_angle__rosidl_typesupport_fastrtps_cpp.hpp
[4.697s] -- Installing: /home/cdwiench/Desktop/Robotics/CobotMyRobot/ros2_ws/install/action_interfaces/lib/libaction_interfaces__rosidl_typesupport_fastrtps_cpp.so
[4.697s] -- Set runtime path of "/home/cdwiench/Desktop/Robotics/CobotMyRobot/ros2_ws/install/action_interfaces/lib/libaction_interfaces__rosidl_typesupport_fastrtps_cpp.so" to ""
[4.697s] -- Up-to-date: /home/cdwiench/Desktop/Robotics/CobotMyRobot/ros2_ws/install/action_interfaces/include/action_interfaces/action_interfaces
[4.697s] -- Up-to-date: /home/cdwiench/Desktop/Robotics/CobotMyRobot/ros2_ws/install/action_interfaces/include/action_interfaces/action_interfaces/action
[4.698s] -- Up-to-date: /home/cdwiench/Desktop/Robotics/CobotMyRobot/ros2_ws/install/action_interfaces/include/action_interfaces/action_interfaces/action/detail
[4.698s] -- Installing: /home/cdwiench/Desktop/Robotics/CobotMyRobot/ros2_ws/install/action_interfaces/include/action_interfaces/action_interfaces/action/detail/set_angle__type_support.cpp
[4.698s] -- Installing: /home/cdwiench/Desktop/Robotics/CobotMyRobot/ros2_ws/install/action_interfaces/include/action_interfaces/action_interfaces/action/detail/set_angle__rosidl_typesupport_introspection_cpp.hpp
[4.698s] -- Installing: /home/cdwiench/Desktop/Robotics/CobotMyRobot/ros2_ws/install/action_interfaces/lib/libaction_interfaces__rosidl_typesupport_introspection_cpp.so
[4.698s] -- Set runtime path of "/home/cdwiench/Desktop/Robotics/CobotMyRobot/ros2_ws/install/action_interfaces/lib/libaction_interfaces__rosidl_typesupport_introspection_cpp.so" to ""
[4.698s] -- Installing: /home/cdwiench/Desktop/Robotics/CobotMyRobot/ros2_ws/install/action_interfaces/lib/libaction_interfaces__rosidl_typesupport_cpp.so
[4.699s] -- Set runtime path of "/home/cdwiench/Desktop/Robotics/CobotMyRobot/ros2_ws/install/action_interfaces/lib/libaction_interfaces__rosidl_typesupport_cpp.so" to ""
[4.699s] -- Installing: /home/cdwiench/Desktop/Robotics/CobotMyRobot/ros2_ws/install/action_interfaces/share/action_interfaces/environment/pythonpath.sh
[4.699s] -- Installing: /home/cdwiench/Desktop/Robotics/CobotMyRobot/ros2_ws/install/action_interfaces/share/action_interfaces/environment/pythonpath.dsv
[4.699s] -- Installing: /home/cdwiench/Desktop/Robotics/CobotMyRobot/ros2_ws/install/action_interfaces/local/lib/python3.10/dist-packages/action_interfaces-0.0.0-py3.10.egg-info
[4.699s] -- Installing: /home/cdwiench/Desktop/Robotics/CobotMyRobot/ros2_ws/install/action_interfaces/local/lib/python3.10/dist-packages/action_interfaces-0.0.0-py3.10.egg-info/top_level.txt
[4.700s] -- Installing: /home/cdwiench/Desktop/Robotics/CobotMyRobot/ros2_ws/install/action_interfaces/local/lib/python3.10/dist-packages/action_interfaces-0.0.0-py3.10.egg-info/SOURCES.txt
[4.700s] -- Installing: /home/cdwiench/Desktop/Robotics/CobotMyRobot/ros2_ws/install/action_interfaces/local/lib/python3.10/dist-packages/action_interfaces-0.0.0-py3.10.egg-info/dependency_links.txt
[4.700s] -- Installing: /home/cdwiench/Desktop/Robotics/CobotMyRobot/ros2_ws/install/action_interfaces/local/lib/python3.10/dist-packages/action_interfaces-0.0.0-py3.10.egg-info/PKG-INFO
[4.700s] -- Installing: /home/cdwiench/Desktop/Robotics/CobotMyRobot/ros2_ws/install/action_interfaces/local/lib/python3.10/dist-packages/action_interfaces
[4.700s] -- Installing: /home/cdwiench/Desktop/Robotics/CobotMyRobot/ros2_ws/install/action_interfaces/local/lib/python3.10/dist-packages/action_interfaces/action_interfaces_s__rosidl_typesupport_c.cpython-310-x86_64-linux-gnu.so
[4.700s] -- Installing: /home/cdwiench/Desktop/Robotics/CobotMyRobot/ros2_ws/install/action_interfaces/local/lib/python3.10/dist-packages/action_interfaces/action_interfaces_s__rosidl_typesupport_fastrtps_c.cpython-310-x86_64-linux-gnu.so
[4.700s] -- Installing: /home/cdwiench/Desktop/Robotics/CobotMyRobot/ros2_ws/install/action_interfaces/local/lib/python3.10/dist-packages/action_interfaces/__init__.py
[4.700s] -- Installing: /home/cdwiench/Desktop/Robotics/CobotMyRobot/ros2_ws/install/action_interfaces/local/lib/python3.10/dist-packages/action_interfaces/_action_interfaces_s.ep.rosidl_typesupport_introspection_c.c
[4.700s] -- Installing: /home/cdwiench/Desktop/Robotics/CobotMyRobot/ros2_ws/install/action_interfaces/local/lib/python3.10/dist-packages/action_interfaces/action_interfaces_s__rosidl_typesupport_introspection_c.cpython-310-x86_64-linux-gnu.so
[4.701s] -- Installing: /home/cdwiench/Desktop/Robotics/CobotMyRobot/ros2_ws/install/action_interfaces/local/lib/python3.10/dist-packages/action_interfaces/action
[4.701s] -- Installing: /home/cdwiench/Desktop/Robotics/CobotMyRobot/ros2_ws/install/action_interfaces/local/lib/python3.10/dist-packages/action_interfaces/action/_set_angle.py
[4.701s] -- Installing: /home/cdwiench/Desktop/Robotics/CobotMyRobot/ros2_ws/install/action_interfaces/local/lib/python3.10/dist-packages/action_interfaces/action/__init__.py
[4.701s] -- Installing: /home/cdwiench/Desktop/Robotics/CobotMyRobot/ros2_ws/install/action_interfaces/local/lib/python3.10/dist-packages/action_interfaces/action/_set_angle_s.c
[4.701s] -- Installing: /home/cdwiench/Desktop/Robotics/CobotMyRobot/ros2_ws/install/action_interfaces/local/lib/python3.10/dist-packages/action_interfaces/libaction_interfaces__rosidl_generator_py.so
[4.701s] -- Installing: /home/cdwiench/Desktop/Robotics/CobotMyRobot/ros2_ws/install/action_interfaces/local/lib/python3.10/dist-packages/action_interfaces/_action_interfaces_s.ep.rosidl_typesupport_c.c
[4.701s] -- Installing: /home/cdwiench/Desktop/Robotics/CobotMyRobot/ros2_ws/install/action_interfaces/local/lib/python3.10/dist-packages/action_interfaces/_action_interfaces_s.ep.rosidl_typesupport_fastrtps_c.c
[4.741s] Listing '/home/cdwiench/Desktop/Robotics/CobotMyRobot/ros2_ws/install/action_interfaces/local/lib/python3.10/dist-packages/action_interfaces'...
[4.741s] Compiling '/home/cdwiench/Desktop/Robotics/CobotMyRobot/ros2_ws/install/action_interfaces/local/lib/python3.10/dist-packages/action_interfaces/__init__.py'...
[4.741s] Listing '/home/cdwiench/Desktop/Robotics/CobotMyRobot/ros2_ws/install/action_interfaces/local/lib/python3.10/dist-packages/action_interfaces/action'...
[4.741s] Compiling '/home/cdwiench/Desktop/Robotics/CobotMyRobot/ros2_ws/install/action_interfaces/local/lib/python3.10/dist-packages/action_interfaces/action/__init__.py'...
[4.741s] Compiling '/home/cdwiench/Desktop/Robotics/CobotMyRobot/ros2_ws/install/action_interfaces/local/lib/python3.10/dist-packages/action_interfaces/action/_set_angle.py'...
[4.746s] -- Installing: /home/cdwiench/Desktop/Robotics/CobotMyRobot/ros2_ws/install/action_interfaces/local/lib/python3.10/dist-packages/action_interfaces/action_interfaces_s__rosidl_typesupport_fastrtps_c.cpython-310-x86_64-linux-gnu.so
[4.747s] -- Set runtime path of "/home/cdwiench/Desktop/Robotics/CobotMyRobot/ros2_ws/install/action_interfaces/local/lib/python3.10/dist-packages/action_interfaces/action_interfaces_s__rosidl_typesupport_fastrtps_c.cpython-310-x86_64-linux-gnu.so" to ""
[4.747s] -- Installing: /home/cdwiench/Desktop/Robotics/CobotMyRobot/ros2_ws/install/action_interfaces/local/lib/python3.10/dist-packages/action_interfaces/action_interfaces_s__rosidl_typesupport_introspection_c.cpython-310-x86_64-linux-gnu.so
[4.747s] -- Set runtime path of "/home/cdwiench/Desktop/Robotics/CobotMyRobot/ros2_ws/install/action_interfaces/local/lib/python3.10/dist-packages/action_interfaces/action_interfaces_s__rosidl_typesupport_introspection_c.cpython-310-x86_64-linux-gnu.so" to ""
[4.747s] -- Installing: /home/cdwiench/Desktop/Robotics/CobotMyRobot/ros2_ws/install/action_interfaces/local/lib/python3.10/dist-packages/action_interfaces/action_interfaces_s__rosidl_typesupport_c.cpython-310-x86_64-linux-gnu.so
[4.748s] -- Set runtime path of "/home/cdwiench/Desktop/Robotics/CobotMyRobot/ros2_ws/install/action_interfaces/local/lib/python3.10/dist-packages/action_interfaces/action_interfaces_s__rosidl_typesupport_c.cpython-310-x86_64-linux-gnu.so" to ""
[4.748s] -- Installing: /home/cdwiench/Desktop/Robotics/CobotMyRobot/ros2_ws/install/action_interfaces/lib/libaction_interfaces__rosidl_generator_py.so
[4.748s] -- Set runtime path of "/home/cdwiench/Desktop/Robotics/CobotMyRobot/ros2_ws/install/action_interfaces/lib/libaction_interfaces__rosidl_generator_py.so" to ""
[4.749s] -- Installing: /home/cdwiench/Desktop/Robotics/CobotMyRobot/ros2_ws/install/action_interfaces/share/action_interfaces/action/SetAngle.idl
[4.749s] -- Installing: /home/cdwiench/Desktop/Robotics/CobotMyRobot/ros2_ws/install/action_interfaces/share/action_interfaces/action/SetAngle.action
[4.749s] -- Installing: /home/cdwiench/Desktop/Robotics/CobotMyRobot/ros2_ws/install/action_interfaces/share/ament_index/resource_index/package_run_dependencies/action_interfaces
[4.749s] -- Installing: /home/cdwiench/Desktop/Robotics/CobotMyRobot/ros2_ws/install/action_interfaces/share/ament_index/resource_index/parent_prefix_path/action_interfaces
[4.749s] -- Installing: /home/cdwiench/Desktop/Robotics/CobotMyRobot/ros2_ws/install/action_interfaces/share/action_interfaces/environment/ament_prefix_path.sh
[4.749s] -- Installing: /home/cdwiench/Desktop/Robotics/CobotMyRobot/ros2_ws/install/action_interfaces/share/action_interfaces/environment/ament_prefix_path.dsv
[4.749s] -- Installing: /home/cdwiench/Desktop/Robotics/CobotMyRobot/ros2_ws/install/action_interfaces/share/action_interfaces/environment/path.sh
[4.749s] -- Installing: /home/cdwiench/Desktop/Robotics/CobotMyRobot/ros2_ws/install/action_interfaces/share/action_interfaces/environment/path.dsv
[4.750s] -- Installing: /home/cdwiench/Desktop/Robotics/CobotMyRobot/ros2_ws/install/action_interfaces/share/action_interfaces/local_setup.bash
[4.750s] -- Installing: /home/cdwiench/Desktop/Robotics/CobotMyRobot/ros2_ws/install/action_interfaces/share/action_interfaces/local_setup.sh
[4.750s] -- Installing: /home/cdwiench/Desktop/Robotics/CobotMyRobot/ros2_ws/install/action_interfaces/share/action_interfaces/local_setup.zsh
[4.750s] -- Installing: /home/cdwiench/Desktop/Robotics/CobotMyRobot/ros2_ws/install/action_interfaces/share/action_interfaces/local_setup.dsv
[4.750s] -- Installing: /home/cdwiench/Desktop/Robotics/CobotMyRobot/ros2_ws/install/action_interfaces/share/action_interfaces/package.dsv
[4.750s] -- Installing: /home/cdwiench/Desktop/Robotics/CobotMyRobot/ros2_ws/install/action_interfaces/share/ament_index/resource_index/packages/action_interfaces
[4.751s] -- Installing: /home/cdwiench/Desktop/Robotics/CobotMyRobot/ros2_ws/install/action_interfaces/share/action_interfaces/cmake/export_action_interfaces__rosidl_generator_cExport.cmake
[4.751s] -- Installing: /home/cdwiench/Desktop/Robotics/CobotMyRobot/ros2_ws/install/action_interfaces/share/action_interfaces/cmake/export_action_interfaces__rosidl_generator_cExport-noconfig.cmake
[4.751s] -- Installing: /home/cdwiench/Desktop/Robotics/CobotMyRobot/ros2_ws/install/action_interfaces/share/action_interfaces/cmake/export_action_interfaces__rosidl_typesupport_fastrtps_cExport.cmake
[4.751s] -- Installing: /home/cdwiench/Desktop/Robotics/CobotMyRobot/ros2_ws/install/action_interfaces/share/action_interfaces/cmake/export_action_interfaces__rosidl_typesupport_fastrtps_cExport-noconfig.cmake
[4.751s] -- Installing: /home/cdwiench/Desktop/Robotics/CobotMyRobot/ros2_ws/install/action_interfaces/share/action_interfaces/cmake/action_interfaces__rosidl_typesupport_introspection_cExport.cmake
[4.751s] -- Installing: /home/cdwiench/Desktop/Robotics/CobotMyRobot/ros2_ws/install/action_interfaces/share/action_interfaces/cmake/action_interfaces__rosidl_typesupport_introspection_cExport-noconfig.cmake
[4.751s] -- Installing: /home/cdwiench/Desktop/Robotics/CobotMyRobot/ros2_ws/install/action_interfaces/share/action_interfaces/cmake/action_interfaces__rosidl_typesupport_cExport.cmake
[4.752s] -- Installing: /home/cdwiench/Desktop/Robotics/CobotMyRobot/ros2_ws/install/action_interfaces/share/action_interfaces/cmake/action_interfaces__rosidl_typesupport_cExport-noconfig.cmake
[4.752s] -- Installing: /home/cdwiench/Desktop/Robotics/CobotMyRobot/ros2_ws/install/action_interfaces/share/action_interfaces/cmake/export_action_interfaces__rosidl_generator_cppExport.cmake
[4.752s] -- Installing: /home/cdwiench/Desktop/Robotics/CobotMyRobot/ros2_ws/install/action_interfaces/share/action_interfaces/cmake/export_action_interfaces__rosidl_typesupport_fastrtps_cppExport.cmake
[4.752s] -- Installing: /home/cdwiench/Desktop/Robotics/CobotMyRobot/ros2_ws/install/action_interfaces/share/action_interfaces/cmake/export_action_interfaces__rosidl_typesupport_fastrtps_cppExport-noconfig.cmake
[4.752s] -- Installing: /home/cdwiench/Desktop/Robotics/CobotMyRobot/ros2_ws/install/action_interfaces/share/action_interfaces/cmake/action_interfaces__rosidl_typesupport_introspection_cppExport.cmake
[4.752s] -- Installing: /home/cdwiench/Desktop/Robotics/CobotMyRobot/ros2_ws/install/action_interfaces/share/action_interfaces/cmake/action_interfaces__rosidl_typesupport_introspection_cppExport-noconfig.cmake
[4.753s] -- Installing: /home/cdwiench/Desktop/Robotics/CobotMyRobot/ros2_ws/install/action_interfaces/share/action_interfaces/cmake/action_interfaces__rosidl_typesupport_cppExport.cmake
[4.753s] -- Installing: /home/cdwiench/Desktop/Robotics/CobotMyRobot/ros2_ws/install/action_interfaces/share/action_interfaces/cmake/action_interfaces__rosidl_typesupport_cppExport-noconfig.cmake
[4.753s] -- Installing: /home/cdwiench/Desktop/Robotics/CobotMyRobot/ros2_ws/install/action_interfaces/share/action_interfaces/cmake/export_action_interfaces__rosidl_generator_pyExport.cmake
[4.753s] -- Installing: /home/cdwiench/Desktop/Robotics/CobotMyRobot/ros2_ws/install/action_interfaces/share/action_interfaces/cmake/export_action_interfaces__rosidl_generator_pyExport-noconfig.cmake
[4.753s] -- Installing: /home/cdwiench/Desktop/Robotics/CobotMyRobot/ros2_ws/install/action_interfaces/share/action_interfaces/cmake/rosidl_cmake-extras.cmake
[4.753s] -- Installing: /home/cdwiench/Desktop/Robotics/CobotMyRobot/ros2_ws/install/action_interfaces/share/action_interfaces/cmake/ament_cmake_export_dependencies-extras.cmake
[4.753s] -- Installing: /home/cdwiench/Desktop/Robotics/CobotMyRobot/ros2_ws/install/action_interfaces/share/action_interfaces/cmake/ament_cmake_export_include_directories-extras.cmake
[4.754s] -- Installing: /home/cdwiench/Desktop/Robotics/CobotMyRobot/ros2_ws/install/action_interfaces/share/action_interfaces/cmake/ament_cmake_export_libraries-extras.cmake
[4.754s] -- Installing: /home/cdwiench/Desktop/Robotics/CobotMyRobot/ros2_ws/install/action_interfaces/share/action_interfaces/cmake/ament_cmake_export_targets-extras.cmake
[4.754s] -- Installing: /home/cdwiench/Desktop/Robotics/CobotMyRobot/ros2_ws/install/action_interfaces/share/action_interfaces/cmake/rosidl_cmake_export_typesupport_targets-extras.cmake
[4.754s] -- Installing: /home/cdwiench/Desktop/Robotics/CobotMyRobot/ros2_ws/install/action_interfaces/share/action_interfaces/cmake/rosidl_cmake_export_typesupport_libraries-extras.cmake
[4.754s] -- Installing: /home/cdwiench/Desktop/Robotics/CobotMyRobot/ros2_ws/install/action_interfaces/share/action_interfaces/cmake/action_interfacesConfig.cmake
[4.754s] -- Installing: /home/cdwiench/Desktop/Robotics/CobotMyRobot/ros2_ws/install/action_interfaces/share/action_interfaces/cmake/action_interfacesConfig-version.cmake
[4.754s] -- Installing: /home/cdwiench/Desktop/Robotics/CobotMyRobot/ros2_ws/install/action_interfaces/share/action_interfaces/package.xml
[4.758s] Invoked command in '/home/cdwiench/Desktop/Robotics/CobotMyRobot/ros2_ws/build/action_interfaces' returned '0': CMAKE_PREFIX_PATH=/opt/ros/humble /usr/bin/cmake --install /home/cdwiench/Desktop/Robotics/CobotMyRobot/ros2_ws/build/action_interfaces
